#
#                              ======================
#                              | THE SUSYHIT OUTPUT |
#                              ======================
#
#
#              ------------------------------------------------------
#              |     This is the output of the SUSY-HIT package     |
#              |  created by A.Djouadi, M.Muehlleitner and M.Spira. |
#              |  In case of problems with SUSY-HIT email to        |
#              |           margarete.muehlleitner@cern.ch           |
#              |           michael.spira@psi.ch                     |
#              |           abdelhak.djouadi@cern.ch                 |
#              ------------------------------------------------------
#
#              ------------------------------------------------------
#              |  SUSY Les Houches Accord - MSSM Spectrum + Decays  |
#              |              based on the decay programs           |
#              |                                                    |
#              |                     SDECAY 1.2                     |
#              |                                                    |
#              |  Authors: M.Muhlleitner, A.Djouadi and Y.Mambrini  |
#              |  Ref.:    Comput.Phys.Commun.168(2005)46           |
#              |           [hep-ph/0311167]                         |
#              |                                                    |
#              |                     HDECAY 3.200                   |
#              |                                                    |
#              |  By: A.Djouadi,J.Kalinowski,M.Muhlleitner,M.Spira  |
#              |  Ref.:    Comput.Phys.Commun.108(1998)56           |
#              |           [hep-ph/9704448]                         |
#              |                                                    |
#              |                                                    |
#              |  If not stated otherwise all DRbar couplings and   |
#              |  soft SUSY breaking masses are given at the scale  |
#              |  Q=  0.99514056E+03
#              |                                                    |
#              ------------------------------------------------------
#
#
#  CMS point: LM9' (prime) : LM9 -> LM9' : m1/2 = 175 -> 230 to achieve EWSB
#  Charged lepton ID signs in the HDECAY (last 4) blocks are corrected by Sezen (by hand) 02/07/07
#  A0 value added to block MINPAR by Sezen (by hand) since SUSYHIT does not write A0 values for A0 = 0
#  04/07/07
#  ~tau_1+ ID sign in snu_tauL block is corrected by Sezen (by hand). 10/07/07
#
BLOCK DCINFO  # Decay Program information
     1   SDECAY/HDECAY # decay calculator
     2   1.2   /3.200  # version number
#
BLOCK SPINFO  # Spectrum calculator information
     1   ISASUGRA from ISAJET          # Spectrum Calculato
     2   7.75   14-FEB-2007 10:44:07   # Version number    
#
BLOCK MODSEL  # Model selection
     1     1   # # Minimal supergravity (mSUGRA,CMSSM) model       
#
BLOCK SMINPUTS  # Standard Model inputs
         1     1.27837044E+02   # alpha_em^-1(M_Z)^MSbar
         2     1.16639003E-05   # G_F [GeV^-2]
         3     1.17200002E-01   # alpha_S(M_Z)^MSbar
         4     9.11875992E+01   # M_Z pole mass
         5     4.19999981E+00   # mb(mb)^MSbar
         6     1.72500000E+02   # mt pole mass
         7     1.77699995E+00   # mtau pole mass
#
BLOCK MINPAR  # Input parameters - minimal models
         1     1.45000000E+03   # m_0                 
         2     2.30000000E+02   # m_{1                
         3     5.00000000E+01   # tan(beta)           
         4     1.00000000E+00   # sign(mu)            
         5     0.00000000E+00   # A0
#
BLOCK MASS  # Mass Spectrum
# PDG code           mass       particle
        24     8.04229965E+01   # W+
        25     1.12950974E+02   # h
        35     6.09865295E+02   # H
        36     6.05979553E+02   # A
        37     6.16473389E+02   # H+
         5     4.82427387E+00   # b-quark pole mass calculated from mb(mb)_Msbar
   1000001     1.51690979E+03   # ~d_L
   2000001     1.51640918E+03   # ~d_R
   1000002     1.51475330E+03   # ~u_L
   2000002     1.51549915E+03   # ~u_R
   1000003     1.51690979E+03   # ~s_L
   2000003     1.51640918E+03   # ~s_R
   1000004     1.51475330E+03   # ~c_L
   2000004     1.51549915E+03   # ~c_R
   1000005     1.08676611E+03   # ~b_1
   2000005     1.20176367E+03   # ~b_2
   1000006     9.42481140E+02   # ~t_1
   2000006     1.10373438E+03   # ~t_2
   1000011     1.45571497E+03   # ~e_L
   2000011     1.45127917E+03   # ~e_R
   1000012     1.45352759E+03   # ~nu_eL
   1000013     1.45571497E+03   # ~mu_L
   2000013     1.45127917E+03   # ~mu_R
   1000014     1.45352759E+03   # ~nu_muL
   1000015     1.07996350E+03   # ~tau_1
   2000015     1.28363147E+03   # ~tau_2
   1000016     1.28201477E+03   # ~nu_tauL
   1000021     6.38102173E+02   # ~g
   1000022     5.09873810E+01   # ~chi_10
   1000023    -1.02193787E+02   # ~chi_20
   1000025     1.10473663E+02   # ~chi_30
   1000035     2.24979141E+02   # ~chi_40
   1000024     7.30205612E+01   # ~chi_1+
   1000037     2.20631592E+02   # ~chi_2+
#
BLOCK NMIX  # Neutralino Mixing Matrix
  1  1    -4.48361695E-01   # N_11
  1  2     2.74556279E-01   # N_12
  1  3    -7.25861192E-01   # N_13
  1  4     4.43526804E-01   # N_14
  2  1     1.60196811E-01   # N_21
  2  2    -1.88066527E-01   # N_22
  2  3    -6.23389959E-01   # N_23
  2  4    -7.41857767E-01   # N_24
  3  1     8.68881941E-01   # N_31
  3  2     3.14938515E-01   # N_32
  3  3    -2.32393578E-01   # N_33
  3  4     3.03069711E-01   # N_34
  4  1     1.35473371E-01   # N_41
  4  2    -8.88855219E-01   # N_42
  4  3    -1.74652353E-01   # N_43
  4  4     4.01347578E-01   # N_44
#
BLOCK UMIX  # Chargino Mixing Matrix U
  1  1    -2.43437514E-01   # U_11
  1  2     9.69916582E-01   # U_12
  2  1    -9.69916582E-01   # U_21
  2  2    -2.43437514E-01   # U_22
#
BLOCK VMIX  # Chargino Mixing Matrix V
  1  1    -5.69774270E-01   # V_11
  1  2     8.21801245E-01   # V_12
  2  1    -8.21801245E-01   # V_21
  2  2    -5.69774270E-01   # V_22
#
BLOCK STOPMIX  # Stop Mixing Matrix
  1  1     1.51764423E-01   # cos(theta_t)
  1  2    -9.88416693E-01   # sin(theta_t)
  2  1     9.88416693E-01   # -sin(theta_t)
  2  2     1.51764423E-01   # cos(theta_t)
#
BLOCK SBOTMIX  # Sbottom Mixing Matrix
  1  1     9.97947633E-01   # cos(theta_b)
  1  2    -6.40353167E-02   # sin(theta_b)
  2  1     6.40353167E-02   # -sin(theta_b)
  2  2     9.97947633E-01   # cos(theta_b)
#
BLOCK STAUMIX  # Stau Mixing Matrix
  1  1     2.46989205E-02   # cos(theta_tau)
  1  2    -9.99694935E-01   # sin(theta_tau)
  2  1     9.99694935E-01   # -sin(theta_tau)
  2  2     2.46989205E-02   # cos(theta_tau)
#
BLOCK ALPHA  # Higgs mixing
          -2.11104397E-02   # Mixing angle in the neutral Higgs boson sector
#
BLOCK HMIX Q=  9.95140564E+02  # DRbar Higgs Parameters
         1     8.54265671E+01   # mu(Q)               
         2     5.00000000E+01   # tan(beta)(M_{GUT})  
         3     2.51132919E+02   # Higgs               
         4     3.67211219E+05   # m_A^2(Q)            
#
BLOCK GAUGE Q=  9.95140564E+02  # The gauge couplings
     1     3.57524216E-01   # gprime(Q) DRbar
     2     6.52374625E-01   # g(Q) DRbar
     3     1.21921527E+00   # g3(Q) DRbar
#
BLOCK AU Q=  9.95140564E+02  # The trilinear couplings
  1  1    -3.91560394E+02   # A_u(Q) DRbar
  2  2    -3.91560394E+02   # A_c(Q) DRbar
  3  3    -3.91560394E+02   # A_t(Q) DRbar
#
BLOCK AD Q=  9.95140564E+02  # The trilinear couplings
  1  1    -4.59369904E+02   # A_d(Q) DRbar
  2  2    -4.59369904E+02   # A_s(Q) DRbar
  3  3    -4.59369904E+02   # A_b(Q) DRbar
#
BLOCK AE Q=  9.95140564E+02  # The trilinear couplings
  1  1    -4.71577454E+01   # A_e(Q) DRbar
  2  2    -4.71577454E+01   # A_mu(Q) DRbar
  3  3    -4.71577454E+01   # A_tau(Q) DRbar
#
BLOCK Yu Q=  9.95140564E+02  # The Yukawa couplings
  1  1     0.00000000E+00   # y_u(Q) DRbar
  2  2     0.00000000E+00   # y_c(Q) DRbar
  3  3     8.55790794E-01   # y_t(Q) DRbar
#
BLOCK Yd Q=  9.95140564E+02  # The Yukawa couplings
  1  1     0.00000000E+00   # y_d(Q) DRbar
  2  2     0.00000000E+00   # y_s(Q) DRbar
  3  3     6.62617803E-01   # y_b(Q) DRbar
#
BLOCK Ye Q=  9.95140564E+02  # The Yukawa couplings
  1  1     0.00000000E+00   # y_e(Q) DRbar
  2  2     0.00000000E+00   # y_mu(Q) DRbar
  3  3     5.00294328E-01   # y_tau(Q) DRbar
#
BLOCK MSOFT Q=  9.95140564E+02  # The soft SUSY breaking masses at the scale Q
         1     9.53485184E+01   # M_1(Q)              
         2     1.79269531E+02   # M_2(Q)              
         3     5.45686890E+02   # M_3(Q)              
        31     1.45036707E+03   # MeL(Q)              
        32     1.45036707E+03   # MmuL(Q)             
        33     1.28162390E+03   # MtauL(Q)            
        34     1.44950684E+03   # MeR(Q)              
        35     1.44950684E+03   # MmuR(Q)             
        36     1.08221240E+03   # MtauR(Q)            
        41     1.48803516E+03   # MqL1(Q)             
        42     1.48803516E+03   # MqL2(Q)             
        43     1.06776196E+03   # MqL3(Q)             
        44     1.48824402E+03   # MuR(Q)              
        45     1.48824402E+03   # McR(Q)              
        46     9.27458435E+02   # MtR(Q)              
        47     1.48850122E+03   # MdR(Q)              
        48     1.48850122E+03   # MsR(Q)              
        49     1.18479309E+03   # MbR(Q)              
#
#
#
#                             =================
#                             |The decay table|
#                             =================
#
# - The QCD corrections to the decays gluino -> squark  + quark
#                                     squark -> gaugino + quark_prime
#                                     squark -> squark_prime + Higgs
#                                     squark -> gluino  + quark
#   are included.
#
# - The multi-body decays for the inos, stops and sbottoms are included.
#
# - The loop induced decays for the gluino, neutralinos and stops
#   are included.
#
# - The SUSY decays of the top quark are included.
#
#
#         PDG            Width
DECAY         6     1.47625584E+00   # top decays
#          BR         NDA      ID1       ID2
     1.00000000E+00    2           5        24   # BR(t ->  b    W+)
#
#         PDG            Width
DECAY   1000021     6.78003820E-03   # gluino decays
#          BR         NDA      ID1       ID2
     7.93047174E-03    2     1000022        21   # BR(~g -> ~chi_10 g)
     3.08991120E-02    2     1000023        21   # BR(~g -> ~chi_20 g)
     4.65086543E-03    2     1000025        21   # BR(~g -> ~chi_30 g)
     5.72039290E-03    2     1000035        21   # BR(~g -> ~chi_40 g)
#           BR         NDA      ID1       ID2       ID3
     1.90164635E-03    3     1000022         1        -1   # BR(~g -> ~chi_10 d  db)
     3.64314112E-04    3     1000023         1        -1   # BR(~g -> ~chi_20 d  db)
     1.44496335E-03    3     1000025         1        -1   # BR(~g -> ~chi_30 d  db)
     5.60060659E-03    3     1000035         1        -1   # BR(~g -> ~chi_40 d  db)
     1.79261680E-03    3     1000022         2        -2   # BR(~g -> ~chi_10 u  ub)
     2.81408164E-04    3     1000023         2        -2   # BR(~g -> ~chi_20 u  ub)
     7.26935316E-03    3     1000025         2        -2   # BR(~g -> ~chi_30 u  ub)
     5.09264988E-03    3     1000035         2        -2   # BR(~g -> ~chi_40 u  ub)
     1.90164635E-03    3     1000022         3        -3   # BR(~g -> ~chi_10 s  sb)
     3.64314112E-04    3     1000023         3        -3   # BR(~g -> ~chi_20 s  sb)
     1.44496335E-03    3     1000025         3        -3   # BR(~g -> ~chi_30 s  sb)
     5.60060659E-03    3     1000035         3        -3   # BR(~g -> ~chi_40 s  sb)
     1.79261680E-03    3     1000022         4        -4   # BR(~g -> ~chi_10 c  cb)
     2.81408164E-04    3     1000023         4        -4   # BR(~g -> ~chi_20 c  cb)
     7.26935316E-03    3     1000025         4        -4   # BR(~g -> ~chi_30 c  cb)
     5.09264988E-03    3     1000035         4        -4   # BR(~g -> ~chi_40 c  cb)
     1.31861005E-01    3     1000022         5        -5   # BR(~g -> ~chi_10 b  bb)
     8.56721020E-02    3     1000023         5        -5   # BR(~g -> ~chi_20 b  bb)
     1.59911558E-02    3     1000025         5        -5   # BR(~g -> ~chi_30 b  bb)
     3.02832829E-02    3     1000035         5        -5   # BR(~g -> ~chi_40 b  bb)
     2.37140546E-02    3     1000022         6        -6   # BR(~g -> ~chi_10 t  tb)
     5.51255172E-02    3     1000023         6        -6   # BR(~g -> ~chi_20 t  tb)
     2.86279996E-02    3     1000025         6        -6   # BR(~g -> ~chi_30 t  tb)
     1.12060716E-02    3     1000035         6        -6   # BR(~g -> ~chi_40 t  tb)
     4.52902249E-03    3     1000024         1        -2   # BR(~g -> ~chi_1+ d  ub)
     4.52902249E-03    3    -1000024         2        -1   # BR(~g -> ~chi_1- u  db)
     1.11312923E-02    3     1000037         1        -2   # BR(~g -> ~chi_2+ d  ub)
     1.11312923E-02    3    -1000037         2        -1   # BR(~g -> ~chi_2- u  db)
     4.52902249E-03    3     1000024         3        -4   # BR(~g -> ~chi_1+ s  cb)
     4.52902249E-03    3    -1000024         4        -3   # BR(~g -> ~chi_1- c  sb)
     1.11312923E-02    3     1000037         3        -4   # BR(~g -> ~chi_2+ s  cb)
     1.11312923E-02    3    -1000037         4        -3   # BR(~g -> ~chi_2- c  sb)
     1.52860613E-01    3     1000024         5        -6   # BR(~g -> ~chi_1+ b  tb)
     1.52860613E-01    3    -1000024         6        -5   # BR(~g -> ~chi_1- t  bb)
     7.62301834E-02    3     1000037         5        -6   # BR(~g -> ~chi_2+ b  tb)
     7.62301834E-02    3    -1000037         6        -5   # BR(~g -> ~chi_2- t  bb)
#
#         PDG            Width
DECAY   1000006     5.09239917E+01   # stop1 decays
#          BR         NDA      ID1       ID2
     4.91066715E-02    2     1000022         6   # BR(~t_1 -> ~chi_10 t )
     1.28098387E-01    2     1000023         6   # BR(~t_1 -> ~chi_20 t )
     5.22510271E-02    2     1000025         6   # BR(~t_1 -> ~chi_30 t )
     4.65644502E-02    2     1000035         6   # BR(~t_1 -> ~chi_40 t )
     1.56227024E-01    2     1000024         5   # BR(~t_1 -> ~chi_1+ b )
     9.23854097E-02    2     1000037         5   # BR(~t_1 -> ~chi_2+ b )
     4.75367030E-01    2     1000021         6   # BR(~t_1 -> ~g      t )
#
#         PDG            Width
DECAY   2000006     9.16705735E+01   # stop2 decays
#          BR         NDA      ID1       ID2
     3.87855330E-02    2     1000022         6   # BR(~t_2 -> ~chi_10 t )
     9.72228514E-02    2     1000023         6   # BR(~t_2 -> ~chi_20 t )
     2.37899849E-02    2     1000025         6   # BR(~t_2 -> ~chi_30 t )
     5.24315962E-02    2     1000035         6   # BR(~t_2 -> ~chi_40 t )
     1.40457997E-01    2     1000024         5   # BR(~t_2 -> ~chi_1+ b )
     5.32179028E-02    2     1000037         5   # BR(~t_2 -> ~chi_2+ b )
     5.89835932E-01    2     1000021         6   # BR(~t_2 -> ~g      t )
     2.95123196E-03    2     1000006        25   # BR(~t_2 -> ~t_1    h )
     1.30697146E-03    2     1000006        23   # BR(~t_2 -> ~t_1    Z )
#
#         PDG            Width
DECAY   1000005     8.90272339E+01   # sbottom1 decays
#          BR         NDA      ID1       ID2
     5.74934353E-02    2     1000022         5   # BR(~b_1 -> ~chi_10 b )
     4.35381772E-02    2     1000023         5   # BR(~b_1 -> ~chi_20 b )
     7.01523028E-03    2     1000025         5   # BR(~b_1 -> ~chi_30 b )
     4.15905184E-02    2     1000035         5   # BR(~b_1 -> ~chi_40 b )
     1.15161844E-01    2    -1000024         6   # BR(~b_1 -> ~chi_1- t )
     1.41998531E-01    2    -1000037         6   # BR(~b_1 -> ~chi_2- t )
     5.90899318E-01    2     1000021         5   # BR(~b_1 -> ~g      b )
     2.30294674E-03    2     1000006       -24   # BR(~b_1 -> ~t_1    W-)
#
#         PDG            Width
DECAY   2000005     8.88585266E+01   # sbottom2 decays
#          BR         NDA      ID1       ID2
     6.63855313E-02    2     1000022         5   # BR(~b_2 -> ~chi_10 b )
     4.31792882E-02    2     1000023         5   # BR(~b_2 -> ~chi_20 b )
     1.11980766E-02    2     1000025         5   # BR(~b_2 -> ~chi_30 b )
     2.05026824E-03    2     1000035         5   # BR(~b_2 -> ~chi_40 b )
     1.08353927E-01    2    -1000024         6   # BR(~b_2 -> ~chi_1- t )
     3.71361928E-03    2    -1000037         6   # BR(~b_2 -> ~chi_2- t )
     7.64952915E-01    2     1000021         5   # BR(~b_2 -> ~g      b )
     1.16089676E-05    2     1000005        25   # BR(~b_2 -> ~b_1    h )
     4.34950405E-05    2     1000005        23   # BR(~b_2 -> ~b_1    Z )
     7.04331890E-05    2     1000006       -24   # BR(~b_2 -> ~t_1    W-)
     4.08372953E-05    2     2000006       -24   # BR(~b_2 -> ~t_2    W-)
#
#         PDG            Width
DECAY   1000002     1.23669118E+02   # sup_L decays
#          BR         NDA      ID1       ID2
     1.82967546E-03    2     1000022         2   # BR(~u_L -> ~chi_10 u)
     1.23767905E-03    2     1000023         2   # BR(~u_L -> ~chi_20 u)
     1.09991862E-02    2     1000025         2   # BR(~u_L -> ~chi_30 u)
     3.56434358E-02    2     1000035         2   # BR(~u_L -> ~chi_40 u)
     3.19628514E-02    2     1000024         1   # BR(~u_L -> ~chi_1+ d)
     6.45688454E-02    2     1000037         1   # BR(~u_L -> ~chi_2+ d)
     8.53758327E-01    2     1000021         2   # BR(~u_L -> ~g      u)
#
#         PDG            Width
DECAY   2000002     1.08921429E+02   # sup_R decays
#          BR         NDA      ID1       ID2
     6.01108004E-03    2     1000022         2   # BR(~u_R -> ~chi_10 u)
     7.63952666E-04    2     1000023         2   # BR(~u_R -> ~chi_20 u)
     2.24493508E-02    2     1000025         2   # BR(~u_R -> ~chi_30 u)
     5.31407402E-04    2     1000035         2   # BR(~u_R -> ~chi_40 u)
     9.70244209E-01    2     1000021         2   # BR(~u_R -> ~g      u)
#
#         PDG            Width
DECAY   1000001     1.23872462E+02   # sdown_L decays
#          BR         NDA      ID1       ID2
     6.26296525E-03    2     1000022         1   # BR(~d_L -> ~chi_10 d)
     2.31773253E-03    2     1000023         1   # BR(~d_L -> ~chi_20 d)
     1.19612426E-03    2     1000025         1   # BR(~d_L -> ~chi_30 d)
     3.98400541E-02    2     1000035         1   # BR(~d_L -> ~chi_40 d)
     5.83357620E-03    2    -1000024         2   # BR(~d_L -> ~chi_1- u)
     8.99324888E-02    2    -1000037         2   # BR(~d_L -> ~chi_2- u)
     8.54617059E-01    2     1000021         1   # BR(~d_L -> ~g      d)
#
#         PDG            Width
DECAY   2000001     1.06609297E+02   # sdown_R decays
#          BR         NDA      ID1       ID2
     1.53630451E-03    2     1000022         1   # BR(~d_R -> ~chi_10 d)
     1.95251192E-04    2     1000023         1   # BR(~d_R -> ~chi_20 d)
     5.73761803E-03    2     1000025         1   # BR(~d_R -> ~chi_30 d)
     1.35822014E-04    2     1000035         1   # BR(~d_R -> ~chi_40 d)
     9.92395004E-01    2     1000021         1   # BR(~d_R -> ~g      d)
#
#         PDG            Width
DECAY   1000004     1.23669118E+02   # scharm_L decays
#          BR         NDA      ID1       ID2
     1.82967546E-03    2     1000022         4   # BR(~c_L -> ~chi_10 c)
     1.23767905E-03    2     1000023         4   # BR(~c_L -> ~chi_20 c)
     1.09991862E-02    2     1000025         4   # BR(~c_L -> ~chi_30 c)
     3.56434358E-02    2     1000035         4   # BR(~c_L -> ~chi_40 c)
     3.19628514E-02    2     1000024         3   # BR(~c_L -> ~chi_1+ s)
     6.45688454E-02    2     1000037         3   # BR(~c_L -> ~chi_2+ s)
     8.53758327E-01    2     1000021         4   # BR(~c_L -> ~g      c)
#
#         PDG            Width
DECAY   2000004     1.08921429E+02   # scharm_R decays
#          BR         NDA      ID1       ID2
     6.01108004E-03    2     1000022         4   # BR(~c_R -> ~chi_10 c)
     7.63952666E-04    2     1000023         4   # BR(~c_R -> ~chi_20 c)
     2.24493508E-02    2     1000025         4   # BR(~c_R -> ~chi_30 c)
     5.31407402E-04    2     1000035         4   # BR(~c_R -> ~chi_40 c)
     9.70244209E-01    2     1000021         4   # BR(~c_R -> ~g      c)
#
#         PDG            Width
DECAY   1000003     1.23872462E+02   # sstrange_L decays
#          BR         NDA      ID1       ID2
     6.26296525E-03    2     1000022         3   # BR(~s_L -> ~chi_10 s)
     2.31773253E-03    2     1000023         3   # BR(~s_L -> ~chi_20 s)
     1.19612426E-03    2     1000025         3   # BR(~s_L -> ~chi_30 s)
     3.98400541E-02    2     1000035         3   # BR(~s_L -> ~chi_40 s)
     5.83357620E-03    2    -1000024         4   # BR(~s_L -> ~chi_1- c)
     8.99324888E-02    2    -1000037         4   # BR(~s_L -> ~chi_2- c)
     8.54617059E-01    2     1000021         3   # BR(~s_L -> ~g      s)
#
#         PDG            Width
DECAY   2000003     1.06609297E+02   # sstrange_R decays
#          BR         NDA      ID1       ID2
     1.53630451E-03    2     1000022         3   # BR(~s_R -> ~chi_10 s)
     1.95251192E-04    2     1000023         3   # BR(~s_R -> ~chi_20 s)
     5.73761803E-03    2     1000025         3   # BR(~s_R -> ~chi_30 s)
     1.35822014E-04    2     1000035         3   # BR(~s_R -> ~chi_40 s)
     9.92395004E-01    2     1000021         3   # BR(~s_R -> ~g      s)
#
#         PDG            Width
DECAY   1000011     1.95708035E+01   # selectron_L decays
#          BR         NDA      ID1       ID2
     2.61237512E-04    2     1000022        11   # BR(~e_L -> ~chi_10 e-)
     3.13501147E-03    2     1000023        11   # BR(~e_L -> ~chi_20 e-)
     1.94816533E-01    2     1000025        11   # BR(~e_L -> ~chi_30 e-)
     1.99096767E-01    2     1000035        11   # BR(~e_L -> ~chi_40 e-)
     3.71345962E-02    2    -1000024        12   # BR(~e_L -> ~chi_1- nu_e)
     5.65555855E-01    2    -1000037        12   # BR(~e_L -> ~chi_2- nu_e)
#
#         PDG            Width
DECAY   2000011     7.30475783E+00   # selectron_R decays
#          BR         NDA      ID1       ID2
     2.02628459E-01    2     1000022        11   # BR(~e_R -> ~chi_10 e-)
     2.56747580E-02    2     1000023        11   # BR(~e_R -> ~chi_20 e-)
     7.54032517E-01    2     1000025        11   # BR(~e_R -> ~chi_30 e-)
     1.76642661E-02    2     1000035        11   # BR(~e_R -> ~chi_40 e-)
#
#         PDG            Width
DECAY   1000013     1.95708035E+01   # smuon_L decays
#          BR         NDA      ID1       ID2
     2.61237512E-04    2     1000022        13   # BR(~mu_L -> ~chi_10 mu-)
     3.13501147E-03    2     1000023        13   # BR(~mu_L -> ~chi_20 mu-)
     1.94816533E-01    2     1000025        13   # BR(~mu_L -> ~chi_30 mu-)
     1.99096767E-01    2     1000035        13   # BR(~mu_L -> ~chi_40 mu-)
     3.71345962E-02    2    -1000024        14   # BR(~mu_L -> ~chi_1- nu_mu)
     5.65555855E-01    2    -1000037        14   # BR(~mu_L -> ~chi_2- nu_mu)
#
#         PDG            Width
DECAY   2000013     7.30475783E+00   # smuon_R decays
#          BR         NDA      ID1       ID2
     2.02628459E-01    2     1000022        13   # BR(~mu_R -> ~chi_10 mu-)
     2.56747580E-02    2     1000023        13   # BR(~mu_R -> ~chi_20 mu-)
     7.54032517E-01    2     1000025        13   # BR(~mu_R -> ~chi_30 mu-)
     1.76642661E-02    2     1000035        13   # BR(~mu_R -> ~chi_40 mu-)
#
#         PDG            Width
DECAY   1000015     1.59955172E+01   # stau_1 decays
#          BR         NDA      ID1       ID2
     2.39235591E-01    2     1000022        15   # BR(~tau_1 -> ~chi_10  tau-)
     1.39534852E-01    2     1000023        15   # BR(~tau_1 -> ~chi_20  tau-)
     2.72177226E-01    2     1000025        15   # BR(~tau_1 -> ~chi_30  tau-)
     1.76219731E-02    2     1000035        15   # BR(~tau_1 -> ~chi_40  tau-)
     3.08151212E-01    2    -1000024        16   # BR(~tau_1 -> ~chi_1-  nu_tau)
     2.32791457E-02    2    -1000037        16   # BR(~tau_1 -> ~chi_2-  nu_tau)
#
#         PDG            Width
DECAY   2000015     2.34161668E+01   # stau_2 decays
#          BR         NDA      ID1       ID2
     1.48267268E-01    2     1000022        15   # BR(~tau_2 -> ~chi_10  tau-)
     1.04927904E-01    2     1000023        15   # BR(~tau_2 -> ~chi_20  tau-)
     1.57184893E-01    2     1000025        15   # BR(~tau_2 -> ~chi_30  tau-)
     1.50488857E-01    2     1000035        15   # BR(~tau_2 -> ~chi_40  tau-)
     3.15904452E-02    2    -1000024        16   # BR(~tau_2 -> ~chi_1-  nu_tau)
     4.07065943E-01    2    -1000037        16   # BR(~tau_2 -> ~chi_2-  nu_tau)
     1.50437160E-04    2     1000015        25   # BR(~tau_2 -> ~tau_1   h)
     3.24251855E-04    2     1000015        23   # BR(~tau_2 -> ~tau_1   Z)
#
#         PDG            Width
DECAY   1000012     1.96289478E+01   # snu_eL decays
#          BR         NDA      ID1       ID2
     8.46478104E-02    2     1000022        12   # BR(~nu_eL -> ~chi_10 nu_e)
     2.36207574E-02    2     1000023        12   # BR(~nu_eL -> ~chi_20 nu_e)
     8.05620312E-03    2     1000025        12   # BR(~nu_eL -> ~chi_30 nu_e)
     2.77013142E-01    2     1000035        12   # BR(~nu_eL -> ~chi_40 nu_e)
     2.02516929E-01    2     1000024        11   # BR(~nu_eL -> ~chi_1+ e-)
     4.04145158E-01    2     1000037        11   # BR(~nu_eL -> ~chi_2+ e-)
#
#         PDG            Width
DECAY   1000014     1.96289478E+01   # snu_muL decays
#          BR         NDA      ID1       ID2
     8.46478104E-02    2     1000022        14   # BR(~nu_muL -> ~chi_10 nu_mu)
     2.36207574E-02    2     1000023        14   # BR(~nu_muL -> ~chi_20 nu_mu)
     8.05620312E-03    2     1000025        14   # BR(~nu_muL -> ~chi_30 nu_mu)
     2.77013142E-01    2     1000035        14   # BR(~nu_muL -> ~chi_40 nu_mu)
     2.02516929E-01    2     1000024        13   # BR(~nu_muL -> ~chi_1+ mu-)
     4.04145158E-01    2     1000037        13   # BR(~nu_muL -> ~chi_2+ mu-)
#
#         PDG            Width
DECAY   1000016     2.34828477E+01   # snu_tauL decays
#          BR         NDA      ID1       ID2
     6.23628858E-02    2     1000022        16   # BR(~nu_tauL -> ~chi_10 nu_tau)
     1.73650966E-02    2     1000023        16   # BR(~nu_tauL -> ~chi_20 nu_tau)
     5.91976654E-03    2     1000025        16   # BR(~nu_tauL -> ~chi_30 nu_tau)
     2.01376543E-01    2     1000035        16   # BR(~nu_tauL -> ~chi_40 nu_tau)
     4.03106869E-01    2     1000024        15   # BR(~nu_tauL -> ~chi_1+ tau-)
     3.09192830E-01    2     1000037        15   # BR(~nu_tauL -> ~chi_2+ tau-)
     6.76008303E-04    2    -1000015       -24   # BR(~nu_tauL -> ~tau_1+ W-)
#
#         PDG            Width
DECAY   1000024     4.50997623E-06   # chargino1+ decays
#           BR         NDA      ID1       ID2       ID3
     3.34411132E-01    3     1000022         2        -1   # BR(~chi_1+ -> ~chi_10 u    db)
     3.34411132E-01    3     1000022         4        -3   # BR(~chi_1+ -> ~chi_10 c    sb)
     1.11471001E-01    3     1000022       -11        12   # BR(~chi_1+ -> ~chi_10 e+   nu_e)
     1.11471001E-01    3     1000022       -13        14   # BR(~chi_1+ -> ~chi_10 mu+  nu_mu)
     1.08235735E-01    3     1000022       -15        16   # BR(~chi_1+ -> ~chi_10 tau+ nu_tau)
#
#         PDG            Width
DECAY   1000037     7.24675399E-01   # chargino2+ decays
#          BR         NDA      ID1       ID2
     2.92452146E-01    2     1000024        23   # BR(~chi_2+ -> ~chi_1+  Z )
     1.52547355E-01    2     1000022        24   # BR(~chi_2+ -> ~chi_10  W+)
     2.54395064E-01    2     1000023        24   # BR(~chi_2+ -> ~chi_20  W+)
     1.57805728E-01    2     1000025        24   # BR(~chi_2+ -> ~chi_30  W+)
     1.42799708E-01    2     1000024        25   # BR(~chi_2+ -> ~chi_1+  h )
#
#         PDG            Width
DECAY   1000022     0.00000000E+00   # neutralino1 decays
#
#         PDG            Width
DECAY   1000023     1.60845681E-04   # neutralino2 decays
#          BR         NDA      ID1       ID2
     1.62709046E-04    2     1000022        22   # BR(~chi_20 -> ~chi_10 gam)
#           BR         NDA      ID1       ID2       ID3
     9.32256859E-02    3     1000022        -2         2   # BR(~chi_20 -> ~chi_10 ub      u)
     1.20035426E-01    3     1000022        -1         1   # BR(~chi_20 -> ~chi_10 db      d)
     9.32256859E-02    3     1000022        -4         4   # BR(~chi_20 -> ~chi_10 cb      c)
     1.20035426E-01    3     1000022        -3         3   # BR(~chi_20 -> ~chi_10 sb      s)
     1.10656256E-01    3     1000022        -5         5   # BR(~chi_20 -> ~chi_10 bb      b)
     2.72116715E-02    3     1000022       -11        11   # BR(~chi_20 -> ~chi_10 e+      e-)
     2.72116715E-02    3     1000022       -13        13   # BR(~chi_20 -> ~chi_10 mu+     mu-)
     2.71615809E-02    3     1000022       -15        15   # BR(~chi_20 -> ~chi_10 tau+    tau-)
     5.41951646E-02    3     1000022       -12        12   # BR(~chi_20 -> ~chi_10 nu_eb   nu_e)
     5.41951646E-02    3     1000022       -14        14   # BR(~chi_20 -> ~chi_10 nu_mub  nu_mu)
     5.42106873E-02    3     1000022       -16        16   # BR(~chi_20 -> ~chi_10 nu_taub nu_tau)
     3.64811340E-02    3     1000024        -2         1   # BR(~chi_20 -> ~chi_1+ ub      d)
     3.64811340E-02    3    -1000024        -1         2   # BR(~chi_20 -> ~chi_1- db      u)
     3.64811340E-02    3     1000024        -4         3   # BR(~chi_20 -> ~chi_1+ cb      s)
     3.64811340E-02    3    -1000024        -3         4   # BR(~chi_20 -> ~chi_1- sb      c)
     1.21647972E-02    3     1000024       -12        11   # BR(~chi_20 -> ~chi_1+ nu_eb   e-)
     1.21647972E-02    3    -1000024        12       -11   # BR(~chi_20 -> ~chi_1- nu_e    e+)
     1.21647972E-02    3     1000024       -14        13   # BR(~chi_20 -> ~chi_1+ nu_mub  mu-)
     1.21647972E-02    3    -1000024        14       -13   # BR(~chi_20 -> ~chi_1- nu_mu   mu+)
     1.19445726E-02    3     1000024       -16        15   # BR(~chi_20 -> ~chi_1+ nu_taub tau-)
     1.19445726E-02    3    -1000024        16       -15   # BR(~chi_20 -> ~chi_1- nu_tau  tau+)
#
#         PDG            Width
DECAY   1000025     5.35758951E-05   # neutralino3 decays
#          BR         NDA      ID1       ID2
     1.16209670E-02    2     1000022        22   # BR(~chi_30 -> ~chi_10 gam)
     7.23569786E-03    2     1000023        22   # BR(~chi_30 -> ~chi_20 gam)
#           BR         NDA      ID1       ID2       ID3
     3.64801706E-03    3     1000022        -2         2   # BR(~chi_30 -> ~chi_10 ub      u)
     4.73031403E-03    3     1000022        -1         1   # BR(~chi_30 -> ~chi_10 db      d)
     3.64801706E-03    3     1000022        -4         4   # BR(~chi_30 -> ~chi_10 cb      c)
     4.73031403E-03    3     1000022        -3         3   # BR(~chi_30 -> ~chi_10 sb      s)
     4.82323412E-03    3     1000022        -5         5   # BR(~chi_30 -> ~chi_10 bb      b)
     1.00821599E-03    3     1000022       -11        11   # BR(~chi_30 -> ~chi_10 e+      e-)
     1.00821599E-03    3     1000022       -13        13   # BR(~chi_30 -> ~chi_10 mu+     mu-)
     1.06064414E-03    3     1000022       -15        15   # BR(~chi_30 -> ~chi_10 tau+    tau-)
     2.14257640E-03    3     1000022       -12        12   # BR(~chi_30 -> ~chi_10 nu_eb   nu_e)
     2.14257640E-03    3     1000022       -14        14   # BR(~chi_30 -> ~chi_10 nu_mub  nu_mu)
     2.14958612E-03    3     1000022       -16        16   # BR(~chi_30 -> ~chi_10 nu_taub nu_tau)
     1.14085117E-05    3     1000023        -2         2   # BR(~chi_30 -> ~chi_20 ub      u)
     1.46842368E-05    3     1000023        -1         1   # BR(~chi_30 -> ~chi_20 db      d)
     1.14085117E-05    3     1000023        -4         4   # BR(~chi_30 -> ~chi_20 cb      c)
     1.46842368E-05    3     1000023        -3         3   # BR(~chi_30 -> ~chi_20 sb      s)
     3.33442830E-06    3     1000023       -11        11   # BR(~chi_30 -> ~chi_20 e+      e-)
     3.33442830E-06    3     1000023       -13        13   # BR(~chi_30 -> ~chi_20 mu+     mu-)
     2.40629800E-06    3     1000023       -15        15   # BR(~chi_30 -> ~chi_20 tau+    tau-)
     6.61802264E-06    3     1000023       -12        12   # BR(~chi_30 -> ~chi_20 nu_eb   nu_e)
     6.61802264E-06    3     1000023       -14        14   # BR(~chi_30 -> ~chi_20 nu_mub  nu_mu)
     6.61663260E-06    3     1000023       -16        16   # BR(~chi_30 -> ~chi_20 nu_taub nu_tau)
     1.58672471E-01    3     1000024        -2         1   # BR(~chi_30 -> ~chi_1+ ub      d)
     1.58672471E-01    3    -1000024        -1         2   # BR(~chi_30 -> ~chi_1- db      u)
     1.58672471E-01    3     1000024        -4         3   # BR(~chi_30 -> ~chi_1+ cb      s)
     1.58672471E-01    3    -1000024        -3         4   # BR(~chi_30 -> ~chi_1- sb      c)
     5.27810879E-02    3     1000024       -12        11   # BR(~chi_30 -> ~chi_1+ nu_eb   e-)
     5.27810879E-02    3    -1000024        12       -11   # BR(~chi_30 -> ~chi_1- nu_e    e+)
     5.27810879E-02    3     1000024       -14        13   # BR(~chi_30 -> ~chi_1+ nu_mub  mu-)
     5.27810879E-02    3    -1000024        14       -13   # BR(~chi_30 -> ~chi_1- nu_mu   mu+)
     5.20781384E-02    3     1000024       -16        15   # BR(~chi_30 -> ~chi_1+ nu_taub tau-)
     5.20781384E-02    3    -1000024        16       -15   # BR(~chi_30 -> ~chi_1- nu_tau  tau+)
#
#         PDG            Width
DECAY   1000035     8.52716575E-01   # neutralino4 decays
#          BR         NDA      ID1       ID2
     1.09901993E-02    2     1000022        23   # BR(~chi_40 -> ~chi_10   Z )
     1.21761125E-01    2     1000023        23   # BR(~chi_40 -> ~chi_20   Z )
     1.55172133E-02    2     1000025        23   # BR(~chi_40 -> ~chi_30   Z )
     4.03806849E-01    2     1000024       -24   # BR(~chi_40 -> ~chi_1+   W-)
     4.03806849E-01    2    -1000024        24   # BR(~chi_40 -> ~chi_1-   W+)
     2.46047389E-02    2     1000022        25   # BR(~chi_40 -> ~chi_10   h )
     2.60034597E-03    2     1000023        25   # BR(~chi_40 -> ~chi_20   h )
     1.69126786E-02    2     1000025        25   # BR(~chi_40 -> ~chi_30   h )
#
#         PDG            Width
DECAY        26     3.67388807E-03   # h decays
#          BR         NDA      ID1       ID2
     7.77836532E-01    2           5        -5   # BR(h -> b       bb     )
     7.09016408E-02    2         -15        15   # BR(h -> tau+    tau-   )
     2.51033927E-04    2         -13        13   # BR(h -> mu+     mu-    )
     5.42673595E-04    2           3        -3   # BR(h -> s       sb     )
     2.12362980E-02    2           4        -4   # BR(h -> c       cb     )
     5.65084425E-02    2          21        21   # BR(h -> g       g      )
     1.75495916E-03    2          22        22   # BR(h -> gam     gam    )
     4.62015349E-04    2          22        23   # BR(h -> Z       gam    )
     5.33561556E-02    2          24       -24   # BR(h -> W+      W-     )
     5.22943638E-03    2          23        23   # BR(h -> Z       Z      )
     1.19208127E-02    2     1000022   1000022   # BR(h -> ~chi_10 ~chi_10)
#
#         PDG            Width
DECAY        35     3.18273173E+01   # H decays
#          BR         NDA      ID1       ID2
     7.69634868E-01    2           5        -5   # BR(H -> b       bb     )
     9.92717471E-02    2         -15        15   # BR(H -> tau+    tau-   )
     3.50978771E-04    2         -13        13   # BR(H -> mu+     mu-    )
     5.44252051E-04    2           3        -3   # BR(H -> s       sb     )
     4.33862108E-09    2           4        -4   # BR(H -> c       cb     )
     2.89995637E-04    2           6        -6   # BR(H -> t       tb     )
     1.37736031E-04    2          21        21   # BR(H -> g       g      )
     9.17923639E-08    2          22        22   # BR(H -> gam     gam    )
     4.06030919E-08    2          23        22   # BR(H -> Z       gam    )
     2.61088151E-06    2          24       -24   # BR(H -> W+      W-     )
     1.26723580E-06    2          23        23   # BR(H -> Z       Z      )
     1.15742004E-05    2          25        25   # BR(H -> h       h      )
     1.87065682E-18    2          36        36   # BR(H -> A       A      )
     2.97589082E-11    2          23        36   # BR(H -> Z       A      )
     4.47600123E-02    2     1000024  -1000024   # BR(H -> ~chi_1+ ~chi_1-)
     1.89818327E-03    2     1000037  -1000037   # BR(H -> ~chi_2+ ~chi_2-)
     4.07453961E-02    2     1000024  -1000037   # BR(H -> ~chi_1+ ~chi_2-)
     4.07453961E-02    2     1000037  -1000024   # BR(H -> ~chi_2+ ~chi_1-)
     2.18345324E-04    2     1000022   1000022   # BR(H -> ~chi_10 ~chi_10)
     1.90940680E-05    2     1000023   1000023   # BR(H -> ~chi_20 ~chi_20)
     1.84656427E-04    2     1000025   1000025   # BR(H -> ~chi_30 ~chi_30)
     9.42429247E-07    2     1000035   1000035   # BR(H -> ~chi_40 ~chi_40)
     1.87804740E-04    2     1000022   1000023   # BR(H -> ~chi_10 ~chi_20)
     5.13771343E-04    2     1000022   1000025   # BR(H -> ~chi_10 ~chi_30)
     2.30374511E-04    2     1000022   1000035   # BR(H -> ~chi_10 ~chi_40)
     1.35996344E-04    2     1000023   1000025   # BR(H -> ~chi_20 ~chi_30)
     3.21983574E-05    2     1000023   1000035   # BR(H -> ~chi_20 ~chi_40)
     8.26623378E-05    2     1000025   1000035   # BR(H -> ~chi_30 ~chi_40)
#
#         PDG            Width
DECAY        36     3.16412281E+01   # A decays
#          BR         NDA      ID1       ID2
     7.70095927E-01    2           5        -5   # BR(A -> b       bb     )
     9.92272479E-02    2         -15        15   # BR(A -> tau+    tau-   )
     3.50809647E-04    2         -13        13   # BR(A -> mu+     mu-    )
     5.44570774E-04    2           3        -3   # BR(A -> s       sb     )
     3.93031016E-09    2           4        -4   # BR(A -> c       cb     )
     3.56465084E-04    2           6        -6   # BR(A -> t       tb     )
     1.58247432E-04    2          21        21   # BR(A -> g       g      )
     2.47512878E-08    2          22        22   # BR(A -> gam     gam    )
     4.45190379E-08    2          23        22   # BR(A -> Z       gam    )
     2.38216218E-06    2          23        25   # BR(A -> Z       h      )
     4.88750984E-02    2     1000024  -1000024   # BR(A -> ~chi_1+ ~chi_1-)
     4.96468581E-03    2     1000037  -1000037   # BR(A -> ~chi_2+ ~chi_2-)
     3.68076280E-02    2     1000024  -1000037   # BR(A -> ~chi_1+ ~chi_2-)
     3.68076280E-02    2     1000037  -1000024   # BR(A -> ~chi_2+ ~chi_1-)
     2.36047053E-04    2     1000022   1000022   # BR(A -> ~chi_10 ~chi_10)
     1.94804655E-05    2     1000023   1000023   # BR(A -> ~chi_20 ~chi_20)
     2.36295572E-04    2     1000025   1000025   # BR(A -> ~chi_30 ~chi_30)
     2.47897306E-06    2     1000035   1000035   # BR(A -> ~chi_40 ~chi_40)
     1.79608243E-04    2     1000022   1000023   # BR(A -> ~chi_10 ~chi_20)
     5.83870837E-04    2     1000022   1000025   # BR(A -> ~chi_10 ~chi_30)
     2.80387974E-04    2     1000022   1000035   # BR(A -> ~chi_10 ~chi_40)
     1.20922583E-04    2     1000023   1000025   # BR(A -> ~chi_20 ~chi_30)
     2.22692662E-05    2     1000023   1000035   # BR(A -> ~chi_20 ~chi_40)
     1.27875522E-04    2     1000025   1000035   # BR(A -> ~chi_30 ~chi_40)
#
#         PDG            Width
DECAY        37     2.58400306E+01   # H+ decays
#          BR         NDA      ID1       ID2
     1.35143765E-03    2           4        -5   # BR(H+ -> c       bb     )
     1.23608367E-01    2         -15        16   # BR(H+ -> tau+    nu_tau )
     4.37006805E-04    2         -13        14   # BR(H+ -> mu+     nu_mu  )
     8.64899853E-06    2           2        -5   # BR(H+ -> u       bb     )
     3.21828003E-05    2           2        -3   # BR(H+ -> u       sb     )
     6.61925433E-04    2           4        -3   # BR(H+ -> c       sb     )
     7.91396867E-01    2           6        -5   # BR(H+ -> t       bb     )
     3.14282906E-06    2          24        25   # BR(H+ -> W+      h      )
     6.38028650E-09    2          24        36   # BR(H+ -> W+      A      )
     5.58141205E-03    2     1000024   1000022   # BR(H+ -> ~chi_1+ ~chi_10)
     3.54289050E-05    2     1000024   1000023   # BR(H+ -> ~chi_1+ ~chi_20)
     3.84807742E-02    2     1000024   1000025   # BR(H+ -> ~chi_1+ ~chi_30)
     2.20836234E-04    2     1000024   1000035   # BR(H+ -> ~chi_1+ ~chi_40)
     2.16636606E-02    2     1000037   1000022   # BR(H+ -> ~chi_2+ ~chi_10)
     1.62535547E-03    2     1000037   1000023   # BR(H+ -> ~chi_2+ ~chi_20)
     1.48700931E-02    2     1000037   1000025   # BR(H+ -> ~chi_2+ ~chi_30)
     2.28545578E-05    2     1000037   1000035   # BR(H+ -> ~chi_2+ ~chi_40)
