#
#                              ======================
#                              | THE SUSYHIT OUTPUT |
#                              ======================
#
#
#              ------------------------------------------------------
#              |     This is the output of the SUSY-HIT package     |
#              |  created by A.Djouadi, M.Muehlleitner and M.Spira. |
#              |  In case of problems with SUSY-HIT email to        |
#              |           margarete.muehlleitner@cern.ch           |
#              |           michael.spira@psi.ch                     |
#              |           abdelhak.djouadi@cern.ch                 |
#              ------------------------------------------------------
#
#              ------------------------------------------------------
#              |  SUSY Les Houches Accord - MSSM Spectrum + Decays  |
#              |              based on the decay programs           |
#              |                                                    |
#              |                     SDECAY 1.2                     |
#              |                                                    |
#              |  Authors: M.Muhlleitner, A.Djouadi and Y.Mambrini  |
#              |  Ref.:    Comput.Phys.Commun.168(2005)46           |
#              |           [hep-ph/0311167]                         |
#              |                                                    |
#              |                     HDECAY 3.200                   |
#              |                                                    |
#              |  By: A.Djouadi,J.Kalinowski,M.Muhlleitner,M.Spira  |
#              |  Ref.:    Comput.Phys.Commun.108(1998)56           |
#              |           [hep-ph/9704448]                         |
#              |                                                    |
#              |                                                    |
#              |  If not stated otherwise all DRbar couplings and   |
#              |  soft SUSY breaking masses are given at the scale  |
#              |  Q=  0.59952216E+03
#              |                                                    |
#              ------------------------------------------------------
#
#  CMS point: LM11 
#  Proposed by Dominique Mangeol (06/07/07)
#  Charged lepton ID signs in the HDECAY (last 4) blocks are corrected by Sezen (by hand) 06/07/07
#  A0 value added to block MINPAR by Sezen (by hand) since SUSYHIT does not write A0 values for A0 = 0
#  06/07/07
#  ~tau_1+ ID sign in snu_tauL block is corrected by Sezen (by hand). 13/07/07
#
BLOCK DCINFO  # Decay Program information
     1   SDECAY/HDECAY # decay calculator
     2   1.2   /3.200  # version number
#
BLOCK SPINFO  # Spectrum calculator information
     1   ISASUGRA from ISAJET          # Spectrum Calculato
     2   7.75   14-FEB-2007 10:44:07   # Version number    
#
BLOCK MODSEL  # Model selection
     1     1   # # Minimal supergravity (mSUGRA,CMSSM) model       
#
BLOCK SMINPUTS  # Standard Model inputs
         1     1.27835876E+02   # alpha_em^-1(M_Z)^MSbar
         2     1.16639003E-05   # G_F [GeV^-2]
         3     1.17200002E-01   # alpha_S(M_Z)^MSbar
         4     9.11875992E+01   # M_Z pole mass
         5     4.19999981E+00   # mb(mb)^MSbar
         6     1.72500000E+02   # mt pole mass
         7     1.77699995E+00   # mtau pole mass
#
BLOCK MINPAR  # Input parameters - minimal models
         1     2.50000000E+02   # m_0                 
         2     3.25000000E+02   # m_{1                
         3     3.50000000E+01   # tan(beta)           
         4     1.00000000E+00   # sign(mu)            
         5     0.00000000E+00   # A0
#
BLOCK MASS  # Mass Spectrum
# PDG code           mass       particle
        24     8.04229965E+01   # W+
        25     1.12189781E+02   # h
        35     4.35471741E+02   # H
        36     4.32736053E+02   # A
        37     4.43723755E+02   # H+
         5     4.82427387E+00   # b-quark pole mass calculated from mb(mb)_Msbar
   1000001     7.54471008E+02   # ~d_L
   2000001     7.27001404E+02   # ~d_R
   1000002     7.49899231E+02   # ~u_L
   2000002     7.28341492E+02   # ~u_R
   1000003     7.54471008E+02   # ~s_L
   2000003     7.27001404E+02   # ~s_R
   1000004     7.49899231E+02   # ~c_L
   2000004     7.28341492E+02   # ~c_R
   1000005     6.52268738E+02   # ~b_1
   2000005     7.05501099E+02   # ~b_2
   1000006     5.51760620E+02   # ~t_1
   2000006     7.21423889E+02   # ~t_2
   1000011     3.35942352E+02   # ~e_L
   2000011     2.80518738E+02   # ~e_R
   1000012     3.25246307E+02   # ~nu_eL
   1000013     3.35942352E+02   # ~mu_L
   2000013     2.80518738E+02   # ~mu_R
   1000014     3.25246307E+02   # ~nu_muL
   1000015     2.14619217E+02   # ~tau_1
   2000015     3.38070374E+02   # ~tau_2
   1000016     3.08770721E+02   # ~nu_tauL
   1000021     7.81189758E+02   # ~g
   1000022     1.30569855E+02   # ~chi_10
   1000023     2.43918854E+02   # ~chi_20
   1000025    -4.18536407E+02   # ~chi_30
   1000035     4.35544098E+02   # ~chi_40
   1000024     2.44301300E+02   # ~chi_1+
   1000037     4.35724030E+02   # ~chi_2+
#
BLOCK NMIX  # Neutralino Mixing Matrix
  1  1    -9.91225123E-01   # N_11
  1  2     2.82031707E-02   # N_12
  1  3    -1.22367054E-01   # N_13
  1  4     4.12764996E-02   # N_14
  2  1     6.67195842E-02   # N_21
  2  2     9.47406590E-01   # N_22
  2  3    -2.67001450E-01   # N_23
  2  4     1.63338855E-01   # N_24
  3  1    -5.45272157E-02   # N_31
  3  2     7.86057264E-02   # N_32
  3  3     6.98898733E-01   # N_33
  3  4     7.08793521E-01   # N_34
  4  1     1.00240342E-01   # N_41
  4  2    -3.08944255E-01   # N_42
  4  3    -6.52132392E-01   # N_43
  4  4     6.85002744E-01   # N_44
#
BLOCK UMIX  # Chargino Mixing Matrix U
  1  1    -9.24582541E-01   # U_11
  1  2     3.80981833E-01   # U_12
  2  1    -3.80981833E-01   # U_21
  2  2    -9.24582541E-01   # U_22
#
BLOCK VMIX  # Chargino Mixing Matrix V
  1  1    -9.72341299E-01   # V_11
  1  2     2.33564541E-01   # V_12
  2  1    -2.33564541E-01   # V_21
  2  2    -9.72341299E-01   # V_22
#
BLOCK STOPMIX  # Stop Mixing Matrix
  1  1     5.03169358E-01   # cos(theta_t)
  1  2    -8.64187825E-01   # sin(theta_t)
  2  1     8.64187825E-01   # -sin(theta_t)
  2  2     5.03169358E-01   # cos(theta_t)
#
BLOCK SBOTMIX  # Sbottom Mixing Matrix
  1  1     7.98536658E-01   # cos(theta_b)
  1  2    -6.01946182E-01   # sin(theta_b)
  2  1     6.01946182E-01   # -sin(theta_b)
  2  2     7.98536658E-01   # cos(theta_b)
#
BLOCK STAUMIX  # Stau Mixing Matrix
  1  1     4.18559819E-01   # cos(theta_tau)
  1  2    -9.08189230E-01   # sin(theta_tau)
  2  1     9.08189230E-01   # -sin(theta_tau)
  2  2     4.18559819E-01   # cos(theta_tau)
#
BLOCK ALPHA  # Higgs mixing
          -3.00998222E-02   # Mixing angle in the neutral Higgs boson sector
#
BLOCK HMIX Q=  5.99522156E+02  # DRbar Higgs Parameters
         1     4.12172180E+02   # mu(Q)               
         2     3.50000000E+01   # tan(beta)(M_{GUT})  
         3     2.50429733E+02   # Higgs               
         4     1.87260484E+05   # m_A^2(Q)            
#
BLOCK GAUGE Q=  5.99522156E+02  # The gauge couplings
     1     3.57494980E-01   # gprime(Q) DRbar
     2     6.52565181E-01   # g(Q) DRbar
     3     1.22148800E+00   # g3(Q) DRbar
#
BLOCK AU Q=  5.99522156E+02  # The trilinear couplings
  1  1    -5.87141907E+02   # A_u(Q) DRbar
  2  2    -5.87141907E+02   # A_c(Q) DRbar
  3  3    -5.87141907E+02   # A_t(Q) DRbar
#
BLOCK AD Q=  5.99522156E+02  # The trilinear couplings
  1  1    -8.01462769E+02   # A_d(Q) DRbar
  2  2    -8.01462769E+02   # A_s(Q) DRbar
  3  3    -8.01462769E+02   # A_b(Q) DRbar
#
BLOCK AE Q=  5.99522156E+02  # The trilinear couplings
  1  1    -1.39252457E+02   # A_e(Q) DRbar
  2  2    -1.39252457E+02   # A_mu(Q) DRbar
  3  3    -1.39252457E+02   # A_tau(Q) DRbar
#
BLOCK Yu Q=  5.99522156E+02  # The Yukawa couplings
  1  1     0.00000000E+00   # y_u(Q) DRbar
  2  2     0.00000000E+00   # y_c(Q) DRbar
  3  3     8.67620349E-01   # y_t(Q) DRbar
#
BLOCK Yd Q=  5.99522156E+02  # The Yukawa couplings
  1  1     0.00000000E+00   # y_d(Q) DRbar
  2  2     0.00000000E+00   # y_s(Q) DRbar
  3  3     4.28780138E-01   # y_b(Q) DRbar
#
BLOCK Ye Q=  5.99522156E+02  # The Yukawa couplings
  1  1     0.00000000E+00   # y_e(Q) DRbar
  2  2     0.00000000E+00   # y_mu(Q) DRbar
  3  3     3.65133822E-01   # y_tau(Q) DRbar
#
BLOCK MSOFT Q=  5.99522156E+02  # The soft SUSY breaking masses at the scale Q
         1     1.33932678E+02   # M_1(Q)              
         2     2.51466003E+02   # M_2(Q)              
         3     7.39702393E+02   # M_3(Q)              
        31     3.31081909E+02   # MeL(Q)              
        32     3.31081909E+02   # MmuL(Q)             
        33     3.15112061E+02   # MtauL(Q)            
        34     2.76856232E+02   # MeR(Q)              
        35     2.76856232E+02   # MmuR(Q)             
        36     2.38162109E+02   # MtauR(Q)            
        41     7.14735229E+02   # MqL1(Q)             
        42     7.14735229E+02   # MqL2(Q)             
        43     6.40423523E+02   # MqL3(Q)             
        44     6.92709656E+02   # MuR(Q)              
        45     6.92709656E+02   # McR(Q)              
        46     5.61232971E+02   # MtR(Q)              
        47     6.90019531E+02   # MdR(Q)              
        48     6.90019531E+02   # MsR(Q)              
        49     6.58704712E+02   # MbR(Q)              
#
#
#
#                             =================
#                             |The decay table|
#                             =================
#
# - The QCD corrections to the decays gluino -> squark  + quark
#                                     squark -> gaugino + quark_prime
#                                     squark -> squark_prime + Higgs
#                                     squark -> gluino  + quark
#   are included.
#
# - The multi-body decays for the inos, stops and sbottoms are included.
#
# - The loop induced decays for the gluino, neutralinos and stops
#   are included.
#
# - The SUSY decays of the top quark are included.
#
#
#         PDG            Width
DECAY         6     1.47711838E+00   # top decays
#          BR         NDA      ID1       ID2
     1.00000000E+00    2           5        24   # BR(t ->  b    W+)
#
#         PDG            Width
DECAY   1000021     1.01787004E+01   # gluino decays
#          BR         NDA      ID1       ID2
     4.58340904E-03    2     1000001        -1   # BR(~g -> ~d_L  db)
     4.58340904E-03    2    -1000001         1   # BR(~g -> ~d_L* d )
     1.81840438E-02    2     2000001        -1   # BR(~g -> ~d_R  db)
     1.81840438E-02    2    -2000001         1   # BR(~g -> ~d_R* d )
     6.24873905E-03    2     1000002        -2   # BR(~g -> ~u_L  ub)
     6.24873905E-03    2    -1000002         2   # BR(~g -> ~u_L* u )
     1.73265249E-02    2     2000002        -2   # BR(~g -> ~u_R  ub)
     1.73265249E-02    2    -2000002         2   # BR(~g -> ~u_R* u )
     4.58340904E-03    2     1000003        -3   # BR(~g -> ~s_L  sb)
     4.58340904E-03    2    -1000003         3   # BR(~g -> ~s_L* s )
     1.81840438E-02    2     2000003        -3   # BR(~g -> ~s_R  sb)
     1.81840438E-02    2    -2000003         3   # BR(~g -> ~s_R* s )
     6.24873905E-03    2     1000004        -4   # BR(~g -> ~c_L  cb)
     6.24873905E-03    2    -1000004         4   # BR(~g -> ~c_L* c )
     1.73265249E-02    2     2000004        -4   # BR(~g -> ~c_R  cb)
     1.73265249E-02    2    -2000004         4   # BR(~g -> ~c_R* c )
     9.01977219E-02    2     1000005        -5   # BR(~g -> ~b_1  bb)
     9.01977219E-02    2    -1000005         5   # BR(~g -> ~b_1* b )
     3.15862783E-02    2     2000005        -5   # BR(~g -> ~b_2  bb)
     3.15862783E-02    2    -2000005         5   # BR(~g -> ~b_2* b )
     2.85530566E-01    2     1000006        -6   # BR(~g -> ~t_1  tb)
     2.85530566E-01    2    -1000006         6   # BR(~g -> ~t_1* t )
#
#         PDG            Width
DECAY   1000006     1.90199649E+00   # stop1 decays
#          BR         NDA      ID1       ID2
     3.03935198E-01    2     1000022         6   # BR(~t_1 -> ~chi_10 t )
     2.96480050E-02    2     1000023         6   # BR(~t_1 -> ~chi_20 t )
     9.65991985E-02    2     1000024         5   # BR(~t_1 -> ~chi_1+ b )
     5.69817599E-01    2     1000037         5   # BR(~t_1 -> ~chi_2+ b )
#
#         PDG            Width
DECAY   2000006     1.31057193E+01   # stop2 decays
#          BR         NDA      ID1       ID2
     3.72229502E-02    2     1000022         6   # BR(~t_2 -> ~chi_10 t )
     1.46401346E-01    2     1000023         6   # BR(~t_2 -> ~chi_20 t )
     2.08345122E-01    2     1000025         6   # BR(~t_2 -> ~chi_30 t )
     6.24195383E-02    2     1000035         6   # BR(~t_2 -> ~chi_40 t )
     3.69335616E-01    2     1000024         5   # BR(~t_2 -> ~chi_1+ b )
     8.40960604E-02    2     1000037         5   # BR(~t_2 -> ~chi_2+ b )
     2.43236307E-02    2     1000006        25   # BR(~t_2 -> ~t_1    h )
     6.78557364E-02    2     1000006        23   # BR(~t_2 -> ~t_1    Z )
#
#         PDG            Width
DECAY   1000005     5.39075090E+00   # sbottom1 decays
#          BR         NDA      ID1       ID2
     1.21077284E-02    2     1000022         5   # BR(~b_1 -> ~chi_10 b )
     1.49922620E-01    2     1000023         5   # BR(~b_1 -> ~chi_20 b )
     8.36852520E-02    2     1000025         5   # BR(~b_1 -> ~chi_30 b )
     1.00930974E-01    2     1000035         5   # BR(~b_1 -> ~chi_40 b )
     2.10484833E-01    2    -1000024         6   # BR(~b_1 -> ~chi_1- t )
     4.22938377E-01    2    -1000037         6   # BR(~b_1 -> ~chi_2- t )
     1.99302157E-02    2     1000006       -24   # BR(~b_1 -> ~t_1    W-)
#
#         PDG            Width
DECAY   2000005     5.81618486E+00   # sbottom2 decays
#          BR         NDA      ID1       ID2
     8.05673275E-02    2     1000022         5   # BR(~b_2 -> ~chi_10 b )
     2.28461840E-01    2     1000023         5   # BR(~b_2 -> ~chi_20 b )
     7.48448447E-02    2     1000025         5   # BR(~b_2 -> ~chi_30 b )
     3.62572862E-02    2     1000035         5   # BR(~b_2 -> ~chi_40 b )
     3.67584331E-01    2    -1000024         6   # BR(~b_2 -> ~chi_1- t )
     1.24631314E-01    2    -1000037         6   # BR(~b_2 -> ~chi_2- t )
     8.76530568E-02    2     1000006       -24   # BR(~b_2 -> ~t_1    W-)
#
#         PDG            Width
DECAY   1000002     7.42986822E+00   # sup_L decays
#          BR         NDA      ID1       ID2
     9.09370214E-03    2     1000022         2   # BR(~u_L -> ~chi_10 u)
     3.11797155E-01    2     1000023         2   # BR(~u_L -> ~chi_20 u)
     9.98066950E-04    2     1000025         2   # BR(~u_L -> ~chi_30 u)
     1.67002647E-02    2     1000035         2   # BR(~u_L -> ~chi_40 u)
     6.39856721E-01    2     1000024         1   # BR(~u_L -> ~chi_1+ d)
     2.15540902E-02    2     1000037         1   # BR(~u_L -> ~chi_2+ d)
#
#         PDG            Width
DECAY   2000002     1.49192880E+00   # sup_R decays
#          BR         NDA      ID1       ID2
     9.89715201E-01    2     1000022         2   # BR(~u_R -> ~chi_10 u)
     3.86075677E-03    2     1000023         2   # BR(~u_R -> ~chi_20 u)
     1.55356458E-03    2     1000025         2   # BR(~u_R -> ~chi_30 u)
     4.87047760E-03    2     1000035         2   # BR(~u_R -> ~chi_40 u)
#
#         PDG            Width
DECAY   1000001     7.27980496E+00   # sdown_L decays
#          BR         NDA      ID1       ID2
     1.74925555E-02    2     1000022         1   # BR(~d_L -> ~chi_10 d)
     3.04505988E-01    2     1000023         1   # BR(~d_L -> ~chi_20 d)
     1.72059485E-03    2     1000025         1   # BR(~d_L -> ~chi_30 d)
     2.19574153E-02    2     1000035         1   # BR(~d_L -> ~chi_40 d)
     5.94847685E-01    2    -1000024         2   # BR(~d_L -> ~chi_1- u)
     5.94757610E-02    2    -1000037         2   # BR(~d_L -> ~chi_2- u)
#
#         PDG            Width
DECAY   2000001     3.72323954E-01   # sdown_R decays
#          BR         NDA      ID1       ID2
     9.89739435E-01    2     1000022         1   # BR(~d_R -> ~chi_10 d)
     3.85839371E-03    2     1000023         1   # BR(~d_R -> ~chi_20 d)
     1.54877044E-03    2     1000025         1   # BR(~d_R -> ~chi_30 d)
     4.85340101E-03    2     1000035         1   # BR(~d_R -> ~chi_40 d)
#
#         PDG            Width
DECAY   1000004     7.42986822E+00   # scharm_L decays
#          BR         NDA      ID1       ID2
     9.09370214E-03    2     1000022         4   # BR(~c_L -> ~chi_10 c)
     3.11797155E-01    2     1000023         4   # BR(~c_L -> ~chi_20 c)
     9.98066950E-04    2     1000025         4   # BR(~c_L -> ~chi_30 c)
     1.67002647E-02    2     1000035         4   # BR(~c_L -> ~chi_40 c)
     6.39856721E-01    2     1000024         3   # BR(~c_L -> ~chi_1+ s)
     2.15540902E-02    2     1000037         3   # BR(~c_L -> ~chi_2+ s)
#
#         PDG            Width
DECAY   2000004     1.49192880E+00   # scharm_R decays
#          BR         NDA      ID1       ID2
     9.89715201E-01    2     1000022         4   # BR(~c_R -> ~chi_10 c)
     3.86075677E-03    2     1000023         4   # BR(~c_R -> ~chi_20 c)
     1.55356458E-03    2     1000025         4   # BR(~c_R -> ~chi_30 c)
     4.87047760E-03    2     1000035         4   # BR(~c_R -> ~chi_40 c)
#
#         PDG            Width
DECAY   1000003     7.27980496E+00   # sstrange_L decays
#          BR         NDA      ID1       ID2
     1.74925555E-02    2     1000022         3   # BR(~s_L -> ~chi_10 s)
     3.04505988E-01    2     1000023         3   # BR(~s_L -> ~chi_20 s)
     1.72059485E-03    2     1000025         3   # BR(~s_L -> ~chi_30 s)
     2.19574153E-02    2     1000035         3   # BR(~s_L -> ~chi_40 s)
     5.94847685E-01    2    -1000024         4   # BR(~s_L -> ~chi_1- c)
     5.94757610E-02    2    -1000037         4   # BR(~s_L -> ~chi_2- c)
#
#         PDG            Width
DECAY   2000003     3.72323954E-01   # sstrange_R decays
#          BR         NDA      ID1       ID2
     9.89739435E-01    2     1000022         3   # BR(~s_R -> ~chi_10 s)
     3.85839371E-03    2     1000023         3   # BR(~s_R -> ~chi_20 s)
     1.54877044E-03    2     1000025         3   # BR(~s_R -> ~chi_30 s)
     4.85340101E-03    2     1000035         3   # BR(~s_R -> ~chi_40 s)
#
#         PDG            Width
DECAY   1000011     1.11991918E+00   # selectron_L decays
#          BR         NDA      ID1       ID2
     2.42710395E-01    2     1000022        11   # BR(~e_L -> ~chi_10 e-)
     2.75020672E-01    2     1000023        11   # BR(~e_L -> ~chi_20 e-)
     4.82268933E-01    2    -1000024        12   # BR(~e_L -> ~chi_1- nu_e)
#
#         PDG            Width
DECAY   2000011     8.60413211E-01   # selectron_R decays
#          BR         NDA      ID1       ID2
     9.99560902E-01    2     1000022        11   # BR(~e_R -> ~chi_10 e-)
     4.39097582E-04    2     1000023        11   # BR(~e_R -> ~chi_20 e-)
#
#         PDG            Width
DECAY   1000013     1.11991918E+00   # smuon_L decays
#          BR         NDA      ID1       ID2
     2.42710395E-01    2     1000022        13   # BR(~mu_L -> ~chi_10 mu-)
     2.75020672E-01    2     1000023        13   # BR(~mu_L -> ~chi_20 mu-)
     4.82268933E-01    2    -1000024        14   # BR(~mu_L -> ~chi_1- nu_mu)
#
#         PDG            Width
DECAY   2000013     8.60413211E-01   # smuon_R decays
#          BR         NDA      ID1       ID2
     9.99560902E-01    2     1000022        13   # BR(~mu_R -> ~chi_10 mu-)
     4.39097582E-04    2     1000023        13   # BR(~mu_R -> ~chi_20 mu-)
#
#         PDG            Width
DECAY   1000015     3.52421572E-01   # stau_1 decays
#          BR         NDA      ID1       ID2
     1.00000000E+00    2     1000022        15   # BR(~tau_1 -> ~chi_10  tau-)
#
#         PDG            Width
DECAY   2000015     1.57247784E+00   # stau_2 decays
#          BR         NDA      ID1       ID2
     3.15686944E-01    2     1000022        15   # BR(~tau_2 -> ~chi_10  tau-)
     2.06227774E-01    2     1000023        15   # BR(~tau_2 -> ~chi_20  tau-)
     3.58797933E-01    2    -1000024        16   # BR(~tau_2 -> ~chi_1-  nu_tau)
     4.57705505E-02    2     1000015        25   # BR(~tau_2 -> ~tau_1   h)
     7.35167983E-02    2     1000015        23   # BR(~tau_2 -> ~tau_1   Z)
#
#         PDG            Width
DECAY   1000012     1.02996943E+00   # snu_eL decays
#          BR         NDA      ID1       ID2
     3.07120781E-01    2     1000022        12   # BR(~nu_eL -> ~chi_10 nu_e)
     2.12489019E-01    2     1000023        12   # BR(~nu_eL -> ~chi_20 nu_e)
     4.80390199E-01    2     1000024        11   # BR(~nu_eL -> ~chi_1+ e-)
#
#         PDG            Width
DECAY   1000014     1.02996943E+00   # snu_muL decays
#          BR         NDA      ID1       ID2
     3.07120781E-01    2     1000022        14   # BR(~nu_muL -> ~chi_10 nu_mu)
     2.12489019E-01    2     1000023        14   # BR(~nu_muL -> ~chi_20 nu_mu)
     4.80390199E-01    2     1000024        13   # BR(~nu_muL -> ~chi_1+ mu-)
#
#         PDG            Width
DECAY   1000016     8.63105894E-01   # snu_tauL decays
#          BR         NDA      ID1       ID2
     3.33437322E-01    2     1000022        16   # BR(~nu_tauL -> ~chi_10 nu_tau)
     1.77697814E-01    2     1000023        16   # BR(~nu_tauL -> ~chi_20 nu_tau)
     4.15574499E-01    2     1000024        15   # BR(~nu_tauL -> ~chi_1+ tau-)
     7.32903652E-02    2    -1000015       -24   # BR(~nu_tauL -> ~tau_1+ W-)
#
#         PDG            Width
DECAY   1000024     9.13734154E-03   # chargino1+ decays
#          BR         NDA      ID1       ID2
     2.20642690E-01    2    -1000015        16   # BR(~chi_1+ -> ~tau_1+  nu_tau)
     7.79357310E-01    2     1000022        24   # BR(~chi_1+ -> ~chi_10  W+)
#
#         PDG            Width
DECAY   1000037     2.55648359E+00   # chargino2+ decays
#          BR         NDA      ID1       ID2
     7.72269895E-03    2     1000012       -11   # BR(~chi_2+ -> ~nu_eL   e+  )
     7.72269895E-03    2     1000014       -13   # BR(~chi_2+ -> ~nu_muL  mu+ )
     5.69370545E-02    2     1000016       -15   # BR(~chi_2+ -> ~nu_tau1 tau+)
     1.72361276E-02    2    -1000011        12   # BR(~chi_2+ -> ~e_L+    nu_e)
     1.72361276E-02    2    -1000013        14   # BR(~chi_2+ -> ~mu_L+   nu_mu)
     1.64010984E-01    2    -1000015        16   # BR(~chi_2+ -> ~tau_1+  nu_tau)
     1.91697516E-03    2    -2000015        16   # BR(~chi_2+ -> ~tau_2+  nu_tau)
     2.19063698E-01    2     1000024        23   # BR(~chi_2+ -> ~chi_1+  Z )
     8.04108004E-02    2     1000022        24   # BR(~chi_2+ -> ~chi_10  W+)
     2.53245187E-01    2     1000023        24   # BR(~chi_2+ -> ~chi_20  W+)
     1.74497648E-01    2     1000024        25   # BR(~chi_2+ -> ~chi_1+  h )
#
#         PDG            Width
DECAY   1000022     0.00000000E+00   # neutralino1 decays
#
#         PDG            Width
DECAY   1000023     7.56916597E-03   # neutralino2 decays
#          BR         NDA      ID1       ID2
     1.92770324E-01    2     1000022        23   # BR(~chi_20 -> ~chi_10   Z )
     2.73888306E-01    2     1000022        25   # BR(~chi_20 -> ~chi_10   h )
     2.66670685E-01    2     1000015       -15   # BR(~chi_20 -> ~tau_1-   tau+)
     2.66670685E-01    2    -1000015        15   # BR(~chi_20 -> ~tau_1+   tau-)
#
#         PDG            Width
DECAY   1000025     2.13830466E+00   # neutralino3 decays
#          BR         NDA      ID1       ID2
     9.76983461E-02    2     1000022        23   # BR(~chi_30 -> ~chi_10   Z )
     1.90618432E-01    2     1000023        23   # BR(~chi_30 -> ~chi_20   Z )
     2.43431628E-01    2     1000024       -24   # BR(~chi_30 -> ~chi_1+   W-)
     2.43431628E-01    2    -1000024        24   # BR(~chi_30 -> ~chi_1-   W+)
     2.14108584E-02    2     1000022        25   # BR(~chi_30 -> ~chi_10   h )
     8.78430117E-03    2     1000023        25   # BR(~chi_30 -> ~chi_20   h )
     1.24596412E-04    2     1000011       -11   # BR(~chi_30 -> ~e_L-     e+)
     1.24596412E-04    2    -1000011        11   # BR(~chi_30 -> ~e_L+     e-)
     4.48869014E-04    2     2000011       -11   # BR(~chi_30 -> ~e_R-     e+)
     4.48869014E-04    2    -2000011        11   # BR(~chi_30 -> ~e_R+     e-)
     1.24596412E-04    2     1000013       -13   # BR(~chi_30 -> ~mu_L-    mu+)
     1.24596412E-04    2    -1000013        13   # BR(~chi_30 -> ~mu_L+    mu-)
     4.48869014E-04    2     2000013       -13   # BR(~chi_30 -> ~mu_R-    mu+)
     4.48869014E-04    2    -2000013        13   # BR(~chi_30 -> ~mu_R+    mu-)
     8.06816666E-02    2     1000015       -15   # BR(~chi_30 -> ~tau_1-   tau+)
     8.06816666E-02    2    -1000015        15   # BR(~chi_30 -> ~tau_1+   tau-)
     1.29397972E-02    2     2000015       -15   # BR(~chi_30 -> ~tau_2-   tau+)
     1.29397972E-02    2    -2000015        15   # BR(~chi_30 -> ~tau_2+   tau-)
     7.65403342E-04    2     1000012       -12   # BR(~chi_30 -> ~nu_eL    nu_eb)
     7.65403342E-04    2    -1000012        12   # BR(~chi_30 -> ~nu_eL*   nu_e )
     7.65403342E-04    2     1000014       -14   # BR(~chi_30 -> ~nu_muL   nu_mub)
     7.65403342E-04    2    -1000014        14   # BR(~chi_30 -> ~nu_muL*  nu_mu )
     1.01320181E-03    2     1000016       -16   # BR(~chi_30 -> ~nu_tau1  nu_taub)
     1.01320181E-03    2    -1000016        16   # BR(~chi_30 -> ~nu_tau1* nu_tau )
#
#         PDG            Width
DECAY   1000035     2.70081880E+00   # neutralino4 decays
#          BR         NDA      ID1       ID2
     2.19257275E-02    2     1000022        23   # BR(~chi_40 -> ~chi_10   Z )
     1.57749978E-02    2     1000023        23   # BR(~chi_40 -> ~chi_20   Z )
     2.40391209E-01    2     1000024       -24   # BR(~chi_40 -> ~chi_1+   W-)
     2.40391209E-01    2    -1000024        24   # BR(~chi_40 -> ~chi_1-   W+)
     6.85080140E-02    2     1000022        25   # BR(~chi_40 -> ~chi_10   h )
     1.48864273E-01    2     1000023        25   # BR(~chi_40 -> ~chi_20   h )
     3.61647207E-03    2     1000011       -11   # BR(~chi_40 -> ~e_L-     e+)
     3.61647207E-03    2    -1000011        11   # BR(~chi_40 -> ~e_L+     e-)
     1.41081815E-03    2     2000011       -11   # BR(~chi_40 -> ~e_R-     e+)
     1.41081815E-03    2    -2000011        11   # BR(~chi_40 -> ~e_R+     e-)
     3.61647207E-03    2     1000013       -13   # BR(~chi_40 -> ~mu_L-    mu+)
     3.61647207E-03    2    -1000013        13   # BR(~chi_40 -> ~mu_L+    mu-)
     1.41081815E-03    2     2000013       -13   # BR(~chi_40 -> ~mu_R-    mu+)
     1.41081815E-03    2    -2000013        13   # BR(~chi_40 -> ~mu_R+    mu-)
     8.34938771E-02    2     1000015       -15   # BR(~chi_40 -> ~tau_1-   tau+)
     8.34938771E-02    2    -1000015        15   # BR(~chi_40 -> ~tau_1+   tau-)
     9.63914966E-03    2     2000015       -15   # BR(~chi_40 -> ~tau_2-   tau+)
     9.63914966E-03    2    -2000015        15   # BR(~chi_40 -> ~tau_2+   tau-)
     8.84822000E-03    2     1000012       -12   # BR(~chi_40 -> ~nu_eL    nu_eb)
     8.84822000E-03    2    -1000012        12   # BR(~chi_40 -> ~nu_eL*   nu_e )
     8.84822000E-03    2     1000014       -14   # BR(~chi_40 -> ~nu_muL   nu_mub)
     8.84822000E-03    2    -1000014        14   # BR(~chi_40 -> ~nu_muL*  nu_mu )
     1.11882376E-02    2     1000016       -16   # BR(~chi_40 -> ~nu_tau1  nu_taub)
     1.11882376E-02    2    -1000016        16   # BR(~chi_40 -> ~nu_tau1* nu_tau )
#
#         PDG            Width
DECAY        26     5.50742146E-03   # h decays
#          BR         NDA      ID1       ID2
     8.62427406E-01    2           5        -5   # BR(h -> b       bb     )
     4.68092691E-02    2         -15        15   # BR(h -> tau+    tau-   )
     1.65735962E-04    2         -13        13   # BR(h -> mu+     mu-    )
     3.58777639E-04    2           3        -3   # BR(h -> s       sb     )
     1.40891904E-02    2           4        -4   # BR(h -> c       cb     )
     3.96176575E-02    2          21        21   # BR(h -> g       g      )
     1.05064417E-03    2          22        22   # BR(h -> gam     gam    )
     2.77693573E-04    2          22        23   # BR(h -> Z       gam    )
     3.21068855E-02    2          24       -24   # BR(h -> W+      W-     )
     3.09674038E-03    2          23        23   # BR(h -> Z       Z      )
#
#         PDG            Width
DECAY        35     1.37288488E+01   # H decays
#          BR         NDA      ID1       ID2
     9.17147299E-01    2           5        -5   # BR(H -> b       bb     )
     8.05143283E-02    2         -15        15   # BR(H -> tau+    tau-   )
     2.84675145E-04    2         -13        13   # BR(H -> mu+     mu-    )
     4.66936877E-04    2           3        -3   # BR(H -> s       sb     )
     1.54464958E-08    2           4        -4   # BR(H -> c       cb     )
     4.92099338E-04    2           6        -6   # BR(H -> t       tb     )
     1.94549239E-04    2          21        21   # BR(H -> g       g      )
     2.14358591E-07    2          22        22   # BR(H -> gam     gam    )
     4.79658128E-08    2          23        22   # BR(H -> Z       gam    )
     3.79858940E-06    2          24       -24   # BR(H -> W+      W-     )
     1.79281264E-06    2          23        23   # BR(H -> Z       Z      )
     2.03519609E-05    2          25        25   # BR(H -> h       h      )
     4.87402733E-18    2          36        36   # BR(H -> A       A      )
     1.19282404E-11    2          23        36   # BR(H -> Z       A      )
     5.00443769E-04    2     1000022   1000022   # BR(H -> ~chi_10 ~chi_10)
     5.15901897E-07    2     1000022   1000023   # BR(H -> ~chi_10 ~chi_20)
     3.72931047E-04    2     1000015  -1000015   # BR(H -> ~tau_1- ~tau_1+)
#
#         PDG            Width
DECAY        36     1.36315345E+01   # A decays
#          BR         NDA      ID1       ID2
     9.16576420E-01    2           5        -5   # BR(A -> b       bb     )
     8.05922983E-02    2         -15        15   # BR(A -> tau+    tau-   )
     2.84932031E-04    2         -13        13   # BR(A -> mu+     mu-    )
     4.67888026E-04    2           3        -3   # BR(A -> s       sb     )
     1.40624269E-08    2           4        -4   # BR(A -> c       cb     )
     1.05950602E-03    2           6        -6   # BR(A -> t       tb     )
     2.02564538E-04    2          21        21   # BR(A -> g       g      )
     3.42819263E-07    2          22        22   # BR(A -> gam     gam    )
     3.73144833E-08    2          23        22   # BR(A -> Z       gam    )
     3.15469621E-06    2          23        25   # BR(A -> Z       h      )
     8.10857815E-04    2     1000022   1000022   # BR(A -> ~chi_10 ~chi_10)
     1.98488948E-06    2     1000022   1000023   # BR(A -> ~chi_10 ~chi_20)
#
#         PDG            Width
DECAY        37     8.14831711E+00   # H+ decays
#          BR         NDA      ID1       ID2
     1.59395459E-03    2           4        -5   # BR(H+ -> c       bb     )
     1.38248581E-01    2         -15        16   # BR(H+ -> tau+    nu_tau )
     4.88773558E-04    2         -13        14   # BR(H+ -> mu+     nu_mu  )
     1.02008671E-05    2           2        -5   # BR(H+ -> u       bb     )
     3.79573575E-05    2           2        -3   # BR(H+ -> u       sb     )
     7.80710793E-04    2           4        -3   # BR(H+ -> c       sb     )
     8.58613043E-01    2           6        -5   # BR(H+ -> t       bb     )
     6.02389575E-06    2          24        25   # BR(H+ -> W+      h      )
     2.51900978E-08    2          24        36   # BR(H+ -> W+      A      )
     2.20729751E-04    2     1000024   1000022   # BR(H+ -> ~chi_1+ ~chi_10)
