#  ISAJET decay tables in SUSY Les Houches accord format
#  Created by ISALHD. Last revision: C. Balazs, 2005 May 25
Block DCINFO   # Program information
    1             ISASUGRA from ISAJET          # Spectrum Calculator
    2   7.69   21-AUG-2003 11:39:06             # Version number
#  SUSY parameters in Les Houches accord format
Block MODSEL   # Model selection
    1    2   #  Minimal gauge mediated (GMSB) model              
Block MINPAR   # Input parameters
    1    1.400000000E+05   # Lambda
    2    2.800000000E+05   # M_mes
    3    1.000000000E+00   # N_5
    4    1.500000000E+01   # tan(beta
    5    1.000000000E+00   # sgn(mu)
    6    1.750000000E+02   # M_t
    7    1.000000000E+00   # C_grav
Block EXTPAR    # Input parameters - non-minimal models
    8    1.000000000E+00   # Rsl
    9    0.000000000E+00   # dmH_d^2
   10    0.000000000E+00   # dmH_u^2
   11    0.000000000E+00   # d_Y
   12    1.000000000E+00   # N5_1
   13    1.000000000E+00   # N5_2
   14    1.000000000E+00   # N5_3
#  
Block MASS   # Scalar and gaugino mass spectrum
#  PDG code   mass                 particle
         6    1.750000000E+02   #  top            
        25    1.169928818E+02   #  h^0            
        35    7.301606445E+02   #  H^0            
        36    7.252735596E+02   #  A^0            
        37    7.345850220E+02   #  H^+            
   1000001    1.527746216E+03   #  dnl            
   1000002    1.525631226E+03   #  upl            
   1000003    1.527746216E+03   #  stl            
   1000004    1.525631836E+03   #  chl            
   1000005    1.446820679E+03   #  b1             
   1000006    1.332318848E+03   #  t1             
   1000011    5.026185303E+02   #  el-            
   1000012    4.898614197E+02   #  nuel           
   1000013    5.026185303E+02   #  mul-           
   1000014    4.898614197E+02   #  numl           
   1000015    2.376767273E+02   #  tau1           
   1000016    4.889559937E+02   #  nutl           
   1000021    1.135716675E+03   #  glss           
   1000022    1.916859741E+02   #  z1ss           
   1000023    3.778646545E+02   #  z2ss           
   1000024    3.783551941E+02   #  w1ss           
   1000025   -5.612727051E+02   #  z3ss           
   1000035    5.778628540E+02   #  z4ss           
   1000037    5.777761230E+02   #  w2ss           
   2000001    1.453410156E+03   #  dnr            
   2000002    1.459498657E+03   #  upr            
   2000003    1.453410278E+03   #  str            
   2000004    1.459499268E+03   #  chr            
   2000005    1.467154053E+03   #  b2             
   2000006    1.480278687E+03   #  t2             
   2000011    2.454214630E+02   #  er-            
   2000013    2.454214935E+02   #  mur-           
   2000015    5.023772888E+02   #  tau2           
   1000039    9.430054959E-09   # gravitino       
Block ALPHA   # Higgs mixing
    1   -6.923287362E-02   # alpha
Block HMIX Q= 1.349641113E+03   # Higgs parameters
    1    5.529525146E+02   # mu
Block STOPMIX   # stop mixing matrix
  1  1    1.064379364E-01
  1  2   -9.943193197E-01
  2  1    9.943193197E-01
  2  2    1.064379364E-01
Block SBOTMIX   # sbottom mixing matrix
  1  1    3.154205680E-01
  1  2   -9.489519596E-01
  2  1    9.489519596E-01
  2  2    3.154205680E-01
Block STAUMIX   # stau mixing matrix
  1  1    7.005891949E-02
  1  2   -9.975428581E-01
  2  1    9.975428581E-01
  2  2    7.005891949E-02
Block NMIX   # neutralino mixing matrix
  1  1    9.949506521E-01   # N_11
  1  2   -1.820403151E-02   # N_12
  1  3    9.126441926E-02   # N_13
  1  4   -3.758700937E-02   # N_14
  2  1   -4.555863887E-02   # N_21
  2  2   -9.560086131E-01   # N_22
  2  3    2.377554327E-01   # N_23
  2  4   -1.656632274E-01   # N_24
  3  1    3.672998399E-02   # N_31
  3  2   -5.381084979E-02   # N_32
  3  3   -7.028775215E-01   # N_33
  3  4   -7.083209157E-01   # N_34
  4  1   -8.153947443E-02   # N_41
  4  2    2.877855301E-01   # N_42
  4  3    6.641584039E-01   # N_43
  4  4   -6.851454377E-01   # N_44
Block UMIX   # chargino U mixing matrix
  1  1   -9.356427193E-01
  1  2    3.529485166E-01
  2  1   -3.529485166E-01
  2  2   -9.356427193E-01
Block VMIX   # chargino V mixing matrix
  1  1   -9.695107937E-01
  1  2    2.450485080E-01
  2  1   -2.450485080E-01
  2  2   -9.695107937E-01
Block AU Q= 1.349641113E+03   #  The trilinear couplings
  3  3   -3.938210449E+02    7.199401757+165   #
Block AD Q= 1.349641113E+03   #  The trilinear couplings
  3  3   -4.404352722E+02    3.580431530+252   #
Block AE Q= 1.349641113E+03   #  The trilinear couplings
  3  3   -5.286305618E+01    1.456328742E+45   #
Block SPINFO   # Program information
    1                                ISASUGRA   # Spectrum Calculator
    2    ISAJET     V7.69   21-AUG-2003 11:39   # Version number
#         PDG         Width
DECAY         6  1.21561825E+00   # TP    decays
#          BR          NDA       ID1     ID2       ID3       ID4
      3.33333343E-01    3            2        -1         5             # TP     -->  UP     DB     BT          
      3.33333343E-01    3            4        -3         5             # TP     -->  CH     SB     BT          
      1.11111112E-01    3          -11        12         5             # TP     -->  E+     NUE    BT          
      1.11111112E-01    3          -13        14         5             # TP     -->  MU+    NUM    BT          
      1.11111112E-01    3          -15        16         5             # TP     -->  TAU+   NUT    BT          
#         PDG         Width
DECAY   1000021  2.67109908E-02   # GLSS  decays
#          BR          NDA       ID1     ID2       ID3       ID4
      7.22505078E-02    3      1000024         1        -2             # GLSS   -->  W1SS+  DN     UB          
      7.22505078E-02    3     -1000024         2        -1             # GLSS   -->  W1SS-  UP     DB          
      7.22504184E-02    3      1000024         3        -4             # GLSS   -->  W1SS+  ST     CB          
      7.22504184E-02    3     -1000024         4        -3             # GLSS   -->  W1SS-  CH     SB          
      5.42172119E-02    3      1000024         5        -6             # GLSS   -->  W1SS+  BT     TB          
      5.42172119E-02    3     -1000024         6        -5             # GLSS   -->  W1SS-  TP     BB          
      2.95718131E-03    3      1000037         1        -2             # GLSS   -->  W2SS+  DN     UB          
      2.95718131E-03    3     -1000037         2        -1             # GLSS   -->  W2SS-  UP     DB          
      2.95717875E-03    3      1000037         3        -4             # GLSS   -->  W2SS+  ST     CB          
      2.95717875E-03    3     -1000037         4        -3             # GLSS   -->  W2SS-  CH     SB          
      6.80536702E-02    3      1000037         5        -6             # GLSS   -->  W2SS+  BT     TB          
      6.80536702E-02    3     -1000037         6        -5             # GLSS   -->  W2SS-  TP     BB          
      6.53661618E-06    2      1000022        21                       # GLSS   -->  Z1SS   GL                 
      4.23280187E-02    3      1000022         2        -2             # GLSS   -->  Z1SS   UP     UB          
      1.28101083E-02    3      1000022         1        -1             # GLSS   -->  Z1SS   DN     DB          
      1.28101027E-02    3      1000022         3        -3             # GLSS   -->  Z1SS   ST     SB          
      4.23279144E-02    3      1000022         4        -4             # GLSS   -->  Z1SS   CH     CB          
      1.38713010E-02    3      1000022         5        -5             # GLSS   -->  Z1SS   BT     BB          
      3.62249352E-02    3      1000022         6        -6             # GLSS   -->  Z1SS   TP     TB          
      5.79235086E-04    2      1000023        21                       # GLSS   -->  Z2SS   GL                 
      3.72771583E-02    3      1000023         2        -2             # GLSS   -->  Z2SS   UP     UB          
      3.56730111E-02    3      1000023         1        -1             # GLSS   -->  Z2SS   DN     DB          
      3.56730111E-02    3      1000023         3        -3             # GLSS   -->  Z2SS   ST     SB          
      3.72770689E-02    3      1000023         4        -4             # GLSS   -->  Z2SS   CH     CB          
      4.65350077E-02    3      1000023         5        -5             # GLSS   -->  Z2SS   BT     BB          
      1.40553024E-02    3      1000023         6        -6             # GLSS   -->  Z2SS   TP     TB          
      5.08856168E-03    2      1000025        21                       # GLSS   -->  Z3SS   GL                 
      2.40331938E-05    3      1000025         2        -2             # GLSS   -->  Z3SS   UP     UB          
      2.92485147E-05    3      1000025         1        -1             # GLSS   -->  Z3SS   DN     DB          
      2.92485147E-05    3      1000025         3        -3             # GLSS   -->  Z3SS   ST     SB          
      2.40331301E-05    3      1000025         4        -4             # GLSS   -->  Z3SS   CH     CB          
      4.21988824E-03    3      1000025         5        -5             # GLSS   -->  Z3SS   BT     BB          
      2.08478756E-02    3      1000025         6        -6             # GLSS   -->  Z3SS   TP     TB          
      4.53426456E-03    2      1000035        21                       # GLSS   -->  Z4SS   GL                 
      1.29829650E-03    3      1000035         2        -2             # GLSS   -->  Z4SS   UP     UB          
      1.51000579E-03    3      1000035         1        -1             # GLSS   -->  Z4SS   DN     DB          
      1.51000579E-03    3      1000035         3        -3             # GLSS   -->  Z4SS   ST     SB          
      1.29829324E-03    3      1000035         4        -4             # GLSS   -->  Z4SS   CH     CB          
      5.42453490E-03    3      1000035         5        -5             # GLSS   -->  Z4SS   BT     BB          
      4.13397476E-02    3      1000035         6        -6             # GLSS   -->  Z4SS   TP     TB          
      9.15836551E-07    2      1000039        21                       # GLSS   -->  GVSS   GL                 
#         PDG         Width
DECAY   1000002  3.48347931E+01   # UPL   decays
#          BR          NDA       ID1     ID2       ID3       ID4
      4.80758958E-03    2      1000022         2                       # UPL    -->  Z1SS   UP                 
      1.51055053E-01    2      1000023         2                       # UPL    -->  Z2SS   UP                 
      3.05517169E-04    2      1000025         2                       # UPL    -->  Z3SS   UP                 
      1.00687435E-02    2      1000035         2                       # UPL    -->  Z4SS   UP                 
      5.12273014E-01    2      1000021         2                       # UPL    -->  GLSS   UP                 
      3.05245280E-01    2      1000024         1                       # UPL    -->  W1SS+  DN                 
      1.62448213E-02    2      1000037         1                       # UPL    -->  W2SS+  DN                 
#         PDG         Width
DECAY   1000001  3.48786240E+01   # DNL   decays
#          BR          NDA       ID1     ID2       ID3       ID4
      7.17941858E-03    2      1000022         1                       # DNL    -->  Z1SS   DN                 
      1.45942137E-01    2      1000023         1                       # DNL    -->  Z2SS   DN                 
      5.05649019E-04    2      1000025         1                       # DNL    -->  Z3SS   DN                 
      1.24076419E-02    2      1000035         1                       # DNL    -->  Z4SS   DN                 
      5.15798390E-01    2      1000021         1                       # DNL    -->  GLSS   DN                 
      2.84430921E-01    2     -1000024         2                       # DNL    -->  W1SS-  UP                 
      3.37358341E-02    2     -1000037         2                       # DNL    -->  W2SS-  UP                 
#         PDG         Width
DECAY   1000003  3.48786049E+01   # STL   decays
#          BR          NDA       ID1     ID2       ID3       ID4
      7.17942277E-03    2      1000022         3                       # STL    -->  Z1SS   ST                 
      1.45942226E-01    2      1000023         3                       # STL    -->  Z2SS   ST                 
      5.05649368E-04    2      1000025         3                       # STL    -->  Z3SS   ST                 
      1.24076493E-02    2      1000035         3                       # STL    -->  Z4SS   ST                 
      5.15798688E-01    2      1000021         3                       # STL    -->  GLSS   ST                 
      2.84430563E-01    2     -1000024         4                       # STL    -->  W1SS-  CH                 
      3.37357819E-02    2     -1000037         4                       # STL    -->  W2SS-  CH                 
#         PDG         Width
DECAY   1000004  3.48346977E+01   # CHL   decays
#          BR          NDA       ID1     ID2       ID3       ID4
      4.80759749E-03    2      1000022         4                       # CHL    -->  Z1SS   CH                 
      1.51055306E-01    2      1000023         4                       # CHL    -->  Z2SS   CH                 
      3.05517577E-04    2      1000025         4                       # CHL    -->  Z3SS   CH                 
      1.00687575E-02    2      1000035         4                       # CHL    -->  Z4SS   CH                 
      5.12271643E-01    2      1000021         4                       # CHL    -->  GLSS   CH                 
      3.05246294E-01    2      1000024         3                       # CHL    -->  W1SS+  ST                 
      1.62448790E-02    2      1000037         3                       # CHL    -->  W2SS+  ST                 
#         PDG         Width
DECAY   1000005  1.75685806E+01   # BT1   decays
#          BR          NDA       ID1     ID2       ID3       ID4
      4.60421853E-02    2      1000022         5                       # BT1    -->  Z1SS   BT                 
      4.60815169E-02    2      1000023         5                       # BT1    -->  Z2SS   BT                 
      1.75913814E-02    2      1000025         5                       # BT1    -->  Z3SS   BT                 
      7.20331306E-03    2      1000035         5                       # BT1    -->  Z4SS   BT                 
      7.17539191E-01    2      1000021         5                       # BT1    -->  GLSS   BT                 
      9.17550996E-02    2     -1000024         6                       # BT1    -->  W1SS-  TP                 
      7.36272708E-02    2     -1000037         6                       # BT1    -->  W2SS-  TP                 
      1.60013762E-04    2          -24   1000006                       # BT1    -->  W-     TP1                
#         PDG         Width
DECAY   1000006  2.85212402E+01   # TP1   decays
#          BR          NDA       ID1     ID2       ID3       ID4
      7.22499937E-02    2      1000021         6                       # TP1    -->  GLSS   TP                 
      9.73971188E-02    2      1000022         6                       # TP1    -->  Z1SS   TP                 
      2.51024161E-02    2      1000023         6                       # TP1    -->  Z2SS   TP                 
      2.11335585E-01    2      1000025         6                       # TP1    -->  Z3SS   TP                 
      1.70593724E-01    2      1000035         6                       # TP1    -->  Z4SS   TP                 
      5.60591519E-02    2      1000024         5                       # TP1    -->  W1SS+  BT                 
      3.67262006E-01    2      1000037         5                       # TP1    -->  W2SS+  BT                 
#         PDG         Width
DECAY   2000002  1.66024323E+01   # UPR   decays
#          BR          NDA       ID1     ID2       ID3       ID4
      1.89993188E-01    2      1000022         2                       # UPR    -->  Z1SS   UP                 
      3.59025784E-04    2      1000023         2                       # UPR    -->  Z2SS   UP                 
      1.94661683E-04    2      1000025         2                       # UPR    -->  Z3SS   UP                 
      9.39472171E-04    2      1000035         2                       # UPR    -->  Z4SS   UP                 
      8.08513641E-01    2      1000021         2                       # UPR    -->  GLSS   UP                 
#         PDG         Width
DECAY   2000001  1.38215714E+01   # DNR   decays
#          BR          NDA       ID1     ID2       ID3       ID4
      5.68000637E-02    2      1000022         1                       # DNR    -->  Z1SS   DN                 
      1.07235945E-04    2      1000023         1                       # DNR    -->  Z2SS   DN                 
      5.80433771E-05    2      1000025         1                       # DNR    -->  Z3SS   DN                 
      2.80069595E-04    2      1000035         1                       # DNR    -->  Z4SS   DN                 
      9.42754567E-01    2      1000021         1                       # DNR    -->  GLSS   DN                 
#         PDG         Width
DECAY   2000003  1.38215790E+01   # STR   decays
#          BR          NDA       ID1     ID2       ID3       ID4
      5.68000376E-02    2      1000022         3                       # STR    -->  Z1SS   ST                 
      1.07235894E-04    2      1000023         3                       # STR    -->  Z2SS   ST                 
      5.80433552E-05    2      1000025         3                       # STR    -->  Z3SS   ST                 
      2.80069478E-04    2      1000035         3                       # STR    -->  Z4SS   ST                 
      9.42754626E-01    2      1000021         3                       # STR    -->  GLSS   ST                 
#         PDG         Width
DECAY   2000004  1.66023197E+01   # CHR   decays
#          BR          NDA       ID1     ID2       ID3       ID4
      1.89994231E-01    2      1000022         4                       # CHR    -->  Z1SS   CH                 
      3.59027734E-04    2      1000023         4                       # CHR    -->  Z2SS   CH                 
      1.94662687E-04    2      1000025         4                       # CHR    -->  Z3SS   CH                 
      9.39477002E-04    2      1000035         4                       # CHR    -->  Z4SS   CH                 
      8.08512628E-01    2      1000021         4                       # CHR    -->  GLSS   CH                 
#         PDG         Width
DECAY   2000005  4.16963577E+01   # BT2   decays
#          BR          NDA       ID1     ID2       ID3       ID4
      5.47005655E-03    2      1000022         5                       # BT2    -->  Z1SS   BT                 
      9.86074209E-02    2      1000023         5                       # BT2    -->  Z2SS   BT                 
      1.05950693E-02    2      1000025         5                       # BT2    -->  Z3SS   BT                 
      2.22861320E-02    2      1000035         5                       # BT2    -->  Z4SS   BT                 
      3.33821088E-01    2      1000021         5                       # BT2    -->  GLSS   BT                 
      1.95998356E-01    2     -1000024         6                       # BT2    -->  W1SS-  TP                 
      3.31821382E-01    2     -1000037         6                       # BT2    -->  W2SS-  TP                 
      1.40049856E-03    2          -24   1000006                       # BT2    -->  W-     TP1                
#         PDG         Width
DECAY   2000006  4.44937286E+01   # TP2   decays
#          BR          NDA       ID1     ID2       ID3       ID4
      3.02537978E-01    2      1000021         6                       # TP2    -->  GLSS   TP                 
      2.14548931E-01    2      1000024         5                       # TP2    -->  W1SS+  BT                 
      4.27715071E-02    2      1000037         5                       # TP2    -->  W2SS+  BT                 
      8.99553474E-04    2           23   1000006                       # TP2    -->  Z0     TP1                
      3.16312979E-03    2           25   1000006                       # TP2    -->  HL0    TP1                
      3.81318759E-03    2      1000022         6                       # TP2    -->  Z1SS   TP                 
      1.08118966E-01    2      1000023         6                       # TP2    -->  Z2SS   TP                 
      1.53687865E-01    2      1000025         6                       # TP2    -->  Z3SS   TP                 
      1.70458883E-01    2      1000035         6                       # TP2    -->  Z4SS   TP                 
#         PDG         Width
DECAY   1000011  1.51233935E+00   # EL-   decays
#          BR          NDA       ID1     ID2       ID3       ID4
      2.85497814E-01    2      1000022        11                       # EL-    -->  Z1SS   E-                 
      2.54553258E-01    2      1000023        11                       # EL-    -->  Z2SS   E-                 
      4.59948689E-01    2     -1000024        12                       # EL-    -->  W1SS-  NUE                
      1.19008774E-07    3      1000015        11       -15             # EL-    -->  TAU1-  E-     TAU+        
      1.19242387E-07    3     -1000015        11        15             # EL-    -->  TAU1+  E-     TAU-        
      2.74600426E-10    2           11   1000039                       # EL-    -->  E-     GVSS               
#         PDG         Width
DECAY   1000013  1.51233912E+00   # MUL-  decays
#          BR          NDA       ID1     ID2       ID3       ID4
      2.85497785E-01    2      1000022        13                       # MUL-   -->  Z1SS   MU-                
      2.54553199E-01    2      1000023        13                       # MUL-   -->  Z2SS   MU-                
      4.59948778E-01    2     -1000024        14                       # MUL-   -->  W1SS-  NUM                
      1.19008789E-07    3      1000015        13       -15             # MUL-   -->  TAU1-  MU-    TAU+        
      1.19242401E-07    3     -1000015        13        15             # MUL-   -->  TAU1+  MU-    TAU-        
      2.74600426E-10    2           13   1000039                       # MUL-   -->  MU-    GVSS               
#         PDG         Width
DECAY   1000015  1.46005556E-01   # TAU1- decays
#          BR          NDA       ID1     ID2       ID3       ID4
      1.00000000E+00    2      1000022        15                       # TAU1-  -->  Z1SS   TAU-               
      6.72395473E-11    2           15   1000039                       # TAU1-  -->  TAU-   GVSS               
#         PDG         Width
DECAY   1000012  1.39622235E+00   # NUEL  decays
#          BR          NDA       ID1     ID2       ID3       ID4
      3.38179439E-01    2      1000022        12                       # NUEL   -->  Z1SS   NUE                
      2.09934682E-01    2      1000023        12                       # NUEL   -->  Z2SS   NUE                
      4.51884508E-01    2      1000024        11                       # NUEL   -->  W1SS+  E-                 
      2.06013780E-07    3      1000015        12       -15             # NUEL   -->  TAU1-  NUE    TAU+        
      1.48227031E-07    3     -1000015        12        15             # NUEL   -->  TAU1+  NUE    TAU-        
      1.03362743E-06    3     -1000015        11        16             # NUEL   -->  TAU1+  E-     NUT         
      2.61558941E-10    2           12   1000039                       # NUEL   -->  NUE    GVSS               
#         PDG         Width
DECAY   1000014  1.39622188E+00   # NUML  decays
#          BR          NDA       ID1     ID2       ID3       ID4
      3.38179529E-01    2      1000022        14                       # NUML   -->  Z1SS   NUM                
      2.09934741E-01    2      1000023        14                       # NUML   -->  Z2SS   NUM                
      4.51884329E-01    2      1000024        13                       # NUML   -->  W1SS+  MU-                
      2.06013851E-07    3      1000015        14       -15             # NUML   -->  TAU1-  NUM    TAU+        
      1.48227073E-07    3     -1000015        14        15             # NUML   -->  TAU1+  NUM    TAU-        
      1.03420598E-06    3     -1000015        13        16             # NUML   -->  TAU1+  MU-    NUT         
      2.61558997E-10    2           14   1000039                       # NUML   -->  NUM    GVSS               
#         PDG         Width
DECAY   1000016  1.52454221E+00   # NUTL  decays
#          BR          NDA       ID1     ID2       ID3       ID4
      3.08728337E-01    2      1000022        16                       # NUTL   -->  Z1SS   NUT                
      1.89824522E-01    2      1000023        16                       # NUTL   -->  Z2SS   NUT                
      4.10368502E-01    2      1000024        15                       # NUTL   -->  W1SS+  TAU-               
      9.10781622E-02    2           24   1000015                       # NUTL   -->  W+     TAU1-              
      3.30878038E-07    3     -1000015        16        15             # NUTL   -->  TAU1+  NUT    TAU-        
      1.33288964E-07    3      1000015        16       -15             # NUTL   -->  TAU1-  NUT    TAU+        
      2.37338038E-10    2           16   1000039                       # NUTL   -->  NUT    GVSS               
#         PDG         Width
DECAY   2000011  1.87915727E-01   # ER-   decays
#          BR          NDA       ID1     ID2       ID3       ID4
      1.00000000E+00    2      1000022        11                       # ER-    -->  Z1SS   E-                 
      1.16446541E-14    3      1000015        11       -15             # ER-    -->  TAU1-  E-     TAU+        
      9.03444071E-15    3     -1000015        11        15             # ER-    -->  TAU1+  E-     TAU-        
      2.11025730E-20    3      1000015        12       -16             # ER-    -->  TAU1-  NUE    ANUT        
      6.13419454E-11    2           11   1000039                       # ER-    -->  E-     GVSS               
#         PDG         Width
DECAY   2000013  1.87915444E-01   # MUR-  decays
#          BR          NDA       ID1     ID2       ID3       ID4
      1.00000000E+00    2      1000022        13                       # MUR-   -->  Z1SS   MU-                
      1.16449353E-14    3      1000015        13       -15             # MUR-   -->  TAU1-  MU-    TAU+        
      9.03466094E-15    3     -1000015        13        15             # MUR-   -->  TAU1+  MU-    TAU-        
      8.97306788E-16    3      1000015        14       -16             # MUR-   -->  TAU1-  NUM    ANUT        
      6.13420287E-11    2           13   1000039                       # MUR-   -->  MU-    GVSS               
#         PDG         Width
DECAY   2000015  1.66988540E+00   # TAU2- decays
#          BR          NDA       ID1     ID2       ID3       ID4
      2.61009872E-01    2      1000022        15                       # TAU2-  -->  Z1SS   TAU-               
      2.27261782E-01    2      1000023        15                       # TAU2-  -->  Z2SS   TAU-               
      4.08289939E-01    2     -1000024        16                       # TAU2-  -->  W1SS-  NUT                
      4.62338589E-02    2           23   1000015                       # TAU2-  -->  Z0     TAU1-              
      5.72045520E-02    2           25   1000015                       # TAU2-  -->  HL0    TAU1-              
#         PDG         Width
DECAY   1000022  2.84532749E-12   # Z1SS  decays
#          BR          NDA       ID1     ID2       ID3       ID4
      8.77329886E-01    2      1000039        22                       # Z1SS   -->  GVSS   GM                 
      1.86684243E-02    3      1000039        11       -11             # Z1SS   -->  GVSS   E-     E+          
      1.03912905E-01    2      1000039        23                       # Z1SS   -->  GVSS   Z0                 
      8.87613933E-05    2      1000039        25                       # Z1SS   -->  GVSS   HL0                
#         PDG         Width
DECAY   1000023  3.83159034E-02   # Z2SS  decays
#          BR          NDA       ID1     ID2       ID3       ID4
      2.60888078E-06    2      1000022        22                       # Z2SS   -->  Z1SS   GM                 
      5.64802587E-02    2      1000022        23                       # Z2SS   -->  Z1SS   Z0                 
      3.19991926E-07    3      1000022         2        -2             # Z2SS   -->  Z1SS   UP     UB          
      4.46586256E-07    3      1000022         1        -1             # Z2SS   -->  Z1SS   DN     DB          
      4.46586256E-07    3      1000022         3        -3             # Z2SS   -->  Z1SS   ST     SB          
      3.19991415E-07    3      1000022         4        -4             # Z2SS   -->  Z1SS   CH     CB          
      2.11558086E-06    3      1000022         5        -5             # Z2SS   -->  Z1SS   BT     BB          
      2.03425254E-04    3      1000022        11       -11             # Z2SS   -->  Z1SS   E-     E+          
      2.03425254E-04    3      1000022        13       -13             # Z2SS   -->  Z1SS   MU-    MU+         
      2.01504168E-04    3      1000022        15       -15             # Z2SS   -->  Z1SS   TAU-   TAU+        
      2.46186915E-04    3      1000022        12       -12             # Z2SS   -->  Z1SS   NUE    ANUE        
      2.46186915E-04    3      1000022        14       -14             # Z2SS   -->  Z1SS   NUM    ANUM        
      2.49134609E-04    3      1000022        16       -16             # Z2SS   -->  Z1SS   NUT    ANUT        
      5.25584340E-01    2      1000022        25                       # Z2SS   -->  Z1SS   HL0                
      1.74002945E-02    2      2000011       -11                       # Z2SS   -->  ER-    E+                 
      1.74002945E-02    2     -2000011        11                       # Z2SS   -->  ER+    E-                 
      1.74002834E-02    2      2000013       -13                       # Z2SS   -->  MUR-   MU+                
      1.74002834E-02    2     -2000013        13                       # Z2SS   -->  MUR+   MU-                
      1.73489049E-01    2      1000015       -15                       # Z2SS   -->  TAU1-  TAU+               
      1.73489049E-01    2     -1000015        15                       # Z2SS   -->  TAU1+  TAU-               
      6.51771470E-10    2      1000039        22                       # Z2SS   -->  GVSS   GM                 
      1.46021806E-11    3      1000039        11       -11             # Z2SS   -->  GVSS   E-     E+          
      1.39659551E-09    2      1000039        23                       # Z2SS   -->  GVSS   Z0                 
      1.92613200E-11    2      1000039        25                       # Z2SS   -->  GVSS   HL0                
#         PDG         Width
DECAY   1000025  2.26698804E+00   # Z3SS  decays
#          BR          NDA       ID1     ID2       ID3       ID4
      4.57512996E-08    2      1000022        22                       # Z3SS   -->  Z1SS   GM                 
      5.27427915E-07    2      1000023        22                       # Z3SS   -->  Z2SS   GM                 
      2.84276307E-01    2      1000024       -24                       # Z3SS   -->  W1SS+  W-                 
      2.84276307E-01    2     -1000024        24                       # Z3SS   -->  W1SS-  W+                 
      1.35816261E-01    2      1000022        23                       # Z3SS   -->  Z1SS   Z0                 
      2.25309700E-01    2      1000023        23                       # Z3SS   -->  Z2SS   Z0                 
      1.02866171E-09    3      1000022         2        -2             # Z3SS   -->  Z1SS   UP     UB          
      3.44110462E-10    3      1000022         1        -1             # Z3SS   -->  Z1SS   DN     DB          
      3.44110435E-10    3      1000022         3        -3             # Z3SS   -->  Z1SS   ST     SB          
      1.02865982E-09    3      1000022         4        -4             # Z3SS   -->  Z1SS   CH     CB          
      2.09051245E-06    3      1000022         5        -5             # Z3SS   -->  Z1SS   BT     BB          
      3.45210594E-07    3      1000022        15       -15             # Z3SS   -->  Z1SS   TAU-   TAU+        
      2.30392580E-10    3      1000023         2        -2             # Z3SS   -->  Z2SS   UP     UB          
      3.65437181E-10    3      1000023         1        -1             # Z3SS   -->  Z2SS   DN     DB          
      3.65437181E-10    3      1000023         3        -3             # Z3SS   -->  Z2SS   ST     SB          
      2.30392164E-10    3      1000023         4        -4             # Z3SS   -->  Z2SS   CH     CB          
      2.94690238E-07    3      1000023         5        -5             # Z3SS   -->  Z2SS   BT     BB          
      4.48395987E-08    3      1000023        15       -15             # Z3SS   -->  Z2SS   TAU-   TAU+        
      2.36705057E-02    2      1000022        25                       # Z3SS   -->  Z1SS   HL0                
      5.40355360E-03    2      1000023        25                       # Z3SS   -->  Z2SS   HL0                
      2.31144513E-05    2      1000011       -11                       # Z3SS   -->  EL-    E+                 
      2.31144513E-05    2     -1000011        11                       # Z3SS   -->  EL+    E-                 
      2.31144204E-05    2      1000013       -13                       # Z3SS   -->  MUL-   MU+                
      2.31144204E-05    2     -1000013        13                       # Z3SS   -->  MUL+   MU-                
      5.55676874E-04    2      2000011       -11                       # Z3SS   -->  ER-    E+                 
      5.55676874E-04    2     -2000011        11                       # Z3SS   -->  ER+    E-                 
      5.55676816E-04    2      2000013       -13                       # Z3SS   -->  MUR-   MU+                
      5.55676816E-04    2     -2000013        13                       # Z3SS   -->  MUR+   MU-                
      1.78287234E-02    2      1000015       -15                       # Z3SS   -->  TAU1-  TAU+               
      1.78287234E-02    2     -1000015        15                       # Z3SS   -->  TAU1+  TAU-               
      1.14586647E-03    2      2000015       -15                       # Z3SS   -->  TAU2-  TAU+               
      1.14586647E-03    2     -2000015        15                       # Z3SS   -->  TAU2+  TAU-               
      1.61996650E-04    2      1000012       -12                       # Z3SS   -->  NUEL   ANUE               
      1.61996650E-04    2     -1000012        12                       # Z3SS   -->  ANUEL  NUE                
      1.61996650E-04    2      1000014       -14                       # Z3SS   -->  NUML   ANUM               
      1.61996650E-04    2     -1000014        14                       # Z3SS   -->  ANUML  NUM                
      1.65844540E-04    2      1000016       -16                       # Z3SS   -->  NUTL   ANUT               
      1.65844540E-04    2     -1000016        16                       # Z3SS   -->  ANUTL  NUT                
      1.25050989E-14    2      1000039        22                       # Z3SS   -->  GVSS   GM                 
      2.88365141E-16    3      1000039        11       -11             # Z3SS   -->  GVSS   E-     E+          
      6.34581762E-11    2      1000039        23                       # Z3SS   -->  GVSS   Z0                 
      7.59557972E-11    2      1000039        25                       # Z3SS   -->  GVSS   HL0                
#         PDG         Width
DECAY   1000035  2.49450445E+00   # Z4SS  decays
#          BR          NDA       ID1     ID2       ID3       ID4
      1.02556186E-08    2      1000022        22                       # Z4SS   -->  Z1SS   GM                 
      2.12778559E-07    2      1000023        22                       # Z4SS   -->  Z2SS   GM                 
      1.98501415E-09    2      1000025        22                       # Z4SS   -->  Z3SS   GM                 
      2.71148473E-01    2      1000024       -24                       # Z4SS   -->  W1SS+  W-                 
      2.71148473E-01    2     -1000024        24                       # Z4SS   -->  W1SS-  W+                 
      2.31022239E-02    2      1000022        23                       # Z4SS   -->  Z1SS   Z0                 
      1.17215309E-02    2      1000023        23                       # Z4SS   -->  Z2SS   Z0                 
      2.08739710E-08    3      1000022         2        -2             # Z4SS   -->  Z1SS   UP     UB          
      1.84738909E-08    3      1000022         1        -1             # Z4SS   -->  Z1SS   DN     DB          
      1.84738909E-08    3      1000022         3        -3             # Z4SS   -->  Z1SS   ST     SB          
      2.08739319E-08    3      1000022         4        -4             # Z4SS   -->  Z1SS   CH     CB          
      1.80618463E-06    3      1000022         5        -5             # Z4SS   -->  Z1SS   BT     BB          
      2.96124711E-07    3      1000022        15       -15             # Z4SS   -->  Z1SS   TAU-   TAU+        
      2.99893586E-08    3      1000023         2        -2             # Z4SS   -->  Z2SS   UP     UB          
      3.54286023E-08    3      1000023         1        -1             # Z4SS   -->  Z2SS   DN     DB          
      3.54286023E-08    3      1000023         3        -3             # Z4SS   -->  Z2SS   ST     SB          
      2.99893017E-08    3      1000023         4        -4             # Z4SS   -->  Z2SS   CH     CB          
      3.22084844E-07    3      1000023         5        -5             # Z4SS   -->  Z2SS   BT     BB          
      4.24679030E-08    3      1000023        15       -15             # Z4SS   -->  Z2SS   TAU-   TAU+        
      5.65011433E-08    3      1000025         2        -2             # Z4SS   -->  Z3SS   UP     UB          
      7.28767162E-08    3      1000025         1        -1             # Z4SS   -->  Z3SS   DN     DB          
      7.28767162E-08    3      1000025         3        -3             # Z4SS   -->  Z3SS   ST     SB          
      5.65011433E-08    3      1000025         4        -4             # Z4SS   -->  Z3SS   CH     CB          
      2.50714312E-08    3      1000025         5        -5             # Z4SS   -->  Z3SS   BT     BB          
      1.65297394E-08    3      1000025        11       -11             # Z4SS   -->  Z3SS   E-     E+          
      1.65297394E-08    3      1000025        13       -13             # Z4SS   -->  Z3SS   MU-    MU+         
      1.42108245E-08    3      1000025        15       -15             # Z4SS   -->  Z3SS   TAU-   TAU+        
      3.28889840E-08    3      1000025        12       -12             # Z4SS   -->  Z3SS   NUE    ANUE        
      3.28889840E-08    3      1000025        14       -14             # Z4SS   -->  Z3SS   NUM    ANUM        
      3.28889840E-08    3      1000025        16       -16             # Z4SS   -->  Z3SS   NUT    ANUT        
      1.11939006E-01    2      1000022        25                       # Z4SS   -->  Z1SS   HL0                
      2.31667414E-01    2      1000023        25                       # Z4SS   -->  Z2SS   HL0                
      1.70612102E-03    2      1000011       -11                       # Z4SS   -->  EL-    E+                 
      1.70612102E-03    2     -1000011        11                       # Z4SS   -->  EL+    E-                 
      1.70611974E-03    2      1000013       -13                       # Z4SS   -->  MUL-   MU+                
      1.70611974E-03    2     -1000013        13                       # Z4SS   -->  MUL+   MU-                
      2.63133366E-03    2      2000011       -11                       # Z4SS   -->  ER-    E+                 
      2.63133366E-03    2     -2000011        11                       # Z4SS   -->  ER+    E-                 
      2.63133342E-03    2      2000013       -13                       # Z4SS   -->  MUR-   MU+                
      2.63133342E-03    2     -2000013        13                       # Z4SS   -->  MUR+   MU-                
      1.48176262E-02    2      1000015       -15                       # Z4SS   -->  TAU1-  TAU+               
      1.48176262E-02    2     -1000015        15                       # Z4SS   -->  TAU1+  TAU-               
      3.25009436E-03    2      2000015       -15                       # Z4SS   -->  TAU2-  TAU+               
      3.25009436E-03    2     -2000015        15                       # Z4SS   -->  TAU2+  TAU-               
      4.27040691E-03    2      1000012       -12                       # Z4SS   -->  NUEL   ANUE               
      4.27040691E-03    2     -1000012        12                       # Z4SS   -->  ANUEL  NUE                
      4.27040691E-03    2      1000014       -14                       # Z4SS   -->  NUML   ANUM               
      4.27040691E-03    2     -1000014        14                       # Z4SS   -->  ANUML  NUM                
      4.35134443E-03    2      1000016       -16                       # Z4SS   -->  NUTL   ANUT               
      4.35134443E-03    2     -1000016        16                       # Z4SS   -->  ANUTL  NUT                
      1.50832970E-12    2      1000039        22                       # Z4SS   -->  GVSS   GM                 
      3.48546333E-14    3      1000039        11       -11             # Z4SS   -->  GVSS   E-     E+          
      1.05765015E-10    2      1000039        23                       # Z4SS   -->  GVSS   Z0                 
      5.74913797E-11    2      1000039        25                       # Z4SS   -->  GVSS   HL0                
#         PDG         Width
DECAY   1000024  3.70128937E-02   # W1SS+ decays
#          BR          NDA       ID1     ID2       ID3       ID4
      7.81596611E-07    3      1000022         2        -1             # W1SS+  -->  Z1SS   UP     DB          
      7.81595929E-07    3      1000022         4        -3             # W1SS+  -->  Z1SS   CH     SB          
      4.72274376E-04    3      1000022       -11        12             # W1SS+  -->  Z1SS   E+     NUE         
      4.72274376E-04    3      1000022       -13        14             # W1SS+  -->  Z1SS   MU+    NUM         
      4.73624939E-04    3      1000022       -15        16             # W1SS+  -->  Z1SS   TAU+   NUT         
      6.62989855E-01    2      1000022        24                       # W1SS+  -->  Z1SS   W+                 
      3.06579550E-13    3      1000023       -11        12             # W1SS+  -->  Z2SS   E+     NUE         
      3.06579550E-13    3      1000023       -13        14             # W1SS+  -->  Z2SS   MU+    NUM         
      3.35590392E-01    2     -1000015        16                       # W1SS+  -->  TAU1+  NUT                
#         PDG         Width
DECAY   1000037  2.62924814E+00   # W2SS+ decays
#          BR          NDA       ID1     ID2       ID3       ID4
      2.91587199E-08    3      1000022         2        -1             # W2SS+  -->  Z1SS   UP     DB          
      2.91587057E-08    3      1000022         4        -3             # W2SS+  -->  Z1SS   CH     SB          
      2.30853431E-07    3      1000022       -15        16             # W2SS+  -->  Z1SS   TAU+   NUT         
      1.09365210E-01    2      1000022        24                       # W2SS+  -->  Z1SS   W+                 
      2.54346144E-08    3      1000023         2        -1             # W2SS+  -->  Z2SS   UP     DB          
      2.54346038E-08    3      1000023         4        -3             # W2SS+  -->  Z2SS   CH     SB          
      7.40223953E-08    3      1000023       -15        16             # W2SS+  -->  Z2SS   TAU+   NUT         
      3.32908541E-01    2      1000023        24                       # W2SS+  -->  Z2SS   W+                 
      1.80488854E-07    3      1000025         2        -1             # W2SS+  -->  Z3SS   UP     DB          
      1.80488854E-07    3      1000025         4        -3             # W2SS+  -->  Z3SS   CH     SB          
      6.01607510E-08    3      1000025       -11        12             # W2SS+  -->  Z3SS   E+     NUE         
      6.01607510E-08    3      1000025       -13        14             # W2SS+  -->  Z3SS   MU+    NUM         
      6.01607937E-08    3      1000025       -15        16             # W2SS+  -->  Z3SS   TAU+   NUT         
      4.39113285E-03    2      1000012       -11                       # W2SS+  -->  NUEL   E+                 
      4.39113006E-03    2      1000014       -13                       # W2SS+  -->  NUML   MU+                
      7.69980764E-03    2      1000016       -15                       # W2SS+  -->  NUTL   TAU+               
      6.81765471E-03    2     -1000011        12                       # W2SS+  -->  EL+    NUE                
      6.81765471E-03    2     -1000013        14                       # W2SS+  -->  MUL+   NUM                
      2.26174705E-02    2     -1000015        16                       # W2SS+  -->  TAU1+  NUT                
      7.41688116E-03    2     -2000015        16                       # W2SS+  -->  TAU2+  NUT                
      2.71045446E-01    2      1000024        23                       # W2SS+  -->  W1SS+  Z0                 
      3.09948476E-08    3      1000024         1        -1             # W2SS+  -->  W1SS+  DN     DB          
      3.09947978E-08    3      1000024         3        -3             # W2SS+  -->  W1SS+  ST     SB          
      5.95177880E-08    3      1000024         2        -2             # W2SS+  -->  W1SS+  UP     UB          
      5.95177880E-08    3      1000024         4        -4             # W2SS+  -->  W1SS+  CH     CB          
      2.26527944E-01    2      1000024        25                       # W2SS+  -->  W1SS+  HL0                
#         PDG         Width
DECAY        25  5.25912875E-03   # HL0   decays
#          BR          NDA       ID1     ID2       ID3       ID4
      4.08862633E-09    2           11       -11                       # HL0    -->  E-     E+                 
      1.72628352E-04    2           13       -13                       # HL0    -->  MU-    MU+                
      4.93752211E-02    2           15       -15                       # HL0    -->  TAU-   TAU+               
      5.13033137E-06    2            1        -1                       # HL0    -->  DN     DB                 
      2.07291101E-03    2            3        -3                       # HL0    -->  ST     SB                 
      8.17683816E-01    2            5        -5                       # HL0    -->  BT     BB                 
      1.51724271E-06    2            2        -2                       # HL0    -->  UP     UB                 
      3.80060859E-02    2            4        -4                       # HL0    -->  CH     CB                 
      1.51060859E-03    2           22        22                       # HL0    -->  GM     GM                 
      3.21126841E-02    2           21        21                       # HL0    -->  GL     GL                 
      3.03097279E-03    3           24        11       -12             # HL0    -->  W+     E-     ANUE        
      3.03097279E-03    3           24        13       -14             # HL0    -->  W+     MU-    ANUM        
      3.03097279E-03    3           24        15       -16             # HL0    -->  W+     TAU-   ANUT        
      9.09291860E-03    3           24        -2         1             # HL0    -->  W+     UB     DN          
      9.09291860E-03    3           24        -4         3             # HL0    -->  W+     CB     ST          
      3.03097279E-03    3          -24       -11        12             # HL0    -->  W-     E+     NUE         
      3.03097279E-03    3          -24       -13        14             # HL0    -->  W-     MU+    NUM         
      3.03097279E-03    3          -24       -15        16             # HL0    -->  W-     TAU+   NUT         
      9.09291860E-03    3          -24         2        -1             # HL0    -->  W-     UP     DB          
      9.09291860E-03    3          -24         4        -3             # HL0    -->  W-     CH     SB          
      3.07883864E-04    3           23        12       -12             # HL0    -->  Z0     NUE    ANUE        
      3.07883864E-04    3           23        14       -14             # HL0    -->  Z0     NUM    ANUM        
      3.07883864E-04    3           23        16       -16             # HL0    -->  Z0     NUT    ANUT        
      1.54954862E-04    3           23        11       -11             # HL0    -->  Z0     E-     E+          
      1.54954862E-04    3           23        13       -13             # HL0    -->  Z0     MU-    MU+         
      1.54954862E-04    3           23        15       -15             # HL0    -->  Z0     TAU-   TAU+        
      5.30862191E-04    3           23         2        -2             # HL0    -->  Z0     UP     UB          
      5.30862191E-04    3           23         4        -4             # HL0    -->  Z0     CH     CB          
      6.83881342E-04    3           23         1        -1             # HL0    -->  Z0     DN     DB          
      6.83881342E-04    3           23         3        -3             # HL0    -->  Z0     ST     SB          
      6.83881342E-04    3           23         5        -5             # HL0    -->  Z0     BT     BB          
#         PDG         Width
DECAY        35  2.56779599E+00   # HH0   decays
#          BR          NDA       ID1     ID2       ID3       ID4
      1.08686553E-08    2           11       -11                       # HH0    -->  E-     E+                 
      4.58894181E-04    2           13       -13                       # HH0    -->  MU-    MU+                
      1.31429672E-01    2           15       -15                       # HH0    -->  TAU-   TAU+               
      1.33506219E-05    2            1        -1                       # HH0    -->  DN     DB                 
      5.39432699E-03    2            3        -3                       # HH0    -->  ST     SB                 
      7.86146164E-01    2            5        -5                       # HH0    -->  BT     BB                 
      9.12933895E-11    2            2        -2                       # HH0    -->  UP     UB                 
      1.78551329E-06    2            4        -4                       # HH0    -->  CH     CB                 
      5.86741865E-02    2            6        -6                       # HH0    -->  TP     TB                 
      3.31408302E-07    2           22        22                       # HH0    -->  GM     GM                 
      4.40560761E-05    2           21        21                       # HH0    -->  GL     GL                 
      3.25686444E-04    2           24       -24                       # HH0    -->  W+     W-                 
      1.63742487E-04    2           23        23                       # HH0    -->  Z0     Z0                 
      3.68572259E-03    2      1000022   1000022                       # HH0    -->  Z1SS   Z1SS               
      1.24914953E-02    2      1000022   1000023                       # HH0    -->  Z1SS   Z2SS               
      1.06720254E-03    2           25        25                       # HH0    -->  HL0    HL0                
      3.59616606E-05    2      2000011  -2000011                       # HH0    -->  ER-    ER+                
      3.59167134E-05    2      2000013  -2000013                       # HH0    -->  MUR-   MUR+               
      3.14769568E-05    2      1000015  -1000015                       # HH0    -->  TAU1-  TAU1+              
#         PDG         Width
DECAY        36  2.63434291E+00   # HA0   decays
#          BR          NDA       ID1     ID2       ID3       ID4
      1.05270042E-08    2           11       -11                       # HA0    -->  E-     E+                 
      4.44469071E-04    2           13       -13                       # HA0    -->  MU-    MU+                
      1.27301231E-01    2           15       -15                       # HA0    -->  TAU-   TAU+               
      1.29317177E-05    2            1        -1                       # HA0    -->  DN     DB                 
      5.22506842E-03    2            3        -3                       # HA0    -->  ST     SB                 
      7.61546612E-01    2            5        -5                       # HA0    -->  BT     BB                 
      8.17331203E-11    2            2        -2                       # HA0    -->  UP     UB                 
      1.59984290E-06    2            4        -4                       # HA0    -->  CH     CB                 
      6.61048740E-02    2            6        -6                       # HA0    -->  TP     TB                 
      3.76810277E-07    2           22        22                       # HA0    -->  GM     GM                 
      7.64533179E-05    2           21        21                       # HA0    -->  GL     GL                 
      5.49913291E-03    2      1000022   1000022                       # HA0    -->  Z1SS   Z1SS               
      3.34893130E-02    2      1000022   1000023                       # HA0    -->  Z1SS   Z2SS               
      2.97443097E-04    2           25        23                       # HA0    -->  HL0    Z0                 
      4.57059940E-07    2      1000015  -1000015                       # HA0    -->  TAU1-  TAU1+              
#         PDG         Width
DECAY        37  2.28214669E+00   # H+    decays
#          BR          NDA       ID1     ID2       ID3       ID4
      1.23076100E-08    2           12       -11                       # H+     -->  NUE    E+                 
      5.19649475E-04    2           14       -13                       # H+     -->  NUM    MU+                
      1.48833841E-01    2           16       -15                       # H+     -->  NUT    TAU+               
      1.38588221E-05    2            2        -1                       # H+     -->  UP     DB                 
      5.60130319E-03    2            4        -3                       # H+     -->  CH     SB                 
      7.91124701E-01    2            6        -5                       # H+     -->  TP     BB                 
      5.35368770E-02    2      1000024   1000022                       # H+     -->  W1SS+  Z1SS               
      3.57302255E-04    2           25        24                       # H+     -->  HL0    W+                 
      1.24495173E-05    2     -1000015   1000016                       # H+     -->  TAU1+  NUTL               
