#  ISAJET decay tables in SUSY Les Houches accord format
#  Created by ISALHD. Last revision: C. Balazs, 2005 May 25
Block DCINFO   # Program information
    1             ISASUGRA from ISAJET          # Spectrum Calculator
    2   7.69   21-AUG-2003 11:39:06             # Version number
#  SUSY parameters in Les Houches accord format
Block MODSEL   # Model selection
    1    2   #  Minimal gauge mediated (GMSB) model              
Block MINPAR   # Input parameters
    1    1.600000000E+05   # Lambda
    2    3.200000000E+05   # M_mes
    3    1.000000000E+00   # N_5
    4    1.500000000E+01   # tan(beta
    5    1.000000000E+00   # sgn(mu)
    6    1.750000000E+02   # M_t
    7    1.000000000E+00   # C_grav
Block EXTPAR    # Input parameters - non-minimal models
    8    1.000000000E+00   # Rsl
    9    0.000000000E+00   # dmH_d^2
   10    0.000000000E+00   # dmH_u^2
   11    0.000000000E+00   # d_Y
   12    1.000000000E+00   # N5_1
   13    1.000000000E+00   # N5_2
   14    1.000000000E+00   # N5_3
#  
Block MASS   # Scalar and gaugino mass spectrum
#  PDG code   mass                 particle
         6    1.750000000E+02   #  top            
        25    1.177061462E+02   #  h^0            
        35    8.258883667E+02   #  H^0            
        36    8.203887329E+02   #  A^0            
        37    8.298078003E+02   #  H^+            
   1000001    1.727947144E+03   #  dnl            
   1000002    1.726077393E+03   #  upl            
   1000003    1.727947144E+03   #  stl            
   1000004    1.726078003E+03   #  chl            
   1000005    1.636198730E+03   #  b1             
   1000006    1.505319214E+03   #  t1             
   1000011    5.728338623E+02   #  el-            
   1000012    5.600615234E+02   #  nuel           
   1000013    5.728338623E+02   #  mul-           
   1000014    5.600615234E+02   #  numl           
   1000015    2.718080139E+02   #  tau1           
   1000016    5.590304565E+02   #  nutl           
   1000021    1.280546387E+03   #  glss           
   1000022    2.198870544E+02   #  z1ss           
   1000023    4.342291565E+02   #  z2ss           
   1000024    4.347124634E+02   #  w1ss           
   1000025   -6.286373291E+02   #  z3ss           
   1000035    6.442388916E+02   #  z4ss           
   1000037    6.442258911E+02   #  w2ss           
   2000001    1.642658203E+03   #  dnr            
   2000002    1.649904297E+03   #  upr            
   2000003    1.642658203E+03   #  str            
   2000004    1.649904663E+03   #  chr            
   2000005    1.659371460E+03   #  b2             
   2000006    1.672904541E+03   #  t2             
   2000011    2.800335083E+02   #  er-            
   2000013    2.800335083E+02   #  mur-           
   2000015    5.722955322E+02   #  tau2           
   1000039    1.231680624E-08   # gravitino       
Block ALPHA   # Higgs mixing
    1   -6.866119057E-02   # alpha
Block HMIX Q= 1.526315796E+03   # Higgs parameters
    1    6.199129639E+02   # mu
Block STOPMIX   # stop mixing matrix
  1  1    9.276191145E-02
  1  2   -9.956883192E-01
  2  1    9.956883192E-01
  2  2    9.276191145E-02
Block SBOTMIX   # sbottom mixing matrix
  1  1    2.752666771E-01
  1  2   -9.613679051E-01
  2  1    9.613679051E-01
  2  2    2.752666771E-01
Block STAUMIX   # stau mixing matrix
  1  1    6.050568074E-02
  1  2   -9.981678724E-01
  2  1    9.981678724E-01
  2  2    6.050568074E-02
Block NMIX   # neutralino mixing matrix
  1  1    9.959807396E-01   # N_11
  1  2   -1.456035115E-02   # N_12
  1  3    8.149001747E-02   # N_13
  1  4   -3.420175612E-02   # N_14
  2  1   -3.771724924E-02   # N_21
  2  2   -9.611737728E-01   # N_22
  2  3    2.227389961E-01   # N_23
  2  4   -1.584603488E-01   # N_24
  3  1    3.257057443E-02   # N_31
  3  2   -4.763425887E-02   # N_32
  3  3   -7.037751079E-01   # N_33
  3  4   -7.080752850E-01   # N_34
  4  1   -7.442416251E-02   # N_41
  4  2    2.714108825E-01   # N_42
  4  3    6.696618795E-01   # N_43
  4  4   -6.872769594E-01   # N_44
Block UMIX   # chargino U mixing matrix
  1  1   -9.437939525E-01
  1  2    3.305343091E-01
  2  1   -3.305343091E-01
  2  2   -9.437939525E-01
Block VMIX   # chargino V mixing matrix
  1  1   -9.721493125E-01
  1  2    2.343622893E-01
  2  1   -2.343622893E-01
  2  2   -9.721493125E-01
Block AU Q= 1.526315796E+03   #  The trilinear couplings
  3  3   -4.421637573E+02    7.199401757+165   #
Block AD Q= 1.526315796E+03   #  The trilinear couplings
  3  3   -4.943676758E+02    3.580431530+252   #
Block AE Q= 1.526315796E+03   #  The trilinear couplings
  3  3   -6.127692413E+01    1.456328742E+45   #
Block SPINFO   # Program information
    1                                ISASUGRA   # Spectrum Calculator
    2    ISAJET     V7.69   21-AUG-2003 11:39   # Version number
#         PDG         Width
DECAY         6  1.21561825E+00   # TP    decays
#          BR          NDA       ID1     ID2       ID3       ID4
      3.33333343E-01    3            2        -1         5             # TP     -->  UP     DB     BT          
      3.33333343E-01    3            4        -3         5             # TP     -->  CH     SB     BT          
      1.11111112E-01    3          -11        12         5             # TP     -->  E+     NUE    BT          
      1.11111112E-01    3          -13        14         5             # TP     -->  MU+    NUM    BT          
      1.11111112E-01    3          -15        16         5             # TP     -->  TAU+   NUT    BT          
#         PDG         Width
DECAY   1000021  3.07673011E-02   # GLSS  decays
#          BR          NDA       ID1     ID2       ID3       ID4
      6.77580759E-02    3      1000024         1        -2             # GLSS   -->  W1SS+  DN     UB          
      6.77580759E-02    3     -1000024         2        -1             # GLSS   -->  W1SS-  UP     DB          
      6.77580088E-02    3      1000024         3        -4             # GLSS   -->  W1SS+  ST     CB          
      6.77580088E-02    3     -1000024         4        -3             # GLSS   -->  W1SS-  CH     SB          
      5.54371364E-02    3      1000024         5        -6             # GLSS   -->  W1SS+  BT     TB          
      5.54371364E-02    3     -1000024         6        -5             # GLSS   -->  W1SS-  TP     BB          
      2.59459578E-03    3      1000037         1        -2             # GLSS   -->  W2SS+  DN     UB          
      2.59459578E-03    3     -1000037         2        -1             # GLSS   -->  W2SS-  UP     DB          
      2.59459368E-03    3      1000037         3        -4             # GLSS   -->  W2SS+  ST     CB          
      2.59459368E-03    3     -1000037         4        -3             # GLSS   -->  W2SS-  CH     SB          
      7.37199485E-02    3      1000037         5        -6             # GLSS   -->  W2SS+  BT     TB          
      7.37199485E-02    3     -1000037         6        -5             # GLSS   -->  W2SS-  TP     BB          
      1.82678332E-06    2      1000022        21                       # GLSS   -->  Z1SS   GL                 
      4.03263494E-02    3      1000022         2        -2             # GLSS   -->  Z1SS   UP     UB          
      1.21106515E-02    3      1000022         1        -1             # GLSS   -->  Z1SS   DN     DB          
      1.21106515E-02    3      1000022         3        -3             # GLSS   -->  Z1SS   ST     SB          
      4.03262936E-02    3      1000022         4        -4             # GLSS   -->  Z1SS   CH     CB          
      1.30238859E-02    3      1000022         5        -5             # GLSS   -->  Z1SS   BT     BB          
      3.98014970E-02    3      1000022         6        -6             # GLSS   -->  Z1SS   TP     TB          
      4.47579019E-04    2      1000023        21                       # GLSS   -->  Z2SS   GL                 
      3.47846523E-02    3      1000023         2        -2             # GLSS   -->  Z2SS   UP     UB          
      3.35640162E-02    3      1000023         1        -1             # GLSS   -->  Z2SS   DN     DB          
      3.35640162E-02    3      1000023         3        -3             # GLSS   -->  Z2SS   ST     SB          
      3.47845890E-02    3      1000023         4        -4             # GLSS   -->  Z2SS   CH     CB          
      4.35606427E-02    3      1000023         5        -5             # GLSS   -->  Z2SS   BT     BB          
      1.64434630E-02    3      1000023         6        -6             # GLSS   -->  Z2SS   TP     TB          
      4.42963094E-03    2      1000025        21                       # GLSS   -->  Z3SS   GL                 
      1.82793847E-05    3      1000025         2        -2             # GLSS   -->  Z3SS   UP     UB          
      2.22668732E-05    3      1000025         1        -1             # GLSS   -->  Z3SS   DN     DB          
      2.22668732E-05    3      1000025         3        -3             # GLSS   -->  Z3SS   ST     SB          
      1.82793465E-05    3      1000025         4        -4             # GLSS   -->  Z3SS   CH     CB          
      4.02578805E-03    3      1000025         5        -5             # GLSS   -->  Z3SS   BT     BB          
      3.03143393E-02    3      1000025         6        -6             # GLSS   -->  Z3SS   TP     TB          
      4.02302714E-03    2      1000035        21                       # GLSS   -->  Z4SS   GL                 
      1.13577058E-03    3      1000035         2        -2             # GLSS   -->  Z4SS   UP     UB          
      1.31865125E-03    3      1000035         1        -1             # GLSS   -->  Z4SS   DN     DB          
      1.31865125E-03    3      1000035         3        -3             # GLSS   -->  Z4SS   ST     SB          
      1.13576825E-03    3      1000035         4        -4             # GLSS   -->  Z4SS   CH     CB          
      5.10745402E-03    3      1000035         5        -5             # GLSS   -->  Z4SS   BT     BB          
      5.25341630E-02    3      1000035         6        -6             # GLSS   -->  Z4SS   TP     TB          
      8.49331798E-07    2      1000039        21                       # GLSS   -->  GVSS   GL                 
#         PDG         Width
DECAY   1000002  3.94643173E+01   # UPL   decays
#          BR          NDA       ID1     ID2       ID3       ID4
      5.02355257E-03    2      1000022         2                       # UPL    -->  Z1SS   UP                 
      1.51393235E-01    2      1000023         2                       # UPL    -->  Z2SS   UP                 
      2.40464826E-04    2      1000025         2                       # UPL    -->  Z3SS   UP                 
      9.06251371E-03    2      1000035         2                       # UPL    -->  Z4SS   UP                 
      5.14055014E-01    2      1000021         2                       # UPL    -->  GLSS   UP                 
      3.05243015E-01    2      1000024         1                       # UPL    -->  W1SS+  DN                 
      1.49821918E-02    2      1000037         1                       # UPL    -->  W2SS+  DN                 
#         PDG         Width
DECAY   1000001  3.95022621E+01   # DNL   decays
#          BR          NDA       ID1     ID2       ID3       ID4
      6.91845641E-03    2      1000022         1                       # DNL    -->  Z1SS   DN                 
      1.47162437E-01    2      1000023         1                       # DNL    -->  Z2SS   DN                 
      3.98251635E-04    2      1000025         1                       # DNL    -->  Z3SS   DN                 
      1.10904872E-02    2      1000035         1                       # DNL    -->  Z4SS   DN                 
      5.16789258E-01    2      1000021         1                       # DNL    -->  GLSS   DN                 
      2.87815481E-01    2     -1000024         2                       # DNL    -->  W1SS-  UP                 
      2.98256390E-02    2     -1000037         2                       # DNL    -->  W2SS-  UP                 
#         PDG         Width
DECAY   1000003  3.95022430E+01   # STL   decays
#          BR          NDA       ID1     ID2       ID3       ID4
      6.91845920E-03    2      1000022         3                       # STL    -->  Z1SS   ST                 
      1.47162512E-01    2      1000023         3                       # STL    -->  Z2SS   ST                 
      3.98251810E-04    2      1000025         3                       # STL    -->  Z3SS   ST                 
      1.10904919E-02    2      1000035         3                       # STL    -->  Z4SS   ST                 
      5.16789496E-01    2      1000021         3                       # STL    -->  GLSS   ST                 
      2.87815213E-01    2     -1000024         4                       # STL    -->  W1SS-  CH                 
      2.98256036E-02    2     -1000037         4                       # STL    -->  W2SS-  CH                 
#         PDG         Width
DECAY   1000004  3.94642296E+01   # CHL   decays
#          BR          NDA       ID1     ID2       ID3       ID4
      5.02355909E-03    2      1000022         4                       # CHL    -->  Z1SS   CH                 
      1.51393399E-01    2      1000023         4                       # CHL    -->  Z2SS   CH                 
      2.40465073E-04    2      1000025         4                       # CHL    -->  Z3SS   CH                 
      9.06252302E-03    2      1000035         4                       # CHL    -->  Z4SS   CH                 
      5.14054060E-01    2      1000021         4                       # CHL    -->  GLSS   CH                 
      3.05243790E-01    2      1000024         3                       # CHL    -->  W1SS+  ST                 
      1.49822328E-02    2      1000037         3                       # CHL    -->  W2SS+  ST                 
#         PDG         Width
DECAY   1000005  1.92259121E+01   # BT1   decays
#          BR          NDA       ID1     ID2       ID3       ID4
      4.72803824E-02    2      1000022         5                       # BT1    -->  Z1SS   BT                 
      3.78255062E-02    2      1000023         5                       # BT1    -->  Z2SS   BT                 
      1.86867751E-02    2      1000025         5                       # BT1    -->  Z3SS   BT                 
      9.08395648E-03    2      1000035         5                       # BT1    -->  Z4SS   BT                 
      7.46693671E-01    2      1000021         5                       # BT1    -->  GLSS   BT                 
      7.59814680E-02    2     -1000024         6                       # BT1    -->  W1SS-  TP                 
      6.42764345E-02    2     -1000037         6                       # BT1    -->  W2SS-  TP                 
      1.71801585E-04    2          -24   1000006                       # BT1    -->  W-     TP1                
#         PDG         Width
DECAY   1000006  3.34193268E+01   # TP1   decays
#          BR          NDA       ID1     ID2       ID3       ID4
      1.03953183E-01    2      1000021         6                       # TP1    -->  GLSS   TP                 
      9.46179777E-02    2      1000022         6                       # TP1    -->  Z1SS   TP                 
      2.11054478E-02    2      1000023         6                       # TP1    -->  Z2SS   TP                 
      2.03162238E-01    2      1000025         6                       # TP1    -->  Z3SS   TP                 
      1.70350701E-01    2      1000035         6                       # TP1    -->  Z4SS   TP                 
      4.67452854E-02    2      1000024         5                       # TP1    -->  W1SS+  BT                 
      3.60065162E-01    2      1000037         5                       # TP1    -->  W2SS+  BT                 
#         PDG         Width
DECAY   2000002  1.88245583E+01   # UPR   decays
#          BR          NDA       ID1     ID2       ID3       ID4
      1.89620808E-01    2      1000022         2                       # UPR    -->  Z1SS   UP                 
      2.44163850E-04    2      1000023         2                       # UPR    -->  Z2SS   UP                 
      1.53588451E-04    2      1000025         2                       # UPR    -->  Z3SS   UP                 
      7.88299425E-04    2      1000035         2                       # UPR    -->  Z4SS   UP                 
      8.09193134E-01    2      1000021         2                       # UPR    -->  GLSS   UP                 
#         PDG         Width
DECAY   2000001  1.56622887E+01   # DNR   decays
#          BR          NDA       ID1     ID2       ID3       ID4
      5.67081049E-02    2      1000022         1                       # DNR    -->  Z1SS   DN                 
      7.29470339E-05    2      1000023         1                       # DNR    -->  Z2SS   DN                 
      4.58090544E-05    2      1000025         1                       # DNR    -->  Z3SS   DN                 
      2.35075058E-04    2      1000035         1                       # DNR    -->  Z4SS   DN                 
      9.42938089E-01    2      1000021         1                       # DNR    -->  GLSS   DN                 
#         PDG         Width
DECAY   2000003  1.56622887E+01   # STR   decays
#          BR          NDA       ID1     ID2       ID3       ID4
      5.67081049E-02    2      1000022         3                       # STR    -->  Z1SS   ST                 
      7.29470339E-05    2      1000023         3                       # STR    -->  Z2SS   ST                 
      4.58090544E-05    2      1000025         3                       # STR    -->  Z3SS   ST                 
      2.35075058E-04    2      1000035         3                       # STR    -->  Z4SS   ST                 
      9.42938089E-01    2      1000021         3                       # STR    -->  GLSS   ST                 
#         PDG         Width
DECAY   2000004  1.88244476E+01   # CHR   decays
#          BR          NDA       ID1     ID2       ID3       ID4
      1.89621687E-01    2      1000022         4                       # CHR    -->  Z1SS   CH                 
      2.44164956E-04    2      1000023         4                       # CHR    -->  Z2SS   CH                 
      1.53589121E-04    2      1000025         4                       # CHR    -->  Z3SS   CH                 
      7.88302859E-04    2      1000035         4                       # CHR    -->  Z4SS   CH                 
      8.09192240E-01    2      1000021         4                       # CHR    -->  GLSS   CH                 
#         PDG         Width
DECAY   2000005  4.80802498E+01   # BT2   decays
#          BR          NDA       ID1     ID2       ID3       ID4
      5.22499904E-03    2      1000022         5                       # BT2    -->  Z1SS   BT                 
      1.01425007E-01    2      1000023         5                       # BT2    -->  Z2SS   BT                 
      9.97438934E-03    2      1000025         5                       # BT2    -->  Z3SS   BT                 
      2.03321520E-02    2      1000035         5                       # BT2    -->  Z4SS   BT                 
      3.29495251E-01    2      1000021         5                       # BT2    -->  GLSS   BT                 
      2.03032315E-01    2     -1000024         6                       # BT2    -->  W1SS-  TP                 
      3.28823626E-01    2     -1000037         6                       # BT2    -->  W2SS-  TP                 
      1.69225875E-03    2          -24   1000006                       # BT2    -->  W-     TP1                
#         PDG         Width
DECAY   2000006  5.07817535E+01   # TP2   decays
#          BR          NDA       ID1     ID2       ID3       ID4
      3.07539374E-01    2      1000021         6                       # TP2    -->  GLSS   TP                 
      2.15451658E-01    2      1000024         5                       # TP2    -->  W1SS+  BT                 
      3.88240963E-02    2      1000037         5                       # TP2    -->  W2SS+  BT                 
      1.05463760E-03    2           23   1000006                       # TP2    -->  Z0     TP1                
      3.62942787E-03    2           25   1000006                       # TP2    -->  HL0    TP1                
      3.90697457E-03    2      1000022         6                       # TP2    -->  Z1SS   TP                 
      1.09140746E-01    2      1000023         6                       # TP2    -->  Z2SS   TP                 
      1.53617769E-01    2      1000025         6                       # TP2    -->  Z3SS   TP                 
      1.66835308E-01    2      1000035         6                       # TP2    -->  Z4SS   TP                 
#         PDG         Width
DECAY   1000011  1.69101071E+00   # EL-   decays
#          BR          NDA       ID1     ID2       ID3       ID4
      2.94341415E-01    2      1000022        11                       # EL-    -->  Z1SS   E-                 
      2.48763651E-01    2      1000023        11                       # EL-    -->  Z2SS   E-                 
      4.56894666E-01    2     -1000024        12                       # EL-    -->  W1SS-  NUE                
      1.28664482E-07    3      1000015        11       -15             # EL-    -->  TAU1-  E-     TAU+        
      1.32668589E-07    3     -1000015        11        15             # EL-    -->  TAU1+  E-     TAU-        
      2.76813489E-10    2           11   1000039                       # EL-    -->  E-     GVSS               
#         PDG         Width
DECAY   1000013  1.69101071E+00   # MUL-  decays
#          BR          NDA       ID1     ID2       ID3       ID4
      2.94341445E-01    2      1000022        13                       # MUL-   -->  Z1SS   MU-                
      2.48763621E-01    2      1000023        13                       # MUL-   -->  Z2SS   MU-                
      4.56894696E-01    2     -1000024        14                       # MUL-   -->  W1SS-  NUM                
      1.28664496E-07    3      1000015        13       -15             # MUL-   -->  TAU1-  MU-    TAU+        
      1.32668603E-07    3     -1000015        13        15             # MUL-   -->  TAU1+  MU-    TAU-        
      2.76813461E-10    2           13   1000039                       # MUL-   -->  MU-    GVSS               
#         PDG         Width
DECAY   1000015  1.63572103E-01   # TAU1- decays
#          BR          NDA       ID1     ID2       ID3       ID4
      1.00000000E+00    2      1000022        15                       # TAU1-  -->  Z1SS   TAU-               
      6.88205257E-11    2           15   1000039                       # TAU1-  -->  TAU-   GVSS               
#         PDG         Width
DECAY   1000012  1.56860781E+00   # NUEL  decays
#          BR          NDA       ID1     ID2       ID3       ID4
      3.39590639E-01    2      1000022        12                       # NUEL   -->  Z1SS   NUE                
      2.11479098E-01    2      1000023        12                       # NUEL   -->  Z2SS   NUE                
      4.48928744E-01    2      1000024        11                       # NUEL   -->  W1SS+  E-                 
      2.22263566E-07    3      1000015        12       -15             # NUEL   -->  TAU1-  NUE    TAU+        
      1.67047517E-07    3     -1000015        12        15             # NUEL   -->  TAU1+  NUE    TAU-        
      1.13575277E-06    3     -1000015        11        16             # NUEL   -->  TAU1+  E-     NUT         
      2.66596523E-10    2           12   1000039                       # NUEL   -->  NUE    GVSS               
#         PDG         Width
DECAY   1000014  1.56860757E+00   # NUML  decays
#          BR          NDA       ID1     ID2       ID3       ID4
      3.39590728E-01    2      1000022        14                       # NUML   -->  Z1SS   NUM                
      2.11479142E-01    2      1000023        14                       # NUML   -->  Z2SS   NUM                
      4.48928624E-01    2      1000024        13                       # NUML   -->  W1SS+  MU-                
      2.22263623E-07    3      1000015        14       -15             # NUML   -->  TAU1-  NUM    TAU+        
      1.67047546E-07    3     -1000015        14        15             # NUML   -->  TAU1+  NUM    TAU-        
      1.13653664E-06    3     -1000015        13        16             # NUML   -->  TAU1+  MU-    NUT         
      2.66596578E-10    2           14   1000039                       # NUML   -->  NUM    GVSS               
#         PDG         Width
DECAY   1000016  1.71789479E+00   # NUTL  decays
#          BR          NDA       ID1     ID2       ID3       ID4
      3.09092641E-01    2      1000022        16                       # NUTL   -->  Z1SS   NUT                
      1.90606818E-01    2      1000023        16                       # NUTL   -->  Z2SS   NUT                
      4.06192094E-01    2      1000024        15                       # NUTL   -->  W1SS+  TAU-               
      9.41078886E-02    2           24   1000015                       # NUTL   -->  W+     TAU1-              
      3.95774777E-07    3     -1000015        16        15             # NUTL   -->  TAU1+  NUT    TAU-        
      1.49681298E-07    3      1000015        16       -15             # NUTL   -->  TAU1-  NUT    TAU+        
      2.41196507E-10    2           16   1000039                       # NUTL   -->  NUT    GVSS               
#         PDG         Width
DECAY   2000011  2.07726881E-01   # ER-   decays
#          BR          NDA       ID1     ID2       ID3       ID4
      1.00000000E+00    2      1000022        11                       # ER-    -->  Z1SS   E-                 
      6.17804232E-15    3      1000015        11       -15             # ER-    -->  TAU1-  E-     TAU+        
      5.06254483E-15    3     -1000015        11        15             # ER-    -->  TAU1+  E-     TAU-        
      1.27883916E-20    3      1000015        12       -16             # ER-    -->  TAU1-  NUE    ANUT        
      6.29140282E-11    2           11   1000039                       # ER-    -->  E-     GVSS               
#         PDG         Width
DECAY   2000013  2.07726493E-01   # MUR-  decays
#          BR          NDA       ID1     ID2       ID3       ID4
      1.00000000E+00    2      1000022        13                       # MUR-   -->  Z1SS   MU-                
      6.17805418E-15    3      1000015        13       -15             # MUR-   -->  TAU1-  MU-    TAU+        
      5.06255414E-15    3     -1000015        13        15             # MUR-   -->  TAU1+  MU-    TAU-        
      5.43816593E-16    3      1000015        14       -16             # MUR-   -->  TAU1-  NUM    ANUT        
      6.29141114E-11    2           13   1000039                       # MUR-   -->  MU-    GVSS               
#         PDG         Width
DECAY   2000015  1.87086904E+00   # TAU2- decays
#          BR          NDA       ID1     ID2       ID3       ID4
      2.67612696E-01    2      1000022        15                       # TAU2-  -->  Z1SS   TAU-               
      2.21587688E-01    2      1000023        15                       # TAU2-  -->  Z2SS   TAU-               
      4.05021876E-01    2     -1000024        16                       # TAU2-  -->  W1SS-  NUT                
      4.75689061E-02    2           23   1000015                       # TAU2-  -->  Z0     TAU1-              
      5.82088530E-02    2           25   1000015                       # TAU2-  -->  HL0    TAU1-              
#         PDG         Width
DECAY   1000022  3.43411584E-12   # Z1SS  decays
#          BR          NDA       ID1     ID2       ID3       ID4
      8.51587772E-01    2      1000039        22                       # Z1SS   -->  GVSS   GM                 
      1.83144454E-02    3      1000039        11       -11             # Z1SS   -->  GVSS   E-     E+          
      1.29978016E-01    2      1000039        23                       # Z1SS   -->  GVSS   Z0                 
      1.19788368E-04    2      1000039        25                       # Z1SS   -->  GVSS   HL0                
#         PDG         Width
DECAY   1000023  3.91062275E-02   # Z2SS  decays
#          BR          NDA       ID1     ID2       ID3       ID4
      2.73031878E-06    2      1000022        22                       # Z2SS   -->  Z1SS   GM                 
      5.50506227E-02    2      1000022        23                       # Z2SS   -->  Z1SS   Z0                 
      4.04557255E-07    3      1000022         2        -2             # Z2SS   -->  Z1SS   UP     UB          
      5.29468423E-07    3      1000022         1        -1             # Z2SS   -->  Z1SS   DN     DB          
      5.29468423E-07    3      1000022         3        -3             # Z2SS   -->  Z1SS   ST     SB          
      4.04556687E-07    3      1000022         4        -4             # Z2SS   -->  Z1SS   CH     CB          
      2.22904350E-06    3      1000022         5        -5             # Z2SS   -->  Z1SS   BT     BB          
      2.46943324E-04    3      1000022        11       -11             # Z2SS   -->  Z1SS   E-     E+          
      2.46943324E-04    3      1000022        13       -13             # Z2SS   -->  Z1SS   MU-    MU+         
      2.45961797E-04    3      1000022        15       -15             # Z2SS   -->  Z1SS   TAU-   TAU+        
      2.90882395E-04    3      1000022        12       -12             # Z2SS   -->  Z1SS   NUE    ANUE        
      2.90882395E-04    3      1000022        14       -14             # Z2SS   -->  Z1SS   NUM    ANUM        
      2.94374884E-04    3      1000022        16       -16             # Z2SS   -->  Z1SS   NUT    ANUT        
      5.69757879E-01    2      1000022        25                       # Z2SS   -->  Z1SS   HL0                
      1.37058524E-02    2      2000011       -11                       # Z2SS   -->  ER-    E+                 
      1.37058524E-02    2     -2000011        11                       # Z2SS   -->  ER+    E-                 
      1.37058506E-02    2      2000013       -13                       # Z2SS   -->  MUR-   MU+                
      1.37058506E-02    2     -2000013        13                       # Z2SS   -->  MUR+   MU-                
      1.59372658E-01    2      1000015       -15                       # Z2SS   -->  TAU1-  TAU+               
      1.59372658E-01    2     -1000015        15                       # Z2SS   -->  TAU1+  TAU-               
      7.37107875E-10    2      1000039        22                       # Z2SS   -->  GVSS   GM                 
      1.66839511E-11    3      1000039        11       -11             # Z2SS   -->  GVSS   E-     E+          
      1.73661530E-09    2      1000039        23                       # Z2SS   -->  GVSS   Z0                 
      2.25123479E-11    2      1000039        25                       # Z2SS   -->  GVSS   HL0                
#         PDG         Width
DECAY   1000025  2.56305909E+00   # Z3SS  decays
#          BR          NDA       ID1     ID2       ID3       ID4
      5.95913043E-08    2      1000022        22                       # Z3SS   -->  Z1SS   GM                 
      4.87425325E-07    2      1000023        22                       # Z3SS   -->  Z2SS   GM                 
      2.83642620E-01    2      1000024       -24                       # Z3SS   -->  W1SS+  W-                 
      2.83642620E-01    2     -1000024        24                       # Z3SS   -->  W1SS-  W+                 
      1.35429829E-01    2      1000022        23                       # Z3SS   -->  Z1SS   Z0                 
      2.30174884E-01    2      1000023        23                       # Z3SS   -->  Z2SS   Z0                 
      7.39297734E-10    3      1000022         2        -2             # Z3SS   -->  Z1SS   UP     UB          
      2.37895259E-10    3      1000022         1        -1             # Z3SS   -->  Z1SS   DN     DB          
      2.37895259E-10    3      1000022         3        -3             # Z3SS   -->  Z1SS   ST     SB          
      7.39297012E-10    3      1000022         4        -4             # Z3SS   -->  Z1SS   CH     CB          
      1.85323211E-06    3      1000022         5        -5             # Z3SS   -->  Z1SS   BT     BB          
      3.10344376E-07    3      1000022        15       -15             # Z3SS   -->  Z1SS   TAU-   TAU+        
      1.35112546E-10    3      1000023         2        -2             # Z3SS   -->  Z2SS   UP     UB          
      2.16147128E-10    3      1000023         1        -1             # Z3SS   -->  Z2SS   DN     DB          
      2.16147128E-10    3      1000023         3        -3             # Z3SS   -->  Z2SS   ST     SB          
      1.35112338E-10    3      1000023         4        -4             # Z3SS   -->  Z2SS   CH     CB          
      2.22047206E-07    3      1000023         5        -5             # Z3SS   -->  Z2SS   BT     BB          
      3.43285294E-08    3      1000023        15       -15             # Z3SS   -->  Z2SS   TAU-   TAU+        
      2.31091622E-02    2      1000022        25                       # Z3SS   -->  Z1SS   HL0                
      5.13786171E-03    2      1000023        25                       # Z3SS   -->  Z2SS   HL0                
      1.31353972E-05    2      1000011       -11                       # Z3SS   -->  EL-    E+                 
      1.31353972E-05    2     -1000011        11                       # Z3SS   -->  EL+    E-                 
      1.31353772E-05    2      1000013       -13                       # Z3SS   -->  MUL-   MU+                
      1.31353772E-05    2     -1000013        13                       # Z3SS   -->  MUL+   MU-                
      4.25145699E-04    2      2000011       -11                       # Z3SS   -->  ER-    E+                 
      4.25145699E-04    2     -2000011        11                       # Z3SS   -->  ER+    E-                 
      4.25145729E-04    2      2000013       -13                       # Z3SS   -->  MUR-   MU+                
      4.25145729E-04    2     -2000013        13                       # Z3SS   -->  MUR+   MU-                
      1.74375474E-02    2      1000015       -15                       # Z3SS   -->  TAU1-  TAU+               
      1.74375474E-02    2     -1000015        15                       # Z3SS   -->  TAU1+  TAU-               
      8.30234785E-04    2      2000015       -15                       # Z3SS   -->  TAU2-  TAU+               
      8.30234785E-04    2     -2000015        15                       # Z3SS   -->  TAU2+  TAU-               
      9.43332125E-05    2      1000012       -12                       # Z3SS   -->  NUEL   ANUE               
      9.43332125E-05    2     -1000012        12                       # Z3SS   -->  ANUEL  NUE                
      9.43332125E-05    2      1000014       -14                       # Z3SS   -->  NUML   ANUM               
      9.43332125E-05    2     -1000014        14                       # Z3SS   -->  ANUML  NUM                
      9.70226756E-05    2      1000016       -16                       # Z3SS   -->  NUTL   ANUT               
      9.70226756E-05    2     -1000016        16                       # Z3SS   -->  ANUTL  NUT                
      9.11519005E-15    2      1000039        22                       # Z3SS   -->  GVSS   GM                 
      2.11907394E-16    3      1000039        11       -11             # Z3SS   -->  GVSS   E-     E+          
      5.89781765E-11    2      1000039        23                       # Z3SS   -->  GVSS   Z0                 
      7.17701315E-11    2      1000039        25                       # Z3SS   -->  GVSS   HL0                
#         PDG         Width
DECAY   1000035  2.74276948E+00   # Z4SS  decays
#          BR          NDA       ID1     ID2       ID3       ID4
      1.41924028E-08    2      1000022        22                       # Z4SS   -->  Z1SS   GM                 
      1.96122286E-07    2      1000023        22                       # Z4SS   -->  Z2SS   GM                 
      1.37811162E-09    2      1000025        22                       # Z4SS   -->  Z3SS   GM                 
      2.68932879E-01    2      1000024       -24                       # Z4SS   -->  W1SS+  W-                 
      2.68932879E-01    2     -1000024        24                       # Z4SS   -->  W1SS-  W+                 
      2.24400964E-02    2      1000022        23                       # Z4SS   -->  Z1SS   Z0                 
      1.03855692E-02    2      1000023        23                       # Z4SS   -->  Z2SS   Z0                 
      1.68384791E-08    3      1000022         2        -2             # Z4SS   -->  Z1SS   UP     UB          
      1.44616381E-08    3      1000022         1        -1             # Z4SS   -->  Z1SS   DN     DB          
      1.44616381E-08    3      1000022         3        -3             # Z4SS   -->  Z1SS   ST     SB          
      1.68384577E-08    3      1000022         4        -4             # Z4SS   -->  Z1SS   CH     CB          
      1.65065217E-06    3      1000022         5        -5             # Z4SS   -->  Z1SS   BT     BB          
      2.74560989E-07    3      1000022        15       -15             # Z4SS   -->  Z1SS   TAU-   TAU+        
      1.98742605E-08    3      1000023         2        -2             # Z4SS   -->  Z2SS   UP     UB          
      2.34985631E-08    3      1000023         1        -1             # Z4SS   -->  Z2SS   DN     DB          
      2.34985631E-08    3      1000023         3        -3             # Z4SS   -->  Z2SS   ST     SB          
      1.98742285E-08    3      1000023         4        -4             # Z4SS   -->  Z2SS   CH     CB          
      2.45096516E-07    3      1000023         5        -5             # Z4SS   -->  Z2SS   BT     BB          
      3.34671881E-08    3      1000023        15       -15             # Z4SS   -->  Z2SS   TAU-   TAU+        
      3.84398966E-08    3      1000025         2        -2             # Z4SS   -->  Z3SS   UP     UB          
      4.95764603E-08    3      1000025         1        -1             # Z4SS   -->  Z3SS   DN     DB          
      4.95764603E-08    3      1000025         3        -3             # Z4SS   -->  Z3SS   ST     SB          
      3.84398966E-08    3      1000025         4        -4             # Z4SS   -->  Z3SS   CH     CB          
      1.44393324E-08    3      1000025         5        -5             # Z4SS   -->  Z3SS   BT     BB          
      1.12453815E-08    3      1000025        11       -11             # Z4SS   -->  Z3SS   E-     E+          
      1.12453815E-08    3      1000025        13       -13             # Z4SS   -->  Z3SS   MU-    MU+         
      9.49677936E-09    3      1000025        15       -15             # Z4SS   -->  Z3SS   TAU-   TAU+        
      2.23747723E-08    3      1000025        12       -12             # Z4SS   -->  Z3SS   NUE    ANUE        
      2.23747723E-08    3      1000025        14       -14             # Z4SS   -->  Z3SS   NUM    ANUM        
      2.23747723E-08    3      1000025        16       -16             # Z4SS   -->  Z3SS   NUT    ANUT        
      1.16706975E-01    2      1000022        25                       # Z4SS   -->  Z1SS   HL0                
      2.47084141E-01    2      1000023        25                       # Z4SS   -->  Z2SS   HL0                
      1.15161273E-03    2      1000011       -11                       # Z4SS   -->  EL-    E+                 
      1.15161273E-03    2     -1000011        11                       # Z4SS   -->  EL+    E-                 
      1.15161156E-03    2      1000013       -13                       # Z4SS   -->  MUL-   MU+                
      1.15161156E-03    2     -1000013        13                       # Z4SS   -->  MUL+   MU-                
      2.17650319E-03    2      2000011       -11                       # Z4SS   -->  ER-    E+                 
      2.17650319E-03    2     -2000011        11                       # Z4SS   -->  ER+    E-                 
      2.17650295E-03    2      2000013       -13                       # Z4SS   -->  MUR-   MU+                
      2.17650295E-03    2     -2000013        13                       # Z4SS   -->  MUR+   MU-                
      1.50978873E-02    2      1000015       -15                       # Z4SS   -->  TAU1-  TAU+               
      1.50978873E-02    2     -1000015        15                       # Z4SS   -->  TAU1+  TAU-               
      2.30711256E-03    2      2000015       -15                       # Z4SS   -->  TAU2-  TAU+               
      2.30711256E-03    2     -2000015        15                       # Z4SS   -->  TAU2+  TAU-               
      2.87674088E-03    2      1000012       -12                       # Z4SS   -->  NUEL   ANUE               
      2.87674088E-03    2     -1000012        12                       # Z4SS   -->  ANUEL  NUE                
      2.87674088E-03    2      1000014       -14                       # Z4SS   -->  NUML   ANUM               
      2.87674088E-03    2     -1000014        14                       # Z4SS   -->  ANUML  NUM                
      2.94260029E-03    2      1000016       -16                       # Z4SS   -->  NUTL   ANUT               
      2.94260029E-03    2     -1000016        16                       # Z4SS   -->  ANUTL  NUT                
      1.31767188E-12    2      1000039        22                       # Z4SS   -->  GVSS   GM                 
      3.06864214E-14    3      1000039        11       -11             # Z4SS   -->  GVSS   E-     E+          
      9.67355085E-11    2      1000039        23                       # Z4SS   -->  GVSS   Z0                 
      5.48526745E-11    2      1000039        25                       # Z4SS   -->  GVSS   HL0                
#         PDG         Width
DECAY   1000024  3.89596522E-02   # W1SS+ decays
#          BR          NDA       ID1     ID2       ID3       ID4
      9.28348811E-07    3      1000022         2        -1             # W1SS+  -->  Z1SS   UP     DB          
      9.28348186E-07    3      1000022         4        -3             # W1SS+  -->  Z1SS   CH     SB          
      5.45687450E-04    3      1000022       -11        12             # W1SS+  -->  Z1SS   E+     NUE         
      5.45687450E-04    3      1000022       -13        14             # W1SS+  -->  Z1SS   MU+    NUM         
      5.48472453E-04    3      1000022       -15        16             # W1SS+  -->  Z1SS   TAU+   NUT         
      6.93097174E-01    2      1000022        24                       # W1SS+  -->  Z1SS   W+                 
      4.00656965E-13    3      1000023       -11        12             # W1SS+  -->  Z2SS   E+     NUE         
      4.00656965E-13    3      1000023       -13        14             # W1SS+  -->  Z2SS   MU+    NUM         
      3.05261105E-01    2     -1000015        16                       # W1SS+  -->  TAU1+  NUT                
#         PDG         Width
DECAY   1000037  2.92922926E+00   # W2SS+ decays
#          BR          NDA       ID1     ID2       ID3       ID4
      2.31924435E-08    3      1000022         2        -1             # W2SS+  -->  Z1SS   UP     DB          
      2.31924311E-08    3      1000022         4        -3             # W2SS+  -->  Z1SS   CH     SB          
      2.20246108E-07    3      1000022       -15        16             # W2SS+  -->  Z1SS   TAU+   NUT         
      1.13810875E-01    2      1000022        24                       # W2SS+  -->  Z1SS   W+                 
      1.64969034E-08    3      1000023         2        -1             # W2SS+  -->  Z2SS   UP     DB          
      1.64968998E-08    3      1000023         4        -3             # W2SS+  -->  Z2SS   CH     SB          
      5.29233937E-08    3      1000023       -15        16             # W2SS+  -->  Z2SS   TAU+   NUT         
      3.28311443E-01    2      1000023        24                       # W2SS+  -->  Z2SS   W+                 
      1.23418985E-07    3      1000025         2        -1             # W2SS+  -->  Z3SS   UP     DB          
      1.23418985E-07    3      1000025         4        -3             # W2SS+  -->  Z3SS   CH     SB          
      4.11387298E-08    3      1000025       -11        12             # W2SS+  -->  Z3SS   E+     NUE         
      4.11387298E-08    3      1000025       -13        14             # W2SS+  -->  Z3SS   MU+    NUM         
      4.11387440E-08    3      1000025       -15        16             # W2SS+  -->  Z3SS   TAU+   NUT         
      3.03274952E-03    2      1000012       -11                       # W2SS+  -->  NUEL   E+                 
      3.03274719E-03    2      1000014       -13                       # W2SS+  -->  NUML   MU+                
      5.59184793E-03    2      1000016       -15                       # W2SS+  -->  NUTL   TAU+               
      4.43302793E-03    2     -1000011        12                       # W2SS+  -->  EL+    NUE                
      4.43302793E-03    2     -1000013        14                       # W2SS+  -->  MUL+   NUM                
      2.37611923E-02    2     -1000015        16                       # W2SS+  -->  TAU1+  NUT                
      4.84042522E-03    2     -2000015        16                       # W2SS+  -->  TAU2+  NUT                
      2.71848768E-01    2      1000024        23                       # W2SS+  -->  W1SS+  Z0                 
      2.07325765E-08    3      1000024         1        -1             # W2SS+  -->  W1SS+  DN     DB          
      2.07325446E-08    3      1000024         3        -3             # W2SS+  -->  W1SS+  ST     SB          
      3.86820815E-08    3      1000024         2        -2             # W2SS+  -->  W1SS+  UP     UB          
      3.86820815E-08    3      1000024         4        -4             # W2SS+  -->  W1SS+  CH     CB          
      2.36903071E-01    2      1000024        25                       # W2SS+  -->  W1SS+  HL0                
#         PDG         Width
DECAY        25  5.24345180E-03   # HL0   decays
#          BR          NDA       ID1     ID2       ID3       ID4
      4.05810319E-09    2           11       -11                       # HL0    -->  E-     E+                 
      1.71339634E-04    2           13       -13                       # HL0    -->  MU-    MU+                
      4.90074344E-02    2           15       -15                       # HL0    -->  TAU-   TAU+               
      5.09156735E-06    2            1        -1                       # HL0    -->  DN     DB                 
      2.05724849E-03    2            3        -3                       # HL0    -->  ST     SB                 
      8.10813606E-01    2            5        -5                       # HL0    -->  BT     BB                 
      1.53103861E-06    2            2        -2                       # HL0    -->  UP     UB                 
      3.83162946E-02    2            4        -4                       # HL0    -->  CH     CB                 
      1.55280414E-03    2           22        22                       # HL0    -->  GM     GM                 
      3.28602940E-02    2           21        21                       # HL0    -->  GL     GL                 
      3.33784637E-03    3           24        11       -12             # HL0    -->  W+     E-     ANUE        
      3.33784637E-03    3           24        13       -14             # HL0    -->  W+     MU-    ANUM        
      3.33784637E-03    3           24        15       -16             # HL0    -->  W+     TAU-   ANUT        
      1.00135384E-02    3           24        -2         1             # HL0    -->  W+     UB     DN          
      1.00135384E-02    3           24        -4         3             # HL0    -->  W+     CB     ST          
      3.33784637E-03    3          -24       -11        12             # HL0    -->  W-     E+     NUE         
      3.33784637E-03    3          -24       -13        14             # HL0    -->  W-     MU+    NUM         
      3.33784637E-03    3          -24       -15        16             # HL0    -->  W-     TAU+   NUT         
      1.00135384E-02    3          -24         2        -1             # HL0    -->  W-     UP     DB          
      1.00135384E-02    3          -24         4        -3             # HL0    -->  W-     CH     SB          
      3.51053575E-04    3           23        12       -12             # HL0    -->  Z0     NUE    ANUE        
      3.51053575E-04    3           23        14       -14             # HL0    -->  Z0     NUM    ANUM        
      3.51053575E-04    3           23        16       -16             # HL0    -->  Z0     NUT    ANUT        
      1.76681744E-04    3           23        11       -11             # HL0    -->  Z0     E-     E+          
      1.76681744E-04    3           23        13       -13             # HL0    -->  Z0     MU-    MU+         
      1.76681744E-04    3           23        15       -15             # HL0    -->  Z0     TAU-   TAU+        
      6.05296693E-04    3           23         2        -2             # HL0    -->  Z0     UP     UB          
      6.05296693E-04    3           23         4        -4             # HL0    -->  Z0     CH     CB          
      7.79771304E-04    3           23         1        -1             # HL0    -->  Z0     DN     DB          
      7.79771304E-04    3           23         3        -3             # HL0    -->  Z0     ST     SB          
      7.79771304E-04    3           23         5        -5             # HL0    -->  Z0     BT     BB          
#         PDG         Width
DECAY        35  2.85957479E+00   # HH0   decays
#          BR          NDA       ID1     ID2       ID3       ID4
      1.10400764E-08    2           11       -11                       # HH0    -->  E-     E+                 
      4.66131896E-04    2           13       -13                       # HH0    -->  MU-    MU+                
      1.33503631E-01    2           15       -15                       # HH0    -->  TAU-   TAU+               
      1.35466225E-05    2            1        -1                       # HH0    -->  DN     DB                 
      5.47352107E-03    2            3        -3                       # HH0    -->  ST     SB                 
      7.83854008E-01    2            5        -5                       # HH0    -->  BT     BB                 
      9.11053524E-11    2            2        -2                       # HH0    -->  UP     UB                 
      1.75560672E-06    2            4        -4                       # HH0    -->  CH     CB                 
      6.24385774E-02    2            6        -6                       # HH0    -->  TP     TB                 
      2.72847160E-07    2           22        22                       # HH0    -->  GM     GM                 
      3.71788592E-05    2           21        21                       # HH0    -->  GL     GL                 
      2.65283568E-04    2           24       -24                       # HH0    -->  W+     W-                 
      1.33977825E-04    2           23        23                       # HH0    -->  Z0     Z0                 
      2.90268171E-03    2      1000022   1000022                       # HH0    -->  Z1SS   Z1SS               
      9.95281991E-03    2      1000022   1000023                       # HH0    -->  Z1SS   Z2SS               
      8.75299331E-04    2           25        25                       # HH0    -->  HL0    HL0                
      2.81044304E-05    2      2000011  -2000011                       # HH0    -->  ER-    ER+                
      2.80691565E-05    2      2000013  -2000013                       # HH0    -->  MUR-   MUR+               
      2.51523415E-05    2      1000015  -1000015                       # HH0    -->  TAU1-  TAU1+              
#         PDG         Width
DECAY        36  2.91772127E+00   # HA0   decays
#          BR          NDA       ID1     ID2       ID3       ID4
      1.07510569E-08    2           11       -11                       # HA0    -->  E-     E+                 
      4.53929009E-04    2           13       -13                       # HA0    -->  MU-    MU+                
      1.30011007E-01    2           15       -15                       # HA0    -->  TAU-   TAU+               
      1.31927445E-05    2            1        -1                       # HA0    -->  DN     DB                 
      5.33053651E-03    2            3        -3                       # HA0    -->  ST     SB                 
      7.63429403E-01    2            5        -5                       # HA0    -->  BT     BB                 
      8.33829047E-11    2            2        -2                       # HA0    -->  UP     UB                 
      1.60808509E-06    2            4        -4                       # HA0    -->  CH     CB                 
      6.78528026E-02    2            6        -6                       # HA0    -->  TP     TB                 
      3.77695414E-07    2           22        22                       # HA0    -->  GM     GM                 
      7.33661655E-05    2           21        21                       # HA0    -->  GL     GL                 
      4.40896628E-03    2      1000022   1000022                       # HA0    -->  Z1SS   Z1SS               
      2.81776134E-02    2      1000022   1000023                       # HA0    -->  Z1SS   Z2SS               
      2.46785203E-04    2           25        23                       # HA0    -->  HL0    Z0                 
      4.20033587E-07    2      1000015  -1000015                       # HA0    -->  TAU1-  TAU1+              
#         PDG         Width
DECAY        37  2.57298279E+00   # H+    decays
#          BR          NDA       ID1     ID2       ID3       ID4
      1.23314985E-08    2           12       -11                       # H+     -->  NUE    E+                 
      5.20658097E-04    2           14       -13                       # H+     -->  NUM    MU+                
      1.49123102E-01    2           16       -15                       # H+     -->  NUT    TAU+               
      1.38857222E-05    2            2        -1                       # H+     -->  UP     DB                 
      5.61215868E-03    2            4        -3                       # H+     -->  CH     SB                 
      8.00243080E-01    2            6        -5                       # H+     -->  TP     BB                 
      4.41981107E-02    2      1000024   1000022                       # H+     -->  W1SS+  Z1SS               
      2.88995681E-04    2           25        24                       # H+     -->  HL0    W+                 
