#
#                              ======================
#                              | THE SUSYHIT OUTPUT |
#                              ======================
#
#
#              ------------------------------------------------------
#              |     This is the output of the SUSY-HIT package     |
#              |  created by A.Djouadi, M.Muehlleitner and M.Spira. |
#              |  In case of problems with SUSY-HIT email to        |
#              |           margarete.muehlleitner@cern.ch           |
#              |           michael.spira@psi.ch                     |
#              |           abdelhak.djouadi@cern.ch                 |
#              ------------------------------------------------------
#
#              ------------------------------------------------------
#              |  SUSY Les Houches Accord - MSSM Spectrum + Decays  |
#              |              based on the decay programs           |
#              |                                                    |
#              |                     SDECAY 1.2                     |
#              |                                                    |
#              |  Authors: M.Muhlleitner, A.Djouadi and Y.Mambrini  |
#              |  Ref.:    Comput.Phys.Commun.168(2005)46           |
#              |           [hep-ph/0311167]                         |
#              |                                                    |
#              |                     HDECAY 3.200                   |
#              |                                                    |
#              |  By: A.Djouadi,J.Kalinowski,M.Muhlleitner,M.Spira  |
#              |  Ref.:    Comput.Phys.Commun.108(1998)56           |
#              |           [hep-ph/9704448]                         |
#              |                                                    |
#              |                                                    |
#              |  If not stated otherwise all DRbar couplings and   |
#              |  soft SUSY breaking masses are given at the scale  |
#              |  Q=  0.45981653E+03
#              |                                                    |
#              ------------------------------------------------------
#
#  CMS point: LM1
#  Charged lepton ID signs in the HDECAY (last 4) blocks are corrected by Sezen (by hand) 02/07/07
#  A0 value added to block MINPAR by Sezen (by hand) since SUSYHIT does not write A0 values for A0 = 0 
#  04/07/07
#
BLOCK DCINFO  # Decay Program information
     1   SDECAY/HDECAY # decay calculator
     2   1.2   /3.200  # version number
#
BLOCK SPINFO  # Spectrum calculator information
     1   ISASUGRA from ISAJET          # Spectrum Calculato
     2   7.75   14-FEB-2007 10:44:07   # Version number    
#
BLOCK MODSEL  # Model selection
     1     1   # # Minimal supergravity (mSUGRA,CMSSM) model       
#
BLOCK SMINPUTS  # Standard Model inputs
         1     1.27849411E+02   # alpha_em^-1(M_Z)^MSbar
         2     1.16639003E-05   # G_F [GeV^-2]
         3     1.17200002E-01   # alpha_S(M_Z)^MSbar
         4     9.11875992E+01   # M_Z pole mass
         5     4.19999981E+00   # mb(mb)^MSbar
         6     1.72500000E+02   # mt pole mass
         7     1.77699995E+00   # mtau pole mass
#
BLOCK MINPAR  # Input parameters - minimal models
         1     6.00000000E+01   # m_0                 
         2     2.50000000E+02   # m_{1                
         3     1.00000000E+01   # tan(beta)           
         4     1.00000000E+00   # sign(mu)            
         5     0.00000000E+00   # A0
#
BLOCK MASS  # Mass Spectrum
# PDG code           mass       particle
        24     8.04229965E+01   # W+
        25     1.09162476E+02   # h
        35     3.72443024E+02   # H
        36     3.69730316E+02   # A
        37     3.81281189E+02   # H+
         5     4.82427387E+00   # b-quark pole mass calculated from mb(mb)_Msbar
   1000001     5.65326904E+02   # ~d_L
   2000001     5.41782654E+02   # ~d_R
   1000002     5.59265869E+02   # ~u_L
   2000002     5.42122437E+02   # ~u_R
   1000003     5.65326904E+02   # ~s_L
   2000003     5.41782654E+02   # ~s_R
   1000004     5.59265869E+02   # ~c_L
   2000004     5.42122437E+02   # ~c_R
   1000005     5.17639343E+02   # ~b_1
   2000005     5.42408081E+02   # ~b_2
   1000006     4.05957214E+02   # ~t_1
   2000006     5.81650879E+02   # ~t_2
   1000011     1.87025757E+02   # ~e_L
   2000011     1.17980858E+02   # ~e_R
   1000012     1.67548340E+02   # ~nu_eL
   1000013     1.87025757E+02   # ~mu_L
   2000013     1.17980858E+02   # ~mu_R
   1000014     1.67548340E+02   # ~nu_muL
   1000015     1.11006256E+02   # ~tau_1
   2000015     1.89386414E+02   # ~tau_2
   1000016     1.65464325E+02   # ~nu_tauL
   1000021     6.07423157E+02   # ~g
   1000022     9.67045441E+01   # ~chi_10
   1000023     1.77666092E+02   # ~chi_20
   1000025    -3.37709442E+02   # ~chi_30
   1000035     3.60231659E+02   # ~chi_40
   1000024     1.77476501E+02   # ~chi_1+
   1000037     3.59328979E+02   # ~chi_2+
#
BLOCK NMIX  # Neutralino Mixing Matrix
  1  1     9.83504951E-01   # N_11
  1  2    -6.08964041E-02   # N_12
  1  3     1.59283489E-01   # N_13
  1  4    -6.03146106E-02   # N_14
  2  1    -1.16937958E-01   # N_21
  2  2    -9.29927886E-01   # N_22
  2  3     2.97955692E-01   # N_23
  2  4    -1.81057885E-01   # N_24
  3  1    -6.32884279E-02   # N_31
  3  2     9.23698470E-02   # N_32
  3  3     6.95023954E-01   # N_33
  3  4     7.10213959E-01   # N_34
  4  1    -1.22627616E-01   # N_41
  4  2     3.50704014E-01   # N_42
  4  3     6.34659648E-01   # N_43
  4  4    -6.77625060E-01   # N_44
#
BLOCK UMIX  # Chargino Mixing Matrix U
  1  1    -8.99483383E-01   # U_11
  1  2     4.36954975E-01   # U_12
  2  1    -4.36954975E-01   # U_21
  2  2    -8.99483383E-01   # U_22
#
BLOCK VMIX  # Chargino Mixing Matrix V
  1  1    -9.63731527E-01   # V_11
  1  2     2.66873688E-01   # V_12
  2  1    -2.66873688E-01   # V_21
  2  2    -9.63731527E-01   # V_22
#
BLOCK STOPMIX  # Stop Mixing Matrix
  1  1     5.49676061E-01   # cos(theta_t)
  1  2    -8.35377895E-01   # sin(theta_t)
  2  1     8.35377895E-01   # -sin(theta_t)
  2  2     5.49676061E-01   # cos(theta_t)
#
BLOCK SBOTMIX  # Sbottom Mixing Matrix
  1  1     9.11060393E-01   # cos(theta_b)
  1  2    -4.12272920E-01   # sin(theta_b)
  2  1     4.12272920E-01   # -sin(theta_b)
  2  2     9.11060393E-01   # cos(theta_b)
#
BLOCK STAUMIX  # Stau Mixing Matrix
  1  1     2.59794354E-01   # cos(theta_tau)
  1  2    -9.65663965E-01   # sin(theta_tau)
  2  1     9.65663965E-01   # -sin(theta_tau)
  2  2     2.59794354E-01   # cos(theta_tau)
#
BLOCK ALPHA  # Higgs mixing
          -1.12596206E-01   # Mixing angle in the neutral Higgs boson sector
#
BLOCK HMIX Q=  4.59816528E+02  # DRbar Higgs Parameters
         1     3.31388580E+02   # mu(Q)               
         2     1.00000000E+01   # tan(beta)(M_{GUT})  
         3     2.50137955E+02   # Higgs               
         4     1.36700500E+05   # m_A^2(Q)            
#
BLOCK GAUGE Q=  4.59816528E+02  # The gauge couplings
     1     3.57483327E-01   # gprime(Q) DRbar
     2     6.52486503E-01   # g(Q) DRbar
     3     1.22074759E+00   # g3(Q) DRbar
#
BLOCK AU Q=  4.59816528E+02  # The trilinear couplings
  1  1    -4.71951660E+02   # A_u(Q) DRbar
  2  2    -4.71951660E+02   # A_c(Q) DRbar
  3  3    -4.71951660E+02   # A_t(Q) DRbar
#
BLOCK AD Q=  4.59816528E+02  # The trilinear couplings
  1  1    -7.04207886E+02   # A_d(Q) DRbar
  2  2    -7.04207886E+02   # A_s(Q) DRbar
  3  3    -7.04207886E+02   # A_b(Q) DRbar
#
BLOCK AE Q=  4.59816528E+02  # The trilinear couplings
  1  1    -1.53728683E+02   # A_e(Q) DRbar
  2  2    -1.53728683E+02   # A_mu(Q) DRbar
  3  3    -1.53728683E+02   # A_tau(Q) DRbar
#
BLOCK Yu Q=  4.59816528E+02  # The Yukawa couplings
  1  1     0.00000000E+00   # y_u(Q) DRbar
  2  2     0.00000000E+00   # y_c(Q) DRbar
  3  3     8.79916906E-01   # y_t(Q) DRbar
#
BLOCK Yd Q=  4.59816528E+02  # The Yukawa couplings
  1  1     0.00000000E+00   # y_d(Q) DRbar
  2  2     0.00000000E+00   # y_s(Q) DRbar
  3  3     1.34528294E-01   # y_b(Q) DRbar
#
BLOCK Ye Q=  4.59816528E+02  # The Yukawa couplings
  1  1     0.00000000E+00   # y_e(Q) DRbar
  2  2     0.00000000E+00   # y_mu(Q) DRbar
  3  3     9.95795503E-02   # y_tau(Q) DRbar
#
BLOCK MSOFT Q=  4.59816528E+02  # The soft SUSY breaking masses at the scale Q
         1     1.01574516E+02   # M_1(Q)              
         2     1.91813568E+02   # M_2(Q)              
         3     5.78747864E+02   # M_3(Q)              
        31     1.79797272E+02   # MeL(Q)              
        32     1.79797272E+02   # MmuL(Q)             
        33     1.77885300E+02   # MtauL(Q)            
        34     1.10358841E+02   # MeR(Q)              
        35     1.10358841E+02   # MmuR(Q)             
        36     1.08292549E+02   # MtauR(Q)            
        41     5.33713867E+02   # MqL1(Q)             
        42     5.33713867E+02   # MqL2(Q)             
        43     4.94934570E+02   # MqL3(Q)             
        44     5.15790100E+02   # MuR(Q)              
        45     5.15790100E+02   # McR(Q)              
        46     4.27190277E+02   # MtR(Q)              
        47     5.13627380E+02   # MdR(Q)              
        48     5.13627380E+02   # MsR(Q)              
        49     5.14220154E+02   # MbR(Q)              
#
#
#
#                             =================
#                             |The decay table|
#                             =================
#
# - The QCD corrections to the decays gluino -> squark  + quark
#                                     squark -> gaugino + quark_prime
#                                     squark -> squark_prime + Higgs
#                                     squark -> gluino  + quark
#   are included.
#
# - The multi-body decays for the inos, stops and sbottoms are included.
#
# - The loop induced decays for the gluino, neutralinos and stops
#   are included.
#
# - The SUSY decays of the top quark are included.
#
#
#         PDG            Width
DECAY         6     1.47676222E+00   # top decays
#          BR         NDA      ID1       ID2
     1.00000000E+00    2           5        24   # BR(t ->  b    W+)
#
#         PDG            Width
DECAY   1000021     1.04334241E+01   # gluino decays
#          BR         NDA      ID1       ID2
     1.33807311E-02    2     1000001        -1   # BR(~g -> ~d_L  db)
     1.33807311E-02    2    -1000001         1   # BR(~g -> ~d_L* d )
     3.12407507E-02    2     2000001        -1   # BR(~g -> ~d_R  db)
     3.12407507E-02    2    -2000001         1   # BR(~g -> ~d_R* d )
     1.73307079E-02    2     1000002        -2   # BR(~g -> ~u_L  ub)
     1.73307079E-02    2    -1000002         2   # BR(~g -> ~u_L* u )
     3.09364428E-02    2     2000002        -2   # BR(~g -> ~u_R  ub)
     3.09364428E-02    2    -2000002         2   # BR(~g -> ~u_R* u )
     1.33807311E-02    2     1000003        -3   # BR(~g -> ~s_L  sb)
     1.33807311E-02    2    -1000003         3   # BR(~g -> ~s_L* s )
     3.12407507E-02    2     2000003        -3   # BR(~g -> ~s_R  sb)
     3.12407507E-02    2    -2000003         3   # BR(~g -> ~s_R* s )
     1.73307079E-02    2     1000004        -4   # BR(~g -> ~c_L  cb)
     1.73307079E-02    2    -1000004         4   # BR(~g -> ~c_L* c )
     3.09364428E-02    2     2000004        -4   # BR(~g -> ~c_R  cb)
     3.09364428E-02    2    -2000004         4   # BR(~g -> ~c_R* c )
     5.64952700E-02    2     1000005        -5   # BR(~g -> ~b_1  bb)
     5.64952700E-02    2    -1000005         5   # BR(~g -> ~b_1* b )
     2.90037822E-02    2     2000005        -5   # BR(~g -> ~b_2  bb)
     2.90037822E-02    2    -2000005         5   # BR(~g -> ~b_2* b )
     2.28723683E-01    2     1000006        -6   # BR(~g -> ~t_1  tb)
     2.28723683E-01    2    -1000006         6   # BR(~g -> ~t_1* t )
#
#         PDG            Width
DECAY   1000006     6.81891237E-01   # stop1 decays
#          BR         NDA      ID1       ID2
     4.02972119E-01    2     1000022         6   # BR(~t_1 -> ~chi_10 t )
     4.21648165E-02    2     1000023         6   # BR(~t_1 -> ~chi_20 t )
     1.80736454E-01    2     1000024         5   # BR(~t_1 -> ~chi_1+ b )
     3.74126611E-01    2     1000037         5   # BR(~t_1 -> ~chi_2+ b )
#
#         PDG            Width
DECAY   2000006     1.00539005E+01   # stop2 decays
#          BR         NDA      ID1       ID2
     4.55313834E-02    2     1000022         6   # BR(~t_2 -> ~chi_10 t )
     1.47587910E-01    2     1000023         6   # BR(~t_2 -> ~chi_20 t )
     2.08101383E-01    2     1000025         6   # BR(~t_2 -> ~chi_30 t )
     3.25118563E-02    2     1000035         6   # BR(~t_2 -> ~chi_40 t )
     3.94492945E-01    2     1000024         5   # BR(~t_2 -> ~chi_1+ b )
     4.59213509E-02    2     1000037         5   # BR(~t_2 -> ~chi_2+ b )
     2.25220176E-02    2     1000006        25   # BR(~t_2 -> ~t_1    h )
     1.03331154E-01    2     1000006        23   # BR(~t_2 -> ~t_1    Z )
#
#         PDG            Width
DECAY   1000005     3.11335135E+00   # sbottom1 decays
#          BR         NDA      ID1       ID2
     3.28637894E-02    2     1000022         5   # BR(~b_1 -> ~chi_10 b )
     3.42999795E-01    2     1000023         5   # BR(~b_1 -> ~chi_20 b )
     1.52946094E-02    2     1000025         5   # BR(~b_1 -> ~chi_30 b )
     3.89969842E-02    2     1000035         5   # BR(~b_1 -> ~chi_40 b )
     4.63381125E-01    2    -1000024         6   # BR(~b_1 -> ~chi_1- t )
     1.06463698E-01    2     1000006       -24   # BR(~b_1 -> ~t_1    W-)
#
#         PDG            Width
DECAY   2000005     1.48704949E+00   # sbottom2 decays
#          BR         NDA      ID1       ID2
     1.95860611E-01    2     1000022         5   # BR(~b_2 -> ~chi_10 b )
     2.40638125E-01    2     1000023         5   # BR(~b_2 -> ~chi_20 b )
     1.35591813E-02    2     1000025         5   # BR(~b_2 -> ~chi_30 b )
     6.39918072E-04    2     1000035         5   # BR(~b_2 -> ~chi_40 b )
     3.52043482E-01    2    -1000024         6   # BR(~b_2 -> ~chi_1- t )
     7.89471392E-02    2    -1000037         6   # BR(~b_2 -> ~chi_2- t )
     1.18311543E-01    2     1000006       -24   # BR(~b_2 -> ~t_1    W-)
#
#         PDG            Width
DECAY   1000002     5.52928220E+00   # sup_L decays
#          BR         NDA      ID1       ID2
     5.54404620E-03    2     1000022         2   # BR(~u_L -> ~chi_10 u)
     3.12167101E-01    2     1000023         2   # BR(~u_L -> ~chi_20 u)
     1.20682281E-03    2     1000025         2   # BR(~u_L -> ~chi_30 u)
     1.71809672E-02    2     1000035         2   # BR(~u_L -> ~chi_40 u)
     6.41051449E-01    2     1000024         1   # BR(~u_L -> ~chi_1+ d)
     2.28496138E-02    2     1000037         1   # BR(~u_L -> ~chi_2+ d)
#
#         PDG            Width
DECAY   2000002     1.11130844E+00   # sup_R decays
#          BR         NDA      ID1       ID2
     9.80478258E-01    2     1000022         2   # BR(~u_R -> ~chi_10 u)
     1.20377715E-02    2     1000023         2   # BR(~u_R -> ~chi_20 u)
     1.78748946E-03    2     1000025         2   # BR(~u_R -> ~chi_30 u)
     5.69648095E-03    2     1000035         2   # BR(~u_R -> ~chi_40 u)
#
#         PDG            Width
DECAY   1000001     5.34170770E+00   # sdown_L decays
#          BR         NDA      ID1       ID2
     2.37936406E-02    2     1000022         1   # BR(~d_L -> ~chi_10 d)
     2.98726676E-01    2     1000023         1   # BR(~d_L -> ~chi_20 d)
     2.13153573E-03    2     1000025         1   # BR(~d_L -> ~chi_30 d)
     2.38152810E-02    2     1000035         1   # BR(~d_L -> ~chi_40 d)
     5.85802079E-01    2    -1000024         2   # BR(~d_L -> ~chi_1- u)
     6.57307872E-02    2    -1000037         2   # BR(~d_L -> ~chi_2- u)
#
#         PDG            Width
DECAY   2000001     2.77653434E-01   # sdown_R decays
#          BR         NDA      ID1       ID2
     9.80492658E-01    2     1000022         1   # BR(~d_R -> ~chi_10 d)
     1.20355080E-02    2     1000023         1   # BR(~d_R -> ~chi_20 d)
     1.78506103E-03    2     1000025         1   # BR(~d_R -> ~chi_30 d)
     5.68677281E-03    2     1000035         1   # BR(~d_R -> ~chi_40 d)
#
#         PDG            Width
DECAY   1000004     5.52928220E+00   # scharm_L decays
#          BR         NDA      ID1       ID2
     5.54404620E-03    2     1000022         4   # BR(~c_L -> ~chi_10 c)
     3.12167101E-01    2     1000023         4   # BR(~c_L -> ~chi_20 c)
     1.20682281E-03    2     1000025         4   # BR(~c_L -> ~chi_30 c)
     1.71809672E-02    2     1000035         4   # BR(~c_L -> ~chi_40 c)
     6.41051449E-01    2     1000024         3   # BR(~c_L -> ~chi_1+ s)
     2.28496138E-02    2     1000037         3   # BR(~c_L -> ~chi_2+ s)
#
#         PDG            Width
DECAY   2000004     1.11130844E+00   # scharm_R decays
#          BR         NDA      ID1       ID2
     9.80478258E-01    2     1000022         4   # BR(~c_R -> ~chi_10 c)
     1.20377715E-02    2     1000023         4   # BR(~c_R -> ~chi_20 c)
     1.78748946E-03    2     1000025         4   # BR(~c_R -> ~chi_30 c)
     5.69648095E-03    2     1000035         4   # BR(~c_R -> ~chi_40 c)
#
#         PDG            Width
DECAY   1000003     5.34170770E+00   # sstrange_L decays
#          BR         NDA      ID1       ID2
     2.37936406E-02    2     1000022         3   # BR(~s_L -> ~chi_10 s)
     2.98726676E-01    2     1000023         3   # BR(~s_L -> ~chi_20 s)
     2.13153573E-03    2     1000025         3   # BR(~s_L -> ~chi_30 s)
     2.38152810E-02    2     1000035         3   # BR(~s_L -> ~chi_40 s)
     5.85802079E-01    2    -1000024         4   # BR(~s_L -> ~chi_1- c)
     6.57307872E-02    2    -1000037         4   # BR(~s_L -> ~chi_2- c)
#
#         PDG            Width
DECAY   2000003     2.77653434E-01   # sstrange_R decays
#          BR         NDA      ID1       ID2
     9.80492658E-01    2     1000022         3   # BR(~s_R -> ~chi_10 s)
     1.20355080E-02    2     1000023         3   # BR(~s_R -> ~chi_20 s)
     1.78506103E-03    2     1000025         3   # BR(~s_R -> ~chi_30 s)
     5.68677281E-03    2     1000035         3   # BR(~s_R -> ~chi_40 s)
#
#         PDG            Width
DECAY   1000011     1.17257902E-01   # selectron_L decays
#          BR         NDA      ID1       ID2
     8.28215395E-01    2     1000022        11   # BR(~e_L -> ~chi_10 e-)
     6.35533647E-02    2     1000023        11   # BR(~e_L -> ~chi_20 e-)
     1.08231240E-01    2    -1000024        12   # BR(~e_L -> ~chi_1- nu_e)
#
#         PDG            Width
DECAY   2000011     6.24867563E-02   # selectron_R decays
#          BR         NDA      ID1       ID2
     1.00000000E+00    2     1000022        11   # BR(~e_R -> ~chi_10 e-)
#
#         PDG            Width
DECAY   1000013     1.17257902E-01   # smuon_L decays
#          BR         NDA      ID1       ID2
     8.28215395E-01    2     1000022        13   # BR(~mu_L -> ~chi_10 mu-)
     6.35533647E-02    2     1000023        13   # BR(~mu_L -> ~chi_20 mu-)
     1.08231240E-01    2    -1000024        14   # BR(~mu_L -> ~chi_1- nu_mu)
#
#         PDG            Width
DECAY   2000013     6.24867563E-02   # smuon_R decays
#          BR         NDA      ID1       ID2
     1.00000000E+00    2     1000022        13   # BR(~mu_R -> ~chi_10 mu-)
#
#         PDG            Width
DECAY   1000015     2.84782587E-02   # stau_1 decays
#          BR         NDA      ID1       ID2
     1.00000000E+00    2     1000022        15   # BR(~tau_1 -> ~chi_10  tau-)
#
#         PDG            Width
DECAY   2000015     1.63814100E-01   # stau_2 decays
#          BR         NDA      ID1       ID2
     8.20121765E-01    2     1000022        15   # BR(~tau_2 -> ~chi_10  tau-)
     6.58289468E-02    2     1000023        15   # BR(~tau_2 -> ~chi_20  tau-)
     1.14049288E-01    2    -1000024        16   # BR(~tau_2 -> ~chi_1-  nu_tau)
#
#         PDG            Width
DECAY   1000012     1.13498084E-01   # snu_eL decays
#          BR         NDA      ID1       ID2
     1.00000000E+00    2     1000022        12   # BR(~nu_eL -> ~chi_10 nu_e)
#
#         PDG            Width
DECAY   1000014     1.13498084E-01   # snu_muL decays
#          BR         NDA      ID1       ID2
     1.00000000E+00    2     1000022        14   # BR(~nu_muL -> ~chi_10 nu_mu)
#
#         PDG            Width
DECAY   1000016     1.09265711E-01   # snu_tauL decays
#          BR         NDA      ID1       ID2
     1.00000000E+00    2     1000022        16   # BR(~nu_tauL -> ~chi_10 nu_tau)
#
#         PDG            Width
DECAY   1000024     3.68137404E-02   # chargino1+ decays
#          BR         NDA      ID1       ID2
     2.24264834E-01    2     1000012       -11   # BR(~chi_1+ -> ~nu_eL   e+  )
     2.24264834E-01    2     1000014       -13   # BR(~chi_1+ -> ~nu_muL  mu+ )
     3.29350072E-01    2     1000016       -15   # BR(~chi_1+ -> ~nu_tau1 tau+)
     2.16839575E-01    2    -1000015        16   # BR(~chi_1+ -> ~tau_1+  nu_tau)
     5.28068439E-03    2     1000022        24   # BR(~chi_1+ -> ~chi_10  W+)
#
#         PDG            Width
DECAY   1000037     2.36817198E+00   # chargino2+ decays
#          BR         NDA      ID1       ID2
     2.80280763E-02    2     1000012       -11   # BR(~chi_2+ -> ~nu_eL   e+  )
     2.80280763E-02    2     1000014       -13   # BR(~chi_2+ -> ~nu_muL  mu+ )
     3.55650432E-02    2     1000016       -15   # BR(~chi_2+ -> ~nu_tau1 tau+)
     6.52173044E-02    2    -1000011        12   # BR(~chi_2+ -> ~e_L+    nu_e)
     6.52173044E-02    2    -1000013        14   # BR(~chi_2+ -> ~mu_L+   nu_mu)
     3.18386047E-02    2    -1000015        16   # BR(~chi_2+ -> ~tau_1+  nu_tau)
     5.00121073E-02    2    -2000015        16   # BR(~chi_2+ -> ~tau_2+  nu_tau)
     2.16116186E-01    2     1000024        23   # BR(~chi_2+ -> ~chi_1+  Z )
     5.94700985E-02    2     1000022        24   # BR(~chi_2+ -> ~chi_10  W+)
     2.68691618E-01    2     1000023        24   # BR(~chi_2+ -> ~chi_20  W+)
     1.51815581E-01    2     1000024        25   # BR(~chi_2+ -> ~chi_1+  h )
#
#         PDG            Width
DECAY   1000022     0.00000000E+00   # neutralino1 decays
#
#         PDG            Width
DECAY   1000023     4.82323504E-02   # neutralino2 decays
#          BR         NDA      ID1       ID2
     4.00203859E-02    2     2000011       -11   # BR(~chi_20 -> ~e_R-     e+)
     4.00203859E-02    2    -2000011        11   # BR(~chi_20 -> ~e_R+     e-)
     4.00203859E-02    2     2000013       -13   # BR(~chi_20 -> ~mu_R-    mu+)
     4.00203859E-02    2    -2000013        13   # BR(~chi_20 -> ~mu_R+    mu-)
     1.73885166E-01    2     1000015       -15   # BR(~chi_20 -> ~tau_1-   tau+)
     1.73885166E-01    2    -1000015        15   # BR(~chi_20 -> ~tau_1+   tau-)
     7.15982715E-02    2     1000012       -12   # BR(~chi_20 -> ~nu_eL    nu_eb)
     7.15982715E-02    2    -1000012        12   # BR(~chi_20 -> ~nu_eL*   nu_e )
     7.15982715E-02    2     1000014       -14   # BR(~chi_20 -> ~nu_muL   nu_mub)
     7.15982715E-02    2    -1000014        14   # BR(~chi_20 -> ~nu_muL*  nu_mu )
     1.02877519E-01    2     1000016       -16   # BR(~chi_20 -> ~nu_tau1  nu_taub)
     1.02877519E-01    2    -1000016        16   # BR(~chi_20 -> ~nu_tau1* nu_tau )
#
#         PDG            Width
DECAY   1000025     1.57503542E+00   # neutralino3 decays
#          BR         NDA      ID1       ID2
     1.24597553E-01    2     1000022        23   # BR(~chi_30 -> ~chi_10   Z )
     2.00319161E-01    2     1000023        23   # BR(~chi_30 -> ~chi_20   Z )
     2.87778941E-01    2     1000024       -24   # BR(~chi_30 -> ~chi_1+   W-)
     2.87778941E-01    2    -1000024        24   # BR(~chi_30 -> ~chi_1-   W+)
     2.17257400E-02    2     1000022        25   # BR(~chi_30 -> ~chi_10   h )
     9.17462493E-03    2     1000023        25   # BR(~chi_30 -> ~chi_20   h )
     7.26423183E-04    2     1000011       -11   # BR(~chi_30 -> ~e_L-     e+)
     7.26423183E-04    2    -1000011        11   # BR(~chi_30 -> ~e_L+     e-)
     1.68299603E-03    2     2000011       -11   # BR(~chi_30 -> ~e_R-     e+)
     1.68299603E-03    2    -2000011        11   # BR(~chi_30 -> ~e_R+     e-)
     7.26423183E-04    2     1000013       -13   # BR(~chi_30 -> ~mu_L-    mu+)
     7.26423183E-04    2    -1000013        13   # BR(~chi_30 -> ~mu_L+    mu-)
     1.68299603E-03    2     2000013       -13   # BR(~chi_30 -> ~mu_R-    mu+)
     1.68299603E-03    2    -2000013        13   # BR(~chi_30 -> ~mu_R+    mu-)
     1.34270035E-02    2     1000015       -15   # BR(~chi_30 -> ~tau_1-   tau+)
     1.34270035E-02    2    -1000015        15   # BR(~chi_30 -> ~tau_1+   tau-)
     3.50605515E-03    2     2000015       -15   # BR(~chi_30 -> ~tau_2-   tau+)
     3.50605515E-03    2    -2000015        15   # BR(~chi_30 -> ~tau_2+   tau-)
     4.16437356E-03    2     1000012       -12   # BR(~chi_30 -> ~nu_eL    nu_eb)
     4.16437356E-03    2    -1000012        12   # BR(~chi_30 -> ~nu_eL*   nu_e )
     4.16437356E-03    2     1000014       -14   # BR(~chi_30 -> ~nu_muL   nu_mub)
     4.16437356E-03    2    -1000014        14   # BR(~chi_30 -> ~nu_muL*  nu_mu )
     4.23187566E-03    2     1000016       -16   # BR(~chi_30 -> ~nu_tau1  nu_taub)
     4.23187566E-03    2    -1000016        16   # BR(~chi_30 -> ~nu_tau1* nu_tau )
#
#         PDG            Width
DECAY   1000035     2.56498188E+00   # neutralino4 decays
#          BR         NDA      ID1       ID2
     1.91296005E-02    2     1000022        23   # BR(~chi_40 -> ~chi_10   Z )
     1.43358676E-02    2     1000023        23   # BR(~chi_40 -> ~chi_20   Z )
     2.36066696E-01    2     1000024       -24   # BR(~chi_40 -> ~chi_1+   W-)
     2.36066696E-01    2    -1000024        24   # BR(~chi_40 -> ~chi_1-   W+)
     6.34387568E-02    2     1000022        25   # BR(~chi_40 -> ~chi_10   h )
     1.16554769E-01    2     1000023        25   # BR(~chi_40 -> ~chi_20   h )
     1.27542886E-02    2     1000011       -11   # BR(~chi_40 -> ~e_L-     e+)
     1.27542886E-02    2    -1000011        11   # BR(~chi_40 -> ~e_L+     e-)
     4.27918126E-03    2     2000011       -11   # BR(~chi_40 -> ~e_R-     e+)
     4.27918126E-03    2    -2000011        11   # BR(~chi_40 -> ~e_R+     e-)
     1.27542886E-02    2     1000013       -13   # BR(~chi_40 -> ~mu_L-    mu+)
     1.27542886E-02    2    -1000013        13   # BR(~chi_40 -> ~mu_L+    mu-)
     4.27918126E-03    2     2000013       -13   # BR(~chi_40 -> ~mu_R-    mu+)
     4.27918126E-03    2    -2000013        13   # BR(~chi_40 -> ~mu_R+    mu-)
     1.68081793E-02    2     1000015       -15   # BR(~chi_40 -> ~tau_1-   tau+)
     1.68081793E-02    2    -1000015        15   # BR(~chi_40 -> ~tau_1+   tau-)
     1.02120201E-02    2     2000015       -15   # BR(~chi_40 -> ~tau_2-   tau+)
     1.02120201E-02    2    -2000015        15   # BR(~chi_40 -> ~tau_2+   tau-)
     3.18932924E-02    2     1000012       -12   # BR(~chi_40 -> ~nu_eL    nu_eb)
     3.18932924E-02    2    -1000012        12   # BR(~chi_40 -> ~nu_eL*   nu_e )
     3.18932924E-02    2     1000014       -14   # BR(~chi_40 -> ~nu_muL   nu_mub)
     3.18932924E-02    2    -1000014        14   # BR(~chi_40 -> ~nu_muL*  nu_mu )
     3.23300830E-02    2     1000016       -16   # BR(~chi_40 -> ~nu_tau1  nu_taub)
     3.23300830E-02    2    -1000016        16   # BR(~chi_40 -> ~nu_tau1* nu_tau )
#
#         PDG            Width
DECAY        26     4.39644481E-03   # h decays
#          BR         NDA      ID1       ID2
     8.37702722E-01    2           5        -5   # BR(h -> b       bb     )
     6.55099775E-02    2         -15        15   # BR(h -> tau+    tau-   )
     2.31968500E-04    2         -13        13   # BR(h -> mu+     mu-    )
     5.04045563E-04    2           3        -3   # BR(h -> s       sb     )
     1.72215762E-02    2           4        -4   # BR(h -> c       cb     )
     4.88381044E-02    2          21        21   # BR(h -> g       g      )
     1.14511489E-03    2          22        22   # BR(h -> gam     gam    )
     2.20974452E-04    2          22        23   # BR(h -> Z       gam    )
     2.62262160E-02    2          24       -24   # BR(h -> W+      W-     )
     2.39930091E-03    2          23        23   # BR(h -> Z       Z      )
#
#         PDG            Width
DECAY        35     8.74685841E-01   # H decays
#          BR         NDA      ID1       ID2
     8.20574856E-01    2           5        -5   # BR(H -> b       bb     )
     8.79925595E-02    2         -15        15   # BR(H -> tau+    tau-   )
     3.11127357E-04    2         -13        13   # BR(H -> mu+     mu-    )
     5.24173468E-04    2           3        -3   # BR(H -> s       sb     )
     2.99654500E-06    2           4        -4   # BR(H -> c       cb     )
     2.76614770E-02    2           6        -6   # BR(H -> t       tb     )
     7.65289630E-04    2          21        21   # BR(H -> g       g      )
     5.89635898E-06    2          22        22   # BR(H -> gam     gam    )
     4.10278234E-07    2          23        22   # BR(H -> Z       gam    )
     2.45280578E-03    2          24       -24   # BR(H -> W+      W-     )
     1.13439615E-03    2          23        23   # BR(H -> Z       Z      )
     1.22602433E-02    2          25        25   # BR(H -> h       h      )
     1.77200888E-16    2          36        36   # BR(H -> A       A      )
     1.79188565E-10    2          23        36   # BR(H -> Z       A      )
     1.53877417E-02    2     1000024  -1000024   # BR(H -> ~chi_1+ ~chi_1-)
     1.71721785E-02    2     1000022   1000022   # BR(H -> ~chi_10 ~chi_10)
     2.96422458E-06    2     1000023   1000023   # BR(H -> ~chi_20 ~chi_20)
     1.07525228E-03    2     1000022   1000023   # BR(H -> ~chi_10 ~chi_20)
     4.72191362E-04    2     2000011  -2000011   # BR(H -> ~e_R-   ~e_R+  )
     4.72191362E-04    2     2000013  -2000013   # BR(H -> ~mu_R-  ~mu_R+ )
     2.49822893E-03    2     1000015  -1000015   # BR(H -> ~tau_1- ~tau_1+)
     2.59267655E-03    2     1000015  -2000015   # BR(H -> ~tau_1- ~tau_2+)
     2.59267655E-03    2     2000015  -1000015   # BR(H -> ~tau_2- ~tau_1+)
     1.34922238E-03    2     1000012  -1000012   # BR(H -> ~nu_eL  ~nu_eL*   )
     1.34922238E-03    2     1000014  -1000014   # BR(H -> ~nu_muL ~nu_muL*  )
     1.34922238E-03    2     1000016  -1000016   # BR(H -> ~nu_tauL ~nu_tauL*)
#
#         PDG            Width
DECAY        36     1.10861458E+00   # A decays
#          BR         NDA      ID1       ID2
     6.42577606E-01    2           5        -5   # BR(A -> b       bb     )
     6.91159336E-02    2         -15        15   # BR(A -> tau+    tau-   )
     2.44360672E-04    2         -13        13   # BR(A -> mu+     mu-    )
     4.12503180E-04    2           3        -3   # BR(A -> s       sb     )
     1.85969156E-06    2           4        -4   # BR(A -> c       cb     )
     1.02189184E-01    2           6        -6   # BR(A -> t       tb     )
     5.13162578E-04    2          21        21   # BR(A -> g       g      )
     2.07334628E-06    2          22        22   # BR(A -> gam     gam    )
     3.34404933E-07    2          23        22   # BR(A -> Z       gam    )
     1.47901847E-03    2          23        25   # BR(A -> Z       h      )
     1.55459840E-01    2     1000024  -1000024   # BR(A -> ~chi_1+ ~chi_1-)
     2.16525194E-02    2     1000022   1000022   # BR(A -> ~chi_10 ~chi_10)
     3.10318648E-05    2     1000023   1000023   # BR(A -> ~chi_20 ~chi_20)
     2.13703779E-03    2     1000022   1000023   # BR(A -> ~chi_10 ~chi_20)
     2.09176759E-03    2     1000015  -2000015   # BR(A -> ~tau_1  ~tau_2*)
     2.09176759E-03    2    -1000015   2000015   # BR(H -> ~tau_1* ~tau_2 )
#
#         PDG            Width
DECAY        37     8.30454783E-01   # H+ decays
#          BR         NDA      ID1       ID2
     1.12520991E-03    2           4        -5   # BR(H+ -> c       bb     )
     9.51490135E-02    2         -15        16   # BR(H+ -> tau+    nu_tau )
     3.36400187E-04    2         -13        14   # BR(H+ -> mu+     nu_mu  )
     7.20090491E-06    2           2        -5   # BR(H+ -> u       bb     )
     2.67945997E-05    2           2        -3   # BR(H+ -> u       sb     )
     5.53521570E-04    2           4        -3   # BR(H+ -> c       sb     )
     7.32791073E-01    2           6        -5   # BR(H+ -> t       bb     )
     2.37022909E-03    2          24        25   # BR(H+ -> W+      h      )
     3.15026195E-07    2          24        36   # BR(H+ -> W+      A      )
     1.58371972E-01    2     1000024   1000022   # BR(H+ -> ~chi_1+ ~chi_10)
     2.56507863E-04    2     1000024   1000023   # BR(H+ -> ~chi_1+ ~chi_20)
     1.24851147E-03    2    -1000011   1000012   # BR(H+ -> ~e_L+   ~nu_eL )
     1.24851147E-03    2    -1000013   1000014   # BR(H+ -> ~mu_L+  ~nu_muL)
     4.25413091E-03    2    -1000015   1000016   # BR(H+ -> ~tau_1+ ~nu_tauL)
     2.26060896E-03    2    -2000015   1000016   # BR(H+ -> ~tau_2+ ~nu_tauL)
