#  ISAJET decay tables in SUSY Les Houches accord format
#  Created by ISALHD. Last revision: C. Balazs, 2005 May 25
Block DCINFO   # Program information
    1             ISASUGRA from ISAJET          # Spectrum Calculator
    2   7.69   21-AUG-2003 11:39:06             # Version number
#  SUSY parameters in Les Houches accord format
Block MODSEL   # Model selection
    1    2   #  Minimal gauge mediated (GMSB) model              
Block MINPAR   # Input parameters
    1    1.800000000E+05   # Lambda
    2    3.600000000E+05   # M_mes
    3    1.000000000E+00   # N_5
    4    1.500000000E+01   # tan(beta
    5    1.000000000E+00   # sgn(mu)
    6    1.750000000E+02   # M_t
    7    1.000000000E+00   # C_grav
Block EXTPAR    # Input parameters - non-minimal models
    8    1.000000000E+00   # Rsl
    9    0.000000000E+00   # dmH_d^2
   10    0.000000000E+00   # dmH_u^2
   11    0.000000000E+00   # d_Y
   12    1.000000000E+00   # N5_1
   13    1.000000000E+00   # N5_2
   14    1.000000000E+00   # N5_3
#  
Block MASS   # Scalar and gaugino mass spectrum
#  PDG code   mass                 particle
         6    1.750000000E+02   #  top            
        25    1.182936630E+02   #  h^0            
        35    9.207588501E+02   #  H^0            
        36    9.146495361E+02   #  A^0            
        37    9.242800293E+02   #  H^+            
   1000001    1.926510864E+03   #  dnl            
   1000002    1.924834229E+03   #  upl            
   1000003    1.926510864E+03   #  stl            
   1000004    1.924834717E+03   #  chl            
   1000005    1.823796997E+03   #  b1             
   1000006    1.676847900E+03   #  t1             
   1000011    6.430142212E+02   #  el-            
   1000012    6.300712891E+02   #  nuel           
   1000013    6.430142212E+02   #  mul-           
   1000014    6.300712891E+02   #  numl           
   1000015    3.060534058E+02   #  tau1           
   1000016    6.289136353E+02   #  nutl           
   1000021    1.424594360E+03   #  glss           
   1000022    2.481055298E+02   #  z1ss           
   1000023    4.903924561E+02   #  z2ss           
   1000024    4.908594360E+02   #  w1ss           
   1000025   -6.949558105E+02   #  z3ss           
   1000035    7.097231445E+02   #  z4ss           
   1000037    7.097864990E+02   #  w2ss           
   2000001    1.830170166E+03   #  dnr            
   2000002    1.838571411E+03   #  upr            
   2000003    1.830170166E+03   #  str            
   2000004    1.838572021E+03   #  chr            
   2000005    1.850051758E+03   #  b2             
   2000006    1.864141846E+03   #  t2             
   2000011    3.148222046E+02   #  er-            
   2000013    3.148222351E+02   #  mur-           
   2000015    6.422131348E+02   #  tau2           
   1000039    1.558845852E-08   # gravitino       
Block ALPHA   # Higgs mixing
    1   -6.825996935E-02   # alpha
Block HMIX Q= 1.701228271E+03   # Higgs parameters
    1    6.857520142E+02   # mu
Block STOPMIX   # stop mixing matrix
  1  1    8.214335144E-02
  1  2   -9.966205359E-01
  2  1    9.966205359E-01
  2  2    8.214335144E-02
Block SBOTMIX   # sbottom mixing matrix
  1  1    2.427418977E-01
  1  2   -9.700909257E-01
  2  1    9.700909257E-01
  2  2    2.427418977E-01
Block STAUMIX   # stau mixing matrix
  1  1    5.313975364E-02
  1  2   -9.985870719E-01
  2  1    9.985870719E-01
  2  2    5.313975364E-02
Block NMIX   # neutralino mixing matrix
  1  1    9.967035055E-01   # N_11
  1  2   -1.195908524E-02   # N_12
  1  3    7.380692661E-02   # N_13
  1  4   -3.148754686E-02   # N_14
  2  1   -3.195473552E-02   # N_21
  2  2   -9.652119279E-01   # N_22
  2  3    2.102049887E-01   # N_23
  2  4   -1.521796882E-01   # N_24
  3  1    2.928531915E-02   # N_31
  3  2   -4.276582226E-02   # N_32
  3  3   -7.044087648E-01   # N_33
  3  4   -7.078996301E-01   # N_34
  4  1   -6.857992709E-02   # N_41
  4  2    2.576701641E-01   # N_42
  4  3    6.739250422E-01   # N_43
  4  4   -6.890051961E-01   # N_44
Block UMIX   # chargino U mixing matrix
  1  1   -9.501045346E-01
  1  2    3.119316995E-01
  2  1   -3.119316995E-01
  2  2   -9.501045346E-01
Block VMIX   # chargino V mixing matrix
  1  1   -9.743325710E-01
  1  2    2.251132727E-01
  2  1   -2.251132727E-01
  2  2   -9.743325710E-01
Block AU Q= 1.701228271E+03   #  The trilinear couplings
  3  3   -4.902444763E+02    7.199401757+165   #
Block AD Q= 1.701228271E+03   #  The trilinear couplings
  3  3   -5.476589355E+02    3.580431530+252   #
Block AE Q= 1.701228271E+03   #  The trilinear couplings
  3  3   -6.976974487E+01    1.456328742E+45   #
Block SPINFO   # Program information
    1                                ISASUGRA   # Spectrum Calculator
    2    ISAJET     V7.69   21-AUG-2003 11:39   # Version number
#         PDG         Width
DECAY         6  1.21561825E+00   # TP    decays
#          BR          NDA       ID1     ID2       ID3       ID4
      3.33333343E-01    3            2        -1         5             # TP     -->  UP     DB     BT          
      3.33333343E-01    3            4        -3         5             # TP     -->  CH     SB     BT          
      1.11111112E-01    3          -11        12         5             # TP     -->  E+     NUE    BT          
      1.11111112E-01    3          -13        14         5             # TP     -->  MU+    NUM    BT          
      1.11111112E-01    3          -15        16         5             # TP     -->  TAU+   NUT    BT          
#         PDG         Width
DECAY   1000021  3.48386988E-02   # GLSS  decays
#          BR          NDA       ID1     ID2       ID3       ID4
      6.43448681E-02    3      1000024         1        -2             # GLSS   -->  W1SS+  DN     UB          
      6.43448681E-02    3     -1000024         2        -1             # GLSS   -->  W1SS-  UP     DB          
      6.43448234E-02    3      1000024         3        -4             # GLSS   -->  W1SS+  ST     CB          
      6.43448234E-02    3     -1000024         4        -3             # GLSS   -->  W1SS-  CH     SB          
      5.62052131E-02    3      1000024         5        -6             # GLSS   -->  W1SS+  BT     TB          
      5.62052131E-02    3     -1000024         6        -5             # GLSS   -->  W1SS-  TP     BB          
      2.31871684E-03    3      1000037         1        -2             # GLSS   -->  W2SS+  DN     UB          
      2.31871684E-03    3     -1000037         2        -1             # GLSS   -->  W2SS-  UP     DB          
      2.31871544E-03    3      1000037         3        -4             # GLSS   -->  W2SS+  ST     CB          
      2.31871544E-03    3     -1000037         4        -3             # GLSS   -->  W2SS-  CH     SB          
      7.78851211E-02    3      1000037         5        -6             # GLSS   -->  W2SS+  BT     TB          
      7.78851211E-02    3     -1000037         6        -5             # GLSS   -->  W2SS-  TP     BB          
      2.00942068E-07    2      1000022        21                       # GLSS   -->  Z1SS   GL                 
      3.88036110E-02    3      1000022         2        -2             # GLSS   -->  Z1SS   UP     UB          
      1.15901185E-02    3      1000022         1        -1             # GLSS   -->  Z1SS   DN     DB          
      1.15901185E-02    3      1000022         3        -3             # GLSS   -->  Z1SS   ST     SB          
      3.88035327E-02    3      1000022         4        -4             # GLSS   -->  Z1SS   CH     CB          
      1.24018900E-02    3      1000022         5        -5             # GLSS   -->  Z1SS   BT     BB          
      4.24042456E-02    3      1000022         6        -6             # GLSS   -->  Z1SS   TP     TB          
      3.55662196E-04    2      1000023        21                       # GLSS   -->  Z2SS   GL                 
      3.29101942E-02    3      1000023         2        -2             # GLSS   -->  Z2SS   UP     UB          
      3.19441892E-02    3      1000023         1        -1             # GLSS   -->  Z2SS   DN     DB          
      3.19441892E-02    3      1000023         3        -3             # GLSS   -->  Z2SS   ST     SB          
      3.29101421E-02    3      1000023         4        -4             # GLSS   -->  Z2SS   CH     CB          
      4.13030237E-02    3      1000023         5        -5             # GLSS   -->  Z2SS   BT     BB          
      1.83140729E-02    3      1000023         6        -6             # GLSS   -->  Z2SS   TP     TB          
      3.91054992E-03    2      1000025        21                       # GLSS   -->  Z3SS   GL                 
      1.44460791E-05    3      1000025         2        -2             # GLSS   -->  Z3SS   UP     UB          
      1.76046324E-05    3      1000025         1        -1             # GLSS   -->  Z3SS   DN     DB          
      1.76046324E-05    3      1000025         3        -3             # GLSS   -->  Z3SS   ST     SB          
      1.44460546E-05    3      1000025         4        -4             # GLSS   -->  Z3SS   CH     CB          
      3.88524705E-03    3      1000025         5        -5             # GLSS   -->  Z3SS   BT     BB          
      3.85621451E-02    3      1000025         6        -6             # GLSS   -->  Z3SS   TP     TB          
      3.60249425E-03    2      1000035        21                       # GLSS   -->  Z4SS   GL                 
      1.01267837E-03    3      1000035         2        -2             # GLSS   -->  Z4SS   UP     UB          
      1.17338961E-03    3      1000035         1        -1             # GLSS   -->  Z4SS   DN     DB          
      1.17338961E-03    3      1000035         3        -3             # GLSS   -->  Z4SS   ST     SB          
      1.01267698E-03    3      1000035         4        -4             # GLSS   -->  Z4SS   CH     CB          
      4.86941449E-03    3      1000035         5        -5             # GLSS   -->  Z4SS   BT     BB          
      6.06229976E-02    3      1000035         6        -6             # GLSS   -->  Z4SS   TP     TB          
      7.97947223E-07    2      1000039        21                       # GLSS   -->  GVSS   GL                 
#         PDG         Width
DECAY   1000002  4.39889679E+01   # UPL   decays
#          BR          NDA       ID1     ID2       ID3       ID4
      5.18670259E-03    2      1000022         2                       # UPL    -->  Z1SS   UP                 
      1.51868507E-01    2      1000023         2                       # UPL    -->  Z2SS   UP                 
      1.94850538E-04    2      1000025         2                       # UPL    -->  Z3SS   UP                 
      8.26119632E-03    2      1000035         2                       # UPL    -->  Z4SS   UP                 
      5.14849722E-01    2      1000021         2                       # UPL    -->  GLSS   UP                 
      3.05702865E-01    2      1000024         1                       # UPL    -->  W1SS+  DN                 
      1.39361694E-02    2      1000037         1                       # UPL    -->  W2SS+  DN                 
#         PDG         Width
DECAY   1000001  4.40223503E+01   # DNL   decays
#          BR          NDA       ID1     ID2       ID3       ID4
      6.74373144E-03    2      1000022         1                       # DNL    -->  Z1SS   DN                 
      1.48280680E-01    2      1000023         1                       # DNL    -->  Z2SS   DN                 
      3.22903245E-04    2      1000025         1                       # DNL    -->  Z3SS   DN                 
      1.00485543E-02    2      1000035         1                       # DNL    -->  Z4SS   DN                 
      5.17036617E-01    2      1000021         1                       # DNL    -->  GLSS   DN                 
      2.90791452E-01    2     -1000024         2                       # DNL    -->  W1SS-  UP                 
      2.67760605E-02    2     -1000037         2                       # DNL    -->  W2SS-  UP                 
#         PDG         Width
DECAY   1000003  4.40223351E+01   # STL   decays
#          BR          NDA       ID1     ID2       ID3       ID4
      6.74373377E-03    2      1000022         3                       # STL    -->  Z1SS   ST                 
      1.48280740E-01    2      1000023         3                       # STL    -->  Z2SS   ST                 
      3.22903361E-04    2      1000025         3                       # STL    -->  Z3SS   ST                 
      1.00485580E-02    2      1000035         3                       # STL    -->  Z4SS   ST                 
      5.17036796E-01    2      1000021         3                       # STL    -->  GLSS   ST                 
      2.90791214E-01    2     -1000024         4                       # STL    -->  W1SS-  CH                 
      2.67760381E-02    2     -1000037         4                       # STL    -->  W2SS-  CH                 
#         PDG         Width
DECAY   1000004  4.39888878E+01   # CHL   decays
#          BR          NDA       ID1     ID2       ID3       ID4
      5.18670725E-03    2      1000022         4                       # CHL    -->  Z1SS   CH                 
      1.51868641E-01    2      1000023         4                       # CHL    -->  Z2SS   CH                 
      1.94850698E-04    2      1000025         4                       # CHL    -->  Z3SS   CH                 
      8.26120377E-03    2      1000035         4                       # CHL    -->  Z4SS   CH                 
      5.14848888E-01    2      1000021         4                       # CHL    -->  GLSS   CH                 
      3.05703521E-01    2      1000024         3                       # CHL    -->  W1SS+  ST                 
      1.39361992E-02    2      1000037         3                       # CHL    -->  W2SS+  ST                 
#         PDG         Width
DECAY   1000005  2.08629208E+01   # BT1   decays
#          BR          NDA       ID1     ID2       ID3       ID4
      4.83529046E-02    2      1000022         5                       # BT1    -->  Z1SS   BT                 
      3.14177014E-02    2      1000023         5                       # BT1    -->  Z2SS   BT                 
      1.95375290E-02    2      1000025         5                       # BT1    -->  Z3SS   BT                 
      1.07503021E-02    2      1000035         5                       # BT1    -->  Z4SS   BT                 
      7.68315136E-01    2      1000021         5                       # BT1    -->  GLSS   BT                 
      6.35172054E-02    2     -1000024         6                       # BT1    -->  W1SS-  TP                 
      5.79462014E-02    2     -1000037         6                       # BT1    -->  W2SS-  TP                 
      1.63032819E-04    2          -24   1000006                       # BT1    -->  W-     TP1                
#         PDG         Width
DECAY   1000006  3.80566635E+01   # TP1   decays
#          BR          NDA       ID1     ID2       ID3       ID4
      1.22488804E-01    2      1000021         6                       # TP1    -->  GLSS   TP                 
      9.30149630E-02    2      1000022         6                       # TP1    -->  Z1SS   TP                 
      1.82768069E-02    2      1000023         6                       # TP1    -->  Z2SS   TP                 
      1.98313087E-01    2      1000025         6                       # TP1    -->  Z3SS   TP                 
      1.70892119E-01    2      1000035         6                       # TP1    -->  Z4SS   TP                 
      4.02711034E-02    2      1000024         5                       # TP1    -->  W1SS+  BT                 
      3.56743127E-01    2      1000037         5                       # TP1    -->  W2SS+  BT                 
#         PDG         Width
DECAY   2000002  2.09676342E+01   # UPR   decays
#          BR          NDA       ID1     ID2       ID3       ID4
      1.89808846E-01    2      1000022         2                       # UPR    -->  Z1SS   UP                 
      1.74628993E-04    2      1000023         2                       # UPR    -->  Z2SS   UP                 
      1.24892569E-04    2      1000025         2                       # UPR    -->  Z3SS   UP                 
      6.75133604E-04    2      1000035         2                       # UPR    -->  Z4SS   UP                 
      8.09216499E-01    2      1000021         2                       # UPR    -->  GLSS   UP                 
#         PDG         Width
DECAY   2000001  1.74284859E+01   # DNR   decays
#          BR          NDA       ID1     ID2       ID3       ID4
      5.68079352E-02    2      1000022         1                       # DNR    -->  Z1SS   DN                 
      5.22089249E-05    2      1000023         1                       # DNR    -->  Z2SS   DN                 
      3.72772629E-05    2      1000025         1                       # DNR    -->  Z3SS   DN                 
      2.01479023E-04    2      1000035         1                       # DNR    -->  Z4SS   DN                 
      9.42901075E-01    2      1000021         1                       # DNR    -->  GLSS   DN                 
#         PDG         Width
DECAY   2000003  1.74284859E+01   # STR   decays
#          BR          NDA       ID1     ID2       ID3       ID4
      5.68079352E-02    2      1000022         3                       # STR    -->  Z1SS   ST                 
      5.22089249E-05    2      1000023         3                       # STR    -->  Z2SS   ST                 
      3.72772629E-05    2      1000025         3                       # STR    -->  Z3SS   ST                 
      2.01479023E-04    2      1000035         3                       # STR    -->  Z4SS   ST                 
      9.42901075E-01    2      1000021         3                       # STR    -->  GLSS   ST                 
#         PDG         Width
DECAY   2000004  2.09675579E+01   # CHR   decays
#          BR          NDA       ID1     ID2       ID3       ID4
      1.89809427E-01    2      1000022         4                       # CHR    -->  Z1SS   CH                 
      1.74629487E-04    2      1000023         4                       # CHR    -->  Z2SS   CH                 
      1.24892904E-04    2      1000025         4                       # CHR    -->  Z3SS   CH                 
      6.75135467E-04    2      1000035         4                       # CHR    -->  Z4SS   CH                 
      8.09215903E-01    2      1000021         4                       # CHR    -->  GLSS   CH                 
#         PDG         Width
DECAY   2000005  5.42814522E+01   # BT2   decays
#          BR          NDA       ID1     ID2       ID3       ID4
      5.05758403E-03    2      1000022         5                       # BT2    -->  Z1SS   BT                 
      1.03589788E-01    2      1000023         5                       # BT2    -->  Z2SS   BT                 
      9.53363813E-03    2      1000025         5                       # BT2    -->  Z3SS   BT                 
      1.88114475E-02    2      1000035         5                       # BT2    -->  Z4SS   BT                 
      3.26109469E-01    2      1000021         5                       # BT2    -->  GLSS   BT                 
      2.08344892E-01    2     -1000024         6                       # BT2    -->  W1SS-  TP                 
      3.26650620E-01    2     -1000037         6                       # BT2    -->  W2SS-  TP                 
      1.90256198E-03    2          -24   1000006                       # BT2    -->  W-     TP1                
#         PDG         Width
DECAY   2000006  5.68944397E+01   # TP2   decays
#          BR          NDA       ID1     ID2       ID3       ID4
      3.10297847E-01    2      1000021         6                       # TP2    -->  GLSS   TP                 
      2.16484666E-01    2      1000024         5                       # TP2    -->  W1SS+  BT                 
      3.59079130E-02    2      1000037         5                       # TP2    -->  W2SS+  BT                 
      1.16454740E-03    2           23   1000006                       # TP2    -->  Z0     TP1                
      3.92244011E-03    2           25   1000006                       # TP2    -->  HL0    TP1                
      3.98210343E-03    2      1000022         6                       # TP2    -->  Z1SS   TP                 
      1.10026084E-01    2      1000023         6                       # TP2    -->  Z2SS   TP                 
      1.53748274E-01    2      1000025         6                       # TP2    -->  Z3SS   TP                 
      1.64466113E-01    2      1000035         6                       # TP2    -->  Z4SS   TP                 
#         PDG         Width
DECAY   1000011  1.87136126E+00   # EL-   decays
#          BR          NDA       ID1     ID2       ID3       ID4
      3.00846487E-01    2      1000022        11                       # EL-    -->  Z1SS   E-                 
      2.44514912E-01    2      1000023        11                       # EL-    -->  Z2SS   E-                 
      4.54638332E-01    2     -1000024        12                       # EL-    -->  W1SS-  NUE                
      1.38262735E-07    3      1000015        11       -15             # EL-    -->  TAU1-  E-     TAU+        
      1.44705595E-07    3     -1000015        11        15             # EL-    -->  TAU1+  E-     TAU-        
      2.78307766E-10    2           11   1000039                       # EL-    -->  E-     GVSS               
#         PDG         Width
DECAY   1000013  1.87136102E+00   # MUL-  decays
#          BR          NDA       ID1     ID2       ID3       ID4
      3.00846517E-01    2      1000022        13                       # MUL-   -->  Z1SS   MU-                
      2.44514838E-01    2      1000023        13                       # MUL-   -->  Z2SS   MU-                
      4.54638392E-01    2     -1000024        14                       # MUL-   -->  W1SS-  NUM                
      1.38262749E-07    3      1000015        13       -15             # MUL-   -->  TAU1-  MU-    TAU+        
      1.44705609E-07    3     -1000015        13        15             # MUL-   -->  TAU1+  MU-    TAU-        
      2.78307766E-10    2           13   1000039                       # MUL-   -->  MU-    GVSS               
#         PDG         Width
DECAY   1000015  1.81601554E-01   # TAU1- decays
#          BR          NDA       ID1     ID2       ID3       ID4
      1.00000000E+00    2      1000022        15                       # TAU1-  -->  Z1SS   TAU-               
      7.00467531E-11    2           15   1000039                       # TAU1-  -->  TAU-   GVSS               
#         PDG         Width
DECAY   1000012  1.74149680E+00   # NUEL  decays
#          BR          NDA       ID1     ID2       ID3       ID4
      3.40682447E-01    2      1000022        12                       # NUEL   -->  Z1SS   NUE                
      2.12555408E-01    2      1000023        12                       # NUEL   -->  Z2SS   NUE                
      4.46760535E-01    2      1000024        11                       # NUEL   -->  W1SS+  E-                 
      2.36949518E-07    3      1000015        12       -15             # NUEL   -->  TAU1-  NUE    TAU+        
      1.83153887E-07    3     -1000015        12        15             # NUEL   -->  TAU1+  NUE    TAU-        
      1.21764197E-06    3     -1000015        11        16             # NUEL   -->  TAU1+  E-     NUT         
      2.70150541E-10    2           12   1000039                       # NUEL   -->  NUE    GVSS               
#         PDG         Width
DECAY   1000014  1.74149656E+00   # NUML  decays
#          BR          NDA       ID1     ID2       ID3       ID4
      3.40682477E-01    2      1000022        14                       # NUML   -->  Z1SS   NUM                
      2.12555423E-01    2      1000023        14                       # NUML   -->  Z2SS   NUM                
      4.46760446E-01    2      1000024        13                       # NUML   -->  W1SS+  MU-                
      2.36949546E-07    3      1000015        14       -15             # NUML   -->  TAU1-  NUM    TAU+        
      1.83153915E-07    3     -1000015        14        15             # NUML   -->  TAU1+  NUM    TAU-        
      1.21865003E-06    3     -1000015        13        16             # NUML   -->  TAU1+  MU-    NUT         
      2.70150569E-10    2           14   1000039                       # NUML   -->  NUM    GVSS               
#         PDG         Width
DECAY   1000016  1.90980899E+00   # NUTL  decays
#          BR          NDA       ID1     ID2       ID3       ID4
      3.09667945E-01    2      1000022        16                       # NUTL   -->  Z1SS   NUT                
      1.91282049E-01    2      1000023        16                       # NUTL   -->  Z2SS   NUT                
      4.03463662E-01    2      1000024        15                       # NUTL   -->  W1SS+  TAU-               
      9.55857113E-02    2           24   1000015                       # NUTL   -->  W+     TAU1-              
      4.64178953E-07    3     -1000015        16        15             # NUTL   -->  TAU1+  NUT    TAU-        
      1.63784279E-07    3      1000015        16       -15             # NUTL   -->  TAU1-  NUT    TAU+        
      2.44087278E-10    2           16   1000039                       # NUTL   -->  NUT    GVSS               
#         PDG         Width
DECAY   2000011  2.28406653E-01   # ER-   decays
#          BR          NDA       ID1     ID2       ID3       ID4
      1.00000000E+00    2      1000022        11                       # ER-    -->  Z1SS   E-                 
      3.83786520E-15    3      1000015        11       -15             # ER-    -->  TAU1-  E-     TAU+        
      3.29672889E-15    3     -1000015        11        15             # ER-    -->  TAU1+  E-     TAU-        
      8.95260404E-21    3      1000015        12       -16             # ER-    -->  TAU1-  NUE    ANUT        
      6.41502129E-11    2           11   1000039                       # ER-    -->  E-     GVSS               
#         PDG         Width
DECAY   2000013  2.28406444E-01   # MUR-  decays
#          BR          NDA       ID1     ID2       ID3       ID4
      1.00000000E+00    2      1000022        13                       # MUR-   -->  Z1SS   MU-                
      3.83794144E-15    3      1000015        13       -15             # MUR-   -->  TAU1-  MU-    TAU+        
      3.29680004E-15    3     -1000015        13        15             # MUR-   -->  TAU1+  MU-    TAU-        
      3.81179385E-16    3      1000015        14       -16             # MUR-   -->  TAU1-  NUM    ANUT        
      6.41502684E-11    2           13   1000039                       # MUR-   -->  MU-    GVSS               
#         PDG         Width
DECAY   2000015  2.07177687E+00   # TAU2- decays
#          BR          NDA       ID1     ID2       ID3       ID4
      2.72709817E-01    2      1000022        15                       # TAU2-  -->  Z1SS   TAU-               
      2.17604250E-01    2      1000023        15                       # TAU2-  -->  Z2SS   TAU-               
      4.02911484E-01    2     -1000024        16                       # TAU2-  -->  W1SS-  NUT                
      4.81898487E-02    2           23   1000015                       # TAU2-  -->  Z0     TAU1-              
      5.85846044E-02    2           25   1000015                       # TAU2-  -->  HL0    TAU1-              
#         PDG         Width
DECAY   1000022  4.02856004E-12   # Z1SS  decays
#          BR          NDA       ID1     ID2       ID3       ID4
      8.32450926E-01    2      1000039        22                       # Z1SS   -->  GVSS   GM                 
      1.80695169E-02    3      1000039        11       -11             # Z1SS   -->  GVSS   E-     E+          
      1.49342448E-01    2      1000039        23                       # Z1SS   -->  GVSS   Z0                 
      1.37125578E-04    2      1000039        25                       # Z1SS   -->  GVSS   HL0                
#         PDG         Width
DECAY   1000023  3.95153277E-02   # Z2SS  decays
#          BR          NDA       ID1     ID2       ID3       ID4
      2.81866619E-06    2      1000022        22                       # Z2SS   -->  Z1SS   GM                 
      5.41386716E-02    2      1000022        23                       # Z2SS   -->  Z1SS   Z0                 
      4.94164681E-07    3      1000022         2        -2             # Z2SS   -->  Z1SS   UP     UB          
      6.17183559E-07    3      1000022         1        -1             # Z2SS   -->  Z1SS   DN     DB          
      6.17183559E-07    3      1000022         3        -3             # Z2SS   -->  Z1SS   ST     SB          
      4.94164226E-07    3      1000022         4        -4             # Z2SS   -->  Z1SS   CH     CB          
      2.34571121E-06    3      1000022         5        -5             # Z2SS   -->  Z1SS   BT     BB          
      2.91357806E-04    3      1000022        11       -11             # Z2SS   -->  Z1SS   E-     E+          
      2.91357806E-04    3      1000022        13       -13             # Z2SS   -->  Z1SS   MU-    MU+         
      2.91322649E-04    3      1000022        15       -15             # Z2SS   -->  Z1SS   TAU-   TAU+        
      3.36788828E-04    3      1000022        12       -12             # Z2SS   -->  Z1SS   NUE    ANUE        
      3.36788828E-04    3      1000022        14       -14             # Z2SS   -->  Z1SS   NUM    ANUM        
      3.40845843E-04    3      1000022        16       -16             # Z2SS   -->  Z1SS   NUT    ANUT        
      6.01839900E-01    2      1000022        25                       # Z2SS   -->  Z1SS   HL0                
      1.11369826E-02    2      2000011       -11                       # Z2SS   -->  ER-    E+                 
      1.11369826E-02    2     -2000011        11                       # Z2SS   -->  ER+    E-                 
      1.11369798E-02    2      2000013       -13                       # Z2SS   -->  MUR-   MU+                
      1.11369798E-02    2     -2000013        13                       # Z2SS   -->  MUR+   MU-                
      1.48788825E-01    2      1000015       -15                       # Z2SS   -->  TAU1-  TAU+               
      1.48788825E-01    2     -1000015        15                       # Z2SS   -->  TAU1+  TAU-               
      8.26173019E-10    2      1000039        22                       # Z2SS   -->  GVSS   GM                 
      1.88664813E-11    3      1000039        11       -11             # Z2SS   -->  GVSS   E-     E+          
      2.07805528E-09    2      1000039        23                       # Z2SS   -->  GVSS   Z0                 
      2.52864795E-11    2      1000039        25                       # Z2SS   -->  GVSS   HL0                
#         PDG         Width
DECAY   1000025  2.84056735E+00   # Z3SS  decays
#          BR          NDA       ID1     ID2       ID3       ID4
      7.11009420E-08    2      1000022        22                       # Z3SS   -->  Z1SS   GM                 
      4.51480020E-07    2      1000023        22                       # Z3SS   -->  Z2SS   GM                 
      2.82954097E-01    2      1000024       -24                       # Z3SS   -->  W1SS+  W-                 
      2.82954097E-01    2     -1000024        24                       # Z3SS   -->  W1SS-  W+                 
      1.35830939E-01    2      1000022        23                       # Z3SS   -->  Z1SS   Z0                 
      2.33466655E-01    2      1000023        23                       # Z3SS   -->  Z2SS   Z0                 
      5.54939261E-10    3      1000022         2        -2             # Z3SS   -->  Z1SS   UP     UB          
      1.73547371E-10    3      1000022         1        -1             # Z3SS   -->  Z1SS   DN     DB          
      1.73547371E-10    3      1000022         3        -3             # Z3SS   -->  Z1SS   ST     SB          
      5.54938484E-10    3      1000022         4        -4             # Z3SS   -->  Z1SS   CH     CB          
      1.67767951E-06    3      1000022         5        -5             # Z3SS   -->  Z1SS   BT     BB          
      2.84498640E-07    3      1000022        15       -15             # Z3SS   -->  Z1SS   TAU-   TAU+        
      8.44314341E-11    3      1000023         2        -2             # Z3SS   -->  Z2SS   UP     UB          
      1.35921330E-10    3      1000023         1        -1             # Z3SS   -->  Z2SS   DN     DB          
      1.35921330E-10    3      1000023         3        -3             # Z3SS   -->  Z2SS   ST     SB          
      8.44313369E-11    3      1000023         4        -4             # Z3SS   -->  Z2SS   CH     CB          
      1.72564242E-07    3      1000023         5        -5             # Z3SS   -->  Z2SS   BT     BB          
      2.70563909E-08    3      1000023        15       -15             # Z3SS   -->  Z2SS   TAU-   TAU+        
      2.26954203E-02    2      1000022        25                       # Z3SS   -->  Z1SS   HL0                
      4.85749915E-03    2      1000023        25                       # Z3SS   -->  Z2SS   HL0                
      7.58358829E-06    2      1000011       -11                       # Z3SS   -->  EL-    E+                 
      7.58358829E-06    2     -1000011        11                       # Z3SS   -->  EL+    E-                 
      7.58357419E-06    2      1000013       -13                       # Z3SS   -->  MUL-   MU+                
      7.58357419E-06    2     -1000013        13                       # Z3SS   -->  MUL+   MU-                
      3.37067147E-04    2      2000011       -11                       # Z3SS   -->  ER-    E+                 
      3.37067147E-04    2     -2000011        11                       # Z3SS   -->  ER+    E-                 
      3.37067118E-04    2      2000013       -13                       # Z3SS   -->  MUR-   MU+                
      3.37067118E-04    2     -2000013        13                       # Z3SS   -->  MUR+   MU-                
      1.71617381E-02    2      1000015       -15                       # Z3SS   -->  TAU1-  TAU+               
      1.71617381E-02    2     -1000015        15                       # Z3SS   -->  TAU1+  TAU-               
      5.96733706E-04    2      2000015       -15                       # Z3SS   -->  TAU2-  TAU+               
      5.96733706E-04    2     -2000015        15                       # Z3SS   -->  TAU2+  TAU-               
      5.65330120E-05    2      1000012       -12                       # Z3SS   -->  NUEL   ANUE               
      5.65330120E-05    2     -1000012        12                       # Z3SS   -->  ANUEL  NUE                
      5.65330120E-05    2      1000014       -14                       # Z3SS   -->  NUML   ANUM               
      5.65330120E-05    2     -1000014        14                       # Z3SS   -->  ANUML  NUM                
      5.84660083E-05    2      1000016       -16                       # Z3SS   -->  NUTL   ANUT               
      5.84660083E-05    2     -1000016        16                       # Z3SS   -->  ANUTL  NUT                
      6.93787535E-15    2      1000039        22                       # Z3SS   -->  GVSS   GM                 
      1.62443383E-16    3      1000039        11       -11             # Z3SS   -->  GVSS   E-     E+          
      5.55203453E-11    2      1000039        23                       # Z3SS   -->  GVSS   Z0                 
      6.83815227E-11    2      1000039        25                       # Z3SS   -->  GVSS   HL0                
#         PDG         Width
DECAY   1000035  2.98235655E+00   # Z4SS  decays
#          BR          NDA       ID1     ID2       ID3       ID4
      1.76381647E-08    2      1000022        22                       # Z4SS   -->  Z1SS   GM                 
      1.81055952E-07    2      1000023        22                       # Z4SS   -->  Z2SS   GM                 
      9.90673099E-10    2      1000025        22                       # Z4SS   -->  Z3SS   GM                 
      2.66329765E-01    2      1000024       -24                       # Z4SS   -->  W1SS+  W-                 
      2.66329765E-01    2     -1000024        24                       # Z4SS   -->  W1SS-  W+                 
      2.19166949E-02    2      1000022        23                       # Z4SS   -->  Z1SS   Z0                 
      9.27107222E-03    2      1000023        23                       # Z4SS   -->  Z2SS   Z0                 
      1.39368845E-08    3      1000022         2        -2             # Z4SS   -->  Z1SS   UP     UB          
      1.17493029E-08    3      1000022         1        -1             # Z4SS   -->  Z1SS   DN     DB          
      1.17493029E-08    3      1000022         3        -3             # Z4SS   -->  Z1SS   ST     SB          
      1.39368677E-08    3      1000022         4        -4             # Z4SS   -->  Z1SS   CH     CB          
      1.52587484E-06    3      1000022         5        -5             # Z4SS   -->  Z1SS   BT     BB          
      2.57092012E-07    3      1000022        15       -15             # Z4SS   -->  Z1SS   TAU-   TAU+        
      1.37967904E-08    3      1000023         2        -2             # Z4SS   -->  Z2SS   UP     UB          
      1.63051830E-08    3      1000023         1        -1             # Z4SS   -->  Z2SS   DN     DB          
      1.63051830E-08    3      1000023         3        -3             # Z4SS   -->  Z2SS   ST     SB          
      1.37967735E-08    3      1000023         4        -4             # Z4SS   -->  Z2SS   CH     CB          
      1.91293438E-07    3      1000023         5        -5             # Z4SS   -->  Z2SS   BT     BB          
      2.68660330E-08    3      1000023        15       -15             # Z4SS   -->  Z2SS   TAU-   TAU+        
      2.71817466E-08    3      1000025         2        -2             # Z4SS   -->  Z3SS   UP     UB          
      3.50548710E-08    3      1000025         1        -1             # Z4SS   -->  Z3SS   DN     DB          
      3.50548710E-08    3      1000025         3        -3             # Z4SS   -->  Z3SS   ST     SB          
      2.71817466E-08    3      1000025         4        -4             # Z4SS   -->  Z3SS   CH     CB          
      8.54072901E-09    3      1000025         5        -5             # Z4SS   -->  Z3SS   BT     BB          
      7.95169175E-09    3      1000025        11       -11             # Z4SS   -->  Z3SS   E-     E+          
      7.95169175E-09    3      1000025        13       -13             # Z4SS   -->  Z3SS   MU-    MU+         
      6.60463595E-09    3      1000025        15       -15             # Z4SS   -->  Z3SS   TAU-   TAU+        
      1.58213656E-08    3      1000025        12       -12             # Z4SS   -->  Z3SS   NUE    ANUE        
      1.58213656E-08    3      1000025        14       -14             # Z4SS   -->  Z3SS   NUM    ANUM        
      1.58213656E-08    3      1000025        16       -16             # Z4SS   -->  Z3SS   NUT    ANUT        
      1.20869353E-01    2      1000022        25                       # Z4SS   -->  Z1SS   HL0                
      2.59087890E-01    2      1000023        25                       # Z4SS   -->  Z2SS   HL0                
      7.77867623E-04    2      1000011       -11                       # Z4SS   -->  EL-    E+                 
      7.77867623E-04    2     -1000011        11                       # Z4SS   -->  EL+    E-                 
      7.77866750E-04    2      1000013       -13                       # Z4SS   -->  MUL-   MU+                
      7.77866750E-04    2     -1000013        13                       # Z4SS   -->  MUL+   MU-                
      1.83643226E-03    2      2000011       -11                       # Z4SS   -->  ER-    E+                 
      1.83643226E-03    2     -2000011        11                       # Z4SS   -->  ER+    E-                 
      1.83643214E-03    2      2000013       -13                       # Z4SS   -->  MUR-   MU+                
      1.83643214E-03    2     -2000013        13                       # Z4SS   -->  MUR+   MU-                
      1.52943144E-02    2      1000015       -15                       # Z4SS   -->  TAU1-  TAU+               
      1.52943144E-02    2     -1000015        15                       # Z4SS   -->  TAU1+  TAU-               
      1.63583807E-03    2      2000015       -15                       # Z4SS   -->  TAU2-  TAU+               
      1.63583807E-03    2     -2000015        15                       # Z4SS   -->  TAU2+  TAU-               
      1.96126476E-03    2      1000012       -12                       # Z4SS   -->  NUEL   ANUE               
      1.96126476E-03    2     -1000012        12                       # Z4SS   -->  ANUEL  NUE                
      1.96126476E-03    2      1000014       -14                       # Z4SS   -->  NUML   ANUM               
      1.96126476E-03    2     -1000014        14                       # Z4SS   -->  ANUML  NUM                
      2.01520184E-03    2      1000016       -16                       # Z4SS   -->  NUTL   ANUT               
      2.01520184E-03    2     -1000016        16                       # Z4SS   -->  ANUTL  NUT                
      1.17208771E-12    2      1000039        22                       # Z4SS   -->  GVSS   GM                 
      2.74841134E-14    3      1000039        11       -11             # Z4SS   -->  GVSS   E-     E+          
      8.96979921E-11    2      1000039        23                       # Z4SS   -->  GVSS   Z0                 
      5.25770573E-11    2      1000039        25                       # Z4SS   -->  GVSS   HL0                
#         PDG         Width
DECAY   1000024  4.02905010E-02   # W1SS+ decays
#          BR          NDA       ID1     ID2       ID3       ID4
      1.08244399E-06    3      1000022         2        -1             # W1SS+  -->  Z1SS   UP     DB          
      1.08244353E-06    3      1000022         4        -3             # W1SS+  -->  Z1SS   CH     SB          
      6.21039129E-04    3      1000022       -11        12             # W1SS+  -->  Z1SS   E+     NUE         
      6.21039129E-04    3      1000022       -13        14             # W1SS+  -->  Z1SS   MU+    NUM         
      6.25227985E-04    3      1000022       -15        16             # W1SS+  -->  Z1SS   TAU+   NUT         
      7.15132833E-01    2      1000022        24                       # W1SS+  -->  Z1SS   W+                 
      3.88862174E-13    3      1000023       -11        12             # W1SS+  -->  Z2SS   E+     NUE         
      3.88862174E-13    3      1000023       -13        14             # W1SS+  -->  Z2SS   MU+    NUM         
      2.82997668E-01    2     -1000015        16                       # W1SS+  -->  TAU1+  NUT                
#         PDG         Width
DECAY   1000037  3.21705437E+00   # W2SS+ decays
#          BR          NDA       ID1     ID2       ID3       ID4
      1.90923632E-08    3      1000022         2        -1             # W2SS+  -->  Z1SS   UP     DB          
      1.90923544E-08    3      1000022         4        -3             # W2SS+  -->  Z1SS   CH     SB          
      2.10215077E-07    3      1000022       -15        16             # W2SS+  -->  Z1SS   TAU+   NUT         
      1.17528357E-01    2      1000022        24                       # W2SS+  -->  Z1SS   W+                 
      1.12589245E-08    3      1000023         2        -1             # W2SS+  -->  Z2SS   UP     DB          
      1.12589245E-08    3      1000023         4        -3             # W2SS+  -->  Z2SS   CH     SB          
      3.94805184E-08    3      1000023       -15        16             # W2SS+  -->  Z2SS   TAU+   NUT         
      3.24055761E-01    2      1000023        24                       # W2SS+  -->  Z2SS   W+                 
      8.85934099E-08    3      1000025         2        -1             # W2SS+  -->  Z3SS   UP     DB          
      8.85934099E-08    3      1000025         4        -3             # W2SS+  -->  Z3SS   CH     SB          
      2.95306997E-08    3      1000025       -11        12             # W2SS+  -->  Z3SS   E+     NUE         
      2.95306997E-08    3      1000025       -13        14             # W2SS+  -->  Z3SS   MU+    NUM         
      2.95307085E-08    3      1000025       -15        16             # W2SS+  -->  Z3SS   TAU+   NUT         
      2.11530202E-03    2      1000012       -11                       # W2SS+  -->  NUEL   E+                 
      2.11530039E-03    2      1000014       -13                       # W2SS+  -->  NUML   MU+                
      4.08907095E-03    2      1000016       -15                       # W2SS+  -->  NUTL   TAU+               
      2.90502235E-03    2     -1000011        12                       # W2SS+  -->  EL+    NUE                
      2.90502235E-03    2     -1000013        14                       # W2SS+  -->  MUL+   NUM                
      2.45742220E-02    2     -1000015        16                       # W2SS+  -->  TAU1+  NUT                
      3.18637467E-03    2     -2000015        16                       # W2SS+  -->  TAU2+  NUT                
      2.71678805E-01    2      1000024        23                       # W2SS+  -->  W1SS+  Z0                 
      1.45285846E-08    3      1000024         1        -1             # W2SS+  -->  W1SS+  DN     DB          
      1.45285650E-08    3      1000024         3        -3             # W2SS+  -->  W1SS+  ST     SB          
      2.64234394E-08    3      1000024         2        -2             # W2SS+  -->  W1SS+  UP     UB          
      2.64234394E-08    3      1000024         4        -4             # W2SS+  -->  W1SS+  CH     CB          
      2.44846091E-01    2      1000024        25                       # W2SS+  -->  W1SS+  HL0                
#         PDG         Width
DECAY        25  5.24151558E-03   # HL0   decays
#          BR          NDA       ID1     ID2       ID3       ID4
      4.03239708E-09    2           11       -11                       # HL0    -->  E-     E+                 
      1.70254280E-04    2           13       -13                       # HL0    -->  MU-    MU+                
      4.86976579E-02    2           15       -15                       # HL0    -->  TAU-   TAU+               
      5.05893786E-06    2            1        -1                       # HL0    -->  DN     DB                 
      2.04406446E-03    2            3        -3                       # HL0    -->  ST     SB                 
      8.05054665E-01    2            5        -5                       # HL0    -->  BT     BB                 
      1.53921894E-06    2            2        -2                       # HL0    -->  UP     UB                 
      3.84919308E-02    2            4        -4                       # HL0    -->  CH     CB                 
      1.58484385E-03    2           22        22                       # HL0    -->  GM     GM                 
      3.34175564E-02    2           21        21                       # HL0    -->  GL     GL                 
      3.60221579E-03    3           24        11       -12             # HL0    -->  W+     E-     ANUE        
      3.60221579E-03    3           24        13       -14             # HL0    -->  W+     MU-    ANUM        
      3.60221579E-03    3           24        15       -16             # HL0    -->  W+     TAU-   ANUT        
      1.08066471E-02    3           24        -2         1             # HL0    -->  W+     UB     DN          
      1.08066471E-02    3           24        -4         3             # HL0    -->  W+     CB     ST          
      3.60221579E-03    3          -24       -11        12             # HL0    -->  W-     E+     NUE         
      3.60221579E-03    3          -24       -13        14             # HL0    -->  W-     MU+    NUM         
      3.60221579E-03    3          -24       -15        16             # HL0    -->  W-     TAU+   NUT         
      1.08066471E-02    3          -24         2        -1             # HL0    -->  W-     UP     DB          
      1.08066471E-02    3          -24         4        -3             # HL0    -->  W-     CH     SB          
      3.89311521E-04    3           23        12       -12             # HL0    -->  Z0     NUE    ANUE        
      3.89311521E-04    3           23        14       -14             # HL0    -->  Z0     NUM    ANUM        
      3.89311521E-04    3           23        16       -16             # HL0    -->  Z0     NUT    ANUT        
      1.95936576E-04    3           23        11       -11             # HL0    -->  Z0     E-     E+          
      1.95936576E-04    3           23        13       -13             # HL0    -->  Z0     MU-    MU+         
      1.95936576E-04    3           23        15       -15             # HL0    -->  Z0     TAU-   TAU+        
      6.71262096E-04    3           23         2        -2             # HL0    -->  Z0     UP     UB          
      6.71262096E-04    3           23         4        -4             # HL0    -->  Z0     CH     CB          
      8.64751055E-04    3           23         1        -1             # HL0    -->  Z0     DN     DB          
      8.64751055E-04    3           23         3        -3             # HL0    -->  Z0     ST     SB          
      8.64751055E-04    3           23         5        -5             # HL0    -->  Z0     BT     BB          
#         PDG         Width
DECAY        35  3.14549351E+00   # HH0   decays
#          BR          NDA       ID1     ID2       ID3       ID4
      1.11900791E-08    2           11       -11                       # HH0    -->  E-     E+                 
      4.72465297E-04    2           13       -13                       # HH0    -->  MU-    MU+                
      1.35318294E-01    2           15       -15                       # HH0    -->  TAU-   TAU+               
      1.37179641E-05    2            1        -1                       # HH0    -->  DN     DB                 
      5.54275140E-03    2            3        -3                       # HH0    -->  ST     SB                 
      7.82018244E-01    2            5        -5                       # HH0    -->  BT     BB                 
      9.11792586E-11    2            2        -2                       # HH0    -->  UP     UB                 
      1.73445619E-06    2            4        -4                       # HH0    -->  CH     CB                 
      6.49654195E-02    2            6        -6                       # HH0    -->  TP     TB                 
      2.33076918E-07    2           22        22                       # HH0    -->  GM     GM                 
      3.22616725E-05    2           21        21                       # HH0    -->  GL     GL                 
      2.20785252E-04    2           24       -24                       # HH0    -->  W+     W-                 
      1.11857815E-04    2           23        23                       # HH0    -->  Z0     Z0                 
      2.35867244E-03    2      1000022   1000022                       # HH0    -->  Z1SS   Z1SS               
      8.14424362E-03    2      1000022   1000023                       # HH0    -->  Z1SS   Z2SS               
      7.33524445E-04    2           25        25                       # HH0    -->  HL0    HL0                
      2.26181874E-05    2      2000011  -2000011                       # HH0    -->  ER-    ER+                
      2.25897129E-05    2      2000013  -2000013                       # HH0    -->  MUR-   MUR+               
      2.06083423E-05    2      1000015  -1000015                       # HH0    -->  TAU1-  TAU1+              
#         PDG         Width
DECAY        36  3.19664788E+00   # HA0   decays
#          BR          NDA       ID1     ID2       ID3       ID4
      1.09404494E-08    2           11       -11                       # HA0    -->  E-     E+                 
      4.61925549E-04    2           13       -13                       # HA0    -->  MU-    MU+                
      1.32301554E-01    2           15       -15                       # HA0    -->  TAU-   TAU+               
      1.34126949E-05    2            1        -1                       # HA0    -->  DN     DB                 
      5.41940751E-03    2            3        -3                       # HA0    -->  ST     SB                 
      7.64657199E-01    2            5        -5                       # HA0    -->  BT     BB                 
      8.47730705E-11    2            2        -2                       # HA0    -->  UP     UB                 
      1.61386936E-06    2            4        -4                       # HA0    -->  CH     CB                 
      6.90414682E-02    2            6        -6                       # HA0    -->  TP     TB                 
      3.70528426E-07    2           22        22                       # HA0    -->  GM     GM                 
      6.95173803E-05    2           21        21                       # HA0    -->  GL     GL                 
      3.63704935E-03    2      1000022   1000022                       # HA0    -->  Z1SS   Z1SS               
      2.41880063E-02    2      1000022   1000023                       # HA0    -->  Z1SS   Z2SS               
      2.08063255E-04    2           25        23                       # HA0    -->  HL0    Z0                 
      3.82877715E-07    2      1000015  -1000015                       # HA0    -->  TAU1-  TAU1+              
#         PDG         Width
DECAY        37  2.85475349E+00   # H+    decays
#          BR          NDA       ID1     ID2       ID3       ID4
      1.23797026E-08    2           12       -11                       # H+     -->  NUE    E+                 
      5.22693386E-04    2           14       -13                       # H+     -->  NUM    MU+                
      1.49706289E-01    2           16       -15                       # H+     -->  NUT    TAU+               
      1.39400008E-05    2            2        -1                       # H+     -->  UP     DB                 
      5.63408062E-03    2            4        -3                       # H+     -->  CH     SB                 
      8.06491971E-01    2            6        -5                       # H+     -->  TP     BB                 
      3.73916738E-02    2      1000024   1000022                       # H+     -->  W1SS+  Z1SS               
      2.39339846E-04    2           25        24                       # H+     -->  HL0    W+                 
