#  ISAJET decay tables in SUSY Les Houches accord format
#  Created by ISALHD. Last revision: C. Balazs, 2005 May 25
Block DCINFO   # Program information
    1             ISASUGRA from ISAJET          # Spectrum Calculator
    2   7.69   21-AUG-2003 11:39:06             # Version number
#  SUSY parameters in Les Houches accord format
Block MODSEL   # Model selection
    1    2   #  Minimal gauge mediated (GMSB) model              
Block MINPAR   # Input parameters
    1    1.200000000E+05   # Lambda
    2    2.400000000E+05   # M_mes
    3    1.000000000E+00   # N_5
    4    1.500000000E+01   # tan(beta
    5    1.000000000E+00   # sgn(mu)
    6    1.750000000E+02   # M_t
    7    1.000000000E+00   # C_grav
Block EXTPAR    # Input parameters - non-minimal models
    8    1.000000000E+00   # Rsl
    9    0.000000000E+00   # dmH_d^2
   10    0.000000000E+00   # dmH_u^2
   11    0.000000000E+00   # d_Y
   12    1.000000000E+00   # N5_1
   13    1.000000000E+00   # N5_2
   14    1.000000000E+00   # N5_3
#  
Block MASS   # Scalar and gaugino mass spectrum
#  PDG code   mass                 particle
         6    1.750000000E+02   #  top            
        25    1.161013641E+02   #  h^0            
        35    6.331924438E+02   #  H^0            
        36    6.289216919E+02   #  A^0            
        37    6.382805786E+02   #  H^+            
   1000001    1.325614746E+03   #  dnl            
   1000002    1.323176392E+03   #  upl            
   1000003    1.325614746E+03   #  stl            
   1000004    1.323177124E+03   #  chl            
   1000005    1.255340942E+03   #  b1             
   1000006    1.157738647E+03   #  t1             
   1000011    4.323132935E+02   #  el-            
   1000012    4.193337097E+02   #  nuel           
   1000013    4.323132935E+02   #  mul-           
   1000014    4.193337097E+02   #  numl           
   1000015    2.036750793E+02   #  tau1           
   1000016    4.185546875E+02   #  nutl           
   1000021    9.883267822E+02   #  glss           
   1000022    1.634957275E+02   #  z1ss           
   1000023    3.211942139E+02   #  z2ss           
   1000024    3.216746826E+02   #  w1ss           
   1000025   -4.925296631E+02   #  z3ss           
   1000035    5.103260193E+02   #  z4ss           
   1000037    5.101722717E+02   #  w2ss           
   2000001    1.262134766E+03   #  dnr            
   2000002    1.267057861E+03   #  upr            
   2000003    1.262134766E+03   #  str            
   2000004    1.267058472E+03   #  chr            
   2000005    1.273186890E+03   #  b2             
   2000006    1.286130615E+03   #  t2             
   2000011    2.110423737E+02   #  er-            
   2000013    2.110423889E+02   #  mur-           
   2000015    4.324240723E+02   #  tau2           
   1000039    6.928203344E-09   # gravitino       
Block ALPHA   # Higgs mixing
    1   -7.009501010E-02   # alpha
Block HMIX Q= 1.171329224E+03   # Higgs parameters
    1    4.844924622E+02   # mu
Block STOPMIX   # stop mixing matrix
  1  1    1.245361865E-01
  1  2   -9.922150373E-01
  2  1    9.922150373E-01
  2  2    1.245361865E-01
Block SBOTMIX   # sbottom mixing matrix
  1  1    3.641180098E-01
  1  2   -9.313527942E-01
  2  1    9.313527942E-01
  2  2    3.641180098E-01
Block STAUMIX   # stau mixing matrix
  1  1    8.291330934E-02
  1  2   -9.965567589E-01
  2  1    9.965567589E-01
  2  2    8.291330934E-02
Block NMIX   # neutralino mixing matrix
  1  1    9.933833480E-01   # N_11
  1  2   -2.359803021E-02   # N_12
  1  3    1.042534113E-01   # N_13
  1  4   -4.199684039E-02   # N_14
  2  1   -5.679501966E-02   # N_21
  2  2   -9.491198063E-01   # N_22
  2  3    2.562210858E-01   # N_23
  2  4   -1.740592718E-01   # N_24
  3  1    4.219254106E-02   # N_31
  3  2   -6.194354221E-02   # N_32
  3  3   -7.015355229E-01   # N_33
  3  4   -7.086821198E-01   # N_34
  4  1   -9.046266228E-02   # N_41
  4  2    3.078598678E-01   # N_42
  4  3    6.567567587E-01   # N_43
  4  4   -6.824288368E-01   # N_44
Block UMIX   # chargino U mixing matrix
  1  1   -9.246876240E-01
  1  2    3.807266653E-01
  2  1   -3.807266653E-01
  2  2   -9.246876240E-01
Block VMIX   # chargino V mixing matrix
  1  1   -9.662410617E-01
  1  2    2.576396167E-01
  2  1   -2.576396167E-01
  2  2   -9.662410617E-01
Block AU Q= 1.171329224E+03   #  The trilinear couplings
  3  3   -3.443640747E+02    7.199401757+165   #
Block AD Q= 1.171329224E+03   #  The trilinear couplings
  3  3   -3.856515808E+02    3.580431530+252   #
Block AE Q= 1.171329224E+03   #  The trilinear couplings
  3  3   -4.458504868E+01    1.456328742E+45   #
Block SPINFO   # Program information
    1                                ISASUGRA   # Spectrum Calculator
    2    ISAJET     V7.69   21-AUG-2003 11:39   # Version number
#         PDG         Width
DECAY         6  1.21561825E+00   # TP    decays
#          BR          NDA       ID1     ID2       ID3       ID4
      3.33333343E-01    3            2        -1         5             # TP     -->  UP     DB     BT          
      3.33333343E-01    3            4        -3         5             # TP     -->  CH     SB     BT          
      1.11111112E-01    3          -11        12         5             # TP     -->  E+     NUE    BT          
      1.11111112E-01    3          -13        14         5             # TP     -->  MU+    NUM    BT          
      1.11111112E-01    3          -15        16         5             # TP     -->  TAU+   NUT    BT          
#         PDG         Width
DECAY   1000021  2.23918892E-02   # GLSS  decays
#          BR          NDA       ID1     ID2       ID3       ID4
      7.84272328E-02    3      1000024         1        -2             # GLSS   -->  W1SS+  DN     UB          
      7.84272328E-02    3     -1000024         2        -1             # GLSS   -->  W1SS-  UP     DB          
      7.84271136E-02    3      1000024         3        -4             # GLSS   -->  W1SS+  ST     CB          
      7.84271136E-02    3     -1000024         4        -3             # GLSS   -->  W1SS-  CH     SB          
      5.21338210E-02    3      1000024         5        -6             # GLSS   -->  W1SS+  BT     TB          
      5.21338210E-02    3     -1000024         6        -5             # GLSS   -->  W1SS-  TP     BB          
      3.44298524E-03    3      1000037         1        -2             # GLSS   -->  W2SS+  DN     UB          
      3.44298524E-03    3     -1000037         2        -1             # GLSS   -->  W2SS-  UP     DB          
      3.44298081E-03    3      1000037         3        -4             # GLSS   -->  W2SS+  ST     CB          
      3.44298081E-03    3     -1000037         4        -3             # GLSS   -->  W2SS-  CH     SB          
      5.94937764E-02    3      1000037         5        -6             # GLSS   -->  W2SS+  BT     TB          
      5.94937764E-02    3     -1000037         6        -5             # GLSS   -->  W2SS-  TP     BB          
      1.80981478E-05    2      1000022        21                       # GLSS   -->  Z1SS   GL                 
      4.51211333E-02    3      1000022         2        -2             # GLSS   -->  Z1SS   UP     UB          
      1.38148889E-02    3      1000022         1        -1             # GLSS   -->  Z1SS   DN     DB          
      1.38148889E-02    3      1000022         3        -3             # GLSS   -->  Z1SS   ST     SB          
      4.51210104E-02    3      1000022         4        -4             # GLSS   -->  Z1SS   CH     CB          
      1.51084345E-02    3      1000022         5        -5             # GLSS   -->  Z1SS   BT     BB          
      3.11667752E-02    3      1000022         6        -6             # GLSS   -->  Z1SS   TP     TB          
      7.78230315E-04    2      1000023        21                       # GLSS   -->  Z2SS   GL                 
      4.07524481E-02    3      1000023         2        -2             # GLSS   -->  Z2SS   UP     UB          
      3.85267735E-02    3      1000023         1        -1             # GLSS   -->  Z2SS   DN     DB          
      3.85267735E-02    3      1000023         3        -3             # GLSS   -->  Z2SS   ST     SB          
      4.07523215E-02    3      1000023         4        -4             # GLSS   -->  Z2SS   CH     CB          
      5.05880043E-02    3      1000023         5        -5             # GLSS   -->  Z2SS   BT     BB          
      1.09579023E-02    3      1000023         6        -6             # GLSS   -->  Z2SS   TP     TB          
      5.96236298E-03    2      1000025        21                       # GLSS   -->  Z3SS   GL                 
      3.31729243E-05    3      1000025         2        -2             # GLSS   -->  Z3SS   UP     UB          
      4.03050981E-05    3      1000025         1        -1             # GLSS   -->  Z3SS   DN     DB          
      4.03050981E-05    3      1000025         3        -3             # GLSS   -->  Z3SS   ST     SB          
      3.31727970E-05    3      1000025         4        -4             # GLSS   -->  Z3SS   CH     CB          
      4.48403647E-03    3      1000025         5        -5             # GLSS   -->  Z3SS   BT     BB          
      1.05583249E-02    3      1000025         6        -6             # GLSS   -->  Z3SS   TP     TB          
      5.17208315E-03    2      1000035        21                       # GLSS   -->  Z4SS   GL                 
      1.51790748E-03    3      1000035         2        -2             # GLSS   -->  Z4SS   UP     UB          
      1.76763104E-03    3      1000035         1        -1             # GLSS   -->  Z4SS   DN     DB          
      1.76763104E-03    3      1000035         3        -3             # GLSS   -->  Z4SS   ST     SB          
      1.51790213E-03    3      1000035         4        -4             # GLSS   -->  Z4SS   CH     CB          
      5.84096508E-03    3      1000035         5        -5             # GLSS   -->  Z4SS   BT     BB          
      2.54796837E-02    3      1000035         6        -6             # GLSS   -->  Z4SS   TP     TB          
      1.01008368E-06    2      1000039        21                       # GLSS   -->  GVSS   GL                 
#         PDG         Width
DECAY   1000002  3.02084351E+01   # UPL   decays
#          BR          NDA       ID1     ID2       ID3       ID4
      4.48570354E-03    2      1000022         2                       # UPL    -->  Z1SS   UP                 
      1.50335893E-01    2      1000023         2                       # UPL    -->  Z2SS   UP                 
      4.02133737E-04    2      1000025         2                       # UPL    -->  Z3SS   UP                 
      1.13358870E-02    2      1000035         2                       # UPL    -->  Z4SS   UP                 
      5.10918796E-01    2      1000021         2                       # UPL    -->  GLSS   UP                 
      3.04781228E-01    2      1000024         1                       # UPL    -->  W1SS+  DN                 
      1.77403260E-02    2      1000037         1                       # UPL    -->  W2SS+  DN                 
#         PDG         Width
DECAY   1000001  3.02604599E+01   # DNL   decays
#          BR          NDA       ID1     ID2       ID3       ID4
      7.55884778E-03    2      1000022         1                       # DNL    -->  Z1SS   DN                 
      1.43969119E-01    2      1000023         1                       # DNL    -->  Z2SS   DN                 
      6.65051804E-04    2      1000025         1                       # DNL    -->  Z3SS   DN                 
      1.40823629E-02    2      1000035         1                       # DNL    -->  Z4SS   DN                 
      5.15636861E-01    2      1000021         1                       # DNL    -->  GLSS   DN                 
      2.79293031E-01    2     -1000024         2                       # DNL    -->  W1SS-  UP                 
      3.87947038E-02    2     -1000037         2                       # DNL    -->  W2SS-  UP                 
#         PDG         Width
DECAY   1000003  3.02604370E+01   # STL   decays
#          BR          NDA       ID1     ID2       ID3       ID4
      7.55885383E-03    2      1000022         3                       # STL    -->  Z1SS   ST                 
      1.43969223E-01    2      1000023         3                       # STL    -->  Z2SS   ST                 
      6.65052270E-04    2      1000025         3                       # STL    -->  Z3SS   ST                 
      1.40823731E-02    2      1000035         3                       # STL    -->  Z4SS   ST                 
      5.15637279E-01    2      1000021         3                       # STL    -->  GLSS   ST                 
      2.79292613E-01    2     -1000024         4                       # STL    -->  W1SS-  CH                 
      3.87946218E-02    2     -1000037         4                       # STL    -->  W2SS-  CH                 
#         PDG         Width
DECAY   1000004  3.02083206E+01   # CHL   decays
#          BR          NDA       ID1     ID2       ID3       ID4
      4.48571378E-03    2      1000022         4                       # CHL    -->  Z1SS   CH                 
      1.50336221E-01    2      1000023         4                       # CHL    -->  Z2SS   CH                 
      4.02134465E-04    2      1000025         4                       # CHL    -->  Z3SS   CH                 
      1.13359075E-02    2      1000035         4                       # CHL    -->  Z4SS   CH                 
      5.10917008E-01    2      1000021         4                       # CHL    -->  GLSS   CH                 
      3.04782569E-01    2      1000024         3                       # CHL    -->  W1SS+  ST                 
      1.77404080E-02    2      1000037         3                       # CHL    -->  W2SS+  ST                 
#         PDG         Width
DECAY   1000005  1.59695520E+01   # BT1   decays
#          BR          NDA       ID1     ID2       ID3       ID4
      4.44120131E-02    2      1000022         5                       # BT1    -->  Z1SS   BT                 
      5.60925566E-02    2      1000023         5                       # BT1    -->  Z2SS   BT                 
      1.61057916E-02    2      1000025         5                       # BT1    -->  Z3SS   BT                 
      5.18783601E-03    2      1000035         5                       # BT1    -->  Z4SS   BT                 
      6.81463897E-01    2      1000021         5                       # BT1    -->  GLSS   BT                 
      1.10272326E-01    2     -1000024         6                       # BT1    -->  W1SS-  TP                 
      8.63650888E-02    2     -1000037         6                       # BT1    -->  W2SS-  TP                 
      1.00501187E-04    2          -24   1000006                       # BT1    -->  W-     TP1                
#         PDG         Width
DECAY   1000006  2.29190693E+01   # TP1   decays
#          BR          NDA       ID1     ID2       ID3       ID4
      1.04092695E-01    2      1000022         6                       # TP1    -->  Z1SS   TP                 
      3.16913798E-02    2      1000023         6                       # TP1    -->  Z2SS   TP                 
      2.29359001E-01    2      1000025         6                       # TP1    -->  Z3SS   TP                 
      1.75125763E-01    2      1000035         6                       # TP1    -->  Z4SS   TP                 
      7.17278272E-02    2      1000024         5                       # TP1    -->  W1SS+  BT                 
      3.88003349E-01    2      1000037         5                       # TP1    -->  W2SS+  BT                 
#         PDG         Width
DECAY   2000002  1.44066067E+01   # UPR   decays
#          BR          NDA       ID1     ID2       ID3       ID4
      1.89714625E-01    2      1000022         2                       # UPR    -->  Z1SS   UP                 
      5.61541237E-04    2      1000023         2                       # UPR    -->  Z2SS   UP                 
      2.55054416E-04    2      1000025         2                       # UPR    -->  Z3SS   UP                 
      1.14195887E-03    2      1000035         2                       # UPR    -->  Z4SS   UP                 
      8.08326840E-01    2      1000021         2                       # UPR    -->  GLSS   UP                 
#         PDG         Width
DECAY   2000001  1.20118198E+01   # DNR   decays
#          BR          NDA       ID1     ID2       ID3       ID4
      5.66484518E-02    2      1000022         1                       # DNR    -->  Z1SS   DN                 
      1.67539591E-04    2      1000023         1                       # DNR    -->  Z2SS   DN                 
      7.59671238E-05    2      1000025         1                       # DNR    -->  Z3SS   DN                 
      3.40045517E-04    2      1000035         1                       # DNR    -->  Z4SS   DN                 
      9.42767978E-01    2      1000021         1                       # DNR    -->  GLSS   DN                 
#         PDG         Width
DECAY   2000003  1.20118198E+01   # STR   decays
#          BR          NDA       ID1     ID2       ID3       ID4
      5.66484518E-02    2      1000022         3                       # STR    -->  Z1SS   ST                 
      1.67539591E-04    2      1000023         3                       # STR    -->  Z2SS   ST                 
      7.59671238E-05    2      1000025         3                       # STR    -->  Z3SS   ST                 
      3.40045517E-04    2      1000035         3                       # STR    -->  Z4SS   ST                 
      9.42767978E-01    2      1000021         3                       # STR    -->  GLSS   ST                 
#         PDG         Width
DECAY   2000004  1.44064674E+01   # CHR   decays
#          BR          NDA       ID1     ID2       ID3       ID4
      1.89716101E-01    2      1000022         4                       # CHR    -->  Z1SS   CH                 
      5.61545545E-04    2      1000023         4                       # CHR    -->  Z2SS   CH                 
      2.55056249E-04    2      1000025         4                       # CHR    -->  Z3SS   CH                 
      1.14196714E-03    2      1000035         4                       # CHR    -->  Z4SS   CH                 
      8.08325350E-01    2      1000021         4                       # CHR    -->  GLSS   CH                 
#         PDG         Width
DECAY   2000005  3.52416573E+01   # BT2   decays
#          BR          NDA       ID1     ID2       ID3       ID4
      5.81066730E-03    2      1000022         5                       # BT2    -->  Z1SS   BT                 
      9.45846960E-02    2      1000023         5                       # BT2    -->  Z2SS   BT                 
      1.14687551E-02    2      1000025         5                       # BT2    -->  Z3SS   BT                 
      2.47757379E-02    2      1000035         5                       # BT2    -->  Z4SS   BT                 
      3.41790646E-01    2      1000021         5                       # BT2    -->  GLSS   BT                 
      1.85923994E-01    2     -1000024         6                       # BT2    -->  W1SS-  TP                 
      3.34664494E-01    2     -1000037         6                       # BT2    -->  W2SS-  TP                 
      9.80997924E-04    2          -24   1000006                       # BT2    -->  W-     TP1                
#         PDG         Width
DECAY   2000006  3.80728149E+01   # TP2   decays
#          BR          NDA       ID1     ID2       ID3       ID4
      2.95646906E-01    2      1000021         6                       # TP2    -->  GLSS   TP                 
      2.13527605E-01    2      1000024         5                       # TP2    -->  W1SS+  BT                 
      4.82937396E-02    2      1000037         5                       # TP2    -->  W2SS+  BT                 
      6.68823195E-04    2           23   1000006                       # TP2    -->  Z0     TP1                
      2.23934394E-03    2           25   1000006                       # TP2    -->  HL0    TP1                
      3.68153909E-03    2      1000022         6                       # TP2    -->  Z1SS   TP                 
      1.06692523E-01    2      1000023         6                       # TP2    -->  Z2SS   TP                 
      1.53612450E-01    2      1000025         6                       # TP2    -->  Z3SS   TP                 
      1.75637051E-01    2      1000035         6                       # TP2    -->  Z4SS   TP                 
#         PDG         Width
DECAY   1000011  1.33568525E+00   # EL-   decays
#          BR          NDA       ID1     ID2       ID3       ID4
      2.73039341E-01    2      1000022        11                       # EL-    -->  Z1SS   E-                 
      2.62793183E-01    2      1000023        11                       # EL-    -->  Z2SS   E-                 
      4.64167267E-01    2     -1000024        12                       # EL-    -->  W1SS-  NUE                
      1.09024555E-07    3      1000015        11       -15             # EL-    -->  TAU1-  E-     TAU+        
      1.03712480E-07    3     -1000015        11        15             # EL-    -->  TAU1+  E-     TAU-        
      2.71165201E-10    2           11   1000039                       # EL-    -->  E-     GVSS               
#         PDG         Width
DECAY   1000013  1.33568501E+00   # MUL-  decays
#          BR          NDA       ID1     ID2       ID3       ID4
      2.73039371E-01    2      1000022        13                       # MUL-   -->  Z1SS   MU-                
      2.62793064E-01    2      1000023        13                       # MUL-   -->  Z2SS   MU-                
      4.64167356E-01    2     -1000024        14                       # MUL-   -->  W1SS-  NUM                
      1.09024569E-07    3      1000015        13       -15             # MUL-   -->  TAU1-  MU-    TAU+        
      1.03712502E-07    3     -1000015        13        15             # MUL-   -->  TAU1+  MU-    TAU-        
      2.71165201E-10    2           13   1000039                       # MUL-   -->  MU-    GVSS               
#         PDG         Width
DECAY   1000015  1.29005209E-01   # TAU1- decays
#          BR          NDA       ID1     ID2       ID3       ID4
      1.00000000E+00    2      1000022        15                       # TAU1-  -->  Z1SS   TAU-               
      6.51471099E-11    2           15   1000039                       # TAU1-  -->  TAU-   GVSS               
#         PDG         Width
DECAY   1000012  1.22403228E+00   # NUEL  decays
#          BR          NDA       ID1     ID2       ID3       ID4
      3.36407810E-01    2      1000022        12                       # NUEL   -->  Z1SS   NUE                
      2.07541540E-01    2      1000023        12                       # NUEL   -->  Z2SS   NUE                
      4.56049442E-01    2      1000024        11                       # NUEL   -->  W1SS+  E-                 
      1.87140117E-07    3      1000015        12       -15             # NUEL   -->  TAU1-  NUE    TAU+        
      1.25647489E-07    3     -1000015        12        15             # NUEL   -->  TAU1+  NUE    TAU-        
      9.00336602E-07    3     -1000015        11        16             # NUEL   -->  TAU1+  E-     NUT         
      2.54068683E-10    2           12   1000039                       # NUEL   -->  NUE    GVSS               
#         PDG         Width
DECAY   1000014  1.22403193E+00   # NUML  decays
#          BR          NDA       ID1     ID2       ID3       ID4
      3.36407930E-01    2      1000022        14                       # NUML   -->  Z1SS   NUM                
      2.07541615E-01    2      1000023        14                       # NUML   -->  Z2SS   NUM                
      4.56049234E-01    2      1000024        13                       # NUML   -->  W1SS+  MU-                
      1.87140174E-07    3      1000015        14       -15             # NUML   -->  TAU1-  NUM    TAU+        
      1.25647531E-07    3     -1000015        14        15             # NUML   -->  TAU1+  NUM    TAU-        
      9.00730129E-07    3     -1000015        13        16             # NUML   -->  TAU1+  MU-    NUT         
      2.54068766E-10    2           14   1000039                       # NUML   -->  NUM    GVSS               
#         PDG         Width
DECAY   1000016  1.32876492E+00   # NUTL  decays
#          BR          NDA       ID1     ID2       ID3       ID4
      3.08903515E-01    2      1000022        16                       # NUTL   -->  Z1SS   NUT                
      1.88814759E-01    2      1000023        16                       # NUTL   -->  Z2SS   NUT                
      4.16942388E-01    2      1000024        15                       # NUTL   -->  W1SS+  TAU-               
      8.53389502E-02    2           24   1000015                       # NUTL   -->  W+     TAU1-              
      2.68971974E-07    3     -1000015        16        15             # NUTL   -->  TAU1+  NUT    TAU-        
      1.13696849E-07    3      1000015        16       -15             # NUTL   -->  TAU1-  NUT    TAU+        
      2.31877198E-10    2           16   1000039                       # NUTL   -->  NUT    GVSS               
#         PDG         Width
DECAY   2000011  1.69338331E-01   # ER-   decays
#          BR          NDA       ID1     ID2       ID3       ID4
      1.00000000E+00    2      1000022        11                       # ER-    -->  Z1SS   E-                 
      2.82176727E-14    3      1000015        11       -15             # ER-    -->  TAU1-  E-     TAU+        
      2.06340258E-14    3     -1000015        11        15             # ER-    -->  TAU1+  E-     TAU-        
      4.37055417E-20    3      1000015        12       -16             # ER-    -->  TAU1-  NUE    ANUT        
      5.92977473E-11    2           11   1000039                       # ER-    -->  E-     GVSS               
#         PDG         Width
DECAY   2000013  1.69337898E-01   # MUR-  decays
#          BR          NDA       ID1     ID2       ID3       ID4
      1.00000000E+00    2      1000022        13                       # MUR-   -->  Z1SS   MU-                
      2.82180946E-14    3      1000015        13       -15             # MUR-   -->  TAU1-  MU-    TAU+        
      2.06343443E-14    3     -1000015        13        15             # MUR-   -->  TAU1+  MU-    TAU-        
      1.85900714E-15    3      1000015        14       -16             # MUR-   -->  TAU1-  NUM    ANUT        
      5.92978583E-11    2           13   1000039                       # MUR-   -->  MU-    GVSS               
#         PDG         Width
DECAY   2000015  1.46845365E+00   # TAU2- decays
#          BR          NDA       ID1     ID2       ID3       ID4
      2.52153069E-01    2      1000022        15                       # TAU2-  -->  Z1SS   TAU-               
      2.35719904E-01    2      1000023        15                       # TAU2-  -->  Z2SS   TAU-               
      4.13398504E-01    2     -1000024        16                       # TAU2-  -->  W1SS-  NUT                
      4.36737798E-02    2           23   1000015                       # TAU2-  -->  Z0     TAU1-              
      5.50547540E-02    2           25   1000015                       # TAU2-  -->  HL0    TAU1-              
#         PDG         Width
DECAY   1000022  2.27021223E-12   # Z1SS  decays
#          BR          NDA       ID1     ID2       ID3       ID4
      9.11151230E-01    2      1000039        22                       # Z1SS   -->  GVSS   GM                 
      1.91478096E-02    3      1000039        11       -11             # Z1SS   -->  GVSS   E-     E+          
      6.96563870E-02    2      1000039        23                       # Z1SS   -->  GVSS   Z0                 
      4.45984188E-05    2      1000039        25                       # Z1SS   -->  GVSS   HL0                
#         PDG         Width
DECAY   1000023  3.66809070E-02   # Z2SS  decays
#          BR          NDA       ID1     ID2       ID3       ID4
      2.46190780E-06    2      1000022        22                       # Z2SS   -->  Z1SS   GM                 
      5.88101670E-02    2      1000022        23                       # Z2SS   -->  Z1SS   Z0                 
      2.42398784E-07    3      1000022         2        -2             # Z2SS   -->  Z1SS   UP     UB          
      3.70962425E-07    3      1000022         1        -1             # Z2SS   -->  Z1SS   DN     DB          
      3.70962425E-07    3      1000022         3        -3             # Z2SS   -->  Z1SS   ST     SB          
      2.42398215E-07    3      1000022         4        -4             # Z2SS   -->  Z1SS   CH     CB          
      2.01845637E-06    3      1000022         5        -5             # Z2SS   -->  Z1SS   BT     BB          
      1.61848860E-04    3      1000022        11       -11             # Z2SS   -->  Z1SS   E-     E+          
      1.61848860E-04    3      1000022        13       -13             # Z2SS   -->  Z1SS   MU-    MU+         
      1.59003612E-04    3      1000022        15       -15             # Z2SS   -->  Z1SS   TAU-   TAU+        
      2.04065160E-04    3      1000022        12       -12             # Z2SS   -->  Z1SS   NUE    ANUE        
      2.04065160E-04    3      1000022        14       -14             # Z2SS   -->  Z1SS   NUM    ANUM        
      2.06499550E-04    3      1000022        16       -16             # Z2SS   -->  Z1SS   NUT    ANUT        
      4.58331019E-01    2      1000022        25                       # Z2SS   -->  Z1SS   HL0                
      2.31973846E-02    2      2000011       -11                       # Z2SS   -->  ER-    E+                 
      2.31973846E-02    2     -2000011        11                       # Z2SS   -->  ER+    E-                 
      2.31973734E-02    2      2000013       -13                       # Z2SS   -->  MUR-   MU+                
      2.31973734E-02    2     -2000013        13                       # Z2SS   -->  MUR+   MU-                
      1.94483131E-01    2      1000015       -15                       # Z2SS   -->  TAU1-  TAU+               
      1.94483131E-01    2     -1000015        15                       # Z2SS   -->  TAU1+  TAU-               
      5.74431669E-10    2      1000039        22                       # Z2SS   -->  GVSS   GM                 
      1.27147312E-11    3      1000039        11       -11             # Z2SS   -->  GVSS   E-     E+          
      1.06270726E-09    2      1000039        23                       # Z2SS   -->  GVSS   Z0                 
      1.54731072E-11    2      1000039        25                       # Z2SS   -->  GVSS   HL0                
#         PDG         Width
DECAY   1000025  1.94938707E+00   # Z3SS  decays
#          BR          NDA       ID1     ID2       ID3       ID4
      2.97813223E-08    2      1000022        22                       # Z3SS   -->  Z1SS   GM                 
      5.71409828E-07    2      1000023        22                       # Z3SS   -->  Z2SS   GM                 
      2.84799278E-01    2      1000024       -24                       # Z3SS   -->  W1SS+  W-                 
      2.84799278E-01    2     -1000024        24                       # Z3SS   -->  W1SS-  W+                 
      1.37537524E-01    2      1000022        23                       # Z3SS   -->  Z1SS   Z0                 
      2.17892006E-01    2      1000023        23                       # Z3SS   -->  Z2SS   Z0                 
      1.51556689E-09    3      1000022         2        -2             # Z3SS   -->  Z1SS   UP     UB          
      5.36043876E-10    3      1000022         1        -1             # Z3SS   -->  Z1SS   DN     DB          
      5.36043876E-10    3      1000022         3        -3             # Z3SS   -->  Z1SS   ST     SB          
      1.51556390E-09    3      1000022         4        -4             # Z3SS   -->  Z1SS   CH     CB          
      2.43002114E-06    3      1000022         5        -5             # Z3SS   -->  Z1SS   BT     BB          
      3.94843255E-07    3      1000022        15       -15             # Z3SS   -->  Z1SS   TAU-   TAU+        
      4.27315711E-10    3      1000023         2        -2             # Z3SS   -->  Z2SS   UP     UB          
      6.69516331E-10    3      1000023         1        -1             # Z3SS   -->  Z2SS   DN     DB          
      6.69516331E-10    3      1000023         3        -3             # Z3SS   -->  Z2SS   ST     SB          
      4.27314600E-10    3      1000023         4        -4             # Z3SS   -->  Z2SS   CH     CB          
      4.07166567E-07    3      1000023         5        -5             # Z3SS   -->  Z2SS   BT     BB          
      6.08107769E-08    3      1000023        15       -15             # Z3SS   -->  Z2SS   TAU-   TAU+        
      2.44379826E-02    2      1000022        25                       # Z3SS   -->  Z1SS   HL0                
      5.59841841E-03    2      1000023        25                       # Z3SS   -->  Z2SS   HL0                
      4.20897923E-05    2      1000011       -11                       # Z3SS   -->  EL-    E+                 
      4.20897923E-05    2     -1000011        11                       # Z3SS   -->  EL+    E-                 
      4.20897377E-05    2      1000013       -13                       # Z3SS   -->  MUL-   MU+                
      4.20897377E-05    2     -1000013        13                       # Z3SS   -->  MUL+   MU-                
      7.62394222E-04    2      2000011       -11                       # Z3SS   -->  ER-    E+                 
      7.62394222E-04    2     -2000011        11                       # Z3SS   -->  ER+    E-                 
      7.62394106E-04    2      2000013       -13                       # Z3SS   -->  MUR-   MU+                
      7.62394106E-04    2     -2000013        13                       # Z3SS   -->  MUR+   MU-                
      1.83906872E-02    2      1000015       -15                       # Z3SS   -->  TAU1-  TAU+               
      1.83906872E-02    2     -1000015        15                       # Z3SS   -->  TAU1+  TAU-               
      1.58514373E-03    2      2000015       -15                       # Z3SS   -->  TAU2-  TAU+               
      1.58514373E-03    2     -2000015        15                       # Z3SS   -->  TAU2+  TAU-               
      2.91756762E-04    2      1000012       -12                       # Z3SS   -->  NUEL   ANUE               
      2.91756762E-04    2     -1000012        12                       # Z3SS   -->  ANUEL  NUE                
      2.91756762E-04    2      1000014       -14                       # Z3SS   -->  NUML   ANUM               
      2.91756762E-04    2     -1000014        14                       # Z3SS   -->  ANUML  NUM                
      2.97491177E-04    2      1000016       -16                       # Z3SS   -->  NUTL   ANUT               
      2.97491177E-04    2     -1000016        16                       # Z3SS   -->  ANUTL  NUT                
      1.81791160E-14    2      1000039        22                       # Z3SS   -->  GVSS   GM                 
      4.15269258E-16    3      1000039        11       -11             # Z3SS   -->  GVSS   E-     E+          
      6.93798699E-11    2      1000039        23                       # Z3SS   -->  GVSS   Z0                 
      8.10953318E-11    2      1000039        25                       # Z3SS   -->  GVSS   HL0                
#         PDG         Width
DECAY   1000035  2.23869157E+00   # Z4SS  decays
#          BR          NDA       ID1     ID2       ID3       ID4
      6.06672756E-09    2      1000022        22                       # Z4SS   -->  Z1SS   GM                 
      2.30687547E-07    2      1000023        22                       # Z4SS   -->  Z2SS   GM                 
      2.98706437E-09    2      1000025        22                       # Z4SS   -->  Z3SS   GM                 
      2.72535324E-01    2      1000024       -24                       # Z4SS   -->  W1SS+  W-                 
      2.72535324E-01    2     -1000024        24                       # Z4SS   -->  W1SS-  W+                 
      2.39423811E-02    2      1000022        23                       # Z4SS   -->  Z1SS   Z0                 
      1.33050419E-02    2      1000023        23                       # Z4SS   -->  Z2SS   Z0                 
      2.66896247E-08    3      1000022         2        -2             # Z4SS   -->  Z1SS   UP     UB          
      2.48216718E-08    3      1000022         1        -1             # Z4SS   -->  Z1SS   DN     DB          
      2.48216718E-08    3      1000022         3        -3             # Z4SS   -->  Z1SS   ST     SB          
      2.66895643E-08    3      1000022         4        -4             # Z4SS   -->  Z1SS   CH     CB          
      2.00372233E-06    3      1000022         5        -5             # Z4SS   -->  Z1SS   BT     BB          
      3.23023784E-07    3      1000022        15       -15             # Z4SS   -->  Z1SS   TAU-   TAU+        
      4.80108611E-08    3      1000023         2        -2             # Z4SS   -->  Z2SS   UP     UB          
      5.65326594E-08    3      1000023         1        -1             # Z4SS   -->  Z2SS   DN     DB          
      5.65326594E-08    3      1000023         3        -3             # Z4SS   -->  Z2SS   ST     SB          
      4.80107403E-08    3      1000023         4        -4             # Z4SS   -->  Z2SS   CH     CB          
      4.36038931E-07    3      1000023         5        -5             # Z4SS   -->  Z2SS   BT     BB          
      5.49154784E-08    3      1000023        15       -15             # Z4SS   -->  Z2SS   TAU-   TAU+        
      8.73914630E-08    3      1000025         2        -2             # Z4SS   -->  Z3SS   UP     UB          
      1.12738306E-07    3      1000025         1        -1             # Z4SS   -->  Z3SS   DN     DB          
      1.12738306E-07    3      1000025         3        -3             # Z4SS   -->  Z3SS   ST     SB          
      8.73914630E-08    3      1000025         4        -4             # Z4SS   -->  Z3SS   CH     CB          
      4.53655957E-08    3      1000025         5        -5             # Z4SS   -->  Z3SS   BT     BB          
      2.55687134E-08    3      1000025        11       -11             # Z4SS   -->  Z3SS   E-     E+          
      2.55687134E-08    3      1000025        13       -13             # Z4SS   -->  Z3SS   MU-    MU+         
      2.23781615E-08    3      1000025        15       -15             # Z4SS   -->  Z3SS   TAU-   TAU+        
      5.08737017E-08    3      1000025        12       -12             # Z4SS   -->  Z3SS   NUE    ANUE        
      5.08737017E-08    3      1000025        14       -14             # Z4SS   -->  Z3SS   NUM    ANUM        
      5.08737017E-08    3      1000025        16       -16             # Z4SS   -->  Z3SS   NUT    ANUT        
      1.06199086E-01    2      1000022        25                       # Z4SS   -->  Z1SS   HL0                
      2.11229607E-01    2      1000023        25                       # Z4SS   -->  Z2SS   HL0                
      2.54903780E-03    2      1000011       -11                       # Z4SS   -->  EL-    E+                 
      2.54903780E-03    2     -1000011        11                       # Z4SS   -->  EL+    E-                 
      2.54903571E-03    2      1000013       -13                       # Z4SS   -->  MUL-   MU+                
      2.54903571E-03    2     -1000013        13                       # Z4SS   -->  MUL+   MU-                
      3.26024508E-03    2      2000011       -11                       # Z4SS   -->  ER-    E+                 
      3.26024508E-03    2     -2000011        11                       # Z4SS   -->  ER+    E-                 
      3.26024485E-03    2      2000013       -13                       # Z4SS   -->  MUR-   MU+                
      3.26024485E-03    2     -2000013        13                       # Z4SS   -->  MUR+   MU-                
      1.43846599E-02    2      1000015       -15                       # Z4SS   -->  TAU1-  TAU+               
      1.43846599E-02    2     -1000015        15                       # Z4SS   -->  TAU1+  TAU-               
      4.60465578E-03    2      2000015       -15                       # Z4SS   -->  TAU2-  TAU+               
      4.60465578E-03    2     -2000015        15                       # Z4SS   -->  TAU2+  TAU-               
      6.47215219E-03    2      1000012       -12                       # Z4SS   -->  NUEL   ANUE               
      6.47215219E-03    2     -1000012        12                       # Z4SS   -->  ANUEL  NUE                
      6.47215219E-03    2      1000014       -14                       # Z4SS   -->  NUML   ANUM               
      6.47215219E-03    2     -1000014        14                       # Z4SS   -->  ANUML  NUM                
      6.57241885E-03    2      1000016       -16                       # Z4SS   -->  NUTL   ANUT               
      6.57241885E-03    2     -1000016        16                       # Z4SS   -->  ANUTL  NUT                
      1.76596151E-12    2      1000039        22                       # Z4SS   -->  GVSS   GM                 
      4.04441359E-14    3      1000039        11       -11             # Z4SS   -->  GVSS   E-     E+          
      1.17494514E-10    2      1000039        23                       # Z4SS   -->  GVSS   Z0                 
      6.04016143E-11    2      1000039        25                       # Z4SS   -->  GVSS   HL0                
#         PDG         Width
DECAY   1000024  3.40295918E-02   # W1SS+ decays
#          BR          NDA       ID1     ID2       ID3       ID4
      6.44418321E-07    3      1000022         2        -1             # W1SS+  -->  Z1SS   UP     DB          
      6.44417696E-07    3      1000022         4        -3             # W1SS+  -->  Z1SS   CH     SB          
      4.02525009E-04    3      1000022       -11        12             # W1SS+  -->  Z1SS   E+     NUE         
      4.02525009E-04    3      1000022       -13        14             # W1SS+  -->  Z1SS   MU+    NUM         
      4.02396370E-04    3      1000022       -15        16             # W1SS+  -->  Z1SS   TAU+   NUT         
      6.18186891E-01    2      1000022        24                       # W1SS+  -->  Z1SS   W+                 
      4.39176392E-13    3      1000023       -11        12             # W1SS+  -->  Z2SS   E+     NUE         
      4.39176392E-13    3      1000023       -13        14             # W1SS+  -->  Z2SS   MU+    NUM         
      3.80604386E-01    2     -1000015        16                       # W1SS+  -->  TAU1+  NUT                
#         PDG         Width
DECAY   1000037  2.31668091E+00   # W2SS+ decays
#          BR          NDA       ID1     ID2       ID3       ID4
      3.84161183E-08    3      1000022         2        -1             # W2SS+  -->  Z1SS   UP     DB          
      3.84160899E-08    3      1000022         4        -3             # W2SS+  -->  Z1SS   CH     SB          
      2.40613616E-07    3      1000022       -15        16             # W2SS+  -->  Z1SS   TAU+   NUT         
      1.03728868E-01    2      1000022        24                       # W2SS+  -->  Z1SS   W+                 
      4.18781951E-08    3      1000023         2        -1             # W2SS+  -->  Z2SS   UP     DB          
      4.18781738E-08    3      1000023         4        -3             # W2SS+  -->  Z2SS   CH     SB          
      1.09651907E-07    3      1000023       -15        16             # W2SS+  -->  Z2SS   TAU+   NUT         
      3.37704927E-01    2      1000023        24                       # W2SS+  -->  Z2SS   W+                 
      2.80922364E-07    3      1000025         2        -1             # W2SS+  -->  Z3SS   UP     DB          
      2.80922364E-07    3      1000025         4        -3             # W2SS+  -->  Z3SS   CH     SB          
      9.36348243E-08    3      1000025       -11        12             # W2SS+  -->  Z3SS   E+     NUE         
      9.36348243E-08    3      1000025       -13        14             # W2SS+  -->  Z3SS   MU+    NUM         
      9.36349664E-08    3      1000025       -15        16             # W2SS+  -->  Z3SS   TAU+   NUT         
      6.47538481E-03    2      1000012       -11                       # W2SS+  -->  NUEL   E+                 
      6.47538062E-03    2      1000014       -13                       # W2SS+  -->  NUML   MU+                
      1.07557820E-02    2      1000016       -15                       # W2SS+  -->  NUTL   TAU+               
      1.06804315E-02    2     -1000011        12                       # W2SS+  -->  EL+    NUE                
      1.06804315E-02    2     -1000013        14                       # W2SS+  -->  MUL+   NUM                
      2.09216550E-02    2     -1000015        16                       # W2SS+  -->  TAU1+  NUT                
      1.15774991E-02    2     -2000015        16                       # W2SS+  -->  TAU2+  NUT                
      2.68489927E-01    2      1000024        23                       # W2SS+  -->  W1SS+  Z0                 
      4.92141936E-08    3      1000024         1        -1             # W2SS+  -->  W1SS+  DN     DB          
      4.92140728E-08    3      1000024         3        -3             # W2SS+  -->  W1SS+  ST     SB          
      9.76225039E-08    3      1000024         2        -2             # W2SS+  -->  W1SS+  UP     UB          
      9.76225039E-08    3      1000024         4        -4             # W2SS+  -->  W1SS+  CH     CB          
      2.12508082E-01    2      1000024        25                       # W2SS+  -->  W1SS+  HL0                
#         PDG         Width
DECAY        25  5.30147785E-03   # HL0   decays
#          BR          NDA       ID1     ID2       ID3       ID4
      4.12576417E-09    2           11       -11                       # HL0    -->  E-     E+                 
      1.74196350E-04    2           13       -13                       # HL0    -->  MU-    MU+                
      4.98226359E-02    2           15       -15                       # HL0    -->  TAU-   TAU+               
      5.17752505E-06    2            1        -1                       # HL0    -->  DN     DB                 
      2.09197938E-03    2            3        -3                       # HL0    -->  ST     SB                 
      8.26091766E-01    2            5        -5                       # HL0    -->  BT     BB                 
      1.49364553E-06    2            2        -2                       # HL0    -->  UP     UB                 
      3.74585055E-02    2            4        -4                       # HL0    -->  CH     CB                 
      1.45264494E-03    2           22        22                       # HL0    -->  GM     GM                 
      3.10681388E-02    2           21        21                       # HL0    -->  GL     GL                 
      2.66934023E-03    3           24        11       -12             # HL0    -->  W+     E-     ANUE        
      2.66934023E-03    3           24        13       -14             # HL0    -->  W+     MU-    ANUM        
      2.66934023E-03    3           24        15       -16             # HL0    -->  W+     TAU-   ANUT        
      8.00802093E-03    3           24        -2         1             # HL0    -->  W+     UB     DN          
      8.00802093E-03    3           24        -4         3             # HL0    -->  W+     CB     ST          
      2.66934023E-03    3          -24       -11        12             # HL0    -->  W-     E+     NUE         
      2.66934023E-03    3          -24       -13        14             # HL0    -->  W-     MU+    NUM         
      2.66934023E-03    3          -24       -15        16             # HL0    -->  W-     TAU+   NUT         
      8.00802093E-03    3          -24         2        -1             # HL0    -->  W-     UP     DB          
      8.00802093E-03    3          -24         4        -3             # HL0    -->  W-     CH     SB          
      2.58876971E-04    3           23        12       -12             # HL0    -->  Z0     NUE    ANUE        
      2.58876971E-04    3           23        14       -14             # HL0    -->  Z0     NUM    ANUM        
      2.58876971E-04    3           23        16       -16             # HL0    -->  Z0     NUT    ANUT        
      1.30290180E-04    3           23        11       -11             # HL0    -->  Z0     E-     E+          
      1.30290180E-04    3           23        13       -13             # HL0    -->  Z0     MU-    MU+         
      1.30290180E-04    3           23        15       -15             # HL0    -->  Z0     TAU-   TAU+        
      4.46363119E-04    3           23         2        -2             # HL0    -->  Z0     UP     UB          
      4.46363119E-04    3           23         4        -4             # HL0    -->  Z0     CH     CB          
      5.75025682E-04    3           23         1        -1             # HL0    -->  Z0     DN     DB          
      5.75025682E-04    3           23         3        -3             # HL0    -->  Z0     ST     SB          
      5.75025682E-04    3           23         5        -5             # HL0    -->  Z0     BT     BB          
#         PDG         Width
DECAY        35  2.26696610E+00   # HH0   decays
#          BR          NDA       ID1     ID2       ID3       ID4
      1.06747153E-08    2           11       -11                       # HH0    -->  E-     E+                 
      4.50705644E-04    2           13       -13                       # HH0    -->  MU-    MU+                
      1.29082933E-01    2           15       -15                       # HH0    -->  TAU-   TAU+               
      1.31291490E-05    2            1        -1                       # HH0    -->  DN     DB                 
      5.30484039E-03    2            3        -3                       # HH0    -->  ST     SB                 
      7.89100230E-01    2            5        -5                       # HH0    -->  BT     BB                 
      9.20362050E-11    2            2        -2                       # HH0    -->  UP     UB                 
      1.83162774E-06    2            4        -4                       # HH0    -->  CH     CB                 
      5.27607761E-02    2            6        -6                       # HH0    -->  TP     TB                 
      4.24520778E-07    2           22        22                       # HH0    -->  GM     GM                 
      5.41698828E-05    2           21        21                       # HH0    -->  GL     GL                 
      4.11468587E-04    2           24       -24                       # HH0    -->  W+     W-                 
      2.05468808E-04    2           23        23                       # HH0    -->  Z0     Z0                 
      4.89220768E-03    2      1000022   1000022                       # HH0    -->  Z1SS   Z1SS               
      1.62442699E-02    2      1000022   1000023                       # HH0    -->  Z1SS   Z2SS               
      1.34104630E-03    2           25        25                       # HH0    -->  HL0    HL0                
      4.78930742E-05    2      2000011  -2000011                       # HH0    -->  ER-    ER+                
      4.78335969E-05    2      2000013  -2000013                       # HH0    -->  MUR-   MUR+               
      4.07867119E-05    2      1000015  -1000015                       # HH0    -->  TAU1-  TAU1+              
#         PDG         Width
DECAY        36  2.34400845E+00   # HA0   decays
#          BR          NDA       ID1     ID2       ID3       ID4
      1.02591819E-08    2           11       -11                       # HA0    -->  E-     E+                 
      4.33161127E-04    2           13       -13                       # HA0    -->  MU-    MU+                
      1.24062009E-01    2           15       -15                       # HA0    -->  TAU-   TAU+               
      1.26188488E-05    2            1        -1                       # HA0    -->  DN     DB                 
      5.09865349E-03    2            3        -3                       # HA0    -->  ST     SB                 
      7.58520663E-01    2            5        -5                       # HA0    -->  BT     BB                 
      7.97556812E-11    2            2        -2                       # HA0    -->  UP     UB                 
      1.58856301E-06    2            4        -4                       # HA0    -->  CH     CB                 
      6.33948296E-02    2            6        -6                       # HA0    -->  TP     TB                 
      3.60278960E-07    2           22        22                       # HA0    -->  GM     GM                 
      7.74729851E-05    2           21        21                       # HA0    -->  GL     GL                 
      7.14220153E-03    2      1000022   1000022                       # HA0    -->  Z1SS   Z1SS               
      4.08904962E-02    2      1000022   1000023                       # HA0    -->  Z1SS   Z2SS               
      3.65410728E-04    2           25        23                       # HA0    -->  HL0    Z0                 
      4.92517984E-07    2      1000015  -1000015                       # HA0    -->  TAU1-  TAU1+              
#         PDG         Width
DECAY        37  1.97762883E+00   # H+    decays
#          BR          NDA       ID1     ID2       ID3       ID4
      1.23407649E-08    2           12       -11                       # H+     -->  NUE    E+                 
      5.21049311E-04    2           14       -13                       # H+     -->  NUM    MU+                
      1.49234220E-01    2           16       -15                       # H+     -->  NUT    TAU+               
      1.38961559E-05    2            2        -1                       # H+     -->  UP     DB                 
      5.61640924E-03    2            4        -3                       # H+     -->  CH     SB                 
      7.77060509E-01    2            6        -5                       # H+     -->  TP     BB                 
      6.70809597E-02    2      1000024   1000022                       # H+     -->  W1SS+  Z1SS               
      4.56193520E-04    2           25        24                       # H+     -->  HL0    W+                 
      1.67610597E-05    2     -1000015   1000016                       # H+     -->  TAU1+  NUTL               
