#
#                              ======================
#                              | THE SUSYHIT OUTPUT |
#                              ======================
#
#
#              ------------------------------------------------------
#              |     This is the output of the SUSY-HIT package     |
#              |  created by A.Djouadi, M.Muehlleitner and M.Spira. |
#              |  In case of problems with SUSY-HIT email to        |
#              |           margarete.muehlleitner@cern.ch           |
#              |           michael.spira@psi.ch                     |
#              |           abdelhak.djouadi@cern.ch                 |
#              ------------------------------------------------------
#
#              ------------------------------------------------------
#              |  SUSY Les Houches Accord - MSSM Spectrum + Decays  |
#              |              based on the decay programs           |
#              |                                                    |
#              |                     SDECAY 1.2                     |
#              |                                                    |
#              |  Authors: M.Muhlleitner, A.Djouadi and Y.Mambrini  |
#              |  Ref.:    Comput.Phys.Commun.168(2005)46           |
#              |           [hep-ph/0311167]                         |
#              |                                                    |
#              |                     HDECAY 3.200                   |
#              |                                                    |
#              |  By: A.Djouadi,J.Kalinowski,M.Muhlleitner,M.Spira  |
#              |  Ref.:    Comput.Phys.Commun.108(1998)56           |
#              |           [hep-ph/9704448]                         |
#              |                                                    |
#              |                                                    |
#              |  If not stated otherwise all DRbar couplings and   |
#              |  soft SUSY breaking masses are given at the scale  |
#              |  Q=  0.22312505E+04
#              |                                                    |
#              ------------------------------------------------------
#
#  CMS point: LM10
#  This point could also be used as LM7'.  LM7 and LM10 are the same except their m1/2s:
#  m1/2(LM7) = 230, m1/2(LM10) = 500.  LM7 has no EWSB at mt = 172.  It achieves EWSB
#  only at m1/2 = 488.  Therefore there is no need to define two seperate points.
#
#  Charged lepton ID signs in the HDECAY (last 4) blocks are corrected by Sezen (by hand) 02/07/07
#  A0 value added to block MINPAR by Sezen (by hand) since SUSYHIT does not write A0 values for A0 = 0
#  04/07/07
#
BLOCK DCINFO  # Decay Program information
     1   SDECAY/HDECAY # decay calculator
     2   1.2   /3.200  # version number
#
BLOCK SPINFO  # Spectrum calculator information
     1   ISASUGRA from ISAJET          # Spectrum Calculato
     2   7.75   14-FEB-2007 10:44:07   # Version number    
#
BLOCK MODSEL  # Model selection
     1     1   # # Minimal supergravity (mSUGRA,CMSSM) model       
#
BLOCK SMINPUTS  # Standard Model inputs
         1     1.27838699E+02   # alpha_em^-1(M_Z)^MSbar
         2     1.16639003E-05   # G_F [GeV^-2]
         3     1.17200002E-01   # alpha_S(M_Z)^MSbar
         4     9.11875992E+01   # M_Z pole mass
         5     4.19999981E+00   # mb(mb)^MSbar
         6     1.72500000E+02   # mt pole mass
         7     1.77699995E+00   # mtau pole mass
#
BLOCK MINPAR  # Input parameters - minimal models
         1     3.00000000E+03   # m_0                 
         2     5.00000000E+02   # m_{1                
         3     1.00000000E+01   # tan(beta)           
         4     1.00000000E+00   # sign(mu)            
         5     0.00000000E+00   # A0
#
BLOCK MASS  # Mass Spectrum
# PDG code           mass       particle
        24     8.04229965E+01   # W+
        25     1.16342171E+02   # h
        35     2.99376147E+03   # H
        36     2.97470630E+03   # A
        37     2.99483545E+03   # H+
         5     4.82427387E+00   # b-quark pole mass calculated from mb(mb)_Msbar
   1000001     3.13619263E+03   # ~d_L
   2000001     3.13575391E+03   # ~d_R
   1000002     3.13516968E+03   # ~u_L
   2000002     3.13515430E+03   # ~u_R
   1000003     3.13619263E+03   # ~s_L
   2000003     3.13575391E+03   # ~s_R
   1000004     3.13516968E+03   # ~c_L
   2000004     3.13515430E+03   # ~c_R
   1000005     2.61442944E+03   # ~b_1
   2000005     3.10770093E+03   # ~b_2
   1000006     1.94416064E+03   # ~t_1
   2000006     2.62601196E+03   # ~t_2
   1000011     3.01208203E+03   # ~e_L
   2000011     3.00253882E+03   # ~e_R
   1000012     3.01192432E+03   # ~nu_eL
   1000013     3.01208203E+03   # ~mu_L
   2000013     3.00253882E+03   # ~mu_R
   1000014     3.01192432E+03   # ~nu_muL
   1000015     2.97815625E+03   # ~tau_1
   2000015     2.99953174E+03   # ~tau_2
   1000016     2.99992139E+03   # ~nu_tauL
   1000021     1.30133557E+03   # ~g
   1000022     9.66251068E+01   # ~chi_10
   1000023    -1.23467415E+02   # ~chi_20
   1000025     2.22079971E+02   # ~chi_30
   1000035     4.35178467E+02   # ~chi_40
   1000024     1.13059059E+02   # ~chi_1+
   1000037     4.25727692E+02   # ~chi_2+
#
BLOCK NMIX  # Neutralino Mixing Matrix
  1  1     2.55011350E-01   # N_11
  1  2    -1.74419850E-01   # N_12
  1  3     7.20190525E-01   # N_13
  1  4    -6.21186376E-01   # N_14
  2  1     8.32141563E-02   # N_21
  2  2    -8.88080820E-02   # N_22
  2  3    -6.77023113E-01   # N_23
  2  4    -7.25829184E-01   # N_24
  3  1    -9.62476075E-01   # N_31
  3  2    -9.55079719E-02   # N_32
  3  3     1.28883660E-01   # N_33
  3  4    -2.18876556E-01   # N_34
  4  1     4.10400853E-02   # N_41
  4  2    -9.75996315E-01   # N_42
  4  3    -7.97132626E-02   # N_43
  4  4     1.98475063E-01   # N_44
#
BLOCK UMIX  # Chargino Mixing Matrix U
  1  1    -1.08404718E-01   # U_11
  1  2     9.94106829E-01   # U_12
  2  1    -9.94106829E-01   # U_21
  2  2    -1.08404718E-01   # U_22
#
BLOCK VMIX  # Chargino Mixing Matrix V
  1  1    -2.79223979E-01   # V_11
  1  2     9.60225999E-01   # V_12
  2  1    -9.60225999E-01   # V_21
  2  2    -2.79223979E-01   # V_22
#
BLOCK STOPMIX  # Stop Mixing Matrix
  1  1     3.19538116E-02   # cos(theta_t)
  1  2    -9.99489347E-01   # sin(theta_t)
  2  1     9.99489347E-01   # -sin(theta_t)
  2  2     3.19538116E-02   # cos(theta_t)
#
BLOCK SBOTMIX  # Sbottom Mixing Matrix
  1  1     9.99990642E-01   # cos(theta_b)
  1  2    -4.32618913E-03   # sin(theta_b)
  2  1     4.32618913E-03   # -sin(theta_b)
  2  2     9.99990642E-01   # cos(theta_b)
#
BLOCK STAUMIX  # Stau Mixing Matrix
  1  1     5.86614572E-02   # cos(theta_tau)
  1  2    -9.98277934E-01   # sin(theta_tau)
  2  1     9.98277934E-01   # -sin(theta_tau)
  2  2     5.86614572E-02   # cos(theta_tau)
#
BLOCK ALPHA  # Higgs mixing
          -9.99098271E-02   # Mixing angle in the neutral Higgs boson sector
#
BLOCK HMIX Q=  2.23125049E+03  # DRbar Higgs Parameters
         1     1.13922676E+02   # mu(Q)               
         2     1.00000000E+01   # tan(beta)(M_{GUT})  
         3     2.51791504E+02   # Higgs               
         4     8.84887800E+06   # m_A^2(Q)            
#
BLOCK GAUGE Q=  2.23125049E+03  # The gauge couplings
     1     3.57515872E-01   # gprime(Q) DRbar
     2     6.52407050E-01   # g(Q) DRbar
     3     1.21971655E+00   # g3(Q) DRbar
#
BLOCK AU Q=  2.23125049E+03  # The trilinear couplings
  1  1    -8.31934875E+02   # A_u(Q) DRbar
  2  2    -8.31934875E+02   # A_c(Q) DRbar
  3  3    -8.31934875E+02   # A_t(Q) DRbar
#
BLOCK AD Q=  2.23125049E+03  # The trilinear couplings
  1  1    -1.20530896E+03   # A_d(Q) DRbar
  2  2    -1.20530896E+03   # A_s(Q) DRbar
  3  3    -1.20530896E+03   # A_b(Q) DRbar
#
BLOCK AE Q=  2.23125049E+03  # The trilinear couplings
  1  1    -2.95692291E+02   # A_e(Q) DRbar
  2  2    -2.95692291E+02   # A_mu(Q) DRbar
  3  3    -2.95692291E+02   # A_tau(Q) DRbar
#
BLOCK Yu Q=  2.23125049E+03  # The Yukawa couplings
  1  1     0.00000000E+00   # y_u(Q) DRbar
  2  2     0.00000000E+00   # y_c(Q) DRbar
  3  3     8.35075915E-01   # y_t(Q) DRbar
#
BLOCK Yd Q=  2.23125049E+03  # The Yukawa couplings
  1  1     0.00000000E+00   # y_d(Q) DRbar
  2  2     0.00000000E+00   # y_s(Q) DRbar
  3  3     1.23258911E-01   # y_b(Q) DRbar
#
BLOCK Ye Q=  2.23125049E+03  # The Yukawa couplings
  1  1     0.00000000E+00   # y_e(Q) DRbar
  2  2     0.00000000E+00   # y_mu(Q) DRbar
  3  3     9.65302214E-02   # y_tau(Q) DRbar
#
BLOCK MSOFT Q=  2.23125049E+03  # The soft SUSY breaking masses at the scale Q
         1     2.12425598E+02   # M_1(Q)              
         2     3.92792877E+02   # M_2(Q)              
         3     1.12015662E+03   # M_3(Q)              
        31     3.00186865E+03   # MeL(Q)              
        32     3.00186865E+03   # MmuL(Q)             
        33     2.99017920E+03   # MtauL(Q)            
        34     2.99927246E+03   # MeR(Q)              
        35     2.99927246E+03   # MmuR(Q)             
        36     2.97567798E+03   # MtauR(Q)            
        41     3.07889868E+03   # MqL1(Q)             
        42     3.07889868E+03   # MqL2(Q)             
        43     2.56884644E+03   # MqL3(Q)             
        44     3.07863086E+03   # MuR(Q)              
        45     3.07863086E+03   # McR(Q)              
        46     1.93802136E+03   # MtR(Q)              
        47     3.07891968E+03   # MdR(Q)              
        48     3.07891968E+03   # MsR(Q)              
        49     3.06068018E+03   # MbR(Q)              
#
#
#
#                             =================
#                             |The decay table|
#                             =================
#
# - The QCD corrections to the decays gluino -> squark  + quark
#                                     squark -> gaugino + quark_prime
#                                     squark -> squark_prime + Higgs
#                                     squark -> gluino  + quark
#   are included.
#
# - The multi-body decays for the inos, stops and sbottoms are included.
#
# - The loop induced decays for the gluino, neutralinos and stops
#   are included.
#
# - The SUSY decays of the top quark are included.
#
#
#         PDG            Width
DECAY         6     1.47640259E+00   # top decays
#          BR         NDA      ID1       ID2
     1.00000000E+00    2           5        24   # BR(t ->  b    W+)
#
#         PDG            Width
DECAY   1000021     1.42701973E-02   # gluino decays
#          BR         NDA      ID1       ID2
     7.67438876E-03    2     1000022        21   # BR(~g -> ~chi_10 g)
     1.11300852E-02    2     1000023        21   # BR(~g -> ~chi_20 g)
     1.52118178E-03    2     1000025        21   # BR(~g -> ~chi_30 g)
     6.33912002E-04    2     1000035        21   # BR(~g -> ~chi_40 g)
#           BR         NDA      ID1       ID2       ID3
     6.48927253E-04    3     1000022         1        -1   # BR(~g -> ~chi_10 d  db)
     9.61217766E-05    3     1000023         1        -1   # BR(~g -> ~chi_20 d  db)
     1.37718599E-03    3     1000025         1        -1   # BR(~g -> ~chi_30 d  db)
     6.39589947E-03    3     1000035         1        -1   # BR(~g -> ~chi_40 d  db)
     5.76804326E-04    3     1000022         2        -2   # BR(~g -> ~chi_10 u  ub)
     7.47191087E-05    3     1000023         2        -2   # BR(~g -> ~chi_20 u  ub)
     6.02013022E-03    3     1000025         2        -2   # BR(~g -> ~chi_30 u  ub)
     6.21573681E-03    3     1000035         2        -2   # BR(~g -> ~chi_40 u  ub)
     6.48927253E-04    3     1000022         3        -3   # BR(~g -> ~chi_10 s  sb)
     9.61217766E-05    3     1000023         3        -3   # BR(~g -> ~chi_20 s  sb)
     1.37718599E-03    3     1000025         3        -3   # BR(~g -> ~chi_30 s  sb)
     6.39589947E-03    3     1000035         3        -3   # BR(~g -> ~chi_40 s  sb)
     5.76804326E-04    3     1000022         4        -4   # BR(~g -> ~chi_10 c  cb)
     7.47191087E-05    3     1000023         4        -4   # BR(~g -> ~chi_20 c  cb)
     6.02013022E-03    3     1000025         4        -4   # BR(~g -> ~chi_30 c  cb)
     6.21573681E-03    3     1000035         4        -4   # BR(~g -> ~chi_40 c  cb)
     3.03594160E-03    3     1000022         5        -5   # BR(~g -> ~chi_10 b  bb)
     1.74993821E-03    3     1000023         5        -5   # BR(~g -> ~chi_20 b  bb)
     1.57196890E-03    3     1000025         5        -5   # BR(~g -> ~chi_30 b  bb)
     1.44192531E-02    3     1000035         5        -5   # BR(~g -> ~chi_40 b  bb)
     1.31475988E-01    3     1000022         6        -6   # BR(~g -> ~chi_10 t  tb)
     1.82173528E-01    3     1000023         6        -6   # BR(~g -> ~chi_20 t  tb)
     6.27563962E-02    3     1000025         6        -6   # BR(~g -> ~chi_30 t  tb)
     2.46028043E-02    3     1000035         6        -6   # BR(~g -> ~chi_40 t  tb)
     9.72537823E-04    3     1000024         1        -2   # BR(~g -> ~chi_1+ d  ub)
     9.72537823E-04    3    -1000024         2        -1   # BR(~g -> ~chi_1- u  db)
     1.30194101E-02    3     1000037         1        -2   # BR(~g -> ~chi_2+ d  ub)
     1.30194101E-02    3    -1000037         2        -1   # BR(~g -> ~chi_2- u  db)
     9.72537823E-04    3     1000024         3        -4   # BR(~g -> ~chi_1+ s  cb)
     9.72537823E-04    3    -1000024         4        -3   # BR(~g -> ~chi_1- c  sb)
     1.30194101E-02    3     1000037         3        -4   # BR(~g -> ~chi_2+ s  cb)
     1.30194101E-02    3    -1000037         4        -3   # BR(~g -> ~chi_2- c  sb)
     1.85111088E-01    3     1000024         5        -6   # BR(~g -> ~chi_1+ b  tb)
     1.85111088E-01    3    -1000024         6        -5   # BR(~g -> ~chi_1- t  bb)
     4.41267975E-02    3     1000037         5        -6   # BR(~g -> ~chi_2+ b  tb)
     4.41267975E-02    3    -1000037         6        -5   # BR(~g -> ~chi_2- t  bb)
#
#         PDG            Width
DECAY   1000006     1.23642371E+02   # stop1 decays
#          BR         NDA      ID1       ID2
     8.18337403E-02    2     1000022         6   # BR(~t_1 -> ~chi_10 t )
     1.09771011E-01    2     1000023         6   # BR(~t_1 -> ~chi_20 t )
     4.05954885E-02    2     1000025         6   # BR(~t_1 -> ~chi_30 t )
     8.40541252E-03    2     1000035         6   # BR(~t_1 -> ~chi_40 t )
     1.93057084E-01    2     1000024         5   # BR(~t_1 -> ~chi_1+ b )
     1.66529111E-02    2     1000037         5   # BR(~t_1 -> ~chi_2+ b )
     5.49684353E-01    2     1000021         6   # BR(~t_1 -> ~g      t )
#
#         PDG            Width
DECAY   2000006     2.32816816E+02   # stop2 decays
#          BR         NDA      ID1       ID2
     6.15703595E-02    2     1000022         6   # BR(~t_2 -> ~chi_10 t )
     8.26737621E-02    2     1000023         6   # BR(~t_2 -> ~chi_20 t )
     1.02001675E-02    2     1000025         6   # BR(~t_2 -> ~chi_30 t )
     4.56760118E-02    2     1000035         6   # BR(~t_2 -> ~chi_40 t )
     1.19357333E-02    2     1000024         5   # BR(~t_2 -> ~chi_1+ b )
     7.79007885E-02    2     1000037         5   # BR(~t_2 -> ~chi_2+ b )
     7.02228925E-01    2     1000021         6   # BR(~t_2 -> ~g      t )
     5.00983593E-03    2     1000006        25   # BR(~t_2 -> ~t_1    h )
     2.80441650E-03    2     1000006        23   # BR(~t_2 -> ~t_1    Z )
#
#         PDG            Width
DECAY   1000005     2.31414111E+02   # sbottom1 decays
#          BR         NDA      ID1       ID2
     3.90756503E-03    2     1000022         5   # BR(~b_1 -> ~chi_10 b )
     2.01532714E-03    2     1000023         5   # BR(~b_1 -> ~chi_20 b )
     3.48630914E-04    2     1000025         5   # BR(~b_1 -> ~chi_30 b )
     4.16110322E-02    2     1000035         5   # BR(~b_1 -> ~chi_40 b )
     1.44630789E-01    2    -1000024         6   # BR(~b_1 -> ~chi_1- t )
     9.74684273E-02    2    -1000037         6   # BR(~b_1 -> ~chi_2- t )
     7.03734697E-01    2     1000021         5   # BR(~b_1 -> ~g      b )
     6.28353115E-03    2     1000006       -24   # BR(~b_1 -> ~t_1    W-)
#
#         PDG            Width
DECAY   2000005     2.25955488E+02   # sbottom2 decays
#          BR         NDA      ID1       ID2
     2.62893847E-03    2     1000022         5   # BR(~b_2 -> ~chi_10 b )
     1.91215389E-03    2     1000023         5   # BR(~b_2 -> ~chi_20 b )
     6.85070832E-03    2     1000025         5   # BR(~b_2 -> ~chi_30 b )
     2.85076055E-05    2     1000035         5   # BR(~b_2 -> ~chi_40 b )
     4.04242109E-03    2    -1000024         6   # BR(~b_2 -> ~chi_1- t )
     3.01541636E-05    2    -1000037         6   # BR(~b_2 -> ~chi_2- t )
     9.84438144E-01    2     1000021         5   # BR(~b_2 -> ~g      b )
     3.65476465E-06    2     1000005        25   # BR(~b_2 -> ~b_1    h )
     2.34886539E-05    2     1000005        23   # BR(~b_2 -> ~b_1    Z )
     5.62447550E-07    2     1000006       -24   # BR(~b_2 -> ~t_1    W-)
     4.12670237E-05    2     2000006       -24   # BR(~b_2 -> ~t_2    W-)
#
#         PDG            Width
DECAY   1000002     2.62924126E+02   # sup_L decays
#          BR         NDA      ID1       ID2
     7.84772773E-04    2     1000022         2   # BR(~u_L -> ~chi_10 u)
     2.59999918E-04    2     1000023         2   # BR(~u_L -> ~chi_20 u)
     3.51610745E-03    2     1000025         2   # BR(~u_L -> ~chi_30 u)
     4.38080364E-02    2     1000035         2   # BR(~u_L -> ~chi_40 u)
     7.48494992E-03    2     1000024         1   # BR(~u_L -> ~chi_1+ d)
     8.62436725E-02    2     1000037         1   # BR(~u_L -> ~chi_2+ d)
     8.57902461E-01    2     1000021         2   # BR(~u_L -> ~g      u)
#
#         PDG            Width
DECAY   2000002     2.32267956E+02   # sup_R decays
#          BR         NDA      ID1       ID2
     1.88717210E-03    2     1000022         2   # BR(~u_R -> ~chi_10 u)
     2.00812237E-04    2     1000023         2   # BR(~u_R -> ~chi_20 u)
     2.67394426E-02    2     1000025         2   # BR(~u_R -> ~chi_30 u)
     4.75380067E-05    2     1000035         2   # BR(~u_R -> ~chi_40 u)
     9.71125035E-01    2     1000021         2   # BR(~u_R -> ~g      u)
#
#         PDG            Width
DECAY   1000001     2.63023506E+02   # sdown_L decays
#          BR         NDA      ID1       ID2
     2.34527479E-03    2     1000022         1   # BR(~d_L -> ~chi_10 d)
     5.19091060E-04    2     1000023         1   # BR(~d_L -> ~chi_20 d)
     3.07996478E-04    2     1000025         1   # BR(~d_L -> ~chi_30 d)
     4.51737513E-02    2     1000035         1   # BR(~d_L -> ~chi_40 d)
     1.12813361E-03    2    -1000024         2   # BR(~d_L -> ~chi_1- u)
     9.24346784E-02    2    -1000037         2   # BR(~d_L -> ~chi_2- u)
     8.58091074E-01    2     1000021         1   # BR(~d_L -> ~g      d)
#
#         PDG            Width
DECAY   2000001     2.27317296E+02   # sdown_R decays
#          BR         NDA      ID1       ID2
     4.82162197E-04    2     1000022         1   # BR(~d_R -> ~chi_10 d)
     5.13064474E-05    2     1000023         1   # BR(~d_R -> ~chi_20 d)
     6.83179672E-03    2     1000025         1   # BR(~d_R -> ~chi_30 d)
     1.21458386E-05    2     1000035         1   # BR(~d_R -> ~chi_40 d)
     9.92622589E-01    2     1000021         1   # BR(~d_R -> ~g      d)
#
#         PDG            Width
DECAY   1000004     2.62924126E+02   # scharm_L decays
#          BR         NDA      ID1       ID2
     7.84772773E-04    2     1000022         4   # BR(~c_L -> ~chi_10 c)
     2.59999918E-04    2     1000023         4   # BR(~c_L -> ~chi_20 c)
     3.51610745E-03    2     1000025         4   # BR(~c_L -> ~chi_30 c)
     4.38080364E-02    2     1000035         4   # BR(~c_L -> ~chi_40 c)
     7.48494992E-03    2     1000024         3   # BR(~c_L -> ~chi_1+ s)
     8.62436725E-02    2     1000037         3   # BR(~c_L -> ~chi_2+ s)
     8.57902461E-01    2     1000021         4   # BR(~c_L -> ~g      c)
#
#         PDG            Width
DECAY   2000004     2.32267956E+02   # scharm_R decays
#          BR         NDA      ID1       ID2
     1.88717210E-03    2     1000022         4   # BR(~c_R -> ~chi_10 c)
     2.00812237E-04    2     1000023         4   # BR(~c_R -> ~chi_20 c)
     2.67394426E-02    2     1000025         4   # BR(~c_R -> ~chi_30 c)
     4.75380067E-05    2     1000035         4   # BR(~c_R -> ~chi_40 c)
     9.71125035E-01    2     1000021         4   # BR(~c_R -> ~g      c)
#
#         PDG            Width
DECAY   1000003     2.63023506E+02   # sstrange_L decays
#          BR         NDA      ID1       ID2
     2.34527479E-03    2     1000022         3   # BR(~s_L -> ~chi_10 s)
     5.19091060E-04    2     1000023         3   # BR(~s_L -> ~chi_20 s)
     3.07996478E-04    2     1000025         3   # BR(~s_L -> ~chi_30 s)
     4.51737513E-02    2     1000035         3   # BR(~s_L -> ~chi_40 s)
     1.12813361E-03    2    -1000024         4   # BR(~s_L -> ~chi_1- c)
     9.24346784E-02    2    -1000037         4   # BR(~s_L -> ~chi_2- c)
     8.58091074E-01    2     1000021         3   # BR(~s_L -> ~g      s)
#
#         PDG            Width
DECAY   2000003     2.27317296E+02   # sstrange_R decays
#          BR         NDA      ID1       ID2
     4.82162197E-04    2     1000022         3   # BR(~s_R -> ~chi_10 s)
     5.13064474E-05    2     1000023         3   # BR(~s_R -> ~chi_20 s)
     6.83179672E-03    2     1000025         3   # BR(~s_R -> ~chi_30 s)
     1.21458386E-05    2     1000035         3   # BR(~s_R -> ~chi_40 s)
     9.92622589E-01    2     1000021         3   # BR(~s_R -> ~g      s)
#
#         PDG            Width
DECAY   1000011     4.05573014E+01   # selectron_L decays
#          BR         NDA      ID1       ID2
     3.77286059E-04    2     1000022        11   # BR(~e_L -> ~chi_10 e-)
     5.85039767E-04    2     1000023        11   # BR(~e_L -> ~chi_20 e-)
     1.20696101E-01    2     1000025        11   # BR(~e_L -> ~chi_30 e-)
     2.74068992E-01    2     1000035        11   # BR(~e_L -> ~chi_40 e-)
     7.36948161E-03    2    -1000024        12   # BR(~e_L -> ~chi_1- nu_e)
     5.96903099E-01    2    -1000037        12   # BR(~e_L -> ~chi_2- nu_e)
#
#         PDG            Width
DECAY   2000011     1.51121813E+01   # selectron_R decays
#          BR         NDA      ID1       ID2
     6.55739418E-02    2     1000022        11   # BR(~e_R -> ~chi_10 e-)
     6.97327392E-03    2     1000023        11   # BR(~e_R -> ~chi_20 e-)
     9.25821656E-01    2     1000025        11   # BR(~e_R -> ~chi_30 e-)
     1.63112871E-03    2     1000035        11   # BR(~e_R -> ~chi_40 e-)
#
#         PDG            Width
DECAY   1000013     4.05573014E+01   # smuon_L decays
#          BR         NDA      ID1       ID2
     3.77286059E-04    2     1000022        13   # BR(~mu_L -> ~chi_10 mu-)
     5.85039767E-04    2     1000023        13   # BR(~mu_L -> ~chi_20 mu-)
     1.20696101E-01    2     1000025        13   # BR(~mu_L -> ~chi_30 mu-)
     2.74068992E-01    2     1000035        13   # BR(~mu_L -> ~chi_40 mu-)
     7.36948161E-03    2    -1000024        14   # BR(~mu_L -> ~chi_1- nu_mu)
     5.96903099E-01    2    -1000037        14   # BR(~mu_L -> ~chi_2- nu_mu)
#
#         PDG            Width
DECAY   2000013     1.51121813E+01   # smuon_R decays
#          BR         NDA      ID1       ID2
     6.55739418E-02    2     1000022        13   # BR(~mu_R -> ~chi_10 mu-)
     6.97327392E-03    2     1000023        13   # BR(~mu_R -> ~chi_20 mu-)
     9.25821656E-01    2     1000025        13   # BR(~mu_R -> ~chi_30 mu-)
     1.63112871E-03    2     1000035        13   # BR(~mu_R -> ~chi_40 mu-)
#
#         PDG            Width
DECAY   1000015     1.61688873E+01   # stau_1 decays
#          BR         NDA      ID1       ID2
     7.39378625E-02    2     1000022        15   # BR(~tau_1 -> ~chi_10  tau-)
     2.37758857E-02    2     1000023        15   # BR(~tau_1 -> ~chi_20  tau-)
     8.57820901E-01    2     1000025        15   # BR(~tau_1 -> ~chi_30  tau-)
     5.50818354E-03    2     1000035        15   # BR(~tau_1 -> ~chi_40  tau-)
     3.06891182E-02    2    -1000024        16   # BR(~tau_1 -> ~chi_1-  nu_tau)
     8.26804873E-03    2    -1000037        16   # BR(~tau_1 -> ~chi_2-  nu_tau)
#
#         PDG            Width
DECAY   2000015     4.08479227E+01   # stau_2 decays
#          BR         NDA      ID1       ID2
     9.22117311E-03    2     1000022        15   # BR(~tau_2 -> ~chi_10  tau-)
     6.11251544E-03    2     1000023        15   # BR(~tau_2 -> ~chi_20  tau-)
     1.19899187E-01    2     1000025        15   # BR(~tau_2 -> ~chi_30  tau-)
     2.69461178E-01    2     1000035        15   # BR(~tau_2 -> ~chi_40  tau-)
     8.46539122E-03    2    -1000024        16   # BR(~tau_2 -> ~chi_1-  nu_tau)
     5.86840555E-01    2    -1000037        16   # BR(~tau_2 -> ~chi_2-  nu_tau)
#
#         PDG            Width
DECAY   1000012     4.05954210E+01   # snu_eL decays
#          BR         NDA      ID1       ID2
     3.09403455E-02    2     1000022        12   # BR(~nu_eL -> ~chi_10 nu_e)
     5.65588459E-03    2     1000023        12   # BR(~nu_eL -> ~chi_20 nu_e)
     5.79674838E-02    2     1000025        12   # BR(~nu_eL -> ~chi_30 nu_e)
     3.00236780E-01    2     1000035        12   # BR(~nu_eL -> ~chi_40 nu_e)
     4.88444391E-02    2     1000024        11   # BR(~nu_eL -> ~chi_1+ e-)
     5.56355067E-01    2     1000037        11   # BR(~nu_eL -> ~chi_2+ e-)
#
#         PDG            Width
DECAY   1000014     4.05954210E+01   # snu_muL decays
#          BR         NDA      ID1       ID2
     3.09403455E-02    2     1000022        14   # BR(~nu_muL -> ~chi_10 nu_mu)
     5.65588459E-03    2     1000023        14   # BR(~nu_muL -> ~chi_20 nu_mu)
     5.79674838E-02    2     1000025        14   # BR(~nu_muL -> ~chi_30 nu_mu)
     3.00236780E-01    2     1000035        14   # BR(~nu_muL -> ~chi_40 nu_mu)
     4.88444391E-02    2     1000024        13   # BR(~nu_muL -> ~chi_1+ mu-)
     5.56355067E-01    2     1000037        13   # BR(~nu_muL -> ~chi_2+ mu-)
#
#         PDG            Width
DECAY   1000016     4.09761762E+01   # snu_tauL decays
#          BR         NDA      ID1       ID2
     3.05301842E-02    2     1000022        16   # BR(~nu_tauL -> ~chi_10 nu_tau)
     5.58084879E-03    2     1000023        16   # BR(~nu_tauL -> ~chi_20 nu_tau)
     5.71949676E-02    2     1000025        16   # BR(~nu_tauL -> ~chi_30 nu_tau)
     2.96160293E-01    2     1000035        16   # BR(~nu_tauL -> ~chi_40 nu_tau)
     6.15684909E-02    2     1000024        15   # BR(~nu_tauL -> ~chi_1+ tau-)
     5.48965216E-01    2     1000037        15   # BR(~nu_tauL -> ~chi_2+ tau-)
#
#         PDG            Width
DECAY   1000024     1.27825772E-06   # chargino1+ decays
#           BR         NDA      ID1       ID2       ID3
     3.35419049E-01    3     1000022         2        -1   # BR(~chi_1+ -> ~chi_10 u    db)
     3.35419049E-01    3     1000022         4        -3   # BR(~chi_1+ -> ~chi_10 c    sb)
     1.11808264E-01    3     1000022       -11        12   # BR(~chi_1+ -> ~chi_10 e+   nu_e)
     1.11808264E-01    3     1000022       -13        14   # BR(~chi_1+ -> ~chi_10 mu+  nu_mu)
     1.05545375E-01    3     1000022       -15        16   # BR(~chi_1+ -> ~chi_10 tau+ nu_tau)
#
#         PDG            Width
DECAY   1000037     3.19146940E+00   # chargino2+ decays
#          BR         NDA      ID1       ID2
     2.51289862E-01    2     1000024        23   # BR(~chi_2+ -> ~chi_1+  Z )
     2.07371146E-01    2     1000022        24   # BR(~chi_2+ -> ~chi_10  W+)
     2.64428543E-01    2     1000023        24   # BR(~chi_2+ -> ~chi_20  W+)
     4.79827250E-02    2     1000025        24   # BR(~chi_2+ -> ~chi_30  W+)
     2.28927724E-01    2     1000024        25   # BR(~chi_2+ -> ~chi_1+  h )
#
#         PDG            Width
DECAY   1000022     0.00000000E+00   # neutralino1 decays
#
#         PDG            Width
DECAY   1000023     9.90363377E-06   # neutralino2 decays
#          BR         NDA      ID1       ID2
     2.04125728E-03    2     1000022        22   # BR(~chi_20 -> ~chi_10 gam)
#           BR         NDA      ID1       ID2       ID3
     1.19076696E-01    3     1000022        -2         2   # BR(~chi_20 -> ~chi_10 ub      u)
     1.53454745E-01    3     1000022        -1         1   # BR(~chi_20 -> ~chi_10 db      d)
     1.19076696E-01    3     1000022        -4         4   # BR(~chi_20 -> ~chi_10 cb      c)
     1.53454745E-01    3     1000022        -3         3   # BR(~chi_20 -> ~chi_10 sb      s)
     1.14350689E-01    3     1000022        -5         5   # BR(~chi_20 -> ~chi_10 bb      b)
     3.47869835E-02    3     1000022       -11        11   # BR(~chi_20 -> ~chi_10 e+      e-)
     3.47869835E-02    3     1000022       -13        13   # BR(~chi_20 -> ~chi_10 mu+     mu-)
     3.38471230E-02    3     1000022       -15        15   # BR(~chi_20 -> ~chi_10 tau+    tau-)
     6.91789833E-02    3     1000022       -12        12   # BR(~chi_20 -> ~chi_10 nu_eb   nu_e)
     6.91789833E-02    3     1000022       -14        14   # BR(~chi_20 -> ~chi_10 nu_mub  nu_mu)
     6.91790177E-02    3     1000022       -16        16   # BR(~chi_20 -> ~chi_10 nu_taub nu_tau)
     4.66620345E-03    3     1000024        -2         1   # BR(~chi_20 -> ~chi_1+ ub      d)
     4.66620345E-03    3    -1000024        -1         2   # BR(~chi_20 -> ~chi_1- db      u)
     4.66620345E-03    3     1000024        -4         3   # BR(~chi_20 -> ~chi_1+ cb      s)
     4.66620345E-03    3    -1000024        -3         4   # BR(~chi_20 -> ~chi_1- sb      c)
     1.55543045E-03    3     1000024       -12        11   # BR(~chi_20 -> ~chi_1+ nu_eb   e-)
     1.55543045E-03    3    -1000024        12       -11   # BR(~chi_20 -> ~chi_1- nu_e    e+)
     1.55543045E-03    3     1000024       -14        13   # BR(~chi_20 -> ~chi_1+ nu_mub  mu-)
     1.55543045E-03    3    -1000024        14       -13   # BR(~chi_20 -> ~chi_1- nu_mu   mu+)
     1.35028186E-03    3     1000024       -16        15   # BR(~chi_20 -> ~chi_1+ nu_taub tau-)
     1.35028186E-03    3    -1000024        16       -15   # BR(~chi_20 -> ~chi_1- nu_tau  tau+)
#
#         PDG            Width
DECAY   1000025     1.15796834E-01   # neutralino3 decays
#          BR         NDA      ID1       ID2
     3.85863351E-02    2     1000022        23   # BR(~chi_30 -> ~chi_10   Z )
     3.79251364E-02    2     1000023        23   # BR(~chi_30 -> ~chi_20   Z )
     4.09692934E-01    2     1000024       -24   # BR(~chi_30 -> ~chi_1+   W-)
     4.09692934E-01    2    -1000024        24   # BR(~chi_30 -> ~chi_1-   W+)
     1.04102661E-01    2     1000022        25   # BR(~chi_30 -> ~chi_10   h )
#
#         PDG            Width
DECAY   1000035     3.38004706E+00   # neutralino4 decays
#          BR         NDA      ID1       ID2
     3.17438388E-02    2     1000022        23   # BR(~chi_40 -> ~chi_10   Z )
     2.23599210E-01    2     1000023        23   # BR(~chi_40 -> ~chi_20   Z )
     4.30801999E-03    2     1000025        23   # BR(~chi_40 -> ~chi_30   Z )
     2.66002524E-01    2     1000024       -24   # BR(~chi_40 -> ~chi_1+   W-)
     2.66002524E-01    2    -1000024        24   # BR(~chi_40 -> ~chi_1-   W+)
     1.31602929E-01    2     1000022        25   # BR(~chi_40 -> ~chi_10   h )
     3.93619264E-02    2     1000023        25   # BR(~chi_40 -> ~chi_20   h )
     3.73790271E-02    2     1000025        25   # BR(~chi_40 -> ~chi_30   h )
#
#         PDG            Width
DECAY        26     3.27373099E-03   # h decays
#          BR         NDA      ID1       ID2
     7.26833497E-01    2           5        -5   # BR(h -> b       bb     )
     7.39046938E-02    2         -15        15   # BR(h -> tau+    tau-   )
     2.61644253E-04    2         -13        13   # BR(h -> mu+     mu-    )
     5.63047968E-04    2           3        -3   # BR(h -> s       sb     )
     2.44036967E-02    2           4        -4   # BR(h -> c       cb     )
     6.82702704E-02    2          21        21   # BR(h -> g       g      )
     2.18212447E-03    2          22        22   # BR(h -> gam     gam    )
     7.92492292E-04    2          22        23   # BR(h -> Z       gam    )
     9.29652069E-02    2          24       -24   # BR(h -> W+      W-     )
     9.82332637E-03    2          23        23   # BR(h -> Z       Z      )
#
#         PDG            Width
DECAY        35     3.01258931E+01   # H decays
#          BR         NDA      ID1       ID2
     1.17358959E-01    2           5        -5   # BR(H -> b       bb     )
     2.05943998E-02    2         -15        15   # BR(H -> tau+    tau-   )
     7.28086860E-05    2         -13        13   # BR(H -> mu+     mu-    )
     8.93934564E-05    2           3        -3   # BR(H -> s       sb     )
     4.02034926E-07    2           4        -4   # BR(H -> c       cb     )
     4.01141153E-02    2           6        -6   # BR(H -> t       tb     )
     1.26630464E-05    2          21        21   # BR(H -> g       g      )
     2.88588948E-07    2          22        22   # BR(H -> gam     gam    )
     2.53792713E-08    2          23        22   # BR(H -> Z       gam    )
     1.69271290E-05    2          24       -24   # BR(H -> W+      W-     )
     8.45310428E-06    2          23        23   # BR(H -> Z       Z      )
     6.85166048E-05    2          25        25   # BR(H -> h       h      )
     2.79845647E-19    2          36        36   # BR(H -> A       A      )
     9.13580481E-08    2          23        36   # BR(H -> Z       A      )
     5.91027400E-02    2     1000024  -1000024   # BR(H -> ~chi_1+ ~chi_1-)
     4.28130413E-03    2     1000037  -1000037   # BR(H -> ~chi_2+ ~chi_2-)
     3.73962993E-01    2     1000024  -1000037   # BR(H -> ~chi_1+ ~chi_2-)
     3.73962993E-01    2     1000037  -1000024   # BR(H -> ~chi_2+ ~chi_1-)
     7.63515167E-04    2     1000022   1000022   # BR(H -> ~chi_10 ~chi_10)
     8.65694997E-06    2     1000023   1000023   # BR(H -> ~chi_20 ~chi_20)
     3.14631818E-03    2     1000025   1000025   # BR(H -> ~chi_30 ~chi_30)
     1.69435653E-08    2     1000035   1000035   # BR(H -> ~chi_40 ~chi_40)
     2.76591319E-06    2     1000022   1000023   # BR(H -> ~chi_10 ~chi_20)
     5.93952221E-03    2     1000022   1000025   # BR(H -> ~chi_10 ~chi_30)
     3.92046877E-05    2     1000022   1000035   # BR(H -> ~chi_10 ~chi_40)
     4.37226148E-04    2     1000023   1000025   # BR(H -> ~chi_20 ~chi_30)
     6.44215250E-06    2     1000023   1000035   # BR(H -> ~chi_20 ~chi_40)
     9.25770842E-06    2     1000025   1000035   # BR(H -> ~chi_30 ~chi_40)
#
#         PDG            Width
DECAY        36     3.01242183E+01   # A decays
#          BR         NDA      ID1       ID2
     1.16754848E-01    2           5        -5   # BR(A -> b       bb     )
     2.04654720E-02    2         -15        15   # BR(A -> tau+    tau-   )
     7.23527781E-05    2         -13        13   # BR(A -> mu+     mu-    )
     8.89668918E-05    2           3        -3   # BR(A -> s       sb     )
     4.01563181E-07    2           4        -4   # BR(A -> c       cb     )
     4.00456365E-02    2           6        -6   # BR(A -> t       tb     )
     4.15605839E-05    2          21        21   # BR(A -> g       g      )
     1.17093991E-07    2          22        22   # BR(A -> gam     gam    )
     5.35126025E-08    2          23        22   # BR(A -> Z       gam    )
     1.65555501E-05    2          23        25   # BR(A -> Z       h      )
     6.86445588E-02    2     1000024  -1000024   # BR(A -> ~chi_1+ ~chi_1-)
     1.38267664E-02    2     1000037  -1000037   # BR(A -> ~chi_2+ ~chi_2-)
     3.61699961E-01    2     1000024  -1000037   # BR(A -> ~chi_1+ ~chi_2-)
     3.61699961E-01    2     1000037  -1000024   # BR(A -> ~chi_2+ ~chi_1-)
     1.07721234E-03    2     1000022   1000022   # BR(A -> ~chi_10 ~chi_10)
     5.62883208E-06    2     1000023   1000023   # BR(A -> ~chi_20 ~chi_20)
     6.35350280E-03    2     1000025   1000025   # BR(A -> ~chi_30 ~chi_30)
     5.09203650E-08    2     1000035   1000035   # BR(A -> ~chi_40 ~chi_40)
     6.47577280E-07    2     1000022   1000023   # BR(A -> ~chi_10 ~chi_20)
     8.91575998E-03    2     1000022   1000025   # BR(A -> ~chi_10 ~chi_30)
     5.41426962E-05    2     1000022   1000035   # BR(A -> ~chi_10 ~chi_40)
     2.14442109E-04    2     1000023   1000025   # BR(A -> ~chi_20 ~chi_30)
     4.33640520E-06    2     1000023   1000035   # BR(A -> ~chi_20 ~chi_40)
     1.70644796E-05    2     1000025   1000035   # BR(A -> ~chi_30 ~chi_40)
#
#         PDG            Width
DECAY        37     8.85880309E+00   # H+ decays
#          BR         NDA      ID1       ID2
     6.11262082E-04    2           4        -5   # BR(H+ -> c       bb     )
     7.00634275E-02    2         -15        16   # BR(H+ -> tau+    nu_tau )
     2.47699324E-04    2         -13        14   # BR(H+ -> mu+     nu_mu  )
     3.91205933E-06    2           2        -5   # BR(H+ -> u       bb     )
     1.45567660E-05    2           2        -3   # BR(H+ -> u       sb     )
     3.00714173E-04    2           4        -3   # BR(H+ -> c       sb     )
     5.16037369E-01    2           6        -5   # BR(H+ -> t       bb     )
     5.74889099E-05    2          24        25   # BR(H+ -> W+      h      )
     5.04259989E-07    2          24        36   # BR(H+ -> W+      A      )
     2.04975103E-02    2     1000024   1000022   # BR(H+ -> ~chi_1+ ~chi_10)
     1.17342963E-03    2     1000024   1000023   # BR(H+ -> ~chi_1+ ~chi_20)
     2.73711856E-01    2     1000024   1000025   # BR(H+ -> ~chi_1+ ~chi_30)
     4.72361098E-04    2     1000024   1000035   # BR(H+ -> ~chi_1+ ~chi_40)
     8.44869450E-02    2     1000037   1000022   # BR(H+ -> ~chi_2+ ~chi_10)
     9.50344422E-03    2     1000037   1000023   # BR(H+ -> ~chi_2+ ~chi_20)
     2.28078149E-02    2     1000037   1000025   # BR(H+ -> ~chi_2+ ~chi_30)
     9.70445427E-06    2     1000037   1000035   # BR(H+ -> ~chi_2+ ~chi_40)
