#
#                              ======================
#                              | THE SUSYHIT OUTPUT |
#                              ======================
#
#
#              ------------------------------------------------------
#              |     This is the output of the SUSY-HIT package     |
#              |  created by A.Djouadi, M.Muehlleitner and M.Spira. |
#              |  In case of problems with SUSY-HIT email to        |
#              |           margarete.muehlleitner@cern.ch           |
#              |           michael.spira@psi.ch                     |
#              |           abdelhak.djouadi@cern.ch                 |
#              ------------------------------------------------------
#
#              ------------------------------------------------------
#              |  SUSY Les Houches Accord - MSSM Spectrum + Decays  |
#              |              based on the decay programs           |
#              |                                                    |
#              |                     SDECAY 1.2                     |
#              |                                                    |
#              |  Authors: M.Muhlleitner, A.Djouadi and Y.Mambrini  |
#              |  Ref.:    Comput.Phys.Commun.168(2005)46           |
#              |           [hep-ph/0311167]                         |
#              |                                                    |
#              |                     HDECAY 3.200                   |
#              |                                                    |
#              |  By: A.Djouadi,J.Kalinowski,M.Muhlleitner,M.Spira  |
#              |  Ref.:    Comput.Phys.Commun.108(1998)56           |
#              |           [hep-ph/9704448]                         |
#              |                                                    |
#              |                                                    |
#              |  If not stated otherwise all DRbar couplings and   |
#              |  soft SUSY breaking masses are given at the scale  |
#              |  Q=  0.94952071E+03
#              |                                                    |
#              ------------------------------------------------------
#
#  CMS point: LM9
#  Charged lepton ID signs in the HDECAY (last 4) blocks are corrected by Sezen (by hand) 02/07/07
#  A0 value added to block MINPAR by Sezen (by hand) since SUSYHIT does not write A0 values for A0 = 0
#  04/07/07
#  ~tau_1+ ID sign in snu_tauL block is corrected by Sezen (by hand). 12/07/07
#  Minus signs in chargino masses in the softsusy SLHA file were deleted by Sezen (by hand) to avoid the 
#  NaNs in several BR blocks. 12/07/07 
#
BLOCK DCINFO  # Decay Program information
     1   SDECAY/HDECAY # decay calculator
     2   1.2   /3.200  # version number
#
BLOCK SPINFO  # Spectrum calculator information
     1   SOFTSUSY    # spectrum calculator                 
     2   2.0.11         # version number                   
#
BLOCK MODSEL  # Model selection
     1     1   #  sugra                                            
#
BLOCK SMINPUTS  # Standard Model inputs
         1     1.27908953E+02   # alpha_em^-1(M_Z)^MSbar
         2     1.16639000E-05   # G_F [GeV^-2]
         3     1.17200000E-01   # alpha_S(M_Z)^MSbar
         4     9.11876000E+01   # M_Z pole mass
         5     4.20000000E+00   # mb(mb)^MSbar
         6     1.72500000E+02   # mt pole mass
         7     1.77700000E+00   # mtau pole mass
#
BLOCK MINPAR  # Input parameters - minimal models
         1     1.45000000E+03   # m0                  
         2     1.75000000E+02   # m12                 
         3     5.00000000E+01   # tanb                
         4     1.00000000E+00   # sign(mu)            
         5     0.00000000E+00   # A0
#
BLOCK MASS  # Mass Spectrum
# PDG code           mass       particle
        24     8.04021562E+01   # W+
        25     1.14100354E+02   # h
        35     4.87706512E+02   # H
        36     4.87692786E+02   # A
        37     4.95349325E+02   # H+
         5     4.82427405E+00   # b-quark pole mass calculated from mb(mb)_Msbar
   1000001     1.47789279E+03   # ~d_L
   2000001     1.47685530E+03   # ~d_R
   1000002     1.47439346E+03   # ~u_L
   2000002     1.47653173E+03   # ~u_R
   1000003     1.47789279E+03   # ~s_L
   2000003     1.47685530E+03   # ~s_R
   1000004     1.47439346E+03   # ~c_L
   2000004     1.47653173E+03   # ~c_R
   1000005     1.00829436E+03   # ~b_1
   2000005     1.12432673E+03   # ~b_2
   1000006     8.81715885E+02   # ~t_1
   2000006     1.02374404E+03   # ~t_2
   1000011     1.45047086E+03   # ~e_L
   2000011     1.45020586E+03   # ~e_R
   1000012     1.44741170E+03   # ~nu_eL
   1000013     1.45047086E+03   # ~mu_L
   2000013     1.45020586E+03   # ~mu_R
   1000014     1.44741170E+03   # ~nu_muL
   1000015     1.05415183E+03   # ~tau_1
   2000015     1.26690176E+03   # ~tau_2
   1000016     1.26533863E+03   # ~nu_tauL
   1000021     4.87719453E+02   # ~g
   1000022     6.46657826E+01   # ~chi_10
   1000023     1.10314829E+02   # ~chi_20
   1000025    -1.84136886E+02   # ~chi_30
   1000035     2.24559061E+02   # ~chi_40
   1000024     1.07357068E+02   # ~chi_1+
   1000037     2.23116508E+02   # ~chi_2+
#
BLOCK NMIX  # Neutralino Mixing Matrix
  1  1     9.03866209E-01   # N_11
  1  2    -1.57334886E-01   # N_12
  1  3     3.68873561E-01   # N_13
  1  4    -1.49009750E-01   # N_14
  2  1    -3.68298664E-01   # N_21
  2  2    -7.47945512E-01   # N_22
  2  3     4.60066876E-01   # N_23
  2  4    -3.05404773E-01   # N_24
  3  1    -1.21922172E-01   # N_31
  3  2     1.75056336E-01   # N_32
  3  3     6.63211349E-01   # N_33
  3  4     7.17384813E-01   # N_34
  4  1    -1.80324579E-01   # N_41
  4  2     6.20627525E-01   # N_42
  4  3     4.60892041E-01   # N_43
  4  4    -6.08180112E-01   # N_44
#
BLOCK UMIX  # Chargino Mixing Matrix U
  1  1    -6.63533192E-01   # U_11
  1  2     7.48146846E-01   # U_12
  2  1    -7.48146846E-01   # U_21
  2  2    -6.63533192E-01   # U_22
#
BLOCK VMIX  # Chargino Mixing Matrix V
  1  1     8.70756622E-01   # V_11
  1  2    -4.91714252E-01   # V_12
  2  1     4.91714252E-01   # V_21
  2  2     8.70756622E-01   # V_22
#
BLOCK STOPMIX  # Stop Mixing Matrix
  1  1     1.93034033E-01   # cos(theta_t)
  1  2     9.81192062E-01   # sin(theta_t)
  2  1    -9.81192062E-01   # -sin(theta_t)
  2  2     1.93034033E-01   # cos(theta_t)
#
BLOCK SBOTMIX  # Sbottom Mixing Matrix
  1  1     9.96338122E-01   # cos(theta_b)
  1  2     8.55005652E-02   # sin(theta_b)
  2  1    -8.55005652E-02   # -sin(theta_b)
  2  2     9.96338122E-01   # cos(theta_b)
#
BLOCK STAUMIX  # Stau Mixing Matrix
  1  1     2.98796960E-02   # cos(theta_tau)
  1  2     9.99553502E-01   # sin(theta_tau)
  2  1    -9.99553502E-01   # -sin(theta_tau)
  2  2     2.98796960E-02   # cos(theta_tau)
#
BLOCK ALPHA  # Higgs mixing
          -2.21840524E-02   # Mixing angle in the neutral Higgs boson sector
#
BLOCK HMIX Q=  9.49520709E+02  # DRbar Higgs Parameters
         1     1.67262899E+02   # mu(Q)MSSM           
         2     4.95901385E+01   # tan                 
         3     2.42910183E+02   # higgs               
         4     2.84228298E+05   # mA^2(Q)MSSM         
#
BLOCK GAUGE Q=  9.49520709E+02  # The gauge couplings
     1     3.62181011E-01   # gprime(Q) DRbar
     2     6.45596719E-01   # g(Q) DRbar
     3     1.07203325E+00   # g3(Q) DRbar
#
BLOCK AU Q=  9.49520709E+02  # The trilinear couplings
  1  1     0.00000000E+00   # A_u(Q) DRbar
  2  2     0.00000000E+00   # A_c(Q) DRbar
  3  3    -2.98323660E+02   # A_t(Q) DRbar
#
BLOCK AD Q=  9.49520709E+02  # The trilinear couplings
  1  1     0.00000000E+00   # A_d(Q) DRbar
  2  2     0.00000000E+00   # A_s(Q) DRbar
  3  3    -3.44742740E+02   # A_b(Q) DRbar
#
BLOCK AE Q=  9.49520709E+02  # The trilinear couplings
  1  1     0.00000000E+00   # A_e(Q) DRbar
  2  2     0.00000000E+00   # A_mu(Q) DRbar
  3  3    -2.78241366E+01   # A_tau(Q) DRbar
#
BLOCK Yu Q=  9.49520709E+02  # The Yukawa couplings
  1  1     0.00000000E+00   # y_u(Q) DRbar
  2  2     0.00000000E+00   # y_c(Q) DRbar
  3  3     8.64333055E-01   # y_t(Q) DRbar
#
BLOCK Yd Q=  9.49520709E+02  # The Yukawa couplings
  1  1     0.00000000E+00   # y_d(Q) DRbar
  2  2     0.00000000E+00   # y_s(Q) DRbar
  3  3     6.95975672E-01   # y_b(Q) DRbar
#
BLOCK Ye Q=  9.49520709E+02  # The Yukawa couplings
  1  1     0.00000000E+00   # y_e(Q) DRbar
  2  2     0.00000000E+00   # y_mu(Q) DRbar
  3  3     5.10988803E-01   # y_tau(Q) DRbar
#
BLOCK MSOFT Q=  9.49520709E+02  # The soft SUSY breaking masses at the scale Q
         1     7.24599579E+01   # M_1(Q)              
         2     1.35824301E+02   # M_2(Q)              
         3     3.97671538E+02   # M_3(Q)              
        21     2.41803157E+05   # mH1^2(Q)            
        22    -1.02937121E+04   # mH2^2(Q)            
        31     1.44701899E+03   # meL(Q)              
        32     1.44701899E+03   # mmuL(Q)             
        33     1.26765944E+03   # mtauL(Q)            
        34     1.44850230E+03   # meR(Q)              
        35     1.44850230E+03   # mmuR(Q)             
        36     1.05678614E+03   # mtauR(Q)            
        41     1.45960227E+03   # mqL1(Q)             
        42     1.45960227E+03   # mqL2(Q)             
        43     1.00646271E+03   # mqL3(Q)             
        44     1.46213054E+03   # muR(Q)              
        45     1.46213054E+03   # mcR(Q)              
        46     8.76736730E+02   # mtR(Q)              
        47     1.46201825E+03   # mdR(Q)              
        48     1.46201825E+03   # msR(Q)              
        49     1.11924061E+03   # mbR(Q)              
#
#
#
#                             =================
#                             |The decay table|
#                             =================
#
# - The QCD corrections to the decays gluino -> squark  + quark
#                                     squark -> gaugino + quark_prime
#                                     squark -> squark_prime + Higgs
#                                     squark -> gluino  + quark
#   are included.
#
# - The multi-body decays for the inos, stops and sbottoms are included.
#
# - The loop induced decays for the gluino, neutralinos and stops
#   are included.
#
# - The SUSY decays of the top quark are included.
#
#
#         PDG            Width
DECAY         6     1.44667857E+00   # top decays
#          BR         NDA      ID1       ID2
     1.00000000E+00    2           5        24   # BR(t ->  b    W+)
#
#         PDG            Width
DECAY   1000021     5.94576507E-04   # gluino decays
#          BR         NDA      ID1       ID2
     2.55373589E-03    2     1000022        21   # BR(~g -> ~chi_10 g)
     1.28182178E-02    2     1000023        21   # BR(~g -> ~chi_20 g)
     6.53210548E-02    2     1000025        21   # BR(~g -> ~chi_30 g)
     2.87943384E-02    2     1000035        21   # BR(~g -> ~chi_40 g)
#           BR         NDA      ID1       ID2       ID3
     6.30805434E-03    3     1000022         1        -1   # BR(~g -> ~chi_10 d  db)
     1.16585738E-02    3     1000023         1        -1   # BR(~g -> ~chi_20 d  db)
     2.41958693E-04    3     1000025         1        -1   # BR(~g -> ~chi_30 d  db)
     3.70986034E-03    3     1000035         1        -1   # BR(~g -> ~chi_40 d  db)
     1.30943409E-02    3     1000022         2        -2   # BR(~g -> ~chi_10 u  ub)
     1.82114407E-02    3     1000023         2        -2   # BR(~g -> ~chi_20 u  ub)
     1.86417312E-04    3     1000025         2        -2   # BR(~g -> ~chi_30 u  ub)
     3.13964043E-03    3     1000035         2        -2   # BR(~g -> ~chi_40 u  ub)
     6.30805434E-03    3     1000022         3        -3   # BR(~g -> ~chi_10 s  sb)
     1.16585738E-02    3     1000023         3        -3   # BR(~g -> ~chi_20 s  sb)
     2.41958693E-04    3     1000025         3        -3   # BR(~g -> ~chi_30 s  sb)
     3.70986034E-03    3     1000035         3        -3   # BR(~g -> ~chi_40 s  sb)
     1.30943409E-02    3     1000022         4        -4   # BR(~g -> ~chi_10 c  cb)
     1.82114407E-02    3     1000023         4        -4   # BR(~g -> ~chi_20 c  cb)
     1.86417312E-04    3     1000025         4        -4   # BR(~g -> ~chi_30 c  cb)
     3.13964043E-03    3     1000035         4        -4   # BR(~g -> ~chi_40 c  cb)
     1.17579881E-01    3     1000022         5        -5   # BR(~g -> ~chi_10 b  bb)
     1.72194368E-01    3     1000023         5        -5   # BR(~g -> ~chi_20 b  bb)
     1.29473118E-01    3     1000025         5        -5   # BR(~g -> ~chi_30 b  bb)
     5.91121131E-02    3     1000035         5        -5   # BR(~g -> ~chi_40 b  bb)
     1.84124268E-03    3     1000022         6        -6   # BR(~g -> ~chi_10 t  tb)
     1.30407973E-03    3     1000023         6        -6   # BR(~g -> ~chi_20 t  tb)
     1.61405646E-02    3     1000024         1        -2   # BR(~g -> ~chi_1+ d  ub)
     1.61405646E-02    3    -1000024         2        -1   # BR(~g -> ~chi_1- u  db)
     2.94191806E-03    3     1000037         1        -2   # BR(~g -> ~chi_2+ d  ub)
     2.94191806E-03    3    -1000037         2        -1   # BR(~g -> ~chi_2- u  db)
     1.61405646E-02    3     1000024         3        -4   # BR(~g -> ~chi_1+ s  cb)
     1.61405646E-02    3    -1000024         4        -3   # BR(~g -> ~chi_1- c  sb)
     2.94191806E-03    3     1000037         3        -4   # BR(~g -> ~chi_2+ s  cb)
     2.94191806E-03    3    -1000037         4        -3   # BR(~g -> ~chi_2- c  sb)
     9.16488509E-02    3     1000024         5        -6   # BR(~g -> ~chi_1+ b  tb)
     9.16488509E-02    3    -1000024         6        -5   # BR(~g -> ~chi_1- t  bb)
     1.81398223E-02    3     1000037         5        -6   # BR(~g -> ~chi_2+ b  tb)
     1.81398223E-02    3    -1000037         6        -5   # BR(~g -> ~chi_2- t  bb)
#
#         PDG            Width
DECAY   1000006     6.02603039E+01   # stop1 decays
#          BR         NDA      ID1       ID2
     3.17878606E-02    2     1000022         6   # BR(~t_1 -> ~chi_10 t )
     3.17560667E-02    2     1000023         6   # BR(~t_1 -> ~chi_20 t )
     1.07860469E-01    2     1000025         6   # BR(~t_1 -> ~chi_30 t )
     4.74017631E-02    2     1000035         6   # BR(~t_1 -> ~chi_40 t )
     8.56879341E-02    2     1000024         5   # BR(~t_1 -> ~chi_1+ b )
     1.14699047E-01    2     1000037         5   # BR(~t_1 -> ~chi_2+ b )
     5.80806860E-01    2     1000021         6   # BR(~t_1 -> ~g      t )
#
#         PDG            Width
DECAY   2000006     7.59319324E+01   # stop2 decays
#          BR         NDA      ID1       ID2
     1.16225579E-03    2     1000022         6   # BR(~t_2 -> ~chi_10 t )
     4.09166359E-02    2     1000023         6   # BR(~t_2 -> ~chi_20 t )
     8.44561218E-02    2     1000025         6   # BR(~t_2 -> ~chi_30 t )
     1.02114311E-01    2     1000035         6   # BR(~t_2 -> ~chi_40 t )
     1.18412825E-01    2     1000024         5   # BR(~t_2 -> ~chi_1+ b )
     1.01388906E-01    2     1000037         5   # BR(~t_2 -> ~chi_2+ b )
     5.48701351E-01    2     1000021         6   # BR(~t_2 -> ~g      t )
     1.56102870E-03    2     1000006        25   # BR(~t_2 -> ~t_1    h )
     1.28656329E-03    2     1000006        23   # BR(~t_2 -> ~t_1    Z )
#
#         PDG            Width
DECAY   1000005     8.02706703E+01   # sbottom1 decays
#          BR         NDA      ID1       ID2
     2.47342946E-02    2     1000022         5   # BR(~b_1 -> ~chi_10 b )
     5.04256941E-02    2     1000023         5   # BR(~b_1 -> ~chi_20 b )
     4.91332339E-02    2     1000025         5   # BR(~b_1 -> ~chi_30 b )
     3.83288572E-02    2     1000035         5   # BR(~b_1 -> ~chi_40 b )
     9.46164544E-02    2    -1000024         6   # BR(~b_1 -> ~chi_1- t )
     1.49602608E-01    2    -1000037         6   # BR(~b_1 -> ~chi_2- t )
     5.91282267E-01    2     1000021         5   # BR(~b_1 -> ~g      b )
     1.87659107E-03    2     1000006       -24   # BR(~b_1 -> ~t_1    W-)
#
#         PDG            Width
DECAY   2000005     7.88347696E+01   # sbottom2 decays
#          BR         NDA      ID1       ID2
     2.13187335E-02    2     1000022         5   # BR(~b_2 -> ~chi_10 b )
     2.60193119E-02    2     1000023         5   # BR(~b_2 -> ~chi_20 b )
     5.95240621E-02    2     1000025         5   # BR(~b_2 -> ~chi_30 b )
     3.18954989E-02    2     1000035         5   # BR(~b_2 -> ~chi_40 b )
     6.22461800E-02    2    -1000024         6   # BR(~b_2 -> ~chi_1- t )
     6.27382743E-02    2    -1000037         6   # BR(~b_2 -> ~chi_2- t )
     7.35861009E-01    2     1000021         5   # BR(~b_2 -> ~g      b )
     6.09782003E-05    2     1000005        25   # BR(~b_2 -> ~b_1    h )
     8.51135955E-05    2     1000005        23   # BR(~b_2 -> ~b_1    Z )
     1.57081403E-04    2     1000006       -24   # BR(~b_2 -> ~t_1    W-)
     9.37566351E-05    2     2000006       -24   # BR(~b_2 -> ~t_2    W-)
#
#         PDG            Width
DECAY   1000002     1.04433245E+02   # sup_L decays
#          BR         NDA      ID1       ID2
     7.70132137E-06    2     1000022         2   # BR(~u_L -> ~chi_10 u)
     3.73936323E-02    2     1000023         2   # BR(~u_L -> ~chi_20 u)
     1.27752797E-03    2     1000025         2   # BR(~u_L -> ~chi_30 u)
     1.87297023E-02    2     1000035         2   # BR(~u_L -> ~chi_40 u)
     8.50312272E-02    2     1000024         1   # BR(~u_L -> ~chi_1+ d)
     2.63074555E-02    2     1000037         1   # BR(~u_L -> ~chi_2+ d)
     8.31252753E-01    2     1000021         2   # BR(~u_L -> ~g      u)
#
#         PDG            Width
DECAY   2000002     9.02892492E+01   # sup_R decays
#          BR         NDA      ID1       ID2
     2.98462595E-02    2     1000022         2   # BR(~u_R -> ~chi_10 u)
     4.92722625E-03    2     1000023         2   # BR(~u_R -> ~chi_20 u)
     5.30956923E-04    2     1000025         2   # BR(~u_R -> ~chi_30 u)
     1.14603340E-03    2     1000035         2   # BR(~u_R -> ~chi_40 u)
     9.63549524E-01    2     1000021         2   # BR(~u_R -> ~g      u)
#
#         PDG            Width
DECAY   1000001     1.04660853E+02   # sdown_L decays
#          BR         NDA      ID1       ID2
     6.00513421E-03    2     1000022         1   # BR(~d_L -> ~chi_10 d)
     2.58518616E-02    2     1000023         1   # BR(~d_L -> ~chi_20 d)
     2.15805230E-03    2     1000025         1   # BR(~d_L -> ~chi_30 d)
     2.32909340E-02    2     1000035         1   # BR(~d_L -> ~chi_40 d)
     4.93878399E-02    2    -1000024         2   # BR(~d_L -> ~chi_1- u)
     6.09259030E-02    2    -1000037         2   # BR(~d_L -> ~chi_2- u)
     8.32380275E-01    2     1000021         1   # BR(~d_L -> ~g      d)
#
#         PDG            Width
DECAY   2000001     8.78495220E+01   # sdown_R decays
#          BR         NDA      ID1       ID2
     7.67048928E-03    2     1000022         1   # BR(~d_R -> ~chi_10 d)
     1.26630054E-03    2     1000023         1   # BR(~d_R -> ~chi_20 d)
     1.36457348E-04    2     1000025         1   # BR(~d_R -> ~chi_30 d)
     2.94535463E-04    2     1000035         1   # BR(~d_R -> ~chi_40 d)
     9.90632217E-01    2     1000021         1   # BR(~d_R -> ~g      d)
#
#         PDG            Width
DECAY   1000004     1.04433245E+02   # scharm_L decays
#          BR         NDA      ID1       ID2
     7.70132137E-06    2     1000022         4   # BR(~c_L -> ~chi_10 c)
     3.73936323E-02    2     1000023         4   # BR(~c_L -> ~chi_20 c)
     1.27752797E-03    2     1000025         4   # BR(~c_L -> ~chi_30 c)
     1.87297023E-02    2     1000035         4   # BR(~c_L -> ~chi_40 c)
     8.50312272E-02    2     1000024         3   # BR(~c_L -> ~chi_1+ s)
     2.63074555E-02    2     1000037         3   # BR(~c_L -> ~chi_2+ s)
     8.31252753E-01    2     1000021         4   # BR(~c_L -> ~g      c)
#
#         PDG            Width
DECAY   2000004     9.02892492E+01   # scharm_R decays
#          BR         NDA      ID1       ID2
     2.98462595E-02    2     1000022         4   # BR(~c_R -> ~chi_10 c)
     4.92722625E-03    2     1000023         4   # BR(~c_R -> ~chi_20 c)
     5.30956923E-04    2     1000025         4   # BR(~c_R -> ~chi_30 c)
     1.14603340E-03    2     1000035         4   # BR(~c_R -> ~chi_40 c)
     9.63549524E-01    2     1000021         4   # BR(~c_R -> ~g      c)
#
#         PDG            Width
DECAY   1000003     1.04660853E+02   # sstrange_L decays
#          BR         NDA      ID1       ID2
     6.00513421E-03    2     1000022         3   # BR(~s_L -> ~chi_10 s)
     2.58518616E-02    2     1000023         3   # BR(~s_L -> ~chi_20 s)
     2.15805230E-03    2     1000025         3   # BR(~s_L -> ~chi_30 s)
     2.32909340E-02    2     1000035         3   # BR(~s_L -> ~chi_40 s)
     4.93878399E-02    2    -1000024         4   # BR(~s_L -> ~chi_1- c)
     6.09259030E-02    2    -1000037         4   # BR(~s_L -> ~chi_2- c)
     8.32380275E-01    2     1000021         3   # BR(~s_L -> ~g      s)
#
#         PDG            Width
DECAY   2000003     8.78495220E+01   # sstrange_R decays
#          BR         NDA      ID1       ID2
     7.67048928E-03    2     1000022         3   # BR(~s_R -> ~chi_10 s)
     1.26630054E-03    2     1000023         3   # BR(~s_R -> ~chi_20 s)
     1.36457348E-04    2     1000025         3   # BR(~s_R -> ~chi_30 s)
     2.94535463E-04    2     1000035         3   # BR(~s_R -> ~chi_40 s)
     9.90632217E-01    2     1000021         3   # BR(~s_R -> ~g      s)
#
#         PDG            Width
DECAY   1000011     1.94154574E+01   # selectron_L decays
#          BR         NDA      ID1       ID2
     3.77342942E-02    2     1000022        11   # BR(~e_L -> ~chi_10 e-)
     2.78967420E-01    2     1000023        11   # BR(~e_L -> ~chi_20 e-)
     3.41080331E-03    2     1000025        11   # BR(~e_L -> ~chi_30 e-)
     7.96204161E-02    2     1000035        11   # BR(~e_L -> ~chi_40 e-)
     2.69754076E-01    2    -1000024        12   # BR(~e_L -> ~chi_1- nu_e)
     3.30512990E-01    2    -1000037        12   # BR(~e_L -> ~chi_2- nu_e)
#
#         PDG            Width
DECAY   2000011     7.51737264E+00   # selectron_R decays
#          BR         NDA      ID1       ID2
     8.19321980E-01    2     1000022        11   # BR(~e_R -> ~chi_10 e-)
     1.35000307E-01    2     1000023        11   # BR(~e_R -> ~chi_20 e-)
     1.44884805E-02    2     1000025        11   # BR(~e_R -> ~chi_30 e-)
     3.11892322E-02    2     1000035        11   # BR(~e_R -> ~chi_40 e-)
#
#         PDG            Width
DECAY   1000013     1.94154574E+01   # smuon_L decays
#          BR         NDA      ID1       ID2
     3.77342942E-02    2     1000022        13   # BR(~mu_L -> ~chi_10 mu-)
     2.78967420E-01    2     1000023        13   # BR(~mu_L -> ~chi_20 mu-)
     3.41080331E-03    2     1000025        13   # BR(~mu_L -> ~chi_30 mu-)
     7.96204161E-02    2     1000035        13   # BR(~mu_L -> ~chi_40 mu-)
     2.69754076E-01    2    -1000024        14   # BR(~mu_L -> ~chi_1- nu_mu)
     3.30512990E-01    2    -1000037        14   # BR(~mu_L -> ~chi_2- nu_mu)
#
#         PDG            Width
DECAY   2000013     7.51737264E+00   # smuon_R decays
#          BR         NDA      ID1       ID2
     8.19321980E-01    2     1000022        13   # BR(~mu_R -> ~chi_10 mu-)
     1.35000307E-01    2     1000023        13   # BR(~mu_R -> ~chi_20 mu-)
     1.44884805E-02    2     1000025        13   # BR(~mu_R -> ~chi_30 mu-)
     3.11892322E-02    2     1000035        13   # BR(~mu_R -> ~chi_40 mu-)
#
#         PDG            Width
DECAY   1000015     1.58556280E+01   # stau_1 decays
#          BR         NDA      ID1       ID2
     3.32213734E-01    2     1000022        15   # BR(~tau_1 -> ~chi_10  tau-)
     1.22259594E-01    2     1000023        15   # BR(~tau_1 -> ~chi_20  tau-)
     1.44800050E-01    2     1000025        15   # BR(~tau_1 -> ~chi_30  tau-)
     7.16365041E-02    2     1000035        15   # BR(~tau_1 -> ~chi_40  tau-)
     2.02032071E-01    2    -1000024        16   # BR(~tau_1 -> ~chi_1-  nu_tau)
     1.27058047E-01    2    -1000037        16   # BR(~tau_1 -> ~chi_2-  nu_tau)
#
#         PDG            Width
DECAY   2000015     2.31720863E+01   # stau_2 decays
#          BR         NDA      ID1       ID2
     6.25206097E-02    2     1000022        15   # BR(~tau_2 -> ~chi_10  tau-)
     2.58707021E-01    2     1000023        15   # BR(~tau_2 -> ~chi_20  tau-)
     1.24497739E-01    2     1000025        15   # BR(~tau_2 -> ~chi_30  tau-)
     1.18728481E-01    2     1000035        15   # BR(~tau_2 -> ~chi_40  tau-)
     1.86218076E-01    2    -1000024        16   # BR(~tau_2 -> ~chi_1-  nu_tau)
     2.48135153E-01    2    -1000037        16   # BR(~tau_2 -> ~chi_2-  nu_tau)
     6.43189123E-04    2     1000015        25   # BR(~tau_2 -> ~tau_1   h)
     5.49731054E-04    2     1000015        23   # BR(~tau_2 -> ~tau_1   Z)
#
#         PDG            Width
DECAY   1000012     1.94640904E+01   # snu_eL decays
#          BR         NDA      ID1       ID2
     1.35553843E-01    2     1000022        12   # BR(~nu_eL -> ~chi_10 nu_e)
     8.92983820E-02    2     1000023        12   # BR(~nu_eL -> ~chi_20 nu_e)
     1.76866346E-02    2     1000025        12   # BR(~nu_eL -> ~chi_30 nu_e)
     1.52981781E-01    2     1000035        12   # BR(~nu_eL -> ~chi_40 nu_e)
     4.62394458E-01    2     1000024        11   # BR(~nu_eL -> ~chi_1+ e-)
     1.42084902E-01    2     1000037        11   # BR(~nu_eL -> ~chi_2+ e-)
#
#         PDG            Width
DECAY   1000014     1.94640904E+01   # snu_muL decays
#          BR         NDA      ID1       ID2
     1.35553843E-01    2     1000022        14   # BR(~nu_muL -> ~chi_10 nu_mu)
     8.92983820E-02    2     1000023        14   # BR(~nu_muL -> ~chi_20 nu_mu)
     1.76866346E-02    2     1000025        14   # BR(~nu_muL -> ~chi_30 nu_mu)
     1.52981781E-01    2     1000035        14   # BR(~nu_muL -> ~chi_40 nu_mu)
     4.62394458E-01    2     1000024        13   # BR(~nu_muL -> ~chi_1+ mu-)
     1.42084902E-01    2     1000037        13   # BR(~nu_muL -> ~chi_2+ mu-)
#
#         PDG            Width
DECAY   1000016     2.32709490E+01   # snu_tauL decays
#          BR         NDA      ID1       ID2
     9.89943640E-02    2     1000022        16   # BR(~nu_tauL -> ~chi_10 nu_tau)
     6.50595902E-02    2     1000023        16   # BR(~nu_tauL -> ~chi_20 nu_tau)
     1.28014954E-02    2     1000025        16   # BR(~nu_tauL -> ~chi_30 nu_tau)
     1.10164196E-01    2     1000035        16   # BR(~nu_tauL -> ~chi_40 nu_tau)
     4.92884211E-01    2     1000024        15   # BR(~nu_tauL -> ~chi_1+ tau-)
     2.18969486E-01    2     1000037        15   # BR(~nu_tauL -> ~chi_2+ tau-)
     1.12665675E-03    2    -1000015       -24   # BR(~nu_tauL -> ~tau_1+ W-)
#
#         PDG            Width
DECAY   1000024     8.66522651E-05   # chargino1+ decays
#           BR         NDA      ID1       ID2       ID3
     3.33499282E-01    3     1000022         2        -1   # BR(~chi_1+ -> ~chi_10 u    db)
     3.33499282E-01    3     1000022         4        -3   # BR(~chi_1+ -> ~chi_10 c    sb)
     1.11208794E-01    3     1000022       -11        12   # BR(~chi_1+ -> ~chi_10 e+   nu_e)
     1.11208794E-01    3     1000022       -13        14   # BR(~chi_1+ -> ~chi_10 mu+  nu_mu)
     1.10583848E-01    3     1000022       -15        16   # BR(~chi_1+ -> ~chi_10 tau+ nu_tau)
#
#         PDG            Width
DECAY   1000037     6.74580285E-01   # chargino2+ decays
#          BR         NDA      ID1       ID2
     1.39007986E-01    2     1000024        23   # BR(~chi_2+ -> ~chi_1+  Z )
     2.76510830E-02    2     1000022        24   # BR(~chi_2+ -> ~chi_10  W+)
     8.29359355E-01    2     1000023        24   # BR(~chi_2+ -> ~chi_20  W+)
     3.98157574E-03    2     1000024        25   # BR(~chi_2+ -> ~chi_1+  h )
#
#         PDG            Width
DECAY   1000022     0.00000000E+00   # neutralino1 decays
#
#         PDG            Width
DECAY   1000023     6.09908390E-06   # neutralino2 decays
#          BR         NDA      ID1       ID2
     2.03003249E-02    2     1000022        22   # BR(~chi_20 -> ~chi_10 gam)
#           BR         NDA      ID1       ID2       ID3
     1.15975584E-01    3     1000022        -2         2   # BR(~chi_20 -> ~chi_10 ub      u)
     1.50879223E-01    3     1000022        -1         1   # BR(~chi_20 -> ~chi_10 db      d)
     1.15975584E-01    3     1000022        -4         4   # BR(~chi_20 -> ~chi_10 cb      c)
     1.50879223E-01    3     1000022        -3         3   # BR(~chi_20 -> ~chi_10 sb      s)
     1.44985024E-01    3     1000022        -5         5   # BR(~chi_20 -> ~chi_10 bb      b)
     3.30131960E-02    3     1000022       -11        11   # BR(~chi_20 -> ~chi_10 e+      e-)
     3.30131960E-02    3     1000022       -13        13   # BR(~chi_20 -> ~chi_10 mu+     mu-)
     3.37205440E-02    3     1000022       -15        15   # BR(~chi_20 -> ~chi_10 tau+    tau-)
     6.70100977E-02    3     1000022       -12        12   # BR(~chi_20 -> ~chi_10 nu_eb   nu_e)
     6.70100977E-02    3     1000022       -14        14   # BR(~chi_20 -> ~chi_10 nu_mub  nu_mu)
     6.66899622E-02    3     1000022       -16        16   # BR(~chi_20 -> ~chi_10 nu_taub nu_tau)
     1.00766057E-04    3     1000024        -2         1   # BR(~chi_20 -> ~chi_1+ ub      d)
     1.00766057E-04    3    -1000024        -1         2   # BR(~chi_20 -> ~chi_1- db      u)
     1.00766057E-04    3     1000024        -4         3   # BR(~chi_20 -> ~chi_1+ cb      s)
     1.00766057E-04    3    -1000024        -3         4   # BR(~chi_20 -> ~chi_1- sb      c)
     3.35875058E-05    3     1000024       -12        11   # BR(~chi_20 -> ~chi_1+ nu_eb   e-)
     3.35875058E-05    3    -1000024        12       -11   # BR(~chi_20 -> ~chi_1- nu_e    e+)
     3.35875058E-05    3     1000024       -14        13   # BR(~chi_20 -> ~chi_1+ nu_mub  mu-)
     3.35875058E-05    3    -1000024        14       -13   # BR(~chi_20 -> ~chi_1- nu_mu   mu+)
     5.26417329E-06    3     1000024       -16        15   # BR(~chi_20 -> ~chi_1+ nu_taub tau-)
     5.26417329E-06    3    -1000024        16       -15   # BR(~chi_20 -> ~chi_1- nu_tau  tau+)
#
#         PDG            Width
DECAY   1000025     5.50734407E-02   # neutralino3 decays
#          BR         NDA      ID1       ID2
     9.84896380E-01    2     1000022        23   # BR(~chi_30 -> ~chi_10   Z )
     1.51036196E-02    2     1000022        25   # BR(~chi_30 -> ~chi_10   h )
#
#         PDG            Width
DECAY   1000035     1.15484907E+00   # neutralino4 decays
#          BR         NDA      ID1       ID2
     1.81011748E-02    2     1000022        23   # BR(~chi_40 -> ~chi_10   Z )
     1.18476794E-03    2     1000023        23   # BR(~chi_40 -> ~chi_20   Z )
     4.75460953E-01    2     1000024       -24   # BR(~chi_40 -> ~chi_1+   W-)
     4.75460953E-01    2    -1000024        24   # BR(~chi_40 -> ~chi_1-   W+)
     2.94679516E-02    2     1000022        25   # BR(~chi_40 -> ~chi_10   h )
     3.24199667E-04    2     1000023        25   # BR(~chi_40 -> ~chi_20   h )
#
#         PDG            Width
DECAY        26     3.55971155E-03   # h decays
#          BR         NDA      ID1       ID2
     7.63805638E-01    2           5        -5   # BR(h -> b       bb     )
     8.02992260E-02    2         -15        15   # BR(h -> tau+    tau-   )
     2.84298503E-04    2         -13        13   # BR(h -> mu+     mu-    )
     6.12734697E-04    2           3        -3   # BR(h -> s       sb     )
     2.20950209E-02    2           4        -4   # BR(h -> c       cb     )
     5.97773663E-02    2          21        21   # BR(h -> g       g      )
     1.76920295E-03    2          22        22   # BR(h -> gam     gam    )
     5.53824661E-04    2          22        23   # BR(h -> Z       gam    )
     6.43570942E-02    2          24       -24   # BR(h -> W+      W-     )
     6.44559342E-03    2          23        23   # BR(h -> Z       Z      )
#
#         PDG            Width
DECAY        35     2.22507679E+01   # H decays
#          BR         NDA      ID1       ID2
     7.55989804E-01    2           5        -5   # BR(H -> b       bb     )
     1.11693062E-01    2         -15        15   # BR(H -> tau+    tau-   )
     3.94906046E-04    2         -13        13   # BR(H -> mu+     mu-    )
     6.35428977E-04    2           3        -3   # BR(H -> s       sb     )
     5.68630851E-09    2           4        -4   # BR(H -> c       cb     )
     2.61886274E-04    2           6        -6   # BR(H -> t       tb     )
     2.24294755E-04    2          21        21   # BR(H -> g       g      )
     8.93707668E-07    2          22        22   # BR(H -> gam     gam    )
     5.51213970E-08    2          23        22   # BR(H -> Z       gam    )
     5.94134628E-06    2          24       -24   # BR(H -> W+      W-     )
     2.83625505E-06    2          23        23   # BR(H -> Z       Z      )
     2.02347673E-05    2          25        25   # BR(H -> h       h      )
     4.72237253E-23    2          36        36   # BR(H -> A       A      )
     9.30728780E-20    2          23        36   # BR(H -> Z       A      )
     5.58459078E-02    2     1000024  -1000024   # BR(H -> ~chi_1+ ~chi_1-)
     1.18777748E-03    2     1000037  -1000037   # BR(H -> ~chi_2+ ~chi_2-)
     3.00323116E-02    2     1000024  -1000037   # BR(H -> ~chi_1+ ~chi_2-)
     3.00323116E-02    2     1000037  -1000024   # BR(H -> ~chi_2+ ~chi_1-)
     7.12579867E-03    2     1000022   1000022   # BR(H -> ~chi_10 ~chi_10)
     8.20594337E-04    2     1000023   1000023   # BR(H -> ~chi_20 ~chi_20)
     6.91864954E-07    2     1000025   1000025   # BR(H -> ~chi_30 ~chi_30)
     1.70716368E-08    2     1000035   1000035   # BR(H -> ~chi_40 ~chi_40)
     5.11175818E-03    2     1000022   1000023   # BR(H -> ~chi_10 ~chi_20)
     3.20475338E-04    2     1000022   1000025   # BR(H -> ~chi_10 ~chi_30)
     9.44447752E-05    2     1000022   1000035   # BR(H -> ~chi_10 ~chi_40)
     1.54432602E-04    2     1000023   1000025   # BR(H -> ~chi_20 ~chi_30)
     4.38724352E-05    2     1000023   1000035   # BR(H -> ~chi_20 ~chi_40)
     2.57153694E-07    2     1000025   1000035   # BR(H -> ~chi_30 ~chi_40)
#
#         PDG            Width
DECAY        36     2.22453282E+01   # A decays
#          BR         NDA      ID1       ID2
     7.56274106E-01    2           5        -5   # BR(A -> b       bb     )
     1.11732729E-01    2         -15        15   # BR(A -> tau+    tau-   )
     3.95025391E-04    2         -13        13   # BR(A -> mu+     mu-    )
     6.35641710E-04    2           3        -3   # BR(A -> s       sb     )
     4.74073228E-09    2           4        -4   # BR(A -> c       cb     )
     3.93360502E-04    2           6        -6   # BR(A -> t       tb     )
     2.39158718E-04    2          21        21   # BR(A -> g       g      )
     1.31212654E-06    2          22        22   # BR(A -> gam     gam    )
     5.31532339E-08    2          23        22   # BR(A -> Z       gam    )
     5.20165067E-06    2          23        25   # BR(A -> Z       h      )
     7.22974830E-02    2     1000024  -1000024   # BR(A -> ~chi_1+ ~chi_1-)
     8.64323426E-03    2     1000037  -1000037   # BR(A -> ~chi_2+ ~chi_2-)
     1.68580368E-02    2     1000024  -1000037   # BR(A -> ~chi_1+ ~chi_2-)
     1.68580368E-02    2     1000037  -1000024   # BR(A -> ~chi_2+ ~chi_1-)
     7.93411116E-03    2     1000022   1000022   # BR(A -> ~chi_10 ~chi_10)
     1.09178318E-03    2     1000023   1000023   # BR(A -> ~chi_20 ~chi_20)
     1.46930004E-06    2     1000025   1000025   # BR(A -> ~chi_30 ~chi_30)
     1.25649664E-07    2     1000035   1000035   # BR(A -> ~chi_40 ~chi_40)
     6.07350424E-03    2     1000022   1000023   # BR(A -> ~chi_10 ~chi_20)
     2.36786987E-04    2     1000022   1000025   # BR(A -> ~chi_10 ~chi_30)
     1.46710174E-04    2     1000022   1000035   # BR(A -> ~chi_10 ~chi_40)
     9.39103690E-05    2     1000023   1000025   # BR(A -> ~chi_20 ~chi_30)
     8.81192847E-05    2     1000023   1000035   # BR(A -> ~chi_20 ~chi_40)
     9.59202216E-08    2     1000025   1000035   # BR(A -> ~chi_30 ~chi_40)
#
#         PDG            Width
DECAY        37     1.93165649E+01   # H+ decays
#          BR         NDA      ID1       ID2
     1.47988880E-03    2           4        -5   # BR(H+ -> c       bb     )
     1.30693782E-01    2         -15        16   # BR(H+ -> tau+    nu_tau )
     4.62060854E-04    2         -13        14   # BR(H+ -> mu+     nu_mu  )
     9.47095417E-06    2           2        -5   # BR(H+ -> u       bb     )
     3.52413143E-05    2           2        -3   # BR(H+ -> u       sb     )
     7.24831456E-04    2           4        -3   # BR(H+ -> c       sb     )
     8.26198373E-01    2           6        -5   # BR(H+ -> t       bb     )
     6.51823034E-06    2          24        25   # BR(H+ -> W+      h      )
     1.76088274E-09    2          24        36   # BR(H+ -> W+      A      )
     3.06747001E-02    2     1000024   1000022   # BR(H+ -> ~chi_1+ ~chi_10)
     8.85141170E-04    2     1000024   1000023   # BR(H+ -> ~chi_1+ ~chi_20)
     1.39527680E-03    2     1000024   1000025   # BR(H+ -> ~chi_1+ ~chi_30)
     3.17466037E-03    2     1000024   1000035   # BR(H+ -> ~chi_1+ ~chi_40)
     1.05378487E-03    2     1000037   1000022   # BR(H+ -> ~chi_2+ ~chi_10)
     3.11115812E-03    2     1000037   1000023   # BR(H+ -> ~chi_2+ ~chi_20)
     2.92419337E-05    2     1000037   1000025   # BR(H+ -> ~chi_2+ ~chi_30)
     6.58689200E-05    2     1000037   1000035   # BR(H+ -> ~chi_2+ ~chi_40)
