#
#                              ======================
#                              | THE SUSYHIT OUTPUT |
#                              ======================
#
#
#              ------------------------------------------------------
#              |     This is the output of the SUSY-HIT package     |
#              |  created by A.Djouadi, M.Muehlleitner and M.Spira. |
#              |  In case of problems with SUSY-HIT email to        |
#              |           margarete.muehlleitner@cern.ch           |
#              |           michael.spira@psi.ch                     |
#              |           abdelhak.djouadi@cern.ch                 |
#              ------------------------------------------------------
#
#              ------------------------------------------------------
#              |  SUSY Les Houches Accord - MSSM Spectrum + Decays  |
#              |              based on the decay programs           |
#              |                                                    |
#              |                     SDECAY 1.2                     |
#              |                                                    |
#              |  Authors: M.Muhlleitner, A.Djouadi and Y.Mambrini  |
#              |  Ref.:    Comput.Phys.Commun.168(2005)46           |
#              |           [hep-ph/0311167]                         |
#              |                                                    |
#              |                     HDECAY 3.200                   |
#              |                                                    |
#              |  By: A.Djouadi,J.Kalinowski,M.Muhlleitner,M.Spira  |
#              |  Ref.:    Comput.Phys.Commun.108(1998)56           |
#              |           [hep-ph/9704448]                         |
#              |                                                    |
#              |                                                    |
#              |  If not stated otherwise all DRbar couplings and   |
#              |  soft SUSY breaking masses are given at the scale  |
#              |  Q=  0.94440454E+03
#              |                                                    |
#              ------------------------------------------------------
#
#  CMS point: LM9 for m_top = 175 GeV (requested by Niklas Mohr for comparison)
#  Charged lepton ID signs in the HDECAY (last 4) blocks are corrected by Sezen (by hand) 12/07/07
#  A0 value added to block MINPAR by Sezen (by hand) since SUSYHIT does not write A0 values for A0 = 0
#  12/07/07
#  ~tau_1+ ID sign in snu_tauL block is corrected by Sezen (by hand). 13/07/07
#
#
BLOCK DCINFO  # Decay Program information
     1   SDECAY/HDECAY # decay calculator
     2   1.2   /3.200  # version number
#
BLOCK SPINFO  # Spectrum calculator information
     1   ISASUGRA from ISAJET          # Spectrum Calculato
     2   7.75   14-FEB-2007 10:44:07   # Version number    
#
BLOCK MODSEL  # Model selection
     1     1   # # Minimal supergravity (mSUGRA,CMSSM) model       
#
BLOCK SMINPUTS  # Standard Model inputs
         1     1.27835640E+02   # alpha_em^-1(M_Z)^MSbar
         2     1.16639003E-05   # G_F [GeV^-2]
         3     1.17200002E-01   # alpha_S(M_Z)^MSbar
         4     9.11875992E+01   # M_Z pole mass
         5     4.19999981E+00   # mb(mb)^MSbar
         6     1.75000000E+02   # mt pole mass
         7     1.77699995E+00   # mtau pole mass
#
BLOCK MINPAR  # Input parameters - minimal models
         1     1.45000000E+03   # m_0                 
         2     1.75000000E+02   # m_{1                
         3     5.00000000E+01   # tan(beta)           
         4     1.00000000E+00   # sign(mu)            
         5     0.00000000E+00   # A0
#
BLOCK MASS  # Mass Spectrum
# PDG code           mass       particle
        24     8.04229965E+01   # W+
        25     1.13545074E+02   # h
        35     6.72308777E+02   # H
        36     6.68026917E+02   # A
        37     6.78308105E+02   # H+
         5     4.82427387E+00   # b-quark pole mass calculated from mb(mb)_Msbar
   1000001     1.48347827E+03   # ~d_L
   2000001     1.48552808E+03   # ~d_R
   1000002     1.48127112E+03   # ~u_L
   2000002     1.48434241E+03   # ~u_R
   1000003     1.48347827E+03   # ~s_L
   2000003     1.48552808E+03   # ~s_R
   1000004     1.48127112E+03   # ~c_L
   2000004     1.48434241E+03   # ~c_R
   1000005     1.04018323E+03   # ~b_1
   2000005     1.17750513E+03   # ~b_2
   1000006     8.79439087E+02   # ~t_1
   2000006     1.05744568E+03   # ~t_2
   1000011     1.45233032E+03   # ~e_L
   2000011     1.45029553E+03   # ~e_R
   1000012     1.45019348E+03   # ~nu_eL
   1000013     1.45233032E+03   # ~mu_L
   2000013     1.45029553E+03   # ~mu_R
   1000014     1.45019348E+03   # ~nu_muL
   1000015     1.07403735E+03   # ~tau_1
   2000015     1.27830176E+03   # ~tau_2
   1000016     1.27632959E+03   # ~nu_tauL
   1000021     5.07113556E+02   # ~g
   1000022     6.87277298E+01   # ~chi_10
   1000023     1.21721260E+02   # ~chi_20
   1000025    -2.27172745E+02   # ~chi_30
   1000035     2.54808380E+02   # ~chi_40
   1000024     1.22297615E+02   # ~chi_1+
   1000037     2.54415955E+02   # ~chi_2+
#
BLOCK NMIX  # Neutralino Mixing Matrix
  1  1    -9.57605839E-01   # N_11
  1  2     1.01971537E-01   # N_12
  1  3    -2.55293220E-01   # N_13
  1  4     8.61317292E-02   # N_14
  2  1     2.18779981E-01   # N_21
  2  2     8.58872533E-01   # N_22
  2  3    -3.97302508E-01   # N_23
  2  4     2.37958685E-01   # N_24
  3  1    -1.01449929E-01   # N_31
  3  2     1.41650945E-01   # N_32
  3  3     6.78037465E-01   # N_33
  3  4     7.14078665E-01   # N_34
  4  1    -1.57590270E-01   # N_41
  4  2     4.81534094E-01   # N_42
  4  3     5.63242018E-01   # N_43
  4  4    -6.52724206E-01   # N_44
#
BLOCK UMIX  # Chargino Mixing Matrix U
  1  1    -8.06293666E-01   # U_11
  1  2     5.91515481E-01   # U_12
  2  1    -5.91515481E-01   # U_21
  2  2    -8.06293666E-01   # U_22
#
BLOCK VMIX  # Chargino Mixing Matrix V
  1  1    -9.37769651E-01   # V_11
  1  2     3.47257882E-01   # V_12
  2  1    -3.47257882E-01   # V_21
  2  2    -9.37769651E-01   # V_22
#
BLOCK STOPMIX  # Stop Mixing Matrix
  1  1     1.09980650E-01   # cos(theta_t)
  1  2    -9.93933728E-01   # sin(theta_t)
  2  1     9.93933728E-01   # -sin(theta_t)
  2  2     1.09980650E-01   # cos(theta_t)
#
BLOCK SBOTMIX  # Sbottom Mixing Matrix
  1  1     9.94811952E-01   # cos(theta_b)
  1  2    -1.01730920E-01   # sin(theta_b)
  2  1     1.01730920E-01   # -sin(theta_b)
  2  2     9.94811952E-01   # cos(theta_b)
#
BLOCK STAUMIX  # Stau Mixing Matrix
  1  1     4.78844605E-02   # cos(theta_tau)
  1  2    -9.98852881E-01   # sin(theta_tau)
  2  1     9.98852881E-01   # -sin(theta_tau)
  2  2     4.78844605E-02   # cos(theta_tau)
#
BLOCK ALPHA  # Higgs mixing
          -2.08596084E-02   # Mixing angle in the neutral Higgs boson sector
#
BLOCK HMIX Q=  9.44404541E+02  # DRbar Higgs Parameters
         1     2.13930252E+02   # mu(Q)               
         2     5.00000000E+01   # tan(beta)(M_{GUT})  
         3     2.51115234E+02   # Higgs               
         4     4.46259969E+05   # m_A^2(Q)            
#
BLOCK GAUGE Q=  9.44404541E+02  # The gauge couplings
     1     3.57525945E-01   # gprime(Q) DRbar
     2     6.52379692E-01   # g(Q) DRbar
     3     1.21928298E+00   # g3(Q) DRbar
#
BLOCK AU Q=  9.44404541E+02  # The trilinear couplings
  1  1    -2.93490631E+02   # A_u(Q) DRbar
  2  2    -2.93490631E+02   # A_c(Q) DRbar
  3  3    -2.93490631E+02   # A_t(Q) DRbar
#
BLOCK AD Q=  9.44404541E+02  # The trilinear couplings
  1  1    -3.52707916E+02   # A_d(Q) DRbar
  2  2    -3.52707916E+02   # A_s(Q) DRbar
  3  3    -3.52707916E+02   # A_b(Q) DRbar
#
BLOCK AE Q=  9.44404541E+02  # The trilinear couplings
  1  1    -3.60047760E+01   # A_e(Q) DRbar
  2  2    -3.60047760E+01   # A_mu(Q) DRbar
  3  3    -3.60047760E+01   # A_tau(Q) DRbar
#
BLOCK Yu Q=  9.44404541E+02  # The Yukawa couplings
  1  1     0.00000000E+00   # y_u(Q) DRbar
  2  2     0.00000000E+00   # y_c(Q) DRbar
  3  3     8.73742640E-01   # y_t(Q) DRbar
#
BLOCK Yd Q=  9.44404541E+02  # The Yukawa couplings
  1  1     0.00000000E+00   # y_d(Q) DRbar
  2  2     0.00000000E+00   # y_s(Q) DRbar
  3  3     6.57877564E-01   # y_b(Q) DRbar
#
BLOCK Ye Q=  9.44404541E+02  # The Yukawa couplings
  1  1     0.00000000E+00   # y_e(Q) DRbar
  2  2     0.00000000E+00   # y_mu(Q) DRbar
  3  3     5.03409147E-01   # y_tau(Q) DRbar
#
BLOCK MSOFT Q=  9.44404541E+02  # The soft SUSY breaking masses at the scale Q
         1     7.29455872E+01   # M_1(Q)              
         2     1.36730606E+02   # M_2(Q)              
         3     4.24041168E+02   # M_3(Q)              
        31     1.44706458E+03   # MeL(Q)              
        32     1.44706458E+03   # MmuL(Q)             
        33     1.27600293E+03   # MtauL(Q)            
        34     1.44849487E+03   # MeR(Q)              
        35     1.44849487E+03   # MmuR(Q)             
        36     1.07645911E+03   # MtauR(Q)            
        41     1.45818445E+03   # MqL1(Q)             
        42     1.45818445E+03   # MqL2(Q)             
        43     1.02702319E+03   # MqL3(Q)             
        44     1.46068457E+03   # MuR(Q)              
        45     1.46068457E+03   # McR(Q)              
        46     8.68432007E+02   # MtR(Q)              
        47     1.46120007E+03   # MdR(Q)              
        48     1.46120007E+03   # MsR(Q)              
        49     1.16333960E+03   # MbR(Q)              
#
#
#
#                             =================
#                             |The decay table|
#                             =================
#
# - The QCD corrections to the decays gluino -> squark  + quark
#                                     squark -> gaugino + quark_prime
#                                     squark -> squark_prime + Higgs
#                                     squark -> gluino  + quark
#   are included.
#
# - The multi-body decays for the inos, stops and sbottoms are included.
#
# - The loop induced decays for the gluino, neutralinos and stops
#   are included.
#
# - The SUSY decays of the top quark are included.
#
#
#         PDG            Width
DECAY         6     1.55232439E+00   # top decays
#          BR         NDA      ID1       ID2
     1.00000000E+00    2           5        24   # BR(t ->  b    W+)
#
#         PDG            Width
DECAY   1000021     7.66535440E-04   # gluino decays
#          BR         NDA      ID1       ID2
     7.05111152E-04    2     1000022        21   # BR(~g -> ~chi_10 g)
     1.07162033E-02    2     1000023        21   # BR(~g -> ~chi_20 g)
     8.22764102E-02    2     1000025        21   # BR(~g -> ~chi_30 g)
     4.47379319E-02    2     1000035        21   # BR(~g -> ~chi_40 g)
#           BR         NDA      ID1       ID2       ID3
     6.96978116E-03    3     1000022         1        -1   # BR(~g -> ~chi_10 d  db)
     1.95856096E-02    3     1000023         1        -1   # BR(~g -> ~chi_20 d  db)
     1.23620887E-04    3     1000025         1        -1   # BR(~g -> ~chi_30 d  db)
     2.08759454E-03    3     1000035         1        -1   # BR(~g -> ~chi_40 d  db)
     1.73489084E-02    3     1000022         2        -2   # BR(~g -> ~chi_10 u  ub)
     2.42591642E-02    3     1000023         2        -2   # BR(~g -> ~chi_20 u  ub)
     9.48601860E-05    3     1000025         2        -2   # BR(~g -> ~chi_30 u  ub)
     1.73768821E-03    3     1000035         2        -2   # BR(~g -> ~chi_40 u  ub)
     6.96978116E-03    3     1000022         3        -3   # BR(~g -> ~chi_10 s  sb)
     1.95856096E-02    3     1000023         3        -3   # BR(~g -> ~chi_20 s  sb)
     1.23620887E-04    3     1000025         3        -3   # BR(~g -> ~chi_30 s  sb)
     2.08759454E-03    3     1000035         3        -3   # BR(~g -> ~chi_40 s  sb)
     1.73489084E-02    3     1000022         4        -4   # BR(~g -> ~chi_10 c  cb)
     2.42591642E-02    3     1000023         4        -4   # BR(~g -> ~chi_20 c  cb)
     9.48601860E-05    3     1000025         4        -4   # BR(~g -> ~chi_30 c  cb)
     1.73768821E-03    3     1000035         4        -4   # BR(~g -> ~chi_40 c  cb)
     5.89998390E-02    3     1000022         5        -5   # BR(~g -> ~chi_10 b  bb)
     1.56487212E-01    3     1000023         5        -5   # BR(~g -> ~chi_20 b  bb)
     8.59140826E-02    3     1000025         5        -5   # BR(~g -> ~chi_30 b  bb)
     5.38284902E-02    3     1000035         5        -5   # BR(~g -> ~chi_40 b  bb)
     5.07865328E-03    3     1000022         6        -6   # BR(~g -> ~chi_10 t  tb)
     6.95079630E-04    3     1000023         6        -6   # BR(~g -> ~chi_20 t  tb)
     4.41477142E-02    3     1000024         1        -2   # BR(~g -> ~chi_1+ d  ub)
     4.41477142E-02    3    -1000024         2        -1   # BR(~g -> ~chi_1- u  db)
     3.60638719E-03    3     1000037         1        -2   # BR(~g -> ~chi_2+ d  ub)
     3.60638719E-03    3    -1000037         2        -1   # BR(~g -> ~chi_2- u  db)
     4.41477142E-02    3     1000024         3        -4   # BR(~g -> ~chi_1+ s  cb)
     4.41477142E-02    3    -1000024         4        -3   # BR(~g -> ~chi_1- c  sb)
     3.60638719E-03    3     1000037         3        -4   # BR(~g -> ~chi_2+ s  cb)
     3.60638719E-03    3    -1000037         4        -3   # BR(~g -> ~chi_2- c  sb)
     5.73382283E-02    3     1000024         5        -6   # BR(~g -> ~chi_1+ b  tb)
     5.73382283E-02    3    -1000024         6        -5   # BR(~g -> ~chi_1- t  bb)
     2.52268349E-02    3     1000037         5        -6   # BR(~g -> ~chi_2+ b  tb)
     2.52268349E-02    3    -1000037         6        -5   # BR(~g -> ~chi_2- t  bb)
#
#         PDG            Width
DECAY   1000006     6.07829532E+01   # stop1 decays
#          BR         NDA      ID1       ID2
     2.62854228E-02    2     1000022         6   # BR(~t_1 -> ~chi_10 t )
     1.03518675E-02    2     1000023         6   # BR(~t_1 -> ~chi_20 t )
     8.68242879E-02    2     1000025         6   # BR(~t_1 -> ~chi_30 t )
     7.89200903E-02    2     1000035         6   # BR(~t_1 -> ~chi_40 t )
     1.84326321E-02    2     1000024         5   # BR(~t_1 -> ~chi_1+ b )
     1.65028125E-01    2     1000037         5   # BR(~t_1 -> ~chi_2+ b )
     6.14157575E-01    2     1000021         6   # BR(~t_1 -> ~g      t )
#
#         PDG            Width
DECAY   2000006     1.01820239E+02   # stop2 decays
#          BR         NDA      ID1       ID2
     2.09747441E-03    2     1000022         6   # BR(~t_2 -> ~chi_10 t )
     4.05154432E-02    2     1000023         6   # BR(~t_2 -> ~chi_20 t )
     7.40420125E-02    2     1000025         6   # BR(~t_2 -> ~chi_30 t )
     6.26358012E-02    2     1000035         6   # BR(~t_2 -> ~chi_40 t )
     1.06842448E-01    2     1000024         5   # BR(~t_2 -> ~chi_1+ b )
     5.49093037E-02    2     1000037         5   # BR(~t_2 -> ~chi_2+ b )
     6.55938716E-01    2     1000021         6   # BR(~t_2 -> ~g      t )
     2.13591372E-03    2     1000006        25   # BR(~t_2 -> ~t_1    h )
     8.82887250E-04    2     1000006        23   # BR(~t_2 -> ~t_1    Z )
#
#         PDG            Width
DECAY   1000005     1.00568684E+02   # sbottom1 decays
#          BR         NDA      ID1       ID2
     6.92944284E-03    2     1000022         5   # BR(~b_1 -> ~chi_10 b )
     3.68528264E-02    2     1000023         5   # BR(~b_1 -> ~chi_20 b )
     3.89366274E-02    2     1000025         5   # BR(~b_1 -> ~chi_30 b )
     3.75597740E-02    2     1000035         5   # BR(~b_1 -> ~chi_40 b )
     5.77167047E-02    2    -1000024         6   # BR(~b_1 -> ~chi_1- t )
     1.56780870E-01    2    -1000037         6   # BR(~b_1 -> ~chi_2- t )
     6.63698551E-01    2     1000021         5   # BR(~b_1 -> ~g      b )
     1.52520317E-03    2     1000006       -24   # BR(~b_1 -> ~t_1    W-)
#
#         PDG            Width
DECAY   2000005     1.03005083E+02   # sbottom2 decays
#          BR         NDA      ID1       ID2
     1.40154223E-02    2     1000022         5   # BR(~b_2 -> ~chi_10 b )
     1.95305017E-02    2     1000023         5   # BR(~b_2 -> ~chi_20 b )
     4.00660171E-02    2     1000025         5   # BR(~b_2 -> ~chi_30 b )
     2.45264113E-02    2     1000035         5   # BR(~b_2 -> ~chi_40 b )
     4.10400923E-02    2    -1000024         6   # BR(~b_2 -> ~chi_1- t )
     4.76664353E-02    2    -1000037         6   # BR(~b_2 -> ~chi_2- t )
     8.12236959E-01    2     1000021         5   # BR(~b_2 -> ~g      b )
     1.91199296E-04    2     1000005        25   # BR(~b_2 -> ~b_1    h )
     2.74337559E-04    2     1000005        23   # BR(~b_2 -> ~b_1    Z )
     1.13465542E-04    2     1000006       -24   # BR(~b_2 -> ~t_1    W-)
     3.39158467E-04    2     2000006       -24   # BR(~b_2 -> ~t_2    W-)
#
#         PDG            Width
DECAY   1000002     1.34703482E+02   # sup_L decays
#          BR         NDA      ID1       ID2
     2.36087156E-04    2     1000022         2   # BR(~u_L -> ~chi_10 u)
     3.55928831E-02    2     1000023         2   # BR(~u_L -> ~chi_20 u)
     6.49753685E-04    2     1000025         2   # BR(~u_L -> ~chi_30 u)
     8.69481560E-03    2     1000035         2   # BR(~u_L -> ~chi_40 u)
     7.74782098E-02    2     1000024         1   # BR(~u_L -> ~chi_1+ d)
     1.02318607E-02    2     1000037         1   # BR(~u_L -> ~chi_2+ d)
     8.67116390E-01    2     1000021         2   # BR(~u_L -> ~g      u)
#
#         PDG            Width
DECAY   2000002     1.20365194E+02   # sup_R decays
#          BR         NDA      ID1       ID2
     2.43522766E-02    2     1000022         2   # BR(~u_R -> ~chi_10 u)
     1.26273556E-03    2     1000023         2   # BR(~u_R -> ~chi_20 u)
     2.64214747E-04    2     1000025         2   # BR(~u_R -> ~chi_30 u)
     6.30928757E-04    2     1000035         2   # BR(~u_R -> ~chi_40 u)
     9.73489844E-01    2     1000021         2   # BR(~u_R -> ~g      u)
#
#         PDG            Width
DECAY   1000001     1.34886349E+02   # sdown_L decays
#          BR         NDA      ID1       ID2
     3.40103504E-03    2     1000022         1   # BR(~d_L -> ~chi_10 d)
     2.95492135E-02    2     1000023         1   # BR(~d_L -> ~chi_20 d)
     1.10015850E-03    2     1000025         1   # BR(~d_L -> ~chi_30 d)
     1.10502129E-02    2     1000035         1   # BR(~d_L -> ~chi_40 d)
     5.72864391E-02    2    -1000024         2   # BR(~d_L -> ~chi_1- u)
     2.96969910E-02    2    -1000037         2   # BR(~d_L -> ~chi_2- u)
     8.67915950E-01    2     1000021         1   # BR(~d_L -> ~g      d)
#
#         PDG            Width
DECAY   2000001     1.18115725E+02   # sdown_R decays
#          BR         NDA      ID1       ID2
     6.20905725E-03    2     1000022         1   # BR(~d_R -> ~chi_10 d)
     3.21961061E-04    2     1000023         1   # BR(~d_R -> ~chi_20 d)
     6.73702379E-05    2     1000025         1   # BR(~d_R -> ~chi_30 d)
     1.60878898E-04    2     1000035         1   # BR(~d_R -> ~chi_40 d)
     9.93240733E-01    2     1000021         1   # BR(~d_R -> ~g      d)
#
#         PDG            Width
DECAY   1000004     1.34703482E+02   # scharm_L decays
#          BR         NDA      ID1       ID2
     2.36087156E-04    2     1000022         4   # BR(~c_L -> ~chi_10 c)
     3.55928831E-02    2     1000023         4   # BR(~c_L -> ~chi_20 c)
     6.49753685E-04    2     1000025         4   # BR(~c_L -> ~chi_30 c)
     8.69481560E-03    2     1000035         4   # BR(~c_L -> ~chi_40 c)
     7.74782098E-02    2     1000024         3   # BR(~c_L -> ~chi_1+ s)
     1.02318607E-02    2     1000037         3   # BR(~c_L -> ~chi_2+ s)
     8.67116390E-01    2     1000021         4   # BR(~c_L -> ~g      c)
#
#         PDG            Width
DECAY   2000004     1.20365194E+02   # scharm_R decays
#          BR         NDA      ID1       ID2
     2.43522766E-02    2     1000022         4   # BR(~c_R -> ~chi_10 c)
     1.26273556E-03    2     1000023         4   # BR(~c_R -> ~chi_20 c)
     2.64214747E-04    2     1000025         4   # BR(~c_R -> ~chi_30 c)
     6.30928757E-04    2     1000035         4   # BR(~c_R -> ~chi_40 c)
     9.73489844E-01    2     1000021         4   # BR(~c_R -> ~g      c)
#
#         PDG            Width
DECAY   1000003     1.34886349E+02   # sstrange_L decays
#          BR         NDA      ID1       ID2
     3.40103504E-03    2     1000022         3   # BR(~s_L -> ~chi_10 s)
     2.95492135E-02    2     1000023         3   # BR(~s_L -> ~chi_20 s)
     1.10015850E-03    2     1000025         3   # BR(~s_L -> ~chi_30 s)
     1.10502129E-02    2     1000035         3   # BR(~s_L -> ~chi_40 s)
     5.72864391E-02    2    -1000024         4   # BR(~s_L -> ~chi_1- c)
     2.96969910E-02    2    -1000037         4   # BR(~s_L -> ~chi_2- c)
     8.67915950E-01    2     1000021         3   # BR(~s_L -> ~g      s)
#
#         PDG            Width
DECAY   2000003     1.18115725E+02   # sstrange_R decays
#          BR         NDA      ID1       ID2
     6.20905725E-03    2     1000022         3   # BR(~s_R -> ~chi_10 s)
     3.21961061E-04    2     1000023         3   # BR(~s_R -> ~chi_20 s)
     6.73702379E-05    2     1000025         3   # BR(~s_R -> ~chi_30 s)
     1.60878898E-04    2     1000035         3   # BR(~s_R -> ~chi_40 s)
     9.93240733E-01    2     1000021         3   # BR(~s_R -> ~g      s)
#
#         PDG            Width
DECAY   1000011     1.97712529E+01   # selectron_L decays
#          BR         NDA      ID1       ID2
     5.53494835E-02    2     1000022        11   # BR(~e_L -> ~chi_10 e-)
     2.93745982E-01    2     1000023        11   # BR(~e_L -> ~chi_20 e-)
     2.19153276E-03    2     1000025        11   # BR(~e_L -> ~chi_30 e-)
     4.56185707E-02    2     1000035        11   # BR(~e_L -> ~chi_40 e-)
     3.98627861E-01    2    -1000024        12   # BR(~e_L -> ~chi_1- nu_e)
     2.04466570E-01    2    -1000037        12   # BR(~e_L -> ~chi_2- nu_e)
#
#         PDG            Width
DECAY   2000011     7.32607103E+00   # selectron_R decays
#          BR         NDA      ID1       ID2
     9.19139523E-01    2     1000022        11   # BR(~e_R -> ~chi_10 e-)
     4.75155557E-02    2     1000023        11   # BR(~e_R -> ~chi_20 e-)
     9.86022568E-03    2     1000025        11   # BR(~e_R -> ~chi_30 e-)
     2.34846959E-02    2     1000035        11   # BR(~e_R -> ~chi_40 e-)
#
#         PDG            Width
DECAY   1000013     1.97712529E+01   # smuon_L decays
#          BR         NDA      ID1       ID2
     5.53494835E-02    2     1000022        13   # BR(~mu_L -> ~chi_10 mu-)
     2.93745982E-01    2     1000023        13   # BR(~mu_L -> ~chi_20 mu-)
     2.19153276E-03    2     1000025        13   # BR(~mu_L -> ~chi_30 mu-)
     4.56185707E-02    2     1000035        13   # BR(~mu_L -> ~chi_40 mu-)
     3.98627861E-01    2    -1000024        14   # BR(~mu_L -> ~chi_1- nu_mu)
     2.04466570E-01    2    -1000037        14   # BR(~mu_L -> ~chi_2- nu_mu)
#
#         PDG            Width
DECAY   2000013     7.32607103E+00   # smuon_R decays
#          BR         NDA      ID1       ID2
     9.19139523E-01    2     1000022        13   # BR(~mu_R -> ~chi_10 mu-)
     4.75155557E-02    2     1000023        13   # BR(~mu_R -> ~chi_20 mu-)
     9.86022568E-03    2     1000025        13   # BR(~mu_R -> ~chi_30 mu-)
     2.34846959E-02    2     1000035        13   # BR(~mu_R -> ~chi_40 mu-)
#
#         PDG            Width
DECAY   1000015     1.53260711E+01   # stau_1 decays
#          BR         NDA      ID1       ID2
     3.41431026E-01    2     1000022        15   # BR(~tau_1 -> ~chi_10  tau-)
     6.27293976E-02    2     1000023        15   # BR(~tau_1 -> ~chi_20  tau-)
     1.55302303E-01    2     1000025        15   # BR(~tau_1 -> ~chi_30  tau-)
     1.16661495E-01    2     1000035        15   # BR(~tau_1 -> ~chi_40  tau-)
     1.00670699E-01    2    -1000024        16   # BR(~tau_1 -> ~chi_1-  nu_tau)
     2.23205079E-01    2    -1000037        16   # BR(~tau_1 -> ~chi_2-  nu_tau)
#
#         PDG            Width
DECAY   2000015     2.34290860E+01   # stau_2 decays
#          BR         NDA      ID1       ID2
     6.32128882E-02    2     1000022        15   # BR(~tau_2 -> ~chi_10  tau-)
     2.66352795E-01    2     1000023        15   # BR(~tau_2 -> ~chi_20  tau-)
     1.17173099E-01    2     1000025        15   # BR(~tau_2 -> ~chi_30  tau-)
     1.06608876E-01    2     1000035        15   # BR(~tau_2 -> ~chi_40  tau-)
     3.10362864E-01    2    -1000024        16   # BR(~tau_2 -> ~chi_1-  nu_tau)
     1.34121149E-01    2    -1000037        16   # BR(~tau_2 -> ~chi_2-  nu_tau)
     9.41159715E-04    2     1000015        25   # BR(~tau_2 -> ~tau_1   h)
     1.22716865E-03    2     1000015        23   # BR(~tau_2 -> ~tau_1   Z)
#
#         PDG            Width
DECAY   1000012     1.98295335E+01   # snu_eL decays
#          BR         NDA      ID1       ID2
     1.21082141E-01    2     1000022        12   # BR(~nu_eL -> ~chi_10 nu_e)
     1.66698482E-01    2     1000023        12   # BR(~nu_eL -> ~chi_20 nu_e)
     1.14620768E-02    2     1000025        12   # BR(~nu_eL -> ~chi_30 nu_e)
     9.37816859E-02    2     1000035        12   # BR(~nu_eL -> ~chi_40 nu_e)
     5.36830821E-01    2     1000024        11   # BR(~nu_eL -> ~chi_1+ e-)
     7.01447936E-02    2     1000037        11   # BR(~nu_eL -> ~chi_2+ e-)
#
#         PDG            Width
DECAY   1000014     1.98295335E+01   # snu_muL decays
#          BR         NDA      ID1       ID2
     1.21082141E-01    2     1000022        14   # BR(~nu_muL -> ~chi_10 nu_mu)
     1.66698482E-01    2     1000023        14   # BR(~nu_muL -> ~chi_20 nu_mu)
     1.14620768E-02    2     1000025        14   # BR(~nu_muL -> ~chi_30 nu_mu)
     9.37816859E-02    2     1000035        14   # BR(~nu_muL -> ~chi_40 nu_mu)
     5.36830821E-01    2     1000024        13   # BR(~nu_muL -> ~chi_1+ mu-)
     7.01447936E-02    2     1000037        13   # BR(~nu_muL -> ~chi_2+ mu-)
#
#         PDG            Width
DECAY   1000016     2.34703644E+01   # snu_tauL decays
#          BR         NDA      ID1       ID2
     8.99167254E-02    2     1000022        16   # BR(~nu_tauL -> ~chi_10 nu_tau)
     1.23442874E-01    2     1000023        16   # BR(~nu_tauL -> ~chi_20 nu_tau)
     8.39867806E-03    2     1000025        16   # BR(~nu_tauL -> ~chi_30 nu_tau)
     6.84475759E-02    2     1000035        16   # BR(~nu_tauL -> ~chi_40 nu_tau)
     4.91584928E-01    2     1000024        15   # BR(~nu_tauL -> ~chi_1+ tau-)
     2.15659865E-01    2     1000037        15   # BR(~nu_tauL -> ~chi_2+ tau-)
     2.54935435E-03    2    -1000015       -24   # BR(~nu_tauL -> ~tau_1+ W-)
#
#         PDG            Width
DECAY   1000024     4.34331832E-05   # chargino1+ decays
#           BR         NDA      ID1       ID2       ID3
     3.34135809E-01    3     1000022         2        -1   # BR(~chi_1+ -> ~chi_10 u    db)
     1.88765275E-09    3     1000023         2        -1   # BR(~chi_1+ -> ~chi_20 u    db)
     3.34135809E-01    3     1000022         4        -3   # BR(~chi_1+ -> ~chi_10 c    sb)
     1.88765275E-09    3     1000023         4        -3   # BR(~chi_1+ -> ~chi_20 c    sb)
     1.10769412E-01    3     1000022       -11        12   # BR(~chi_1+ -> ~chi_10 e+   nu_e)
     6.29261551E-10    3     1000023       -11        12   # BR(~chi_1+ -> ~chi_20 e+   nu_e)
     1.10769412E-01    3     1000022       -13        14   # BR(~chi_1+ -> ~chi_10 mu+  nu_mu)
     6.29261551E-10    3     1000023       -13        14   # BR(~chi_1+ -> ~chi_20 mu+  nu_mu)
     1.10189553E-01    3     1000022       -15        16   # BR(~chi_1+ -> ~chi_10 tau+ nu_tau)
#
#         PDG            Width
DECAY   1000037     6.10059715E-01   # chargino2+ decays
#          BR         NDA      ID1       ID2
     2.98686973E-01    2     1000024        23   # BR(~chi_2+ -> ~chi_1+  Z )
     9.61410188E-02    2     1000022        24   # BR(~chi_2+ -> ~chi_10  W+)
     4.90648182E-01    2     1000023        24   # BR(~chi_2+ -> ~chi_20  W+)
     1.14523826E-01    2     1000024        25   # BR(~chi_2+ -> ~chi_1+  h )
#
#         PDG            Width
DECAY   1000022     0.00000000E+00   # neutralino1 decays
#
#         PDG            Width
DECAY   1000023     5.88895855E-06   # neutralino2 decays
#          BR         NDA      ID1       ID2
     4.83973979E-03    2     1000022        22   # BR(~chi_20 -> ~chi_10 gam)
#           BR         NDA      ID1       ID2       ID3
     1.19012660E-01    3     1000022        -2         2   # BR(~chi_20 -> ~chi_10 ub      u)
     1.54420870E-01    3     1000022        -1         1   # BR(~chi_20 -> ~chi_10 db      d)
     1.19012660E-01    3     1000022        -4         4   # BR(~chi_20 -> ~chi_10 cb      c)
     1.54420870E-01    3     1000022        -3         3   # BR(~chi_20 -> ~chi_10 sb      s)
     1.49574997E-01    3     1000022        -5         5   # BR(~chi_20 -> ~chi_10 bb      b)
     3.30606316E-02    3     1000022       -11        11   # BR(~chi_20 -> ~chi_10 e+      e-)
     3.30606316E-02    3     1000022       -13        13   # BR(~chi_20 -> ~chi_10 mu+     mu-)
     3.33175244E-02    3     1000022       -15        15   # BR(~chi_20 -> ~chi_10 tau+    tau-)
     6.66156650E-02    3     1000022       -12        12   # BR(~chi_20 -> ~chi_10 nu_eb   nu_e)
     6.66156650E-02    3     1000022       -14        14   # BR(~chi_20 -> ~chi_10 nu_mub  nu_mu)
     6.60480868E-02    3     1000022       -16        16   # BR(~chi_20 -> ~chi_10 nu_taub nu_tau)
#
#         PDG            Width
DECAY   1000025     3.97290438E-01   # neutralino3 decays
#          BR         NDA      ID1       ID2
     2.49576001E-01    2     1000022        23   # BR(~chi_30 -> ~chi_10   Z )
     9.49313353E-02    2     1000023        23   # BR(~chi_30 -> ~chi_20   Z )
     3.10273414E-01    2     1000024       -24   # BR(~chi_30 -> ~chi_1+   W-)
     3.10273414E-01    2    -1000024        24   # BR(~chi_30 -> ~chi_1-   W+)
     3.49458364E-02    2     1000022        25   # BR(~chi_30 -> ~chi_10   h )
#
#         PDG            Width
DECAY   1000035     8.16485146E-01   # neutralino4 decays
#          BR         NDA      ID1       ID2
     4.67365921E-02    2     1000022        23   # BR(~chi_40 -> ~chi_10   Z )
     1.86398309E-02    2     1000023        23   # BR(~chi_40 -> ~chi_20   Z )
     3.93622129E-01    2     1000024       -24   # BR(~chi_40 -> ~chi_1+   W-)
     3.93622129E-01    2    -1000024        24   # BR(~chi_40 -> ~chi_1-   W+)
     8.53259362E-02    2     1000022        25   # BR(~chi_40 -> ~chi_10   h )
     6.20533830E-02    2     1000023        25   # BR(~chi_40 -> ~chi_20   h )
#
#         PDG            Width
DECAY        26     3.90264255E-03   # h decays
#          BR         NDA      ID1       ID2
     7.97611298E-01    2           5        -5   # BR(h -> b       bb     )
     6.55130404E-02    2         -15        15   # BR(h -> tau+    tau-   )
     2.31951494E-04    2         -13        13   # BR(h -> mu+     mu-    )
     5.01059205E-04    2           3        -3   # BR(h -> s       sb     )
     2.00763009E-02    2           4        -4   # BR(h -> c       cb     )
     5.41895604E-02    2          21        21   # BR(h -> g       g      )
     1.63654030E-03    2          22        22   # BR(h -> gam     gam    )
     4.70648102E-04    2          22        23   # BR(h -> Z       gam    )
     5.43713604E-02    2          24       -24   # BR(h -> W+      W-     )
     5.39824033E-03    2          23        23   # BR(h -> Z       Z      )
#
#         PDG            Width
DECAY        35     3.59780918E+01   # H decays
#          BR         NDA      ID1       ID2
     7.85978551E-01    2           5        -5   # BR(H -> b       bb     )
     9.68123863E-02    2         -15        15   # BR(H -> tau+    tau-   )
     3.42280536E-04    2         -13        13   # BR(H -> mu+     mu-    )
     5.22585920E-04    2           3        -3   # BR(H -> s       sb     )
     4.06769257E-09    2           4        -4   # BR(H -> c       cb     )
     3.04032099E-04    2           6        -6   # BR(H -> t       tb     )
     1.14314488E-04    2          21        21   # BR(H -> g       g      )
     1.29437244E-07    2          22        22   # BR(H -> gam     gam    )
     3.62588421E-08    2          23        22   # BR(H -> Z       gam    )
     1.89139282E-06    2          24       -24   # BR(H -> W+      W-     )
     9.22838160E-07    2          23        23   # BR(H -> Z       Z      )
     8.39989726E-06    2          25        25   # BR(H -> h       h      )
     1.51934098E-18    2          36        36   # BR(H -> A       A      )
     4.27828810E-11    2          23        36   # BR(H -> Z       A      )
     3.86090760E-02    2     1000024  -1000024   # BR(H -> ~chi_1+ ~chi_1-)
     3.19013364E-03    2     1000037  -1000037   # BR(H -> ~chi_2+ ~chi_2-)
     3.62461503E-02    2     1000024  -1000037   # BR(H -> ~chi_1+ ~chi_2-)
     3.62461503E-02    2     1000037  -1000024   # BR(H -> ~chi_2+ ~chi_1-)
     1.50318960E-03    2     1000022   1000022   # BR(H -> ~chi_10 ~chi_10)
     4.76782993E-06    2     1000023   1000023   # BR(H -> ~chi_20 ~chi_20)
     4.98303995E-07    2     1000025   1000025   # BR(H -> ~chi_30 ~chi_30)
     2.29388999E-08    2     1000035   1000035   # BR(H -> ~chi_40 ~chi_40)
     2.33902536E-05    2     1000022   1000023   # BR(H -> ~chi_10 ~chi_20)
     2.46945649E-05    2     1000022   1000025   # BR(H -> ~chi_10 ~chi_30)
     5.87930630E-05    2     1000022   1000035   # BR(H -> ~chi_10 ~chi_40)
     4.61821707E-06    2     1000023   1000025   # BR(H -> ~chi_20 ~chi_30)
     2.08187366E-06    2     1000023   1000035   # BR(H -> ~chi_20 ~chi_40)
     8.98798486E-07    2     1000025   1000035   # BR(H -> ~chi_30 ~chi_40)
#
#         PDG            Width
DECAY        36     3.57529362E+01   # A decays
#          BR         NDA      ID1       ID2
     7.86726062E-01    2           5        -5   # BR(A -> b       bb     )
     9.68076948E-02    2         -15        15   # BR(A -> tau+    tau-   )
     3.42254480E-04    2         -13        13   # BR(A -> mu+     mu-    )
     5.23096430E-04    2           3        -3   # BR(A -> s       sb     )
     3.77556752E-09    2           4        -4   # BR(A -> c       cb     )
     3.60344694E-04    2           6        -6   # BR(A -> t       tb     )
     1.34755115E-04    2          21        21   # BR(A -> g       g      )
     2.93086402E-08    2          22        22   # BR(A -> gam     gam    )
     4.14712192E-08    2          23        22   # BR(A -> Z       gam    )
     1.75172264E-06    2          23        25   # BR(A -> Z       h      )
     4.63244606E-02    2     1000024  -1000024   # BR(A -> ~chi_1+ ~chi_1-)
     8.70549335E-03    2     1000037  -1000037   # BR(A -> ~chi_2+ ~chi_2-)
     2.91627201E-02    2     1000024  -1000037   # BR(A -> ~chi_1+ ~chi_2-)
     2.91627201E-02    2     1000037  -1000024   # BR(A -> ~chi_2+ ~chi_1-)
     1.61205444E-03    2     1000022   1000022   # BR(A -> ~chi_10 ~chi_10)
     5.75663184E-06    2     1000023   1000023   # BR(A -> ~chi_20 ~chi_20)
     8.36943710E-07    2     1000025   1000025   # BR(A -> ~chi_30 ~chi_30)
     5.87591673E-08    2     1000035   1000035   # BR(A -> ~chi_40 ~chi_40)
     2.70544817E-05    2     1000022   1000023   # BR(A -> ~chi_10 ~chi_20)
     1.81421382E-05    2     1000022   1000025   # BR(A -> ~chi_10 ~chi_30)
     7.76995525E-05    2     1000022   1000035   # BR(A -> ~chi_10 ~chi_40)
     3.33260943E-06    2     1000023   1000025   # BR(A -> ~chi_20 ~chi_30)
     3.17692558E-06    2     1000023   1000035   # BR(A -> ~chi_20 ~chi_40)
     4.59527744E-07    2     1000025   1000035   # BR(A -> ~chi_30 ~chi_40)
#
#         PDG            Width
DECAY        37     2.73648260E+01   # H+ decays
#          BR         NDA      ID1       ID2
     1.38356094E-03    2           4        -5   # BR(H+ -> c       bb     )
     1.28428713E-01    2         -15        16   # BR(H+ -> tau+    nu_tau )
     4.54047416E-04    2         -13        14   # BR(H+ -> mu+     nu_mu  )
     8.85461701E-06    2           2        -5   # BR(H+ -> u       bb     )
     3.29479046E-05    2           2        -3   # BR(H+ -> u       sb     )
     6.77662041E-04    2           4        -3   # BR(H+ -> c       sb     )
     8.19837408E-01    2           6        -5   # BR(H+ -> t       bb     )
     2.43971201E-06    2          24        25   # BR(H+ -> W+      h      )
     5.45182370E-09    2          24        36   # BR(H+ -> W+      A      )
     6.44776372E-04    2     1000024   1000022   # BR(H+ -> ~chi_1+ ~chi_10)
     6.05944374E-04    2     1000024   1000023   # BR(H+ -> ~chi_1+ ~chi_20)
     1.08274407E-03    2     1000024   1000025   # BR(H+ -> ~chi_1+ ~chi_30)
     2.73826967E-03    2     1000024   1000035   # BR(H+ -> ~chi_1+ ~chi_40)
     3.66969550E-02    2     1000037   1000022   # BR(H+ -> ~chi_2+ ~chi_10)
     7.25044170E-03    2     1000037   1000023   # BR(H+ -> ~chi_2+ ~chi_20)
     6.64576646E-07    2     1000037   1000025   # BR(H+ -> ~chi_2+ ~chi_30)
     1.54564776E-04    2     1000037   1000035   # BR(H+ -> ~chi_2+ ~chi_40)
