#
#                              ======================
#                              | THE SUSYHIT OUTPUT |
#                              ======================
#
#
#              ------------------------------------------------------
#              |     This is the output of the SUSY-HIT package     |
#              |  created by A.Djouadi, M.Muehlleitner and M.Spira. |
#              |  In case of problems with SUSY-HIT email to        |
#              |           margarete.muehlleitner@cern.ch           |
#              |           michael.spira@psi.ch                     |
#              |           abdelhak.djouadi@cern.ch                 |
#              ------------------------------------------------------
#
#              ------------------------------------------------------
#              |  SUSY Les Houches Accord - MSSM Spectrum + Decays  |
#              |              based on the decay programs           |
#              |                                                    |
#              |                     SDECAY 1.2                     |
#              |                                                    |
#              |  Authors: M.Muhlleitner, A.Djouadi and Y.Mambrini  |
#              |  Ref.:    Comput.Phys.Commun.168(2005)46           |
#              |           [hep-ph/0311167]                         |
#              |                                                    |
#              |                     HDECAY 3.200                   |
#              |                                                    |
#              |  By: A.Djouadi,J.Kalinowski,M.Muhlleitner,M.Spira  |
#              |  Ref.:    Comput.Phys.Commun.108(1998)56           |
#              |           [hep-ph/9704448]                         |
#              |                                                    |
#              |                                                    |
#              |  If not stated otherwise all DRbar couplings and   |
#              |  soft SUSY breaking masses are given at the scale  |
#              |  Q=  0.22173441E+04
#              |                                                    |
#              ------------------------------------------------------
#
#  CMS point: LM10
#  This point could also be used as LM7'.  LM7 and LM10 are the same except their m1/2s:
#  m1/2(LM7) = 230, m1/2(LM10) = 500.  In Isajet, LM7 has no EWSB at mt = 172.  It achieves EWSB
#  only at m1/2 = 488 (IsaJet).  Therefore there is no need to define two seperate points.
#
#  Charged lepton ID signs in the HDECAY (last 4) blocks are corrected by Sezen (by hand) 02/07/07
#  A0 value added to block MINPAR by Sezen (by hand) since SUSYHIT does not write A0 values for A0 = 0
#  04/07/07
#  Minus signs in chargino masses in the softsusy SLHA file were deleted by Sezen (by hand) to avoid the
#  NaNs in several BR blocks. 12/07/07
#
#
BLOCK DCINFO  # Decay Program information
     1   SDECAY/HDECAY # decay calculator
     2   1.2   /3.200  # version number
#
BLOCK SPINFO  # Spectrum calculator information
     1   SOFTSUSY    # spectrum calculator                 
     2   2.0.11         # version number                   
#
BLOCK MODSEL  # Model selection
     1     1   #  sugra                                          
#
BLOCK SMINPUTS  # Standard Model inputs
         1     1.27908953E+02   # alpha_em^-1(M_Z)^MSbar
         2     1.16639000E-05   # G_F [GeV^-2]
         3     1.17200000E-01   # alpha_S(M_Z)^MSbar
         4     9.11876000E+01   # M_Z pole mass
         5     4.20000000E+00   # mb(mb)^MSbar
         6     1.72500000E+02   # mt pole mass
         7     1.77700000E+00   # mtau pole mass
#
BLOCK MINPAR  # Input parameters - minimal models
         1     3.00000000E+03   # m0                  
         2     5.00000000E+02   # m12                 
         3     1.00000000E+01   # tanb                
         4     1.00000000E+00   # sign(mu)            
         5     0.00000000E+00   # A0
#
BLOCK MASS  # Mass Spectrum
# PDG code           mass       particle
        24     8.03872102E+01   # W+
        25     1.18658079E+02   # h
        35     2.99945133E+03   # H
        36     2.99938669E+03   # A
        37     3.00077153E+03   # H+
         5     4.82427405E+00   # b-quark pole mass calculated from mb(mb)_Msbar
   1000001     3.11941897E+03   # ~d_L
   2000001     3.11205056E+03   # ~d_R
   1000002     3.11149770E+03   # ~u_L
   2000002     3.11397505E+03   # ~u_R
   1000003     3.11941897E+03   # ~s_L
   2000003     3.11205056E+03   # ~s_R
   1000004     3.11149770E+03   # ~c_L
   2000004     3.11397505E+03   # ~c_R
   1000005     2.57665004E+03   # ~b_1
   2000005     3.08690449E+03   # ~b_2
   1000006     1.91816655E+03   # ~t_1
   2000006     2.58221711E+03   # ~t_2
   1000011     3.00887712E+03   # ~e_L
   2000011     3.00238981E+03   # ~e_R
   1000012     3.00626796E+03   # ~nu_eL
   1000013     3.00887712E+03   # ~mu_L
   2000013     3.00238981E+03   # ~mu_R
   1000014     3.00626796E+03   # ~nu_muL
   1000015     2.97761969E+03   # ~tau_1
   2000015     2.99642163E+03   # ~tau_2
   1000016     2.99398767E+03   # ~nu_tauL
   1000021     1.26034078E+03   # ~g
   1000022     2.09395997E+02   # ~chi_10
   1000023     3.59412380E+02   # ~chi_20
   1000025    -4.21261955E+02   # ~chi_30
   1000035     4.81403427E+02   # ~chi_40
   1000024     3.59890200E+02   # ~chi_1+
   1000037     4.78752109E+02   # ~chi_2+
#
BLOCK NMIX  # Neutralino Mixing Matrix
  1  1     9.81789628E-01   # N_11
  1  2    -4.14738824E-02   # N_12
  1  3     1.60100488E-01   # N_13
  1  4    -9.34712602E-02   # N_14
  2  1    -1.58205215E-01   # N_21
  2  2    -7.01449156E-01   # N_22
  2  3     5.17968134E-01   # N_23
  2  4    -4.63302498E-01   # N_24
  3  1    -4.45075582E-02   # N_31
  3  2     6.07863286E-02   # N_32
  3  3     7.02087500E-01   # N_33
  3  4     7.08094091E-01   # N_34
  4  1    -9.52854285E-02   # N_41
  4  2     7.08910446E-01   # N_42
  4  3     4.61681696E-01   # N_43
  4  4    -5.24610977E-01   # N_44
#
BLOCK UMIX  # Chargino Mixing Matrix U
  1  1    -6.43685496E-01   # U_11
  1  2     7.65290129E-01   # U_12
  2  1    -7.65290129E-01   # U_21
  2  2    -6.43685496E-01   # U_22
#
BLOCK VMIX  # Chargino Mixing Matrix V
  1  1     7.28024770E-01   # V_11
  1  2    -6.85550825E-01   # V_12
  2  1     6.85550825E-01   # V_21
  2  2     7.28024770E-01   # V_22
#
BLOCK STOPMIX  # Stop Mixing Matrix
  1  1     4.73101198E-02   # cos(theta_t)
  1  2     9.98880249E-01   # sin(theta_t)
  2  1    -9.98880249E-01   # -sin(theta_t)
  2  2     4.73101198E-02   # cos(theta_t)
#
BLOCK SBOTMIX  # Sbottom Mixing Matrix
  1  1     9.99991024E-01   # cos(theta_b)
  1  2     4.23697055E-03   # sin(theta_b)
  2  1    -4.23697055E-03   # -sin(theta_b)
  2  2     9.99991024E-01   # cos(theta_b)
#
BLOCK STAUMIX  # Stau Mixing Matrix
  1  1     6.51350542E-02   # cos(theta_tau)
  1  2     9.97876458E-01   # sin(theta_tau)
  2  1    -9.97876458E-01   # -sin(theta_tau)
  2  2     6.51350542E-02   # cos(theta_tau)
#
BLOCK ALPHA  # Higgs mixing
          -1.04479518E-01   # Mixing angle in the neutral Higgs boson sector
#
BLOCK HMIX Q=  2.21734406E+03  # DRbar Higgs Parameters
         1     4.09235001E+02   # mu(Q)MSSM           
         2     9.56028603E+00   # tan                 
         3     2.42045153E+02   # higgs               
         4     9.01074645E+06   # mA^2(Q)MSSM         
#
BLOCK GAUGE Q=  2.21734406E+03  # The gauge couplings
     1     3.64043623E-01   # gprime(Q) DRbar
     2     6.40682082E-01   # g(Q) DRbar
     3     1.02759695E+00   # g3(Q) DRbar
#
BLOCK AU Q=  2.21734406E+03  # The trilinear couplings
  1  1     0.00000000E+00   # A_u(Q) DRbar
  2  2     0.00000000E+00   # A_c(Q) DRbar
  3  3    -8.27354061E+02   # A_t(Q) DRbar
#
BLOCK AD Q=  2.21734406E+03  # The trilinear couplings
  1  1     0.00000000E+00   # A_d(Q) DRbar
  2  2     0.00000000E+00   # A_s(Q) DRbar
  3  3    -1.20623901E+03   # A_b(Q) DRbar
#
BLOCK AE Q=  2.21734406E+03  # The trilinear couplings
  1  1     0.00000000E+00   # A_e(Q) DRbar
  2  2     0.00000000E+00   # A_mu(Q) DRbar
  3  3    -2.89619329E+02   # A_tau(Q) DRbar
#
BLOCK Yu Q=  2.21734406E+03  # The Yukawa couplings
  1  1     0.00000000E+00   # y_u(Q) DRbar
  2  2     0.00000000E+00   # y_c(Q) DRbar
  3  3     8.39840191E-01   # y_t(Q) DRbar
#
BLOCK Yd Q=  2.21734406E+03  # The Yukawa couplings
  1  1     0.00000000E+00   # y_d(Q) DRbar
  2  2     0.00000000E+00   # y_s(Q) DRbar
  3  3     1.31118529E-01   # y_b(Q) DRbar
#
BLOCK Ye Q=  2.21734406E+03  # The Yukawa couplings
  1  1     0.00000000E+00   # y_e(Q) DRbar
  2  2     0.00000000E+00   # y_mu(Q) DRbar
  3  3     9.85784660E-02   # y_tau(Q) DRbar
#
BLOCK MSOFT Q=  2.21734406E+03  # The soft SUSY breaking masses at the scale Q
         1     2.15107948E+02   # M_1(Q)              
         2     3.93402970E+02   # M_2(Q)              
         3     1.06121399E+03   # M_3(Q)              
        21     8.71432685E+06   # mH1^2(Q)            
        22     4.39671459E+04   # mH2^2(Q)            
        31     3.00214618E+03   # meL(Q)              
        32     3.00214618E+03   # mmuL(Q)             
        33     2.99003107E+03   # mtauL(Q)            
        34     2.99943496E+03   # meR(Q)              
        35     2.99943496E+03   # mmuR(Q)             
        36     2.97503244E+03   # mtauR(Q)            
        41     3.08244882E+03   # mqL1(Q)             
        42     3.08244882E+03   # mqL2(Q)             
        43     2.55908744E+03   # mqL3(Q)             
        44     3.08198289E+03   # muR(Q)              
        45     3.08198289E+03   # mcR(Q)              
        46     1.91424355E+03   # mtR(Q)              
        47     3.08034440E+03   # mdR(Q)              
        48     3.08034440E+03   # msR(Q)              
        49     3.05627402E+03   # mbR(Q)              
#
#
#
#                             =================
#                             |The decay table|
#                             =================
#
# - The QCD corrections to the decays gluino -> squark  + quark
#                                     squark -> gaugino + quark_prime
#                                     squark -> squark_prime + Higgs
#                                     squark -> gluino  + quark
#   are included.
#
# - The multi-body decays for the inos, stops and sbottoms are included.
#
# - The loop induced decays for the gluino, neutralinos and stops
#   are included.
#
# - The SUSY decays of the top quark are included.
#
#
#         PDG            Width
DECAY         6     1.42540003E+00   # top decays
#          BR         NDA      ID1       ID2
     1.00000000E+00    2           5        24   # BR(t ->  b    W+)
#
#         PDG            Width
DECAY   1000021     4.39728847E-03   # gluino decays
#          BR         NDA      ID1       ID2
     4.73296305E-05    2     1000022        21   # BR(~g -> ~chi_10 g)
     5.74662994E-03    2     1000023        21   # BR(~g -> ~chi_20 g)
     1.16152419E-02    2     1000025        21   # BR(~g -> ~chi_30 g)
     5.65517630E-03    2     1000035        21   # BR(~g -> ~chi_40 g)
#           BR         NDA      ID1       ID2       ID3
     3.91198280E-03    3     1000022         1        -1   # BR(~g -> ~chi_10 d  db)
     6.93823813E-03    3     1000023         1        -1   # BR(~g -> ~chi_20 d  db)
     2.90285494E-05    3     1000025         1        -1   # BR(~g -> ~chi_30 d  db)
     5.39337910E-03    3     1000035         1        -1   # BR(~g -> ~chi_40 d  db)
     1.18213449E-02    3     1000022         2        -2   # BR(~g -> ~chi_10 u  ub)
     8.47766379E-03    3     1000023         2        -2   # BR(~g -> ~chi_20 u  ub)
     2.23959080E-05    3     1000025         2        -2   # BR(~g -> ~chi_30 u  ub)
     4.96673606E-03    3     1000035         2        -2   # BR(~g -> ~chi_40 u  ub)
     3.91198280E-03    3     1000022         3        -3   # BR(~g -> ~chi_10 s  sb)
     6.93823813E-03    3     1000023         3        -3   # BR(~g -> ~chi_20 s  sb)
     2.90285494E-05    3     1000025         3        -3   # BR(~g -> ~chi_30 s  sb)
     5.39337910E-03    3     1000035         3        -3   # BR(~g -> ~chi_40 s  sb)
     1.18213449E-02    3     1000022         4        -4   # BR(~g -> ~chi_10 c  cb)
     8.47766379E-03    3     1000023         4        -4   # BR(~g -> ~chi_20 c  cb)
     2.23959080E-05    3     1000025         4        -4   # BR(~g -> ~chi_30 c  cb)
     4.96673606E-03    3     1000035         4        -4   # BR(~g -> ~chi_40 c  cb)
     5.53362538E-03    3     1000022         5        -5   # BR(~g -> ~chi_10 b  bb)
     1.72035876E-02    3     1000023         5        -5   # BR(~g -> ~chi_20 b  bb)
     1.95601852E-03    3     1000025         5        -5   # BR(~g -> ~chi_30 b  bb)
     1.33664778E-02    3     1000035         5        -5   # BR(~g -> ~chi_40 b  bb)
     6.18928449E-02    3     1000022         6        -6   # BR(~g -> ~chi_10 t  tb)
     8.23100700E-02    3     1000023         6        -6   # BR(~g -> ~chi_20 t  tb)
     1.37842162E-01    3     1000025         6        -6   # BR(~g -> ~chi_30 t  tb)
     1.00871070E-01    3     1000035         6        -6   # BR(~g -> ~chi_40 t  tb)
     7.02172244E-03    3     1000024         1        -2   # BR(~g -> ~chi_1+ d  ub)
     7.02172244E-03    3    -1000024         2        -1   # BR(~g -> ~chi_1- u  db)
     4.68347819E-03    3     1000037         1        -2   # BR(~g -> ~chi_2+ d  ub)
     4.68347819E-03    3    -1000037         2        -1   # BR(~g -> ~chi_2- u  db)
     7.02172244E-03    3     1000024         3        -4   # BR(~g -> ~chi_1+ s  cb)
     7.02172244E-03    3    -1000024         4        -3   # BR(~g -> ~chi_1- c  sb)
     4.68347819E-03    3     1000037         3        -4   # BR(~g -> ~chi_2+ s  cb)
     4.68347819E-03    3    -1000037         4        -3   # BR(~g -> ~chi_2- c  sb)
     1.12376982E-01    3     1000024         5        -6   # BR(~g -> ~chi_1+ b  tb)
     1.12376982E-01    3    -1000024         6        -5   # BR(~g -> ~chi_1- t  bb)
     1.00631730E-01    3     1000037         5        -6   # BR(~g -> ~chi_2+ b  tb)
     1.00631730E-01    3    -1000037         6        -5   # BR(~g -> ~chi_2- t  bb)
#
#         PDG            Width
DECAY   1000006     9.85128973E+01   # stop1 decays
#          BR         NDA      ID1       ID2
     4.32939578E-02    2     1000022         6   # BR(~t_1 -> ~chi_10 t )
     5.85226631E-02    2     1000023         6   # BR(~t_1 -> ~chi_20 t )
     1.22278131E-01    2     1000025         6   # BR(~t_1 -> ~chi_30 t )
     5.90140763E-02    2     1000035         6   # BR(~t_1 -> ~chi_40 t )
     1.27914789E-01    2     1000024         5   # BR(~t_1 -> ~chi_1+ b )
     1.15383450E-01    2     1000037         5   # BR(~t_1 -> ~chi_2+ b )
     4.73592932E-01    2     1000021         6   # BR(~t_1 -> ~g      t )
#
#         PDG            Width
DECAY   2000006     1.71854936E+02   # stop2 decays
#          BR         NDA      ID1       ID2
     2.47826931E-03    2     1000022         6   # BR(~t_2 -> ~chi_10 t )
     6.92137868E-02    2     1000023         6   # BR(~t_2 -> ~chi_20 t )
     9.92158277E-02    2     1000025         6   # BR(~t_2 -> ~chi_30 t )
     8.61157436E-02    2     1000035         6   # BR(~t_2 -> ~chi_40 t )
     5.50793730E-02    2     1000024         5   # BR(~t_2 -> ~chi_1+ b )
     6.12310622E-02    2     1000037         5   # BR(~t_2 -> ~chi_2+ b )
     6.13391985E-01    2     1000021         6   # BR(~t_2 -> ~g      t )
     6.61391137E-03    2     1000006        25   # BR(~t_2 -> ~t_1    h )
     6.66004109E-03    2     1000006        23   # BR(~t_2 -> ~t_1    Z )
#
#         PDG            Width
DECAY   1000005     1.72624967E+02   # sbottom1 decays
#          BR         NDA      ID1       ID2
     3.14074960E-03    2     1000022         5   # BR(~b_1 -> ~chi_10 b )
     2.68315375E-02    2     1000023         5   # BR(~b_1 -> ~chi_20 b )
     2.59832510E-03    2     1000025         5   # BR(~b_1 -> ~chi_30 b )
     2.99140351E-02    2     1000035         5   # BR(~b_1 -> ~chi_40 b )
     1.42997535E-01    2    -1000024         6   # BR(~b_1 -> ~chi_1- t )
     1.62619235E-01    2    -1000037         6   # BR(~b_1 -> ~chi_2- t )
     6.19268499E-01    2     1000021         5   # BR(~b_1 -> ~g      b )
     1.26300835E-02    2     1000006       -24   # BR(~b_1 -> ~t_1    W-)
#
#         PDG            Width
DECAY   2000005     1.52040676E+02   # sbottom2 decays
#          BR         NDA      ID1       ID2
     1.11386091E-02    2     1000022         5   # BR(~b_2 -> ~chi_10 b )
     2.01421903E-03    2     1000023         5   # BR(~b_2 -> ~chi_20 b )
     3.29885170E-03    2     1000025         5   # BR(~b_2 -> ~chi_30 b )
     1.56428219E-03    2     1000035         5   # BR(~b_2 -> ~chi_40 b )
     3.76504898E-03    2    -1000024         6   # BR(~b_2 -> ~chi_1- t )
     2.83643512E-03    2    -1000037         6   # BR(~b_2 -> ~chi_2- t )
     9.75249546E-01    2     1000021         5   # BR(~b_2 -> ~g      b )
     3.16914702E-05    2     1000005        25   # BR(~b_2 -> ~b_1    h )
     3.54104705E-05    2     1000005        23   # BR(~b_2 -> ~b_1    Z )
     1.35401546E-06    2     1000006       -24   # BR(~b_2 -> ~t_1    W-)
     6.45519687E-05    2     2000006       -24   # BR(~b_2 -> ~t_2    W-)
#
#         PDG            Width
DECAY   1000002     1.86320902E+02   # sup_L decays
#          BR         NDA      ID1       ID2
     1.36625333E-03    2     1000022         2   # BR(~u_L -> ~chi_10 u)
     3.44995868E-02    2     1000023         2   # BR(~u_L -> ~chi_20 u)
     1.75240704E-04    2     1000025         2   # BR(~u_L -> ~chi_30 u)
     3.02085428E-02    2     1000035         2   # BR(~u_L -> ~chi_40 u)
     6.83570179E-02    2     1000024         1   # BR(~u_L -> ~chi_1+ d)
     5.95197256E-02    2     1000037         1   # BR(~u_L -> ~chi_2+ d)
     8.05873633E-01    2     1000021         2   # BR(~u_L -> ~g      u)
#
#         PDG            Width
DECAY   2000002     1.57364761E+02   # sup_R decays
#          BR         NDA      ID1       ID2
     4.29095112E-02    2     1000022         2   # BR(~u_R -> ~chi_10 u)
     1.09786211E-03    2     1000023         2   # BR(~u_R -> ~chi_20 u)
     8.61366207E-05    2     1000025         2   # BR(~u_R -> ~chi_30 u)
     3.90868978E-04    2     1000035         2   # BR(~u_R -> ~chi_40 u)
     9.55515621E-01    2     1000021         2   # BR(~u_R -> ~g      u)
#
#         PDG            Width
DECAY   1000001     1.87045884E+02   # sdown_L decays
#          BR         NDA      ID1       ID2
     3.38101453E-03    2     1000022         1   # BR(~d_L -> ~chi_10 d)
     2.90429142E-02    2     1000023         1   # BR(~d_L -> ~chi_20 d)
     3.05923118E-04    2     1000025         1   # BR(~d_L -> ~chi_30 d)
     3.34109300E-02    2     1000035         1   # BR(~d_L -> ~chi_40 d)
     5.33727033E-02    2    -1000024         2   # BR(~d_L -> ~chi_1- u)
     7.40895302E-02    2    -1000037         2   # BR(~d_L -> ~chi_2- u)
     8.06396985E-01    2     1000021         1   # BR(~d_L -> ~g      d)
#
#         PDG            Width
DECAY   2000001     1.51947683E+02   # sdown_R decays
#          BR         NDA      ID1       ID2
     1.11027706E-02    2     1000022         1   # BR(~d_R -> ~chi_10 d)
     2.84064749E-04    2     1000023         1   # BR(~d_R -> ~chi_20 d)
     2.22870441E-05    2     1000025         1   # BR(~d_R -> ~chi_30 d)
     1.01132374E-04    2     1000035         1   # BR(~d_R -> ~chi_40 d)
     9.88489745E-01    2     1000021         1   # BR(~d_R -> ~g      d)
#
#         PDG            Width
DECAY   1000004     1.86320902E+02   # scharm_L decays
#          BR         NDA      ID1       ID2
     1.36625333E-03    2     1000022         4   # BR(~c_L -> ~chi_10 c)
     3.44995868E-02    2     1000023         4   # BR(~c_L -> ~chi_20 c)
     1.75240704E-04    2     1000025         4   # BR(~c_L -> ~chi_30 c)
     3.02085428E-02    2     1000035         4   # BR(~c_L -> ~chi_40 c)
     6.83570179E-02    2     1000024         3   # BR(~c_L -> ~chi_1+ s)
     5.95197256E-02    2     1000037         3   # BR(~c_L -> ~chi_2+ s)
     8.05873633E-01    2     1000021         4   # BR(~c_L -> ~g      c)
#
#         PDG            Width
DECAY   2000004     1.57364761E+02   # scharm_R decays
#          BR         NDA      ID1       ID2
     4.29095112E-02    2     1000022         4   # BR(~c_R -> ~chi_10 c)
     1.09786211E-03    2     1000023         4   # BR(~c_R -> ~chi_20 c)
     8.61366207E-05    2     1000025         4   # BR(~c_R -> ~chi_30 c)
     3.90868978E-04    2     1000035         4   # BR(~c_R -> ~chi_40 c)
     9.55515621E-01    2     1000021         4   # BR(~c_R -> ~g      c)
#
#         PDG            Width
DECAY   1000003     1.87045884E+02   # sstrange_L decays
#          BR         NDA      ID1       ID2
     3.38101453E-03    2     1000022         3   # BR(~s_L -> ~chi_10 s)
     2.90429142E-02    2     1000023         3   # BR(~s_L -> ~chi_20 s)
     3.05923118E-04    2     1000025         3   # BR(~s_L -> ~chi_30 s)
     3.34109300E-02    2     1000035         3   # BR(~s_L -> ~chi_40 s)
     5.33727033E-02    2    -1000024         4   # BR(~s_L -> ~chi_1- c)
     7.40895302E-02    2    -1000037         4   # BR(~s_L -> ~chi_2- c)
     8.06396985E-01    2     1000021         3   # BR(~s_L -> ~g      s)
#
#         PDG            Width
DECAY   2000003     1.51947683E+02   # sstrange_R decays
#          BR         NDA      ID1       ID2
     1.11027706E-02    2     1000022         3   # BR(~s_R -> ~chi_10 s)
     2.84064749E-04    2     1000023         3   # BR(~s_R -> ~chi_20 s)
     2.22870441E-05    2     1000025         3   # BR(~s_R -> ~chi_30 s)
     1.01132374E-04    2     1000035         3   # BR(~s_R -> ~chi_40 s)
     9.88489745E-01    2     1000021         3   # BR(~s_R -> ~g      s)
#
#         PDG            Width
DECAY   1000011     3.92977101E+01   # selectron_L decays
#          BR         NDA      ID1       ID2
     8.25588227E-02    2     1000022        11   # BR(~e_L -> ~chi_10 e-)
     1.90225937E-01    2     1000023        11   # BR(~e_L -> ~chi_20 e-)
     3.78617263E-04    2     1000025        11   # BR(~e_L -> ~chi_30 e-)
     1.27254646E-01    2     1000035        11   # BR(~e_L -> ~chi_40 e-)
     2.51700343E-01    2    -1000024        12   # BR(~e_L -> ~chi_1- nu_e)
     3.47881634E-01    2    -1000037        12   # BR(~e_L -> ~chi_2- nu_e)
#
#         PDG            Width
DECAY   2000011     1.56640467E+01   # selectron_R decays
#          BR         NDA      ID1       ID2
     9.64787726E-01    2     1000022        11   # BR(~e_R -> ~chi_10 e-)
     2.45773246E-02    2     1000023        11   # BR(~e_R -> ~chi_20 e-)
     1.92409953E-03    2     1000025        11   # BR(~e_R -> ~chi_30 e-)
     8.71084969E-03    2     1000035        11   # BR(~e_R -> ~chi_40 e-)
#
#         PDG            Width
DECAY   1000013     3.92977101E+01   # smuon_L decays
#          BR         NDA      ID1       ID2
     8.25588227E-02    2     1000022        13   # BR(~mu_L -> ~chi_10 mu-)
     1.90225937E-01    2     1000023        13   # BR(~mu_L -> ~chi_20 mu-)
     3.78617263E-04    2     1000025        13   # BR(~mu_L -> ~chi_30 mu-)
     1.27254646E-01    2     1000035        13   # BR(~mu_L -> ~chi_40 mu-)
     2.51700343E-01    2    -1000024        14   # BR(~mu_L -> ~chi_1- nu_mu)
     3.47881634E-01    2    -1000037        14   # BR(~mu_L -> ~chi_2- nu_mu)
#
#         PDG            Width
DECAY   2000013     1.56640467E+01   # smuon_R decays
#          BR         NDA      ID1       ID2
     9.64787726E-01    2     1000022        13   # BR(~mu_R -> ~chi_10 mu-)
     2.45773246E-02    2     1000023        13   # BR(~mu_R -> ~chi_20 mu-)
     1.92409953E-03    2     1000025        13   # BR(~mu_R -> ~chi_30 mu-)
     8.71084969E-03    2     1000035        13   # BR(~mu_R -> ~chi_40 mu-)
#
#         PDG            Width
DECAY   1000015     1.67447912E+01   # stau_1 decays
#          BR         NDA      ID1       ID2
     8.94765652E-01    2     1000022        15   # BR(~tau_1 -> ~chi_10  tau-)
     3.98466179E-02    2     1000023        15   # BR(~tau_1 -> ~chi_20  tau-)
     1.68609760E-02    2     1000025        15   # BR(~tau_1 -> ~chi_30  tau-)
     9.38189169E-03    2     1000035        15   # BR(~tau_1 -> ~chi_40  tau-)
     3.58385257E-02    2    -1000024        16   # BR(~tau_1 -> ~chi_1-  nu_tau)
     3.30633618E-03    2    -1000037        16   # BR(~tau_1 -> ~chi_2-  nu_tau)
#
#         PDG            Width
DECAY   2000015     3.95735499E+01   # stau_2 decays
#          BR         NDA      ID1       ID2
     8.24474504E-02    2     1000022        15   # BR(~tau_2 -> ~chi_10  tau-)
     1.88431547E-01    2     1000023        15   # BR(~tau_2 -> ~chi_20  tau-)
     7.81623425E-03    2     1000025        15   # BR(~tau_2 -> ~chi_30  tau-)
     1.31163347E-01    2     1000035        15   # BR(~tau_2 -> ~chi_40  tau-)
     2.41912914E-01    2    -1000024        16   # BR(~tau_2 -> ~chi_1-  nu_tau)
     3.48228507E-01    2    -1000037        16   # BR(~tau_2 -> ~chi_2-  nu_tau)
#
#         PDG            Width
DECAY   1000012     3.93009541E+01   # snu_eL decays
#          BR         NDA      ID1       ID2
     1.11104300E-01    2     1000022        12   # BR(~nu_eL -> ~chi_10 nu_e)
     1.13494903E-01    2     1000023        12   # BR(~nu_eL -> ~chi_20 nu_e)
     2.22407671E-03    2     1000025        12   # BR(~nu_eL -> ~chi_30 nu_e)
     1.72645649E-01    2     1000035        12   # BR(~nu_eL -> ~chi_40 nu_e)
     3.21657858E-01    2     1000024        11   # BR(~nu_eL -> ~chi_1+ e-)
     2.78873213E-01    2     1000037        11   # BR(~nu_eL -> ~chi_2+ e-)
#
#         PDG            Width
DECAY   1000014     3.93009541E+01   # snu_muL decays
#          BR         NDA      ID1       ID2
     1.11104300E-01    2     1000022        14   # BR(~nu_muL -> ~chi_10 nu_mu)
     1.13494903E-01    2     1000023        14   # BR(~nu_muL -> ~chi_20 nu_mu)
     2.22407671E-03    2     1000025        14   # BR(~nu_muL -> ~chi_30 nu_mu)
     1.72645649E-01    2     1000035        14   # BR(~nu_muL -> ~chi_40 nu_mu)
     3.21657858E-01    2     1000024        13   # BR(~nu_muL -> ~chi_1+ mu-)
     2.78873213E-01    2     1000037        13   # BR(~nu_muL -> ~chi_2+ mu-)
#
#         PDG            Width
DECAY   1000016     3.96853217E+01   # snu_tauL decays
#          BR         NDA      ID1       ID2
     1.09569975E-01    2     1000022        16   # BR(~nu_tauL -> ~chi_10 nu_tau)
     1.11909853E-01    2     1000023        16   # BR(~nu_tauL -> ~chi_20 nu_tau)
     2.19281631E-03    2     1000025        16   # BR(~nu_tauL -> ~chi_30 nu_tau)
     1.70201436E-01    2     1000035        16   # BR(~nu_tauL -> ~chi_40 nu_tau)
     3.25477125E-01    2     1000024        15   # BR(~nu_tauL -> ~chi_1+ tau-)
     2.80648794E-01    2     1000037        15   # BR(~nu_tauL -> ~chi_2+ tau-)
#
#         PDG            Width
DECAY   1000024     1.99594102E-01   # chargino1+ decays
#          BR         NDA      ID1       ID2
     1.00000000E+00    2     1000022        24   # BR(~chi_1+ -> ~chi_10  W+)
#
#         PDG            Width
DECAY   1000037     1.46310575E+00   # chargino2+ decays
#          BR         NDA      ID1       ID2
     1.32338414E-01    2     1000024        23   # BR(~chi_2+ -> ~chi_1+  Z )
     5.61663123E-02    2     1000022        24   # BR(~chi_2+ -> ~chi_10  W+)
     8.11397941E-01    2     1000023        24   # BR(~chi_2+ -> ~chi_20  W+)
     9.73322483E-05    2     1000024        25   # BR(~chi_2+ -> ~chi_1+  h )
#
#         PDG            Width
DECAY   1000022     0.00000000E+00   # neutralino1 decays
#
#         PDG            Width
DECAY   1000023     1.07083856E-01   # neutralino2 decays
#          BR         NDA      ID1       ID2
     8.46155277E-02    2     1000022        23   # BR(~chi_20 -> ~chi_10   Z )
     9.15384472E-01    2     1000022        25   # BR(~chi_20 -> ~chi_10   h )
#
#         PDG            Width
DECAY   1000025     2.64335842E-01   # neutralino3 decays
#          BR         NDA      ID1       ID2
     9.48009150E-01    2     1000022        23   # BR(~chi_30 -> ~chi_10   Z )
     5.19908498E-02    2     1000022        25   # BR(~chi_30 -> ~chi_10   h )
#
#         PDG            Width
DECAY   1000035     1.95622634E+00   # neutralino4 decays
#          BR         NDA      ID1       ID2
     6.86826627E-03    2     1000022        23   # BR(~chi_40 -> ~chi_10   Z )
     3.40519924E-05    2     1000023        23   # BR(~chi_40 -> ~chi_20   Z )
     4.72403517E-01    2     1000024       -24   # BR(~chi_40 -> ~chi_1+   W-)
     4.72403517E-01    2    -1000024        24   # BR(~chi_40 -> ~chi_1-   W+)
     4.79909061E-02    2     1000022        25   # BR(~chi_40 -> ~chi_10   h )
     2.99742171E-04    2     1000023        25   # BR(~chi_40 -> ~chi_20   h )
#
#         PDG            Width
DECAY        26     3.37307998E-03   # h decays
#          BR         NDA      ID1       ID2
     6.94722495E-01    2           5        -5   # BR(h -> b       bb     )
     7.31692963E-02    2         -15        15   # BR(h -> tau+    tau-   )
     2.59026738E-04    2         -13        13   # BR(h -> mu+     mu-    )
     5.55253487E-04    2           3        -3   # BR(h -> s       sb     )
     2.40623213E-02    2           4        -4   # BR(h -> c       cb     )
     7.01505150E-02    2          21        21   # BR(h -> g       g      )
     2.21520481E-03    2          22        22   # BR(h -> gam     gam    )
     9.95677179E-04    2          22        23   # BR(h -> Z       gam    )
     1.20538748E-01    2          24       -24   # BR(h -> W+      W-     )
     1.33314621E-02    2          23        23   # BR(h -> Z       Z      )
#
#         PDG            Width
DECAY        35     2.89581379E+01   # H decays
#          BR         NDA      ID1       ID2
     1.07665836E-01    2           5        -5   # BR(H -> b       bb     )
     1.96192434E-02    2         -15        15   # BR(H -> tau+    tau-   )
     6.93611491E-05    2         -13        13   # BR(H -> mu+     mu-    )
     8.51371387E-05    2           3        -3   # BR(H -> s       sb     )
     4.58420485E-07    2           4        -4   # BR(H -> c       cb     )
     4.57420506E-02    2           6        -6   # BR(H -> t       tb     )
     1.50540090E-05    2          21        21   # BR(H -> g       g      )
     1.59044891E-08    2          22        22   # BR(H -> gam     gam    )
     2.94009254E-08    2          23        22   # BR(H -> Z       gam    )
     2.04455280E-05    2          24       -24   # BR(H -> W+      W-     )
     1.02101382E-05    2          23        23   # BR(H -> Z       Z      )
     7.63711622E-05    2          25        25   # BR(H -> h       h      )
    -5.85895270E-24    2          36        36   # BR(H -> A       A      )
     1.20988838E-19    2          23        36   # BR(H -> Z       A      )
     2.07510486E-01    2     1000024  -1000024   # BR(H -> ~chi_1+ ~chi_1-)
     1.08417073E-01    2     1000037  -1000037   # BR(H -> ~chi_2+ ~chi_2-)
     2.51111594E-01    2     1000024  -1000037   # BR(H -> ~chi_1+ ~chi_2-)
     2.51111594E-01    2     1000037  -1000024   # BR(H -> ~chi_2+ ~chi_1-)
     5.89546120E-03    2     1000022   1000022   # BR(H -> ~chi_10 ~chi_10)
     1.67942011E-04    2     1000023   1000023   # BR(H -> ~chi_20 ~chi_20)
     4.09454832E-07    2     1000025   1000025   # BR(H -> ~chi_30 ~chi_30)
     3.02654560E-07    2     1000035   1000035   # BR(H -> ~chi_40 ~chi_40)
     2.06737689E-03    2     1000022   1000023   # BR(H -> ~chi_10 ~chi_20)
     2.17089886E-04    2     1000022   1000025   # BR(H -> ~chi_10 ~chi_30)
     1.51820643E-04    2     1000022   1000035   # BR(H -> ~chi_10 ~chi_40)
     2.90984235E-05    2     1000023   1000025   # BR(H -> ~chi_20 ~chi_30)
     1.55133980E-05    2     1000023   1000035   # BR(H -> ~chi_20 ~chi_40)
     2.54261735E-08    2     1000025   1000035   # BR(H -> ~chi_30 ~chi_40)
#
#         PDG            Width
DECAY        36     2.90448015E+01   # A decays
#          BR         NDA      ID1       ID2
     1.07381583E-01    2           5        -5   # BR(A -> b       bb     )
     1.95613712E-02    2         -15        15   # BR(A -> tau+    tau-   )
     6.91564534E-05    2         -13        13   # BR(A -> mu+     mu-    )
     8.49466842E-05    2           3        -3   # BR(A -> s       sb     )
     4.58960071E-07    2           4        -4   # BR(A -> c       cb     )
     4.57708598E-02    2           6        -6   # BR(A -> t       tb     )
     4.52889032E-05    2          21        21   # BR(A -> g       g      )
     4.29315002E-07    2          22        22   # BR(A -> gam     gam    )
     5.87140103E-08    2          23        22   # BR(A -> Z       gam    )
     2.03185620E-05    2          23        25   # BR(A -> Z       h      )
     3.06167504E-01    2     1000024  -1000024   # BR(A -> ~chi_1+ ~chi_1-)
     2.04922931E-01    2     1000037  -1000037   # BR(A -> ~chi_2+ ~chi_2-)
     1.52323165E-01    2     1000024  -1000037   # BR(A -> ~chi_1+ ~chi_2-)
     1.52323165E-01    2     1000037  -1000024   # BR(A -> ~chi_2+ ~chi_1-)
     7.65850286E-03    2     1000022   1000022   # BR(A -> ~chi_10 ~chi_10)
     2.58699088E-04    2     1000023   1000023   # BR(A -> ~chi_20 ~chi_20)
     2.90041995E-07    2     1000025   1000025   # BR(A -> ~chi_30 ~chi_30)
     5.42797242E-07    2     1000035   1000035   # BR(A -> ~chi_40 ~chi_40)
     2.94770354E-03    2     1000022   1000023   # BR(A -> ~chi_10 ~chi_20)
     1.51318054E-04    2     1000022   1000025   # BR(A -> ~chi_10 ~chi_30)
     2.62878685E-04    2     1000022   1000035   # BR(A -> ~chi_10 ~chi_40)
     2.11389221E-05    2     1000023   1000025   # BR(A -> ~chi_20 ~chi_30)
     2.75634307E-05    2     1000023   1000035   # BR(A -> ~chi_20 ~chi_40)
     1.25538561E-07    2     1000025   1000035   # BR(A -> ~chi_30 ~chi_40)
#
#         PDG            Width
DECAY        37     8.84618608E+00   # H+ decays
#          BR         NDA      ID1       ID2
     5.60450274E-04    2           4        -5   # BR(H+ -> c       bb     )
     6.42557665E-02    2         -15        16   # BR(H+ -> tau+    nu_tau )
     2.27167148E-04    2         -13        14   # BR(H+ -> mu+     nu_mu  )
     3.58686283E-06    2           2        -5   # BR(H+ -> u       bb     )
     1.33467107E-05    2           2        -3   # BR(H+ -> u       sb     )
     2.75954765E-04    2           4        -3   # BR(H+ -> c       sb     )
     4.97461205E-01    2           6        -5   # BR(H+ -> t       bb     )
     6.68466024E-05    2          24        25   # BR(H+ -> W+      h      )
     7.57484959E-13    2          24        36   # BR(H+ -> W+      A      )
     3.63638310E-01    2     1000024   1000022   # BR(H+ -> ~chi_1+ ~chi_10)
     4.00890522E-03    2     1000024   1000023   # BR(H+ -> ~chi_1+ ~chi_20)
     3.15052510E-03    2     1000024   1000025   # BR(H+ -> ~chi_1+ ~chi_30)
     2.24735119E-02    2     1000024   1000035   # BR(H+ -> ~chi_1+ ~chi_40)
     2.77883292E-02    2     1000037   1000022   # BR(H+ -> ~chi_2+ ~chi_10)
     1.46293265E-02    2     1000037   1000023   # BR(H+ -> ~chi_2+ ~chi_20)
     3.87696373E-04    2     1000037   1000025   # BR(H+ -> ~chi_2+ ~chi_30)
     1.05907165E-03    2     1000037   1000035   # BR(H+ -> ~chi_2+ ~chi_40)
