#
#                              ======================
#                              | THE SUSYHIT OUTPUT |
#                              ======================
#
#
#              ------------------------------------------------------
#              |     This is the output of the SUSY-HIT package     |
#              |  created by A.Djouadi, M.Muehlleitner and M.Spira. |
#              |  In case of problems with SUSY-HIT email to        |
#              |           margarete.muehlleitner@cern.ch           |
#              |           michael.spira@psi.ch                     |
#              |           abdelhak.djouadi@cern.ch                 |
#              ------------------------------------------------------
#
#              ------------------------------------------------------
#              |  SUSY Les Houches Accord - MSSM Spectrum + Decays  |
#              |              based on the decay programs           |
#              |                                                    |
#              |                     SDECAY 1.2                     |
#              |                                                    |
#              |  Authors: M.Muhlleitner, A.Djouadi and Y.Mambrini  |
#              |  Ref.:    Comput.Phys.Commun.168(2005)46           |
#              |           [hep-ph/0311167]                         |
#              |                                                    |
#              |                     HDECAY 3.200                   |
#              |                                                    |
#              |  By: A.Djouadi,J.Kalinowski,M.Muhlleitner,M.Spira  |
#              |  Ref.:    Comput.Phys.Commun.108(1998)56           |
#              |           [hep-ph/9704448]                         |
#              |                                                    |
#              |                                                    |
#              |  If not stated otherwise all DRbar couplings and   |
#              |  soft SUSY breaking masses are given at the scale  |
#              |  Q=  0.65658612E+03
#              |                                                    |
#              ------------------------------------------------------
#
#  CMS point: LM5
#  Charged lepton ID signs in the HDECAY (last 4) blocks are corrected by Sezen (by hand) 02/07/07
#  A0 value added to block MINPAR by Sezen (by hand) since SUSYHIT does not write A0 values for A0 = 0
#  04/07/07
#
BLOCK DCINFO  # Decay Program information
     1   SDECAY/HDECAY # decay calculator
     2   1.2   /3.200  # version number
#
BLOCK SPINFO  # Spectrum calculator information
     1   ISASUGRA from ISAJET          # Spectrum Calculato
     2   7.75   14-FEB-2007 10:44:07   # Version number    
#
BLOCK MODSEL  # Model selection
     1     1   # # Minimal supergravity (mSUGRA,CMSSM) model       
#
BLOCK SMINPUTS  # Standard Model inputs
         1     1.27846069E+02   # alpha_em^-1(M_Z)^MSbar
         2     1.16639003E-05   # G_F [GeV^-2]
         3     1.17200002E-01   # alpha_S(M_Z)^MSbar
         4     9.11875992E+01   # M_Z pole mass
         5     4.19999981E+00   # mb(mb)^MSbar
         6     1.72500000E+02   # mt pole mass
         7     1.77699995E+00   # mtau pole mass
#
BLOCK MINPAR  # Input parameters - minimal models
         1     2.30000000E+02   # m_0                 
         2     3.60000000E+02   # m_{1                
         3     1.00000000E+01   # tan(beta)           
         4     1.00000000E+00   # sign(mu)            
         5     0.00000000E+00   # A0
#
BLOCK MASS  # Mass Spectrum
# PDG code           mass       particle
        24     8.04229965E+01   # W+
        25     1.11890923E+02   # h
        35     5.65838379E+02   # H
        36     5.62009949E+02   # A
        37     5.72280151E+02   # H+
         5     4.82427387E+00   # b-quark pole mass calculated from mb(mb)_Msbar
   1000001     8.14081543E+02   # ~d_L
   2000001     7.83667908E+02   # ~d_R
   1000002     8.09909546E+02   # ~u_L
   2000002     7.85550232E+02   # ~u_R
   1000003     8.14081543E+02   # ~s_L
   2000003     7.83667908E+02   # ~s_R
   1000004     8.09909546E+02   # ~c_L
   2000004     7.85550232E+02   # ~c_R
   1000005     7.43560425E+02   # ~b_1
   2000005     7.80097534E+02   # ~b_2
   1000006     5.99106201E+02   # ~t_1
   2000006     7.92196472E+02   # ~t_2
   1000011     3.38029602E+02   # ~e_L
   2000011     2.68764343E+02   # ~e_R
   1000012     3.27116425E+02   # ~nu_eL
   1000013     3.38029602E+02   # ~mu_L
   2000013     2.68764343E+02   # ~mu_R
   1000014     3.27116425E+02   # ~nu_muL
   1000015     2.63902039E+02   # ~tau_1
   2000015     3.38251678E+02   # ~tau_2
   1000016     3.24766205E+02   # ~nu_tauL
   1000021     8.55131470E+02   # ~g
   1000022     1.44823715E+02   # ~chi_10
   1000023     2.70652374E+02   # ~chi_20
   1000025    -4.66012512E+02   # ~chi_30
   1000035     4.84566620E+02   # ~chi_40
   1000024     2.70983673E+02   # ~chi_1+
   1000037     4.83835022E+02   # ~chi_2+
#
BLOCK NMIX  # Neutralino Mixing Matrix
  1  1     9.92282152E-01   # N_11
  1  2    -3.09259593E-02   # N_12
  1  3     1.11575715E-01   # N_13
  1  4    -4.43887711E-02   # N_14
  2  1    -6.47078976E-02   # N_21
  2  2    -9.53310847E-01   # N_22
  2  3     2.47215763E-01   # N_23
  2  4    -1.60921931E-01   # N_24
  3  1     4.50839810E-02   # N_31
  3  2    -6.52026534E-02   # N_32
  3  3    -7.00987220E-01   # N_33
  3  4    -7.08753943E-01   # N_34
  4  1    -9.56885740E-02   # N_41
  4  2     2.93241948E-01   # N_42
  4  3     6.59584045E-01   # N_43
  4  4    -6.85420632E-01   # N_44
#
BLOCK UMIX  # Chargino Mixing Matrix U
  1  1    -9.34700489E-01   # U_11
  1  2     3.55436325E-01   # U_12
  2  1    -3.55436325E-01   # U_21
  2  2    -9.34700489E-01   # U_22
#
BLOCK VMIX  # Chargino Mixing Matrix V
  1  1    -9.72563028E-01   # V_11
  1  2     2.32639462E-01   # V_12
  2  1    -2.32639462E-01   # V_21
  2  2    -9.72563028E-01   # V_22
#
BLOCK STOPMIX  # Stop Mixing Matrix
  1  1     4.61326540E-01   # cos(theta_t)
  1  2    -8.87230423E-01   # sin(theta_t)
  2  1     8.87230423E-01   # -sin(theta_t)
  2  2     4.61326540E-01   # cos(theta_t)
#
BLOCK SBOTMIX  # Sbottom Mixing Matrix
  1  1     9.68272448E-01   # cos(theta_b)
  1  2    -2.49896912E-01   # sin(theta_b)
  2  1     2.49896912E-01   # -sin(theta_b)
  2  2     9.68272448E-01   # cos(theta_b)
#
BLOCK STAUMIX  # Stau Mixing Matrix
  1  1     1.85418531E-01   # cos(theta_tau)
  1  2    -9.82659640E-01   # sin(theta_tau)
  2  1     9.82659640E-01   # -sin(theta_tau)
  2  2     1.85418531E-01   # cos(theta_tau)
#
BLOCK ALPHA  # Higgs mixing
          -1.05296031E-01   # Mixing angle in the neutral Higgs boson sector
#
BLOCK HMIX Q=  6.56586121E+02  # DRbar Higgs Parameters
         1     4.60638977E+02   # mu(Q)               
         2     1.00000000E+01   # tan(beta)(M_{GUT})  
         3     2.50503433E+02   # Higgs               
         4     3.15855188E+05   # m_A^2(Q)            
#
BLOCK GAUGE Q=  6.56586121E+02  # The gauge couplings
     1     3.57487649E-01   # gprime(Q) DRbar
     2     6.52497053E-01   # g(Q) DRbar
     3     1.22092080E+00   # g3(Q) DRbar
#
BLOCK AU Q=  6.56586121E+02  # The trilinear couplings
  1  1    -6.54249207E+02   # A_u(Q) DRbar
  2  2    -6.54249207E+02   # A_c(Q) DRbar
  3  3    -6.54249207E+02   # A_t(Q) DRbar
#
BLOCK AD Q=  6.56586121E+02  # The trilinear couplings
  1  1    -9.68553650E+02   # A_d(Q) DRbar
  2  2    -9.68553650E+02   # A_s(Q) DRbar
  3  3    -9.68553650E+02   # A_b(Q) DRbar
#
BLOCK AE Q=  6.56586121E+02  # The trilinear couplings
  1  1    -2.17602051E+02   # A_e(Q) DRbar
  2  2    -2.17602051E+02   # A_mu(Q) DRbar
  3  3    -2.17602051E+02   # A_tau(Q) DRbar
#
BLOCK Yu Q=  6.56586121E+02  # The Yukawa couplings
  1  1     0.00000000E+00   # y_u(Q) DRbar
  2  2     0.00000000E+00   # y_c(Q) DRbar
  3  3     8.67271006E-01   # y_t(Q) DRbar
#
BLOCK Yd Q=  6.56586121E+02  # The Yukawa couplings
  1  1     0.00000000E+00   # y_d(Q) DRbar
  2  2     0.00000000E+00   # y_s(Q) DRbar
  3  3     1.31180570E-01   # y_b(Q) DRbar
#
BLOCK Ye Q=  6.56586121E+02  # The Yukawa couplings
  1  1     0.00000000E+00   # y_e(Q) DRbar
  2  2     0.00000000E+00   # y_mu(Q) DRbar
  3  3     9.92538333E-02   # y_tau(Q) DRbar
#
BLOCK MSOFT Q=  6.56586121E+02  # The soft SUSY breaking masses at the scale Q
         1     1.48914825E+02   # M_1(Q)              
         2     2.78617126E+02   # M_2(Q)              
         3     8.10656799E+02   # M_3(Q)              
        31     3.32832306E+02   # MeL(Q)              
        32     3.32832306E+02   # MmuL(Q)             
        33     3.30553589E+02   # MtauL(Q)            
        34     2.65219421E+02   # MeR(Q)              
        35     2.65219421E+02   # MmuR(Q)             
        36     2.62161957E+02   # MtauR(Q)            
        41     7.71339355E+02   # MqL1(Q)             
        42     7.71339355E+02   # MqL2(Q)             
        43     7.10414368E+02   # MqL3(Q)             
        44     7.46762634E+02   # MuR(Q)              
        45     7.46762634E+02   # McR(Q)              
        46     6.06836487E+02   # MtR(Q)              
        47     7.43677612E+02   # MdR(Q)              
        48     7.43677612E+02   # MsR(Q)              
        49     7.44008606E+02   # MbR(Q)              
#
#
#
#                             =================
#                             |The decay table|
#                             =================
#
# - The QCD corrections to the decays gluino -> squark  + quark
#                                     squark -> gaugino + quark_prime
#                                     squark -> squark_prime + Higgs
#                                     squark -> gluino  + quark
#   are included.
#
# - The multi-body decays for the inos, stops and sbottoms are included.
#
# - The loop induced decays for the gluino, neutralinos and stops
#   are included.
#
# - The SUSY decays of the top quark are included.
#
#
#         PDG            Width
DECAY         6     1.47680998E+00   # top decays
#          BR         NDA      ID1       ID2
     1.00000000E+00    2           5        24   # BR(t ->  b    W+)
#
#         PDG            Width
DECAY   1000021     1.17985358E+01   # gluino decays
#          BR         NDA      ID1       ID2
     8.26643636E-03    2     1000001        -1   # BR(~g -> ~d_L  db)
     8.26643636E-03    2    -1000001         1   # BR(~g -> ~d_L* d )
     2.41485425E-02    2     2000001        -1   # BR(~g -> ~d_R  db)
     2.41485425E-02    2    -2000001         1   # BR(~g -> ~d_R* d )
     9.98200927E-03    2     1000002        -2   # BR(~g -> ~u_L  ub)
     9.98200927E-03    2    -1000002         2   # BR(~g -> ~u_L* u )
     2.29457891E-02    2     2000002        -2   # BR(~g -> ~u_R  ub)
     2.29457891E-02    2    -2000002         2   # BR(~g -> ~u_R* u )
     8.26643636E-03    2     1000003        -3   # BR(~g -> ~s_L  sb)
     8.26643636E-03    2    -1000003         3   # BR(~g -> ~s_L* s )
     2.41485425E-02    2     2000003        -3   # BR(~g -> ~s_R  sb)
     2.41485425E-02    2    -2000003         3   # BR(~g -> ~s_R* s )
     9.98200927E-03    2     1000004        -4   # BR(~g -> ~c_L  cb)
     9.98200927E-03    2    -1000004         4   # BR(~g -> ~c_L* c )
     2.29457891E-02    2     2000004        -4   # BR(~g -> ~c_R  cb)
     2.29457891E-02    2    -2000004         4   # BR(~g -> ~c_R* c )
     5.49052286E-02    2     1000005        -5   # BR(~g -> ~b_1  bb)
     5.49052286E-02    2    -1000005         5   # BR(~g -> ~b_1* b )
     2.54311894E-02    2     2000005        -5   # BR(~g -> ~b_2  bb)
     2.54311894E-02    2    -2000005         5   # BR(~g -> ~b_2* b )
     2.88978027E-01    2     1000006        -6   # BR(~g -> ~t_1  tb)
     2.88978027E-01    2    -1000006         6   # BR(~g -> ~t_1* t )
#
#         PDG            Width
DECAY   1000006     1.80951819E+00   # stop1 decays
#          BR         NDA      ID1       ID2
     3.81009316E-01    2     1000022         6   # BR(~t_1 -> ~chi_10 t )
     2.66658969E-02    2     1000023         6   # BR(~t_1 -> ~chi_20 t )
     5.17987555E-02    2     1000024         5   # BR(~t_1 -> ~chi_1+ b )
     5.40526031E-01    2     1000037         5   # BR(~t_1 -> ~chi_2+ b )
#
#         PDG            Width
DECAY   2000006     1.41009739E+01   # stop2 decays
#          BR         NDA      ID1       ID2
     3.46941022E-02    2     1000022         6   # BR(~t_2 -> ~chi_10 t )
     1.57197756E-01    2     1000023         6   # BR(~t_2 -> ~chi_20 t )
     2.04723146E-01    2     1000025         6   # BR(~t_2 -> ~chi_30 t )
     7.29503755E-02    2     1000035         6   # BR(~t_2 -> ~chi_40 t )
     3.66076623E-01    2     1000024         5   # BR(~t_2 -> ~chi_1+ b )
     3.01380752E-02    2     1000037         5   # BR(~t_2 -> ~chi_2+ b )
     4.29131165E-02    2     1000006        25   # BR(~t_2 -> ~t_1    h )
     9.13068060E-02    2     1000006        23   # BR(~t_2 -> ~t_1    Z )
#
#         PDG            Width
DECAY   1000005     9.50564493E+00   # sbottom1 decays
#          BR         NDA      ID1       ID2
     1.27214442E-02    2     1000022         5   # BR(~b_1 -> ~chi_10 b )
     1.96418639E-01    2     1000023         5   # BR(~b_1 -> ~chi_20 b )
     6.21361852E-03    2     1000025         5   # BR(~b_1 -> ~chi_30 b )
     1.69996175E-02    2     1000035         5   # BR(~b_1 -> ~chi_40 b )
     3.30336603E-01    2    -1000024         6   # BR(~b_1 -> ~chi_1- t )
     3.41515220E-01    2    -1000037         6   # BR(~b_1 -> ~chi_2- t )
     9.57948575E-02    2     1000006       -24   # BR(~b_1 -> ~t_1    W-)
#
#         PDG            Width
DECAY   2000005     1.34066501E+00   # sbottom2 decays
#          BR         NDA      ID1       ID2
     3.01033163E-01    2     1000022         5   # BR(~b_2 -> ~chi_10 b )
     1.64190115E-01    2     1000023         5   # BR(~b_2 -> ~chi_20 b )
     3.11484810E-02    2     1000025         5   # BR(~b_2 -> ~chi_30 b )
     9.93980078E-03    2     1000035         5   # BR(~b_2 -> ~chi_40 b )
     2.84925368E-01    2    -1000024         6   # BR(~b_2 -> ~chi_1- t )
     1.12541236E-01    2    -1000037         6   # BR(~b_2 -> ~chi_2- t )
     9.62218355E-02    2     1000006       -24   # BR(~b_2 -> ~t_1    W-)
#
#         PDG            Width
DECAY   1000002     7.94979409E+00   # sup_L decays
#          BR         NDA      ID1       ID2
     8.87579308E-03    2     1000022         2   # BR(~u_L -> ~chi_10 u)
     3.15394333E-01    2     1000023         2   # BR(~u_L -> ~chi_20 u)
     6.60032745E-04    2     1000025         2   # BR(~u_L -> ~chi_30 u)
     1.43656294E-02    2     1000035         2   # BR(~u_L -> ~chi_40 u)
     6.40194977E-01    2     1000024         1   # BR(~u_L -> ~chi_1+ d)
     2.05092352E-02    2     1000037         1   # BR(~u_L -> ~chi_2+ d)
#
#         PDG            Width
DECAY   2000002     1.60870990E+00   # sup_R decays
#          BR         NDA      ID1       ID2
     9.91237208E-01    2     1000022         2   # BR(~u_R -> ~chi_10 u)
     3.59282970E-03    2     1000023         2   # BR(~u_R -> ~chi_20 u)
     1.00310126E-03    2     1000025         2   # BR(~u_R -> ~chi_30 u)
     4.16686102E-03    2     1000035         2   # BR(~u_R -> ~chi_40 u)
#
#         PDG            Width
DECAY   1000001     7.81646406E+00   # sdown_L decays
#          BR         NDA      ID1       ID2
     1.80719151E-02    2     1000022         1   # BR(~d_L -> ~chi_10 d)
     3.07245820E-01    2     1000023         1   # BR(~d_L -> ~chi_20 d)
     1.13048869E-03    2     1000025         1   # BR(~d_L -> ~chi_30 d)
     1.88203660E-02    2     1000035         1   # BR(~d_L -> ~chi_40 d)
     6.05329628E-01    2    -1000024         2   # BR(~d_L -> ~chi_1- u)
     4.94017819E-02    2    -1000037         2   # BR(~d_L -> ~chi_2- u)
#
#         PDG            Width
DECAY   2000001     4.01235145E-01   # sdown_R decays
#          BR         NDA      ID1       ID2
     9.91265757E-01    2     1000022         1   # BR(~d_R -> ~chi_10 d)
     3.58974922E-03    2     1000023         1   # BR(~d_R -> ~chi_20 d)
     9.98652136E-04    2     1000025         1   # BR(~d_R -> ~chi_30 d)
     4.14584127E-03    2     1000035         1   # BR(~d_R -> ~chi_40 d)
#
#         PDG            Width
DECAY   1000004     7.94979409E+00   # scharm_L decays
#          BR         NDA      ID1       ID2
     8.87579308E-03    2     1000022         4   # BR(~c_L -> ~chi_10 c)
     3.15394333E-01    2     1000023         4   # BR(~c_L -> ~chi_20 c)
     6.60032745E-04    2     1000025         4   # BR(~c_L -> ~chi_30 c)
     1.43656294E-02    2     1000035         4   # BR(~c_L -> ~chi_40 c)
     6.40194977E-01    2     1000024         3   # BR(~c_L -> ~chi_1+ s)
     2.05092352E-02    2     1000037         3   # BR(~c_L -> ~chi_2+ s)
#
#         PDG            Width
DECAY   2000004     1.60870990E+00   # scharm_R decays
#          BR         NDA      ID1       ID2
     9.91237208E-01    2     1000022         4   # BR(~c_R -> ~chi_10 c)
     3.59282970E-03    2     1000023         4   # BR(~c_R -> ~chi_20 c)
     1.00310126E-03    2     1000025         4   # BR(~c_R -> ~chi_30 c)
     4.16686102E-03    2     1000035         4   # BR(~c_R -> ~chi_40 c)
#
#         PDG            Width
DECAY   1000003     7.81646406E+00   # sstrange_L decays
#          BR         NDA      ID1       ID2
     1.80719151E-02    2     1000022         3   # BR(~s_L -> ~chi_10 s)
     3.07245820E-01    2     1000023         3   # BR(~s_L -> ~chi_20 s)
     1.13048869E-03    2     1000025         3   # BR(~s_L -> ~chi_30 s)
     1.88203660E-02    2     1000035         3   # BR(~s_L -> ~chi_40 s)
     6.05329628E-01    2    -1000024         4   # BR(~s_L -> ~chi_1- c)
     4.94017819E-02    2    -1000037         4   # BR(~s_L -> ~chi_2- c)
#
#         PDG            Width
DECAY   2000003     4.01235145E-01   # sstrange_R decays
#          BR         NDA      ID1       ID2
     9.91265757E-01    2     1000022         3   # BR(~s_R -> ~chi_10 s)
     3.58974922E-03    2     1000023         3   # BR(~s_R -> ~chi_20 s)
     9.98652136E-04    2     1000025         3   # BR(~s_R -> ~chi_30 s)
     4.14584127E-03    2     1000035         3   # BR(~s_R -> ~chi_40 s)
#
#         PDG            Width
DECAY   1000011     7.50576393E-01   # selectron_L decays
#          BR         NDA      ID1       ID2
     3.34220440E-01    2     1000022        11   # BR(~e_L -> ~chi_10 e-)
     2.40209139E-01    2     1000023        11   # BR(~e_L -> ~chi_20 e-)
     4.25570420E-01    2    -1000024        12   # BR(~e_L -> ~chi_1- nu_e)
#
#         PDG            Width
DECAY   2000011     6.77643065E-01   # selectron_R decays
#          BR         NDA      ID1       ID2
     1.00000000E+00    2     1000022        11   # BR(~e_R -> ~chi_10 e-)
#
#         PDG            Width
DECAY   1000013     7.50576393E-01   # smuon_L decays
#          BR         NDA      ID1       ID2
     3.34220440E-01    2     1000022        13   # BR(~mu_L -> ~chi_10 mu-)
     2.40209139E-01    2     1000023        13   # BR(~mu_L -> ~chi_20 mu-)
     4.25570420E-01    2    -1000024        14   # BR(~mu_L -> ~chi_1- nu_mu)
#
#         PDG            Width
DECAY   2000013     6.77643065E-01   # smuon_R decays
#          BR         NDA      ID1       ID2
     1.00000000E+00    2     1000022        13   # BR(~mu_R -> ~chi_10 mu-)
#
#         PDG            Width
DECAY   1000015     6.24034333E-01   # stau_1 decays
#          BR         NDA      ID1       ID2
     1.00000000E+00    2     1000022        15   # BR(~tau_1 -> ~chi_10  tau-)
#
#         PDG            Width
DECAY   2000015     7.83264953E-01   # stau_2 decays
#          BR         NDA      ID1       ID2
     3.67540102E-01    2     1000022        15   # BR(~tau_2 -> ~chi_10  tau-)
     2.27859703E-01    2     1000023        15   # BR(~tau_2 -> ~chi_20  tau-)
     4.04600195E-01    2    -1000024        16   # BR(~tau_2 -> ~chi_1-  nu_tau)
#
#         PDG            Width
DECAY   1000012     6.69741422E-01   # snu_eL decays
#          BR         NDA      ID1       ID2
     4.41415031E-01    2     1000022        12   # BR(~nu_eL -> ~chi_10 nu_e)
     1.73382583E-01    2     1000023        12   # BR(~nu_eL -> ~chi_20 nu_e)
     3.85202386E-01    2     1000024        11   # BR(~nu_eL -> ~chi_1+ e-)
#
#         PDG            Width
DECAY   1000014     6.69741422E-01   # snu_muL decays
#          BR         NDA      ID1       ID2
     4.41415031E-01    2     1000022        14   # BR(~nu_muL -> ~chi_10 nu_mu)
     1.73382583E-01    2     1000023        14   # BR(~nu_muL -> ~chi_20 nu_mu)
     3.85202386E-01    2     1000024        13   # BR(~nu_muL -> ~chi_1+ mu-)
#
#         PDG            Width
DECAY   1000016     6.39467247E-01   # snu_tauL decays
#          BR         NDA      ID1       ID2
     4.55746227E-01    2     1000022        16   # BR(~nu_tauL -> ~chi_10 nu_tau)
     1.69098462E-01    2     1000023        16   # BR(~nu_tauL -> ~chi_20 nu_tau)
     3.75155311E-01    2     1000024        15   # BR(~nu_tauL -> ~chi_1+ tau-)
#
#         PDG            Width
DECAY   1000024     1.14367701E-02   # chargino1+ decays
#          BR         NDA      ID1       ID2
     3.85646150E-03    2    -1000015        16   # BR(~chi_1+ -> ~tau_1+  nu_tau)
     9.96143539E-01    2     1000022        24   # BR(~chi_1+ -> ~chi_10  W+)
#
#         PDG            Width
DECAY   1000037     2.80876822E+00   # chargino2+ decays
#          BR         NDA      ID1       ID2
     1.16371598E-02    2     1000012       -11   # BR(~chi_2+ -> ~nu_eL   e+  )
     1.16371598E-02    2     1000014       -13   # BR(~chi_2+ -> ~nu_muL  mu+ )
     1.61761559E-02    2     1000016       -15   # BR(~chi_2+ -> ~nu_tau1 tau+)
     2.41502140E-02    2    -1000011        12   # BR(~chi_2+ -> ~e_L+    nu_e)
     2.41502140E-02    2    -1000013        14   # BR(~chi_2+ -> ~mu_L+   nu_mu)
     1.52215285E-02    2    -1000015        16   # BR(~chi_2+ -> ~tau_1+  nu_tau)
     1.98824987E-02    2    -2000015        16   # BR(~chi_2+ -> ~tau_2+  nu_tau)
     2.68314372E-01    2     1000024        23   # BR(~chi_2+ -> ~chi_1+  Z )
     8.56421132E-02    2     1000022        24   # BR(~chi_2+ -> ~chi_10  W+)
     3.04761000E-01    2     1000023        24   # BR(~chi_2+ -> ~chi_20  W+)
     2.18427585E-01    2     1000024        25   # BR(~chi_2+ -> ~chi_1+  h )
#
#         PDG            Width
DECAY   1000022     0.00000000E+00   # neutralino1 decays
#
#         PDG            Width
DECAY   1000023     1.12396455E-02   # neutralino2 decays
#          BR         NDA      ID1       ID2
     1.16371170E-01    2     1000022        23   # BR(~chi_20 -> ~chi_10   Z )
     8.76487101E-01    2     1000022        25   # BR(~chi_20 -> ~chi_10   h )
     4.95502347E-05    2     2000011       -11   # BR(~chi_20 -> ~e_R-     e+)
     4.95502347E-05    2    -2000011        11   # BR(~chi_20 -> ~e_R+     e-)
     4.95502347E-05    2     2000013       -13   # BR(~chi_20 -> ~mu_R-    mu+)
     4.95502347E-05    2    -2000013        13   # BR(~chi_20 -> ~mu_R+    mu-)
     3.47176413E-03    2     1000015       -15   # BR(~chi_20 -> ~tau_1-   tau+)
     3.47176413E-03    2    -1000015        15   # BR(~chi_20 -> ~tau_1+   tau-)
#
#         PDG            Width
DECAY   1000025     2.34856411E+00   # neutralino3 decays
#          BR         NDA      ID1       ID2
     1.15218084E-01    2     1000022        23   # BR(~chi_30 -> ~chi_10   Z )
     2.42533300E-01    2     1000023        23   # BR(~chi_30 -> ~chi_20   Z )
     2.94932533E-01    2     1000024       -24   # BR(~chi_30 -> ~chi_1+   W-)
     2.94932533E-01    2    -1000024        24   # BR(~chi_30 -> ~chi_1-   W+)
     1.97357922E-02    2     1000022        25   # BR(~chi_30 -> ~chi_10   h )
     9.46464335E-03    2     1000023        25   # BR(~chi_30 -> ~chi_20   h )
     1.54757289E-04    2     1000011       -11   # BR(~chi_30 -> ~e_L-     e+)
     1.54757289E-04    2    -1000011        11   # BR(~chi_30 -> ~e_L+     e-)
     4.56707864E-04    2     2000011       -11   # BR(~chi_30 -> ~e_R-     e+)
     4.56707864E-04    2    -2000011        11   # BR(~chi_30 -> ~e_R+     e-)
     1.54757289E-04    2     1000013       -13   # BR(~chi_30 -> ~mu_L-    mu+)
     1.54757289E-04    2    -1000013        13   # BR(~chi_30 -> ~mu_L+    mu-)
     4.56707864E-04    2     2000013       -13   # BR(~chi_30 -> ~mu_R-    mu+)
     4.56707864E-04    2    -2000013        13   # BR(~chi_30 -> ~mu_R+    mu-)
     5.88646721E-03    2     1000015       -15   # BR(~chi_30 -> ~tau_1-   tau+)
     5.88646721E-03    2    -1000015        15   # BR(~chi_30 -> ~tau_1+   tau-)
     1.83606012E-03    2     2000015       -15   # BR(~chi_30 -> ~tau_2-   tau+)
     1.83606012E-03    2    -2000015        15   # BR(~chi_30 -> ~tau_2+   tau-)
     8.73874416E-04    2     1000012       -12   # BR(~chi_30 -> ~nu_eL    nu_eb)
     8.73874416E-04    2    -1000012        12   # BR(~chi_30 -> ~nu_eL*   nu_e )
     8.73874416E-04    2     1000014       -14   # BR(~chi_30 -> ~nu_muL   nu_mub)
     8.73874416E-04    2    -1000014        14   # BR(~chi_30 -> ~nu_muL*  nu_mu )
     8.98349975E-04    2     1000016       -16   # BR(~chi_30 -> ~nu_tau1  nu_taub)
     8.98349975E-04    2    -1000016        16   # BR(~chi_30 -> ~nu_tau1* nu_tau )
#
#         PDG            Width
DECAY   1000035     2.93454315E+00   # neutralino4 decays
#          BR         NDA      ID1       ID2
     1.92886634E-02    2     1000022        23   # BR(~chi_40 -> ~chi_10   Z )
     1.40418976E-02    2     1000023        23   # BR(~chi_40 -> ~chi_20   Z )
     2.82401934E-01    2     1000024       -24   # BR(~chi_40 -> ~chi_1+   W-)
     2.82401934E-01    2    -1000024        24   # BR(~chi_40 -> ~chi_1-   W+)
     8.21149651E-02    2     1000022        25   # BR(~chi_40 -> ~chi_10   h )
     1.88159777E-01    2     1000023        25   # BR(~chi_40 -> ~chi_20   h )
     5.34400307E-03    2     1000011       -11   # BR(~chi_40 -> ~e_L-     e+)
     5.34400307E-03    2    -1000011        11   # BR(~chi_40 -> ~e_L+     e-)
     1.84270194E-03    2     2000011       -11   # BR(~chi_40 -> ~e_R-     e+)
     1.84270194E-03    2    -2000011        11   # BR(~chi_40 -> ~e_R+     e-)
     5.34400307E-03    2     1000013       -13   # BR(~chi_40 -> ~mu_L-    mu+)
     5.34400307E-03    2    -1000013        13   # BR(~chi_40 -> ~mu_L+    mu-)
     1.84270194E-03    2     2000013       -13   # BR(~chi_40 -> ~mu_R-    mu+)
     1.84270194E-03    2    -2000013        13   # BR(~chi_40 -> ~mu_R+    mu-)
     8.67030876E-03    2     1000015       -15   # BR(~chi_40 -> ~tau_1-   tau+)
     8.67030876E-03    2    -1000015        15   # BR(~chi_40 -> ~tau_1+   tau-)
     5.32326773E-03    2     2000015       -15   # BR(~chi_40 -> ~tau_2-   tau+)
     5.32326773E-03    2    -2000015        15   # BR(~chi_40 -> ~tau_2+   tau-)
     1.23766354E-02    2     1000012       -12   # BR(~chi_40 -> ~nu_eL    nu_eb)
     1.23766354E-02    2    -1000012        12   # BR(~chi_40 -> ~nu_eL*   nu_e )
     1.23766354E-02    2     1000014       -14   # BR(~chi_40 -> ~nu_muL   nu_mub)
     1.23766354E-02    2    -1000014        14   # BR(~chi_40 -> ~nu_muL*  nu_mu )
     1.26751574E-02    2     1000016       -16   # BR(~chi_40 -> ~nu_tau1  nu_taub)
     1.26751574E-02    2    -1000016        16   # BR(~chi_40 -> ~nu_tau1* nu_tau )
#
#         PDG            Width
DECAY        26     3.95738427E-03   # h decays
#          BR         NDA      ID1       ID2
     8.11740437E-01    2           5        -5   # BR(h -> b       bb     )
     6.52773587E-02    2         -15        15   # BR(h -> tau+    tau-   )
     2.31127145E-04    2         -13        13   # BR(h -> mu+     mu-    )
     5.00562906E-04    2           3        -3   # BR(h -> s       sb     )
     1.95449861E-02    2           4        -4   # BR(h -> c       cb     )
     5.38560953E-02    2          21        21   # BR(h -> g       g      )
     1.47969278E-03    2          22        22   # BR(h -> gam     gam    )
     3.70704432E-04    2          22        23   # BR(h -> Z       gam    )
     4.28869935E-02    2          24       -24   # BR(h -> W+      W-     )
     4.11204191E-03    2          23        23   # BR(h -> Z       Z      )
#
#         PDG            Width
DECAY        35     1.35425227E+00   # H decays
#          BR         NDA      ID1       ID2
     7.41391896E-01    2           5        -5   # BR(H -> b       bb     )
     8.64884697E-02    2         -15        15   # BR(H -> tau+    tau-   )
     3.05785551E-04    2         -13        13   # BR(H -> mu+     mu-    )
     4.79894276E-04    2           3        -3   # BR(H -> s       sb     )
     2.39693789E-06    2           4        -4   # BR(H -> c       cb     )
     1.45890035E-01    2           6        -6   # BR(H -> t       tb     )
     4.73764194E-04    2          21        21   # BR(H -> g       g      )
     3.80766808E-06    2          22        22   # BR(H -> gam     gam    )
     3.36357209E-07    2          23        22   # BR(H -> Z       gam    )
     1.23166791E-03    2          24       -24   # BR(H -> W+      W-     )
     5.94971172E-04    2          23        23   # BR(H -> Z       Z      )
     5.72824878E-03    2          25        25   # BR(H -> h       h      )
     4.82769860E-17    2          36        36   # BR(H -> A       A      )
     6.48883470E-10    2          23        36   # BR(H -> Z       A      )
     8.67178876E-03    2     1000024  -1000024   # BR(H -> ~chi_1+ ~chi_1-)
     7.87313442E-03    2     1000022   1000022   # BR(H -> ~chi_10 ~chi_10)
     1.78268874E-07    2     1000023   1000023   # BR(H -> ~chi_20 ~chi_20)
     1.84441363E-04    2     1000022   1000023   # BR(H -> ~chi_10 ~chi_20)
     7.56387325E-05    2     2000011  -2000011   # BR(H -> ~e_R-   ~e_R+  )
     7.56387325E-05    2     2000013  -2000013   # BR(H -> ~mu_R-  ~mu_R+ )
     5.27905032E-04    2     1000015  -1000015   # BR(H -> ~tau_1- ~tau_1+)
#
#         PDG            Width
DECAY        36     1.56282152E+00   # A decays
#          BR         NDA      ID1       ID2
     6.38409798E-01    2           5        -5   # BR(A -> b       bb     )
     7.45280411E-02    2         -15        15   # BR(A -> tau+    tau-   )
     2.63488398E-04    2         -13        13   # BR(A -> mu+     mu-    )
     4.14255291E-04    2           3        -3   # BR(A -> s       sb     )
     1.86783984E-06    2           4        -4   # BR(A -> c       cb     )
     1.65492925E-01    2           6        -6   # BR(A -> t       tb     )
     7.08495626E-04    2          21        21   # BR(A -> g       g      )
     3.12321336E-06    2          22        22   # BR(A -> gam     gam    )
     4.84825752E-07    2          23        22   # BR(A -> Z       gam    )
     9.54964690E-04    2          23        25   # BR(A -> Z       h      )
     1.08014682E-01    2     1000024  -1000024   # BR(A -> ~chi_1+ ~chi_1-)
     1.08042508E-02    2     1000022   1000022   # BR(A -> ~chi_10 ~chi_10)
     2.18715611E-06    2     1000023   1000023   # BR(A -> ~chi_20 ~chi_20)
     4.01436177E-04    2     1000022   1000023   # BR(A -> ~chi_10 ~chi_20)
#
#         PDG            Width
DECAY        37     1.25762121E+00   # H+ decays
#          BR         NDA      ID1       ID2
     1.04332397E-03    2           4        -5   # BR(H+ -> c       bb     )
     9.43070637E-02    2         -15        16   # BR(H+ -> tau+    nu_tau )
     3.33415439E-04    2         -13        14   # BR(H+ -> mu+     nu_mu  )
     6.67707091E-06    2           2        -5   # BR(H+ -> u       bb     )
     2.48452890E-05    2           2        -3   # BR(H+ -> u       sb     )
     5.13254108E-04    2           4        -3   # BR(H+ -> c       sb     )
     8.02900978E-01    2           6        -5   # BR(H+ -> t       bb     )
     1.28806563E-03    2          24        25   # BR(H+ -> W+      h      )
     1.17494580E-07    2          24        36   # BR(H+ -> W+      A      )
     9.95317606E-02    2     1000024   1000022   # BR(H+ -> ~chi_1+ ~chi_10)
     5.04989814E-05    2     1000024   1000023   # BR(H+ -> ~chi_1+ ~chi_20)
