#
#                              ======================
#                              | THE SUSYHIT OUTPUT |
#                              ======================
#
#
#              ------------------------------------------------------
#              |     This is the output of the SUSY-HIT package     |
#              |  created by A.Djouadi, M.Muehlleitner and M.Spira. |
#              |  In case of problems with SUSY-HIT email to        |
#              |           margarete.muehlleitner@cern.ch           |
#              |           michael.spira@psi.ch                     |
#              |           abdelhak.djouadi@cern.ch                 |
#              ------------------------------------------------------
#
#              ------------------------------------------------------
#              |  SUSY Les Houches Accord - MSSM Spectrum + Decays  |
#              |              based on the decay programs           |
#              |                                                    |
#              |                     SDECAY 1.2                     |
#              |                                                    |
#              |  Authors: M.Muhlleitner, A.Djouadi and Y.Mambrini  |
#              |  Ref.:    Comput.Phys.Commun.168(2005)46           |
#              |           [hep-ph/0311167]                         |
#              |                                                    |
#              |                     HDECAY 3.200                   |
#              |                                                    |
#              |  By: A.Djouadi,J.Kalinowski,M.Muhlleitner,M.Spira  |
#              |  Ref.:    Comput.Phys.Commun.108(1998)56           |
#              |           [hep-ph/9704448]                         |
#              |                                                    |
#              |                                                    |
#              |  If not stated otherwise all DRbar couplings and   |
#              |  soft SUSY breaking masses are given at the scale  |
#              |  Q=  0.70597278E+03
#              |                                                    |
#              ------------------------------------------------------
#
#  CMS point: LM6
#  Charged lepton ID signs in the HDECAY (last 4) blocks are corrected by Sezen (by hand) 02/07/07
#  A0 value added to block MINPAR by Sezen (by hand) since SUSYHIT does not write A0 values for A0 = 0
#  04/07/07
#  ~tau_1+ ID sign in snu_tauL block is corrected by Sezen (by hand). 10/07/07
#
BLOCK DCINFO  # Decay Program information
     1   SDECAY/HDECAY # decay calculator
     2   1.2   /3.200  # version number
#
BLOCK SPINFO  # Spectrum calculator information
     1   ISASUGRA from ISAJET          # Spectrum Calculato
     2   7.75   14-FEB-2007 10:44:07   # Version number    
#
BLOCK MODSEL  # Model selection
     1     1   # # Minimal supergravity (mSUGRA,CMSSM) model       
#
BLOCK SMINPUTS  # Standard Model inputs
         1     1.27843506E+02   # alpha_em^-1(M_Z)^MSbar
         2     1.16639003E-05   # G_F [GeV^-2]
         3     1.17200002E-01   # alpha_S(M_Z)^MSbar
         4     9.11875992E+01   # M_Z pole mass
         5     4.19999981E+00   # mb(mb)^MSbar
         6     1.72500000E+02   # mt pole mass
         7     1.77699995E+00   # mtau pole mass
#
BLOCK MINPAR  # Input parameters - minimal models
         1     8.50000000E+01   # m_0                 
         2     4.00000000E+02   # m_{1                
         3     1.00000000E+01   # tan(beta)           
         4     1.00000000E+00   # sign(mu)            
         5     0.00000000E+00   # A0
#
BLOCK MASS  # Mass Spectrum
# PDG code           mass       particle
        24     8.04229965E+01   # W+
        25     1.12632767E+02   # h
        35     5.78231812E+02   # H
        36     5.74334106E+02   # A
        37     5.84717957E+02   # H+
         5     4.82427387E+00   # b-quark pole mass calculated from mb(mb)_Msbar
   1000001     8.64753357E+02   # ~d_L
   2000001     8.29161682E+02   # ~d_R
   1000002     8.60797913E+02   # ~u_L
   2000002     8.31720520E+02   # ~u_R
   1000003     8.64753357E+02   # ~s_L
   2000003     8.29161682E+02   # ~s_R
   1000004     8.60797913E+02   # ~c_L
   2000004     8.31720520E+02   # ~c_R
   1000005     7.95280518E+02   # ~b_1
   2000005     8.26217041E+02   # ~b_2
   1000006     6.46213440E+02   # ~t_1
   2000006     8.45161133E+02   # ~t_2
   1000011     2.88138336E+02   # ~e_L
   2000011     1.75221466E+02   # ~e_R
   1000012     2.74525452E+02   # ~nu_eL
   1000013     2.88138336E+02   # ~mu_L
   2000013     1.75221466E+02   # ~mu_R
   1000014     2.74525452E+02   # ~nu_muL
   1000015     1.70809113E+02   # ~tau_1
   2000015     2.88054932E+02   # ~tau_2
   1000016     2.71326385E+02   # ~nu_tauL
   1000021     9.37384521E+02   # ~g
   1000022     1.61352417E+02   # ~chi_10
   1000023     3.02783417E+02   # ~chi_20
   1000025    -5.12338440E+02   # ~chi_30
   1000035     5.29703674E+02   # ~chi_40
   1000024     3.03249390E+02   # ~chi_1+
   1000037     5.29000488E+02   # ~chi_2+
#
BLOCK NMIX  # Neutralino Mixing Matrix
  1  1     9.93794978E-01   # N_11
  1  2    -2.53210440E-02   # N_12
  1  3     1.00537166E-01   # N_13
  1  4    -4.02770713E-02   # N_14
  2  1    -5.39956689E-02   # N_21
  2  2    -9.59422886E-01   # N_22
  2  3     2.31102109E-01   # N_23
  2  4    -1.52262896E-01   # N_24
  3  1     4.08133045E-02   # N_31
  3  2    -5.89848645E-02   # N_32
  3  3    -7.02106893E-01   # N_33
  3  4    -7.08449662E-01   # N_34
  4  1    -8.82600695E-02   # N_41
  4  2     2.74567515E-01   # N_42
  4  3     6.65980577E-01   # N_43
  4  4    -6.87962592E-01   # N_44
#
BLOCK UMIX  # Chargino Mixing Matrix U
  1  1    -9.43658412E-01   # U_11
  1  2     3.30921203E-01   # U_12
  2  1    -3.30921203E-01   # U_21
  2  2    -9.43658412E-01   # U_22
#
BLOCK VMIX  # Chargino Mixing Matrix V
  1  1    -9.75699842E-01   # V_11
  1  2     2.19111547E-01   # V_12
  2  1    -2.19111547E-01   # V_21
  2  2    -9.75699842E-01   # V_22
#
BLOCK STOPMIX  # Stop Mixing Matrix
  1  1     4.61882353E-01   # cos(theta_t)
  1  2    -8.86941200E-01   # sin(theta_t)
  2  1     8.86941200E-01   # -sin(theta_t)
  2  2     4.61882353E-01   # cos(theta_t)
#
BLOCK SBOTMIX  # Sbottom Mixing Matrix
  1  1     9.50701892E-01   # cos(theta_b)
  1  2    -3.10106292E-01   # sin(theta_b)
  2  1     3.10106292E-01   # -sin(theta_b)
  2  2     9.50701892E-01   # cos(theta_b)
#
BLOCK STAUMIX  # Stau Mixing Matrix
  1  1     1.68410420E-01   # cos(theta_tau)
  1  2    -9.85716963E-01   # sin(theta_tau)
  2  1     9.85716963E-01   # -sin(theta_tau)
  2  2     1.68410420E-01   # cos(theta_tau)
#
BLOCK ALPHA  # Higgs mixing
          -1.05077475E-01   # Mixing angle in the neutral Higgs boson sector
#
BLOCK HMIX Q=  7.05972778E+02  # DRbar Higgs Parameters
         1     5.07364227E+02   # mu(Q)               
         2     1.00000000E+01   # tan(beta)(M_{GUT})  
         3     2.50559570E+02   # Higgs               
         4     3.29859656E+05   # m_A^2(Q)            
#
BLOCK GAUGE Q=  7.05972778E+02  # The gauge couplings
     1     3.57516825E-01   # gprime(Q) DRbar
     2     6.52348161E-01   # g(Q) DRbar
     3     1.21893966E+00   # g3(Q) DRbar
#
BLOCK AU Q=  7.05972778E+02  # The trilinear couplings
  1  1    -7.21284302E+02   # A_u(Q) DRbar
  2  2    -7.21284302E+02   # A_c(Q) DRbar
  3  3    -7.21284302E+02   # A_t(Q) DRbar
#
BLOCK AD Q=  7.05972778E+02  # The trilinear couplings
  1  1    -1.06554773E+03   # A_d(Q) DRbar
  2  2    -1.06554773E+03   # A_s(Q) DRbar
  3  3    -1.06554773E+03   # A_b(Q) DRbar
#
BLOCK AE Q=  7.05972778E+02  # The trilinear couplings
  1  1    -2.40917374E+02   # A_e(Q) DRbar
  2  2    -2.40917374E+02   # A_mu(Q) DRbar
  3  3    -2.40917374E+02   # A_tau(Q) DRbar
#
BLOCK Yu Q=  7.05972778E+02  # The Yukawa couplings
  1  1     0.00000000E+00   # y_u(Q) DRbar
  2  2     0.00000000E+00   # y_c(Q) DRbar
  3  3     8.64594162E-01   # y_t(Q) DRbar
#
BLOCK Yd Q=  7.05972778E+02  # The Yukawa couplings
  1  1     0.00000000E+00   # y_d(Q) DRbar
  2  2     0.00000000E+00   # y_s(Q) DRbar
  3  3     1.30280659E-01   # y_b(Q) DRbar
#
BLOCK Ye Q=  7.05972778E+02  # The Yukawa couplings
  1  1     0.00000000E+00   # y_e(Q) DRbar
  2  2     0.00000000E+00   # y_mu(Q) DRbar
  3  3     9.91837010E-02   # y_tau(Q) DRbar
#
BLOCK MSOFT Q=  7.05972778E+02  # The soft SUSY breaking masses at the scale Q
         1     1.66050522E+02   # M_1(Q)              
         2     3.10059540E+02   # M_2(Q)              
         3     8.94205261E+02   # M_3(Q)              
        31     2.81819489E+02   # MeL(Q)              
        32     2.81819489E+02   # MmuL(Q)             
        33     2.78760864E+02   # MtauL(Q)            
        34     1.70493988E+02   # MeR(Q)              
        35     1.70493988E+02   # MmuR(Q)             
        36     1.67244003E+02   # MtauR(Q)            
        41     8.19084412E+02   # MqL1(Q)             
        42     8.19084412E+02   # MqL2(Q)             
        43     7.60531921E+02   # MqL3(Q)             
        44     7.90195312E+02   # MuR(Q)              
        45     7.90195312E+02   # McR(Q)              
        46     6.55327637E+02   # MtR(Q)              
        47     7.86545410E+02   # MdR(Q)              
        48     7.86545410E+02   # MsR(Q)              
        49     7.86726135E+02   # MbR(Q)              
#
#
#
#                             =================
#                             |The decay table|
#                             =================
#
# - The QCD corrections to the decays gluino -> squark  + quark
#                                     squark -> gaugino + quark_prime
#                                     squark -> squark_prime + Higgs
#                                     squark -> gluino  + quark
#   are included.
#
# - The multi-body decays for the inos, stops and sbottoms are included.
#
# - The loop induced decays for the gluino, neutralinos and stops
#   are included.
#
# - The SUSY decays of the top quark are included.
#
#
#         PDG            Width
DECAY         6     1.47613607E+00   # top decays
#          BR         NDA      ID1       ID2
     1.00000000E+00    2           5        24   # BR(t ->  b    W+)
#
#         PDG            Width
DECAY   1000021     1.78350521E+01   # gluino decays
#          BR         NDA      ID1       ID2
     1.48045153E-02    2     1000001        -1   # BR(~g -> ~d_L  db)
     1.48045153E-02    2    -1000001         1   # BR(~g -> ~d_L* d )
     3.15834815E-02    2     2000001        -1   # BR(~g -> ~d_R  db)
     3.15834815E-02    2    -2000001         1   # BR(~g -> ~d_R* d )
     1.63887310E-02    2     1000002        -2   # BR(~g -> ~u_L  ub)
     1.63887310E-02    2    -1000002         2   # BR(~g -> ~u_L* u )
     3.01948932E-02    2     2000002        -2   # BR(~g -> ~u_R  ub)
     3.01948932E-02    2    -2000002         2   # BR(~g -> ~u_R* u )
     1.48045153E-02    2     1000003        -3   # BR(~g -> ~s_L  sb)
     1.48045153E-02    2    -1000003         3   # BR(~g -> ~s_L* s )
     3.15834815E-02    2     2000003        -3   # BR(~g -> ~s_R  sb)
     3.15834815E-02    2    -2000003         3   # BR(~g -> ~s_R* s )
     1.63887310E-02    2     1000004        -4   # BR(~g -> ~c_L  cb)
     1.63887310E-02    2    -1000004         4   # BR(~g -> ~c_L* c )
     3.01948932E-02    2     2000004        -4   # BR(~g -> ~c_R  cb)
     3.01948932E-02    2    -2000004         4   # BR(~g -> ~c_R* c )
     5.20741544E-02    2     1000005        -5   # BR(~g -> ~b_1  bb)
     5.20741544E-02    2    -1000005         5   # BR(~g -> ~b_1* b )
     3.22265881E-02    2     2000005        -5   # BR(~g -> ~b_2  bb)
     3.22265881E-02    2    -2000005         5   # BR(~g -> ~b_2* b )
     2.29756016E-01    2     1000006        -6   # BR(~g -> ~t_1  tb)
     2.29756016E-01    2    -1000006         6   # BR(~g -> ~t_1* t )
#
#         PDG            Width
DECAY   1000006     1.88520427E+00   # stop1 decays
#          BR         NDA      ID1       ID2
     4.08224490E-01    2     1000022         6   # BR(~t_1 -> ~chi_10 t )
     2.89135681E-02    2     1000023         6   # BR(~t_1 -> ~chi_20 t )
     6.34365842E-02    2     1000024         5   # BR(~t_1 -> ~chi_1+ b )
     4.99425358E-01    2     1000037         5   # BR(~t_1 -> ~chi_2+ b )
#
#         PDG            Width
DECAY   2000006     1.46810291E+01   # stop2 decays
#          BR         NDA      ID1       ID2
     3.53291906E-02    2     1000022         6   # BR(~t_2 -> ~chi_10 t )
     1.57676103E-01    2     1000023         6   # BR(~t_2 -> ~chi_20 t )
     1.96846622E-01    2     1000025         6   # BR(~t_2 -> ~chi_30 t )
     7.22086547E-02    2     1000035         6   # BR(~t_2 -> ~chi_40 t )
     3.61732522E-01    2     1000024         5   # BR(~t_2 -> ~chi_1+ b )
     3.09878919E-02    2     1000037         5   # BR(~t_2 -> ~chi_2+ b )
     4.56952021E-02    2     1000006        25   # BR(~t_2 -> ~t_1    h )
     9.95238133E-02    2     1000006        23   # BR(~t_2 -> ~t_1    Z )
#
#         PDG            Width
DECAY   1000005     9.67554956E+00   # sbottom1 decays
#          BR         NDA      ID1       ID2
     1.33092635E-02    2     1000022         5   # BR(~b_1 -> ~chi_10 b )
     1.95935048E-01    2     1000023         5   # BR(~b_1 -> ~chi_20 b )
     6.00489071E-03    2     1000025         5   # BR(~b_1 -> ~chi_30 b )
     1.57418434E-02    2     1000035         5   # BR(~b_1 -> ~chi_40 b )
     3.33990196E-01    2    -1000024         6   # BR(~b_1 -> ~chi_1- t )
     3.28345973E-01    2    -1000037         6   # BR(~b_1 -> ~chi_2- t )
     1.06672785E-01    2     1000006       -24   # BR(~b_1 -> ~t_1    W-)
#
#         PDG            Width
DECAY   2000005     1.78594031E+00   # sbottom2 decays
#          BR         NDA      ID1       ID2
     2.34941094E-01    2     1000022         5   # BR(~b_2 -> ~chi_10 b )
     1.76316276E-01    2     1000023         5   # BR(~b_2 -> ~chi_20 b )
     2.19057119E-02    2     1000025         5   # BR(~b_2 -> ~chi_30 b )
     5.66733071E-03    2     1000035         5   # BR(~b_2 -> ~chi_40 b )
     3.08065553E-01    2    -1000024         6   # BR(~b_2 -> ~chi_1- t )
     1.36121017E-01    2    -1000037         6   # BR(~b_2 -> ~chi_2- t )
     1.16983017E-01    2     1000006       -24   # BR(~b_2 -> ~t_1    W-)
#
#         PDG            Width
DECAY   1000002     8.30270768E+00   # sup_L decays
#          BR         NDA      ID1       ID2
     9.75351359E-03    2     1000022         2   # BR(~u_L -> ~chi_10 u)
     3.17377282E-01    2     1000023         2   # BR(~u_L -> ~chi_20 u)
     5.17690012E-04    2     1000025         2   # BR(~u_L -> ~chi_30 u)
     1.21504478E-02    2     1000035         2   # BR(~u_L -> ~chi_40 u)
     6.42683219E-01    2     1000024         1   # BR(~u_L -> ~chi_1+ d)
     1.75178470E-02    2     1000037         1   # BR(~u_L -> ~chi_2+ d)
#
#         PDG            Width
DECAY   2000002     1.70255644E+00   # sup_R decays
#          BR         NDA      ID1       ID2
     9.93485165E-01    2     1000022         2   # BR(~u_R -> ~chi_10 u)
     2.44499663E-03    2     1000023         2   # BR(~u_R -> ~chi_20 u)
     7.63795374E-04    2     1000025         2   # BR(~u_R -> ~chi_30 u)
     3.30604338E-03    2     1000035         2   # BR(~u_R -> ~chi_40 u)
#
#         PDG            Width
DECAY   1000001     8.18276665E+00   # sdown_L decays
#          BR         NDA      ID1       ID2
     1.74295296E-02    2     1000022         1   # BR(~d_L -> ~chi_10 d)
     3.10978208E-01    2     1000023         1   # BR(~d_L -> ~chi_20 d)
     8.84679912E-04    2     1000025         1   # BR(~d_L -> ~chi_30 d)
     1.58162016E-02    2     1000035         1   # BR(~d_L -> ~chi_40 d)
     6.13780135E-01    2    -1000024         2   # BR(~d_L -> ~chi_1- u)
     4.11112459E-02    2    -1000037         2   # BR(~d_L -> ~chi_2- u)
#
#         PDG            Width
DECAY   2000001     4.24314802E-01   # sdown_R decays
#          BR         NDA      ID1       ID2
     9.93516909E-01    2     1000022         1   # BR(~d_R -> ~chi_10 d)
     2.44189577E-03    2     1000023         1   # BR(~d_R -> ~chi_20 d)
     7.58900206E-04    2     1000025         1   # BR(~d_R -> ~chi_30 d)
     3.28229457E-03    2     1000035         1   # BR(~d_R -> ~chi_40 d)
#
#         PDG            Width
DECAY   1000004     8.30270768E+00   # scharm_L decays
#          BR         NDA      ID1       ID2
     9.75351359E-03    2     1000022         4   # BR(~c_L -> ~chi_10 c)
     3.17377282E-01    2     1000023         4   # BR(~c_L -> ~chi_20 c)
     5.17690012E-04    2     1000025         4   # BR(~c_L -> ~chi_30 c)
     1.21504478E-02    2     1000035         4   # BR(~c_L -> ~chi_40 c)
     6.42683219E-01    2     1000024         3   # BR(~c_L -> ~chi_1+ s)
     1.75178470E-02    2     1000037         3   # BR(~c_L -> ~chi_2+ s)
#
#         PDG            Width
DECAY   2000004     1.70255644E+00   # scharm_R decays
#          BR         NDA      ID1       ID2
     9.93485165E-01    2     1000022         4   # BR(~c_R -> ~chi_10 c)
     2.44499663E-03    2     1000023         4   # BR(~c_R -> ~chi_20 c)
     7.63795374E-04    2     1000025         4   # BR(~c_R -> ~chi_30 c)
     3.30604338E-03    2     1000035         4   # BR(~c_R -> ~chi_40 c)
#
#         PDG            Width
DECAY   1000003     8.18276665E+00   # sstrange_L decays
#          BR         NDA      ID1       ID2
     1.74295296E-02    2     1000022         3   # BR(~s_L -> ~chi_10 s)
     3.10978208E-01    2     1000023         3   # BR(~s_L -> ~chi_20 s)
     8.84679912E-04    2     1000025         3   # BR(~s_L -> ~chi_30 s)
     1.58162016E-02    2     1000035         3   # BR(~s_L -> ~chi_40 s)
     6.13780135E-01    2    -1000024         4   # BR(~s_L -> ~chi_1- c)
     4.11112459E-02    2    -1000037         4   # BR(~s_L -> ~chi_2- c)
#
#         PDG            Width
DECAY   2000003     4.24314802E-01   # sstrange_R decays
#          BR         NDA      ID1       ID2
     9.93516909E-01    2     1000022         3   # BR(~s_R -> ~chi_10 s)
     2.44189577E-03    2     1000023         3   # BR(~s_R -> ~chi_20 s)
     7.58900206E-04    2     1000025         3   # BR(~s_R -> ~chi_30 s)
     3.28229457E-03    2     1000035         3   # BR(~s_R -> ~chi_40 s)
#
#         PDG            Width
DECAY   1000011     1.54994702E-01   # selectron_L decays
#          BR         NDA      ID1       ID2
     1.00000000E+00    2     1000022        11   # BR(~e_L -> ~chi_10 e-)
#
#         PDG            Width
DECAY   2000011     2.03441228E-02   # selectron_R decays
#          BR         NDA      ID1       ID2
     1.00000000E+00    2     1000022        11   # BR(~e_R -> ~chi_10 e-)
#
#         PDG            Width
DECAY   1000013     1.54994702E-01   # smuon_L decays
#          BR         NDA      ID1       ID2
     1.00000000E+00    2     1000022        13   # BR(~mu_L -> ~chi_10 mu-)
#
#         PDG            Width
DECAY   2000013     2.03441228E-02   # smuon_R decays
#          BR         NDA      ID1       ID2
     1.00000000E+00    2     1000022        13   # BR(~mu_R -> ~chi_10 mu-)
#
#         PDG            Width
DECAY   1000015     9.16411505E-03   # stau_1 decays
#          BR         NDA      ID1       ID2
     1.00000000E+00    2     1000022        15   # BR(~tau_1 -> ~chi_10  tau-)
#
#         PDG            Width
DECAY   2000015     2.02664088E-01   # stau_2 decays
#          BR         NDA      ID1       ID2
     8.56555716E-01    2     1000022        15   # BR(~tau_2 -> ~chi_10  tau-)
     7.48905813E-02    2     1000015        25   # BR(~tau_2 -> ~tau_1   h)
     6.85537024E-02    2     1000015        23   # BR(~tau_2 -> ~tau_1   Z)
#
#         PDG            Width
DECAY   1000012     1.61742938E-01   # snu_eL decays
#          BR         NDA      ID1       ID2
     1.00000000E+00    2     1000022        12   # BR(~nu_eL -> ~chi_10 nu_e)
#
#         PDG            Width
DECAY   1000014     1.61742938E-01   # snu_muL decays
#          BR         NDA      ID1       ID2
     1.00000000E+00    2     1000022        14   # BR(~nu_muL -> ~chi_10 nu_mu)
#
#         PDG            Width
DECAY   1000016     1.72623238E-01   # snu_tauL decays
#          BR         NDA      ID1       ID2
     9.03011526E-01    2     1000022        16   # BR(~nu_tauL -> ~chi_10 nu_tau)
     9.69884742E-02    2    -1000015       -24   # BR(~nu_tauL -> ~tau_1+ W-)
#
#         PDG            Width
DECAY   1000024     1.81347906E-01   # chargino1+ decays
#          BR         NDA      ID1       ID2
     2.19474650E-01    2     1000012       -11   # BR(~chi_1+ -> ~nu_eL   e+  )
     2.19474650E-01    2     1000014       -13   # BR(~chi_1+ -> ~nu_muL  mu+ )
     2.70053525E-01    2     1000016       -15   # BR(~chi_1+ -> ~nu_tau1 tau+)
     5.95265126E-02    2    -1000011        12   # BR(~chi_1+ -> ~e_L+    nu_e)
     5.95265126E-02    2    -1000013        14   # BR(~chi_1+ -> ~mu_L+   nu_mu)
     3.94371071E-02    2    -1000015        16   # BR(~chi_1+ -> ~tau_1+  nu_tau)
     5.95319029E-02    2    -2000015        16   # BR(~chi_1+ -> ~tau_2+  nu_tau)
     7.29751394E-02    2     1000022        24   # BR(~chi_1+ -> ~chi_10  W+)
#
#         PDG            Width
DECAY   1000037     3.38059680E+00   # chargino2+ decays
#          BR         NDA      ID1       ID2
     1.69792359E-02    2     1000012       -11   # BR(~chi_2+ -> ~nu_eL   e+  )
     1.69792359E-02    2     1000014       -13   # BR(~chi_2+ -> ~nu_muL  mu+ )
     2.44690175E-02    2     1000016       -15   # BR(~chi_2+ -> ~nu_tau1 tau+)
     3.58819010E-02    2    -1000011        12   # BR(~chi_2+ -> ~e_L+    nu_e)
     3.58819010E-02    2    -1000013        14   # BR(~chi_2+ -> ~mu_L+   nu_mu)
     2.06589430E-02    2    -1000015        16   # BR(~chi_2+ -> ~tau_1+  nu_tau)
     2.99050268E-02    2    -2000015        16   # BR(~chi_2+ -> ~tau_2+  nu_tau)
     2.49141660E-01    2     1000024        23   # BR(~chi_2+ -> ~chi_1+  Z )
     8.12851428E-02    2     1000022        24   # BR(~chi_2+ -> ~chi_10  W+)
     2.76911687E-01    2     1000023        24   # BR(~chi_2+ -> ~chi_20  W+)
     2.11906248E-01    2     1000024        25   # BR(~chi_2+ -> ~chi_1+  h )
#
#         PDG            Width
DECAY   1000022     0.00000000E+00   # neutralino1 decays
#
#         PDG            Width
DECAY   1000023     1.75952907E-01   # neutralino2 decays
#          BR         NDA      ID1       ID2
     7.39825811E-03    2     1000022        23   # BR(~chi_20 -> ~chi_10   Z )
     7.32873321E-02    2     1000022        25   # BR(~chi_20 -> ~chi_10   h )
     3.17457507E-02    2     1000011       -11   # BR(~chi_20 -> ~e_L-     e+)
     3.17457507E-02    2    -1000011        11   # BR(~chi_20 -> ~e_L+     e-)
     5.64358714E-03    2     2000011       -11   # BR(~chi_20 -> ~e_R-     e+)
     5.64358714E-03    2    -2000011        11   # BR(~chi_20 -> ~e_R+     e-)
     3.17457507E-02    2     1000013       -13   # BR(~chi_20 -> ~mu_L-    mu+)
     3.17457507E-02    2    -1000013        13   # BR(~chi_20 -> ~mu_L+    mu-)
     5.64358714E-03    2     2000013       -13   # BR(~chi_20 -> ~mu_R-    mu+)
     5.64358714E-03    2    -2000013        13   # BR(~chi_20 -> ~mu_R+    mu-)
     3.13924558E-02    2     1000015       -15   # BR(~chi_20 -> ~tau_1-   tau+)
     3.13924558E-02    2    -1000015        15   # BR(~chi_20 -> ~tau_1+   tau-)
     3.18648439E-02    2     2000015       -15   # BR(~chi_20 -> ~tau_2-   tau+)
     3.18648439E-02    2    -2000015        15   # BR(~chi_20 -> ~tau_2+   tau-)
     9.97108437E-02    2     1000012       -12   # BR(~chi_20 -> ~nu_eL    nu_eb)
     9.97108437E-02    2    -1000012        12   # BR(~chi_20 -> ~nu_eL*   nu_e )
     9.97108437E-02    2     1000014       -14   # BR(~chi_20 -> ~nu_muL   nu_mub)
     9.97108437E-02    2    -1000014        14   # BR(~chi_20 -> ~nu_muL*  nu_mu )
     1.22199542E-01    2     1000016       -16   # BR(~chi_20 -> ~nu_tau1  nu_taub)
     1.22199542E-01    2    -1000016        16   # BR(~chi_20 -> ~nu_tau1* nu_tau )
#
#         PDG            Width
DECAY   1000025     2.70312880E+00   # neutralino3 decays
#          BR         NDA      ID1       ID2
     1.09386149E-01    2     1000022        23   # BR(~chi_30 -> ~chi_10   Z )
     2.46169450E-01    2     1000023        23   # BR(~chi_30 -> ~chi_20   Z )
     2.89345887E-01    2     1000024       -24   # BR(~chi_30 -> ~chi_1+   W-)
     2.89345887E-01    2    -1000024        24   # BR(~chi_30 -> ~chi_1-   W+)
     1.87922396E-02    2     1000022        25   # BR(~chi_30 -> ~chi_10   h )
     9.36621559E-03    2     1000023        25   # BR(~chi_30 -> ~chi_20   h )
     2.51439252E-04    2     1000011       -11   # BR(~chi_30 -> ~e_L-     e+)
     2.51439252E-04    2    -1000011        11   # BR(~chi_30 -> ~e_L+     e-)
     6.25995766E-04    2     2000011       -11   # BR(~chi_30 -> ~e_R-     e+)
     6.25995766E-04    2    -2000011        11   # BR(~chi_30 -> ~e_R+     e-)
     2.51439252E-04    2     1000013       -13   # BR(~chi_30 -> ~mu_L-    mu+)
     2.51439252E-04    2    -1000013        13   # BR(~chi_30 -> ~mu_L+    mu-)
     6.25995766E-04    2     2000013       -13   # BR(~chi_30 -> ~mu_R-    mu+)
     6.25995766E-04    2    -2000013        13   # BR(~chi_30 -> ~mu_R+    mu-)
     9.19722642E-03    2     1000015       -15   # BR(~chi_30 -> ~tau_1-   tau+)
     9.19722642E-03    2    -1000015        15   # BR(~chi_30 -> ~tau_1+   tau-)
     3.77184132E-03    2     2000015       -15   # BR(~chi_30 -> ~tau_2-   tau+)
     3.77184132E-03    2    -2000015        15   # BR(~chi_30 -> ~tau_2+   tau-)
     1.34928270E-03    2     1000012       -12   # BR(~chi_30 -> ~nu_eL    nu_eb)
     1.34928270E-03    2    -1000012        12   # BR(~chi_30 -> ~nu_eL*   nu_e )
     1.34928270E-03    2     1000014       -14   # BR(~chi_30 -> ~nu_muL   nu_mub)
     1.34928270E-03    2    -1000014        14   # BR(~chi_30 -> ~nu_muL*  nu_mu )
     1.37458253E-03    2     1000016       -16   # BR(~chi_30 -> ~nu_tau1  nu_taub)
     1.37458253E-03    2    -1000016        16   # BR(~chi_30 -> ~nu_tau1* nu_tau )
#
#         PDG            Width
DECAY   1000035     3.52381014E+00   # neutralino4 decays
#          BR         NDA      ID1       ID2
     1.70089333E-02    2     1000022        23   # BR(~chi_40 -> ~chi_10   Z )
     1.22488538E-02    2     1000023        23   # BR(~chi_40 -> ~chi_20   Z )
     2.59412874E-01    2     1000024       -24   # BR(~chi_40 -> ~chi_1+   W-)
     2.59412874E-01    2    -1000024        24   # BR(~chi_40 -> ~chi_1-   W+)
     7.67817340E-02    2     1000022        25   # BR(~chi_40 -> ~chi_10   h )
     1.85504676E-01    2     1000023        25   # BR(~chi_40 -> ~chi_20   h )
     8.07047459E-03    2     1000011       -11   # BR(~chi_40 -> ~e_L-     e+)
     8.07047459E-03    2    -1000011        11   # BR(~chi_40 -> ~e_L+     e-)
     2.36164748E-03    2     2000011       -11   # BR(~chi_40 -> ~e_R-     e+)
     2.36164748E-03    2    -2000011        11   # BR(~chi_40 -> ~e_R+     e-)
     8.07047459E-03    2     1000013       -13   # BR(~chi_40 -> ~mu_L-    mu+)
     8.07047459E-03    2    -1000013        13   # BR(~chi_40 -> ~mu_L+    mu-)
     2.36164748E-03    2     2000013       -13   # BR(~chi_40 -> ~mu_R-    mu+)
     2.36164748E-03    2    -2000013        13   # BR(~chi_40 -> ~mu_R+    mu-)
     1.17712792E-02    2     1000015       -15   # BR(~chi_40 -> ~tau_1-   tau+)
     1.17712792E-02    2    -1000015        15   # BR(~chi_40 -> ~tau_1+   tau-)
     8.62558606E-03    2     2000015       -15   # BR(~chi_40 -> ~tau_2-   tau+)
     8.62558606E-03    2    -2000015        15   # BR(~chi_40 -> ~tau_2+   tau-)
     1.77501878E-02    2     1000012       -12   # BR(~chi_40 -> ~nu_eL    nu_eb)
     1.77501878E-02    2    -1000012        12   # BR(~chi_40 -> ~nu_eL*   nu_e )
     1.77501878E-02    2     1000014       -14   # BR(~chi_40 -> ~nu_muL   nu_mub)
     1.77501878E-02    2    -1000014        14   # BR(~chi_40 -> ~nu_muL*  nu_mu )
     1.80535430E-02    2     1000016       -16   # BR(~chi_40 -> ~nu_tau1  nu_taub)
     1.80535430E-02    2    -1000016        16   # BR(~chi_40 -> ~nu_tau1* nu_tau )
#
#         PDG            Width
DECAY        26     4.02580634E-03   # h decays
#          BR         NDA      ID1       ID2
     8.09088189E-01    2           5        -5   # BR(h -> b       bb     )
     6.43277507E-02    2         -15        15   # BR(h -> tau+    tau-   )
     2.27760360E-04    2         -13        13   # BR(h -> mu+     mu-    )
     4.92649534E-04    2           3        -3   # BR(h -> s       sb     )
     1.93155941E-02    2           4        -4   # BR(h -> c       cb     )
     5.34796412E-02    2          21        21   # BR(h -> g       g      )
     1.47620140E-03    2          22        22   # BR(h -> gam     gam    )
     4.03854551E-04    2          22        23   # BR(h -> Z       gam    )
     4.66475489E-02    2          24       -24   # BR(h -> W+      W-     )
     4.54081026E-03    2          23        23   # BR(h -> Z       Z      )
#
#         PDG            Width
DECAY        35     1.38759709E+00   # H decays
#          BR         NDA      ID1       ID2
     7.42162725E-01    2           5        -5   # BR(H -> b       bb     )
     8.62631112E-02    2         -15        15   # BR(H -> tau+    tau-   )
     3.04988019E-04    2         -13        13   # BR(H -> mu+     mu-    )
     4.76942871E-04    2           3        -3   # BR(H -> s       sb     )
     2.37226414E-06    2           4        -4   # BR(H -> c       cb     )
     1.48712018E-01    2           6        -6   # BR(H -> t       tb     )
     4.58446339E-04    2          21        21   # BR(H -> g       g      )
     3.17606224E-06    2          22        22   # BR(H -> gam     gam    )
     3.32364224E-07    2          23        22   # BR(H -> Z       gam    )
     1.19117944E-03    2          24       -24   # BR(H -> W+      W-     )
     5.76247208E-04    2          23        23   # BR(H -> Z       Z      )
     5.52366089E-03    2          25        25   # BR(H -> h       h      )
     4.49876559E-17    2          36        36   # BR(H -> A       A      )
     6.92752778E-10    2          23        36   # BR(H -> Z       A      )
     5.66457960E-03    2     1000022   1000022   # BR(H -> ~chi_10 ~chi_10)
     7.23383745E-05    2     1000022   1000023   # BR(H -> ~chi_10 ~chi_20)
     2.96584523E-05    2     1000011  -1000011   # BR(H -> ~e_L-   ~e_L+  )
     1.83576922E-04    2     2000011  -2000011   # BR(H -> ~e_R-   ~e_R+  )
     2.96584523E-05    2     1000013  -1000013   # BR(H -> ~mu_L-  ~mu_L+ )
     1.83576922E-04    2     2000013  -2000013   # BR(H -> ~mu_R-  ~mu_R+ )
     1.15471275E-03    2     1000015  -1000015   # BR(H -> ~tau_1- ~tau_1+)
     4.13060870E-04    2     2000015  -2000015   # BR(H -> ~tau_2- ~tau_2+)
     2.74680189E-03    2     1000015  -2000015   # BR(H -> ~tau_1- ~tau_2+)
     2.74680189E-03    2     2000015  -1000015   # BR(H -> ~tau_2- ~tau_1+)
     3.66677919E-04    2     1000012  -1000012   # BR(H -> ~nu_eL  ~nu_eL*   )
     3.66677919E-04    2     1000014  -1000014   # BR(H -> ~nu_muL ~nu_muL*  )
     3.66677919E-04    2     1000016  -1000016   # BR(H -> ~nu_tauL ~nu_tauL*)
#
#         PDG            Width
DECAY        36     1.43168490E+00   # A decays
#          BR         NDA      ID1       ID2
     7.14060188E-01    2           5        -5   # BR(A -> b       bb     )
     8.31385822E-02    2         -15        15   # BR(A -> tau+    tau-   )
     2.93930083E-04    2         -13        13   # BR(A -> mu+     mu-    )
     4.60470612E-04    2           3        -3   # BR(A -> s       sb     )
     2.07623992E-06    2           4        -4   # BR(A -> c       cb     )
     1.85314476E-01    2           6        -6   # BR(A -> t       tb     )
     7.84389443E-04    2          21        21   # BR(A -> g       g      )
     3.08238976E-06    2          22        22   # BR(A -> gam     gam    )
     5.41998077E-07    2          23        22   # BR(A -> Z       gam    )
     1.03595059E-03    2          23        25   # BR(A -> Z       h      )
     9.32127746E-03    2     1000022   1000022   # BR(A -> ~chi_10 ~chi_10)
     2.25167859E-04    2     1000022   1000023   # BR(A -> ~chi_10 ~chi_20)
     2.67993366E-03    2     1000015  -2000015   # BR(A -> ~tau_1  ~tau_2*)
     2.67993366E-03    2    -1000015   2000015   # BR(H -> ~tau_1* ~tau_2 )
#
#         PDG            Width
DECAY        37     1.25744567E+00   # H+ decays
#          BR         NDA      ID1       ID2
     1.06250509E-03    2           4        -5   # BR(H+ -> c       bb     )
     9.63702418E-02    2         -15        16   # BR(H+ -> tau+    nu_tau )
     3.40709372E-04    2         -13        14   # BR(H+ -> mu+     nu_mu  )
     6.79983356E-06    2           2        -5   # BR(H+ -> u       bb     )
     2.53020859E-05    2           2        -3   # BR(H+ -> u       sb     )
     5.22690663E-04    2           4        -3   # BR(H+ -> c       sb     )
     8.21575128E-01    2           6        -5   # BR(H+ -> t       bb     )
     1.27781661E-03    2          24        25   # BR(H+ -> W+      h      )
     1.24219696E-07    2          24        36   # BR(H+ -> W+      A      )
     7.16971673E-02    2     1000024   1000022   # BR(H+ -> ~chi_1+ ~chi_10)
     3.98250821E-04    2    -1000011   1000012   # BR(H+ -> ~e_L+   ~nu_eL )
     3.98250821E-04    2    -1000013   1000014   # BR(H+ -> ~mu_L+  ~nu_muL)
     5.53684022E-03    2    -1000015   1000016   # BR(H+ -> ~tau_1+ ~nu_tauL)
     7.88173564E-04    2    -2000015   1000016   # BR(H+ -> ~tau_2+ ~nu_tauL)
