#
#                              ======================
#                              | THE SUSYHIT OUTPUT |
#                              ======================
#
#
#              ------------------------------------------------------
#              |     This is the output of the SUSY-HIT package     |
#              |  created by A.Djouadi, M.Muehlleitner and M.Spira. |
#              |  In case of problems with SUSY-HIT email to        |
#              |           margarete.muehlleitner@cern.ch           |
#              |           michael.spira@psi.ch                     |
#              |           abdelhak.djouadi@cern.ch                 |
#              ------------------------------------------------------
#
#              ------------------------------------------------------
#              |  SUSY Les Houches Accord - MSSM Spectrum + Decays  |
#              |              based on the decay programs           |
#              |                                                    |
#              |                     SDECAY 1.2                     |
#              |                                                    |
#              |  Authors: M.Muhlleitner, A.Djouadi and Y.Mambrini  |
#              |  Ref.:    Comput.Phys.Commun.168(2005)46           |
#              |           [hep-ph/0311167]                         |
#              |                                                    |
#              |                     HDECAY 3.200                   |
#              |                                                    |
#              |  By: A.Djouadi,J.Kalinowski,M.Muhlleitner,M.Spira  |
#              |  Ref.:    Comput.Phys.Commun.108(1998)56           |
#              |           [hep-ph/9704448]                         |
#              |                                                    |
#              |                                                    |
#              |  If not stated otherwise all DRbar couplings and   |
#              |  soft SUSY breaking masses are given at the scale  |
#              |  Q=  0.62928210E+03
#              |                                                    |
#              ------------------------------------------------------
#
#  CMS point: LM2
#  Charged lepton ID signs in the HDECAY (last 4) blocks are corrected by Sezen (by hand) 02/07/07
#  A0 value added to block MINPAR by Sezen (by hand) since SUSYHIT does not write A0 values for A0 = 0
#  04/07/07
#  ~tau_1+ ID sign in snu_tauL block is corrected by Sezen (by hand). 10/07/07
#
BLOCK DCINFO  # Decay Program information
     1   SDECAY/HDECAY # decay calculator
     2   1.2   /3.200  # version number
#
BLOCK SPINFO  # Spectrum calculator information
     1   ISASUGRA from ISAJET          # Spectrum Calculato
     2   7.75   14-FEB-2007 10:44:07   # Version number    
#
BLOCK MODSEL  # Model selection
     1     1   # # Minimal supergravity (mSUGRA,CMSSM) model       
#
BLOCK SMINPUTS  # Standard Model inputs
         1     1.27850121E+02   # alpha_em^-1(M_Z)^MSbar
         2     1.16639003E-05   # G_F [GeV^-2]
         3     1.17200002E-01   # alpha_S(M_Z)^MSbar
         4     9.11875992E+01   # M_Z pole mass
         5     4.19999981E+00   # mb(mb)^MSbar
         6     1.72500000E+02   # mt pole mass
         7     1.77699995E+00   # mtau pole mass
#
BLOCK MINPAR  # Input parameters - minimal models
         1     1.85000000E+02   # m_0                 
         2     3.50000000E+02   # m_{1                
         3     3.50000000E+01   # tan(beta)           
         4     1.00000000E+00   # sign(mu)            
         5     0.00000000E+00   # A0
#
BLOCK MASS  # Mass Spectrum
# PDG code           mass       particle
        24     8.04229965E+01   # W+
        25     1.12661484E+02   # h
        35     4.42569061E+02   # H
        36     4.39792694E+02   # A
        37     4.50713745E+02   # H+
         5     4.82427387E+00   # b-quark pole mass calculated from mb(mb)_Msbar
   1000001     7.83963989E+02   # ~d_L
   2000001     7.53988953E+02   # ~d_R
   1000002     7.79540222E+02   # ~u_L
   2000002     7.55755798E+02   # ~u_R
   1000003     7.83963989E+02   # ~s_L
   2000003     7.53988953E+02   # ~s_R
   1000004     7.79540222E+02   # ~c_L
   2000004     7.55755798E+02   # ~c_R
   1000005     6.81292175E+02   # ~b_1
   2000005     7.34410217E+02   # ~b_2
   1000006     5.79763245E+02   # ~t_1
   2000006     7.53217407E+02   # ~t_2
   1000011     3.04387756E+02   # ~e_L
   2000011     2.29737701E+02   # ~e_R
   1000012     2.92249268E+02   # ~nu_eL
   1000013     3.04387756E+02   # ~mu_L
   2000013     2.29737701E+02   # ~mu_R
   1000014     2.92249268E+02   # ~nu_muL
   1000015     1.57920181E+02   # ~tau_1
   2000015     3.12217560E+02   # ~tau_2
   1000016     2.78363831E+02   # ~nu_tauL
   1000021     8.31091125E+02   # ~g
   1000022     1.40971405E+02   # ~chi_10
   1000023     2.64178253E+02   # ~chi_20
   1000025    -4.47493195E+02   # ~chi_30
   1000035     4.63716278E+02   # ~chi_40
   1000024     2.64553772E+02   # ~chi_1+
   1000037     4.63901703E+02   # ~chi_2+
#
BLOCK NMIX  # Neutralino Mixing Matrix
  1  1    -9.92463648E-01   # N_11
  1  2     2.45255828E-02   # N_12
  1  3    -1.13692150E-01   # N_13
  1  4     3.85834910E-02   # N_14
  2  1     5.87991476E-02   # N_21
  2  2     9.52404320E-01   # N_22
  2  3    -2.54488319E-01   # N_23
  2  4     1.57176778E-01   # N_24
  3  1     5.08311726E-02   # N_31
  3  2    -7.32442886E-02   # N_32
  3  3    -6.99990213E-01   # N_33
  3  4    -7.08565414E-01   # N_34
  4  1    -9.47361588E-02   # N_41
  4  2     2.94889778E-01   # N_42
  4  3     6.57513022E-01   # N_43
  4  4    -6.86834753E-01   # N_44
#
BLOCK UMIX  # Chargino Mixing Matrix U
  1  1    -9.32054818E-01   # U_11
  1  2     3.62317353E-01   # U_12
  2  1    -3.62317353E-01   # U_21
  2  2    -9.32054818E-01   # U_22
#
BLOCK VMIX  # Chargino Mixing Matrix V
  1  1    -9.74526048E-01   # V_11
  1  2     2.24274233E-01   # V_12
  2  1    -2.24274233E-01   # V_21
  2  2    -9.74526048E-01   # V_22
#
BLOCK STOPMIX  # Stop Mixing Matrix
  1  1     5.03825009E-01   # cos(theta_t)
  1  2    -8.63805742E-01   # sin(theta_t)
  2  1     8.63805742E-01   # -sin(theta_t)
  2  2     5.03825009E-01   # cos(theta_t)
#
BLOCK SBOTMIX  # Sbottom Mixing Matrix
  1  1     7.69067526E-01   # cos(theta_b)
  1  2    -6.39167537E-01   # sin(theta_b)
  2  1     6.39167537E-01   # -sin(theta_b)
  2  2     7.69067526E-01   # cos(theta_b)
#
BLOCK STAUMIX  # Stau Mixing Matrix
  1  1     4.21393335E-01   # cos(theta_tau)
  1  2    -9.06877973E-01   # sin(theta_tau)
  2  1     9.06877973E-01   # -sin(theta_tau)
  2  2     4.21393335E-01   # cos(theta_tau)
#
BLOCK ALPHA  # Higgs mixing
          -3.00292447E-02   # Mixing angle in the neutral Higgs boson sector
#
BLOCK HMIX Q=  6.29282104E+02  # DRbar Higgs Parameters
         1     4.41556549E+02   # mu(Q)               
         2     3.50000000E+01   # tan(beta)(M_{GUT})  
         3     2.50464737E+02   # Higgs               
         4     1.93417609E+05   # m_A^2(Q)            
#
BLOCK GAUGE Q=  6.29282104E+02  # The gauge couplings
     1     3.57481152E-01   # gprime(Q) DRbar
     2     6.52491868E-01   # g(Q) DRbar
     3     1.22120512E+00   # g3(Q) DRbar
#
BLOCK AU Q=  6.29282104E+02  # The trilinear couplings
  1  1    -6.28519043E+02   # A_u(Q) DRbar
  2  2    -6.28519043E+02   # A_c(Q) DRbar
  3  3    -6.28519043E+02   # A_t(Q) DRbar
#
BLOCK AD Q=  6.29282104E+02  # The trilinear couplings
  1  1    -8.57547729E+02   # A_d(Q) DRbar
  2  2    -8.57547729E+02   # A_s(Q) DRbar
  3  3    -8.57547729E+02   # A_b(Q) DRbar
#
BLOCK AE Q=  6.29282104E+02  # The trilinear couplings
  1  1    -1.50403183E+02   # A_e(Q) DRbar
  2  2    -1.50403183E+02   # A_mu(Q) DRbar
  3  3    -1.50403183E+02   # A_tau(Q) DRbar
#
BLOCK Yu Q=  6.29282104E+02  # The Yukawa couplings
  1  1     0.00000000E+00   # y_u(Q) DRbar
  2  2     0.00000000E+00   # y_c(Q) DRbar
  3  3     8.65244865E-01   # y_t(Q) DRbar
#
BLOCK Yd Q=  6.29282104E+02  # The Yukawa couplings
  1  1     0.00000000E+00   # y_d(Q) DRbar
  2  2     0.00000000E+00   # y_s(Q) DRbar
  3  3     4.25081223E-01   # y_b(Q) DRbar
#
BLOCK Ye Q=  6.29282104E+02  # The Yukawa couplings
  1  1     0.00000000E+00   # y_e(Q) DRbar
  2  2     0.00000000E+00   # y_mu(Q) DRbar
  3  3     3.66038084E-01   # y_tau(Q) DRbar
#
BLOCK MSOFT Q=  6.29282104E+02  # The soft SUSY breaking masses at the scale Q
         1     1.44607864E+02   # M_1(Q)              
         2     2.71083038E+02   # M_2(Q)              
         3     7.90357117E+02   # M_3(Q)              
        31     2.98918640E+02   # MeL(Q)              
        32     2.98918640E+02   # MmuL(Q)             
        33     2.85533447E+02   # MtauL(Q)            
        34     2.25432480E+02   # MeR(Q)              
        35     2.25432480E+02   # MmuR(Q)             
        36     1.90851349E+02   # MtauR(Q)            
        41     7.42434448E+02   # MqL1(Q)             
        42     7.42434448E+02   # MqL2(Q)             
        43     6.70577698E+02   # MqL3(Q)             
        44     7.18406677E+02   # MuR(Q)              
        45     7.18406677E+02   # McR(Q)              
        46     5.90529602E+02   # MtR(Q)              
        47     7.15362244E+02   # MdR(Q)              
        48     7.15362244E+02   # MsR(Q)              
        49     6.83794189E+02   # MbR(Q)              
#
#
#
#                             =================
#                             |The decay table|
#                             =================
#
# - The QCD corrections to the decays gluino -> squark  + quark
#                                     squark -> gaugino + quark_prime
#                                     squark -> squark_prime + Higgs
#                                     squark -> gluino  + quark
#   are included.
#
# - The multi-body decays for the inos, stops and sbottoms are included.
#
# - The loop induced decays for the gluino, neutralinos and stops
#   are included.
#
# - The SUSY decays of the top quark are included.
#
#
#         PDG            Width
DECAY         6     1.47678650E+00   # top decays
#          BR         NDA      ID1       ID2
     1.00000000E+00    2           5        24   # BR(t ->  b    W+)
#
#         PDG            Width
DECAY   1000021     1.38811886E+01   # gluino decays
#          BR         NDA      ID1       ID2
     9.38511549E-03    2     1000001        -1   # BR(~g -> ~d_L  db)
     9.38511549E-03    2    -1000001         1   # BR(~g -> ~d_L* d )
     2.41968299E-02    2     2000001        -1   # BR(~g -> ~d_R  db)
     2.41968299E-02    2    -2000001         1   # BR(~g -> ~d_R* d )
     1.11683157E-02    2     1000002        -2   # BR(~g -> ~u_L  ub)
     1.11683157E-02    2    -1000002         2   # BR(~g -> ~u_L* u )
     2.31520928E-02    2     2000002        -2   # BR(~g -> ~u_R  ub)
     2.31520928E-02    2    -2000002         2   # BR(~g -> ~u_R* u )
     9.38511549E-03    2     1000003        -3   # BR(~g -> ~s_L  sb)
     9.38511549E-03    2    -1000003         3   # BR(~g -> ~s_L* s )
     2.41968299E-02    2     2000003        -3   # BR(~g -> ~s_R  sb)
     2.41968299E-02    2    -2000003         3   # BR(~g -> ~s_R* s )
     1.11683157E-02    2     1000004        -4   # BR(~g -> ~c_L  cb)
     1.11683157E-02    2    -1000004         4   # BR(~g -> ~c_L* c )
     2.31520928E-02    2     2000004        -4   # BR(~g -> ~c_R  cb)
     2.31520928E-02    2    -2000004         4   # BR(~g -> ~c_R* c )
     8.18501522E-02    2     1000005        -5   # BR(~g -> ~b_1  bb)
     8.18501522E-02    2    -1000005         5   # BR(~g -> ~b_1* b )
     3.48188746E-02    2     2000005        -5   # BR(~g -> ~b_2  bb)
     3.48188746E-02    2    -2000005         5   # BR(~g -> ~b_2* b )
     2.47526266E-01    2     1000006        -6   # BR(~g -> ~t_1  tb)
     2.47526266E-01    2    -1000006         6   # BR(~g -> ~t_1* t )
#
#         PDG            Width
DECAY   1000006     1.91971736E+00   # stop1 decays
#          BR         NDA      ID1       ID2
     3.24756476E-01    2     1000022         6   # BR(~t_1 -> ~chi_10 t )
     3.20617267E-02    2     1000023         6   # BR(~t_1 -> ~chi_20 t )
     1.04726861E-01    2     1000024         5   # BR(~t_1 -> ~chi_1+ b )
     5.38454936E-01    2     1000037         5   # BR(~t_1 -> ~chi_2+ b )
#
#         PDG            Width
DECAY   2000006     1.33654866E+01   # stop2 decays
#          BR         NDA      ID1       ID2
     3.80798801E-02    2     1000022         6   # BR(~t_2 -> ~chi_10 t )
     1.47545285E-01    2     1000023         6   # BR(~t_2 -> ~chi_20 t )
     2.03256292E-01    2     1000025         6   # BR(~t_2 -> ~chi_30 t )
     6.20060727E-02    2     1000035         6   # BR(~t_2 -> ~chi_40 t )
     3.66132558E-01    2     1000024         5   # BR(~t_2 -> ~chi_1+ b )
     8.36362431E-02    2     1000037         5   # BR(~t_2 -> ~chi_2+ b )
     2.58273473E-02    2     1000006        25   # BR(~t_2 -> ~t_1    h )
     7.35163218E-02    2     1000006        23   # BR(~t_2 -> ~t_1    Z )
#
#         PDG            Width
DECAY   1000005     5.13719656E+00   # sbottom1 decays
#          BR         NDA      ID1       ID2
     1.59068992E-02    2     1000022         5   # BR(~b_1 -> ~chi_10 b )
     1.46730745E-01    2     1000023         5   # BR(~b_1 -> ~chi_20 b )
     8.39919526E-02    2     1000025         5   # BR(~b_1 -> ~chi_30 b )
     1.01343230E-01    2     1000035         5   # BR(~b_1 -> ~chi_40 b )
     2.10463119E-01    2    -1000024         6   # BR(~b_1 -> ~chi_1- t )
     4.20147814E-01    2    -1000037         6   # BR(~b_1 -> ~chi_2- t )
     2.14162390E-02    2     1000006       -24   # BR(~b_1 -> ~t_1    W-)
#
#         PDG            Width
DECAY   2000005     6.29901016E+00   # sbottom2 decays
#          BR         NDA      ID1       ID2
     7.26904292E-02    2     1000022         5   # BR(~b_2 -> ~chi_10 b )
     2.27734177E-01    2     1000023         5   # BR(~b_2 -> ~chi_20 b )
     6.74412445E-02    2     1000025         5   # BR(~b_2 -> ~chi_30 b )
     3.40044561E-02    2     1000035         5   # BR(~b_2 -> ~chi_40 b )
     3.69232504E-01    2    -1000024         6   # BR(~b_2 -> ~chi_1- t )
     1.31970142E-01    2    -1000037         6   # BR(~b_2 -> ~chi_2- t )
     9.69270472E-02    2     1000006       -24   # BR(~b_2 -> ~t_1    W-)
#
#         PDG            Width
DECAY   1000002     7.62702197E+00   # sup_L decays
#          BR         NDA      ID1       ID2
     9.68720518E-03    2     1000022         2   # BR(~u_L -> ~chi_10 u)
     3.13629354E-01    2     1000023         2   # BR(~u_L -> ~chi_20 u)
     8.39407451E-04    2     1000025         2   # BR(~u_L -> ~chi_30 u)
     1.47932572E-02    2     1000035         2   # BR(~u_L -> ~chi_40 u)
     6.41753021E-01    2     1000024         1   # BR(~u_L -> ~chi_1+ d)
     1.92977549E-02    2     1000037         1   # BR(~u_L -> ~chi_2+ d)
#
#         PDG            Width
DECAY   2000002     1.54776287E+00   # sup_R decays
#          BR         NDA      ID1       ID2
     9.91631498E-01    2     1000022         2   # BR(~u_R -> ~chi_10 u)
     2.94983871E-03    2     1000023         2   # BR(~u_R -> ~chi_20 u)
     1.28144330E-03    2     1000025         2   # BR(~u_R -> ~chi_30 u)
     4.13721987E-03    2     1000035         2   # BR(~u_R -> ~chi_40 u)
#
#         PDG            Width
DECAY   1000001     7.48765343E+00   # sdown_L decays
#          BR         NDA      ID1       ID2
     1.71012876E-02    2     1000022         1   # BR(~d_L -> ~chi_10 d)
     3.07617291E-01    2     1000023         1   # BR(~d_L -> ~chi_20 d)
     1.44457360E-03    2     1000025         1   # BR(~d_L -> ~chi_30 d)
     1.93640824E-02    2     1000035         1   # BR(~d_L -> ~chi_40 d)
     6.02349856E-01    2    -1000024         2   # BR(~d_L -> ~chi_1- u)
     5.21229102E-02    2    -1000037         2   # BR(~d_L -> ~chi_2- u)
#
#         PDG            Width
DECAY   2000001     3.86047148E-01   # sdown_R decays
#          BR         NDA      ID1       ID2
     9.91659521E-01    2     1000022         1   # BR(~d_R -> ~chi_10 d)
     2.94727963E-03    2     1000023         1   # BR(~d_R -> ~chi_20 d)
     1.27594377E-03    2     1000025         1   # BR(~d_R -> ~chi_30 d)
     4.11725568E-03    2     1000035         1   # BR(~d_R -> ~chi_40 d)
#
#         PDG            Width
DECAY   1000004     7.62702197E+00   # scharm_L decays
#          BR         NDA      ID1       ID2
     9.68720518E-03    2     1000022         4   # BR(~c_L -> ~chi_10 c)
     3.13629354E-01    2     1000023         4   # BR(~c_L -> ~chi_20 c)
     8.39407451E-04    2     1000025         4   # BR(~c_L -> ~chi_30 c)
     1.47932572E-02    2     1000035         4   # BR(~c_L -> ~chi_40 c)
     6.41753021E-01    2     1000024         3   # BR(~c_L -> ~chi_1+ s)
     1.92977549E-02    2     1000037         3   # BR(~c_L -> ~chi_2+ s)
#
#         PDG            Width
DECAY   2000004     1.54776287E+00   # scharm_R decays
#          BR         NDA      ID1       ID2
     9.91631498E-01    2     1000022         4   # BR(~c_R -> ~chi_10 c)
     2.94983871E-03    2     1000023         4   # BR(~c_R -> ~chi_20 c)
     1.28144330E-03    2     1000025         4   # BR(~c_R -> ~chi_30 c)
     4.13721987E-03    2     1000035         4   # BR(~c_R -> ~chi_40 c)
#
#         PDG            Width
DECAY   1000003     7.48765343E+00   # sstrange_L decays
#          BR         NDA      ID1       ID2
     1.71012876E-02    2     1000022         3   # BR(~s_L -> ~chi_10 s)
     3.07617291E-01    2     1000023         3   # BR(~s_L -> ~chi_20 s)
     1.44457360E-03    2     1000025         3   # BR(~s_L -> ~chi_30 s)
     1.93640824E-02    2     1000035         3   # BR(~s_L -> ~chi_40 s)
     6.02349856E-01    2    -1000024         4   # BR(~s_L -> ~chi_1- c)
     5.21229102E-02    2    -1000037         4   # BR(~s_L -> ~chi_2- c)
#
#         PDG            Width
DECAY   2000003     3.86047148E-01   # sstrange_R decays
#          BR         NDA      ID1       ID2
     9.91659521E-01    2     1000022         3   # BR(~s_R -> ~chi_10 s)
     2.94727963E-03    2     1000023         3   # BR(~s_R -> ~chi_20 s)
     1.27594377E-03    2     1000025         3   # BR(~s_R -> ~chi_30 s)
     4.11725568E-03    2     1000035         3   # BR(~s_R -> ~chi_40 s)
#
#         PDG            Width
DECAY   1000011     4.24521237E-01   # selectron_L decays
#          BR         NDA      ID1       ID2
     5.05100215E-01    2     1000022        11   # BR(~e_L -> ~chi_10 e-)
     1.79235779E-01    2     1000023        11   # BR(~e_L -> ~chi_20 e-)
     3.15664006E-01    2    -1000024        12   # BR(~e_L -> ~chi_1- nu_e)
#
#         PDG            Width
DECAY   2000011     4.47261532E-01   # selectron_R decays
#          BR         NDA      ID1       ID2
     1.00000000E+00    2     1000022        11   # BR(~e_R -> ~chi_10 e-)
#
#         PDG            Width
DECAY   1000013     4.24521237E-01   # smuon_L decays
#          BR         NDA      ID1       ID2
     5.05100215E-01    2     1000022        13   # BR(~mu_L -> ~chi_10 mu-)
     1.79235779E-01    2     1000023        13   # BR(~mu_L -> ~chi_20 mu-)
     3.15664006E-01    2    -1000024        14   # BR(~mu_L -> ~chi_1- nu_mu)
#
#         PDG            Width
DECAY   2000013     4.47261532E-01   # smuon_R decays
#          BR         NDA      ID1       ID2
     1.00000000E+00    2     1000022        13   # BR(~mu_R -> ~chi_10 mu-)
#
#         PDG            Width
DECAY   1000015     2.55895114E-02   # stau_1 decays
#          BR         NDA      ID1       ID2
     1.00000000E+00    2     1000022        15   # BR(~tau_1 -> ~chi_10  tau-)
#
#         PDG            Width
DECAY   2000015     1.16919986E+00   # stau_2 decays
#          BR         NDA      ID1       ID2
     3.45488005E-01    2     1000022        15   # BR(~tau_2 -> ~chi_10  tau-)
     8.84830493E-02    2     1000023        15   # BR(~tau_2 -> ~chi_20  tau-)
     1.55890464E-01    2    -1000024        16   # BR(~tau_2 -> ~chi_1-  nu_tau)
     1.53077527E-01    2     1000015        25   # BR(~tau_2 -> ~tau_1   h)
     2.57060956E-01    2     1000015        23   # BR(~tau_2 -> ~tau_1   Z)
#
#         PDG            Width
DECAY   1000012     3.47007525E-01   # snu_eL decays
#          BR         NDA      ID1       ID2
     6.78149748E-01    2     1000022        12   # BR(~nu_eL -> ~chi_10 nu_e)
     1.01004242E-01    2     1000023        12   # BR(~nu_eL -> ~chi_20 nu_e)
     2.20846010E-01    2     1000024        11   # BR(~nu_eL -> ~chi_1+ e-)
#
#         PDG            Width
DECAY   1000014     3.47007525E-01   # snu_muL decays
#          BR         NDA      ID1       ID2
     6.78149748E-01    2     1000022        14   # BR(~nu_muL -> ~chi_10 nu_mu)
     1.01004242E-01    2     1000023        14   # BR(~nu_muL -> ~chi_20 nu_mu)
     2.20846010E-01    2     1000024        13   # BR(~nu_muL -> ~chi_1+ mu-)
#
#         PDG            Width
DECAY   1000016     5.47242335E-01   # snu_tauL decays
#          BR         NDA      ID1       ID2
     3.84579280E-01    2     1000022        16   # BR(~nu_tauL -> ~chi_10 nu_tau)
     1.79948487E-02    2     1000023        16   # BR(~nu_tauL -> ~chi_20 nu_tau)
     3.76396121E-02    2     1000024        15   # BR(~nu_tauL -> ~chi_1+ tau-)
     5.59786259E-01    2    -1000015       -24   # BR(~nu_tauL -> ~tau_1+ W-)
#
#         PDG            Width
DECAY   1000024     2.85113854E-02   # chargino1+ decays
#          BR         NDA      ID1       ID2
     7.07322937E-01    2    -1000015        16   # BR(~chi_1+ -> ~tau_1+  nu_tau)
     2.92677063E-01    2     1000022        24   # BR(~chi_1+ -> ~chi_10  W+)
#
#         PDG            Width
DECAY   1000037     3.13655151E+00   # chargino2+ decays
#          BR         NDA      ID1       ID2
     1.14602940E-02    2     1000012       -11   # BR(~chi_2+ -> ~nu_eL   e+  )
     1.14602940E-02    2     1000014       -13   # BR(~chi_2+ -> ~nu_muL  mu+ )
     8.23074552E-02    2     1000016       -15   # BR(~chi_2+ -> ~nu_tau1 tau+)
     2.66652324E-02    2    -1000011        12   # BR(~chi_2+ -> ~e_L+    nu_e)
     2.66652324E-02    2    -1000013        14   # BR(~chi_2+ -> ~mu_L+   nu_mu)
     1.92388139E-01    2    -1000015        16   # BR(~chi_2+ -> ~tau_1+  nu_tau)
     2.19617529E-03    2    -2000015        16   # BR(~chi_2+ -> ~tau_2+  nu_tau)
     1.94370088E-01    2     1000024        23   # BR(~chi_2+ -> ~chi_1+  Z )
     7.18364707E-02    2     1000022        24   # BR(~chi_2+ -> ~chi_10  W+)
     2.20394343E-01    2     1000023        24   # BR(~chi_2+ -> ~chi_20  W+)
     1.60256277E-01    2     1000024        25   # BR(~chi_2+ -> ~chi_1+  h )
#
#         PDG            Width
DECAY   1000022     0.00000000E+00   # neutralino1 decays
#
#         PDG            Width
DECAY   1000023     4.29669477E-02   # neutralino2 decays
#          BR         NDA      ID1       ID2
     3.54382265E-02    2     1000022        23   # BR(~chi_20 -> ~chi_10   Z )
     1.37425738E-01    2     1000022        25   # BR(~chi_20 -> ~chi_10   h )
     3.21069553E-03    2     2000011       -11   # BR(~chi_20 -> ~e_R-     e+)
     3.21069553E-03    2    -2000011        11   # BR(~chi_20 -> ~e_R+     e-)
     3.21069553E-03    2     2000013       -13   # BR(~chi_20 -> ~mu_R-    mu+)
     3.21069553E-03    2    -2000013        13   # BR(~chi_20 -> ~mu_R+    mu-)
     4.07146627E-01    2     1000015       -15   # BR(~chi_20 -> ~tau_1-   tau+)
     4.07146627E-01    2    -1000015        15   # BR(~chi_20 -> ~tau_1+   tau-)
#
#         PDG            Width
DECAY   1000025     2.57349992E+00   # neutralino3 decays
#          BR         NDA      ID1       ID2
     8.67905550E-02    2     1000022        23   # BR(~chi_30 -> ~chi_10   Z )
     1.78675736E-01    2     1000023        23   # BR(~chi_30 -> ~chi_20   Z )
     2.21608369E-01    2     1000024       -24   # BR(~chi_30 -> ~chi_1+   W-)
     2.21608369E-01    2    -1000024        24   # BR(~chi_30 -> ~chi_1-   W+)
     1.91462643E-02    2     1000022        25   # BR(~chi_30 -> ~chi_10   h )
     8.21918221E-03    2     1000023        25   # BR(~chi_30 -> ~chi_20   h )
     2.19063821E-04    2     1000011       -11   # BR(~chi_30 -> ~e_L-     e+)
     2.19063821E-04    2    -1000011        11   # BR(~chi_30 -> ~e_L+     e-)
     6.19476736E-04    2     2000011       -11   # BR(~chi_30 -> ~e_R-     e+)
     6.19476736E-04    2    -2000011        11   # BR(~chi_30 -> ~e_R+     e-)
     2.19063821E-04    2     1000013       -13   # BR(~chi_30 -> ~mu_L-    mu+)
     2.19063821E-04    2    -1000013        13   # BR(~chi_30 -> ~mu_L+    mu-)
     6.19476736E-04    2     2000013       -13   # BR(~chi_30 -> ~mu_R-    mu+)
     6.19476736E-04    2    -2000013        13   # BR(~chi_30 -> ~mu_R+    mu-)
     1.00724039E-01    2     1000015       -15   # BR(~chi_30 -> ~tau_1-   tau+)
     1.00724039E-01    2    -1000015        15   # BR(~chi_30 -> ~tau_1+   tau-)
     2.56852614E-02    2     2000015       -15   # BR(~chi_30 -> ~tau_2-   tau+)
     2.56852614E-02    2    -2000015        15   # BR(~chi_30 -> ~tau_2+   tau-)
     1.23757376E-03    2     1000012       -12   # BR(~chi_30 -> ~nu_eL    nu_eb)
     1.23757376E-03    2    -1000012        12   # BR(~chi_30 -> ~nu_eL*   nu_e )
     1.23757376E-03    2     1000014       -14   # BR(~chi_30 -> ~nu_muL   nu_mub)
     1.23757376E-03    2    -1000014        14   # BR(~chi_30 -> ~nu_muL*  nu_mu )
     1.41423297E-03    2     1000016       -16   # BR(~chi_30 -> ~nu_tau1  nu_taub)
     1.41423297E-03    2    -1000016        16   # BR(~chi_30 -> ~nu_tau1* nu_tau )
#
#         PDG            Width
DECAY   1000035     3.28608384E+00   # neutralino4 decays
#          BR         NDA      ID1       ID2
     1.87940033E-02    2     1000022        23   # BR(~chi_40 -> ~chi_10   Z )
     1.34401962E-02    2     1000023        23   # BR(~chi_40 -> ~chi_20   Z )
     2.11702682E-01    2     1000024       -24   # BR(~chi_40 -> ~chi_1+   W-)
     2.11702682E-01    2    -1000024        24   # BR(~chi_40 -> ~chi_1-   W+)
     6.13135908E-02    2     1000022        25   # BR(~chi_40 -> ~chi_10   h )
     1.39068545E-01    2     1000023        25   # BR(~chi_40 -> ~chi_20   h )
     5.71447778E-03    2     1000011       -11   # BR(~chi_40 -> ~e_L-     e+)
     5.71447778E-03    2    -1000011        11   # BR(~chi_40 -> ~e_L+     e-)
     1.83324201E-03    2     2000011       -11   # BR(~chi_40 -> ~e_R-     e+)
     1.83324201E-03    2    -2000011        11   # BR(~chi_40 -> ~e_R+     e-)
     5.71447778E-03    2     1000013       -13   # BR(~chi_40 -> ~mu_L-    mu+)
     5.71447778E-03    2    -1000013        13   # BR(~chi_40 -> ~mu_L+    mu-)
     1.83324201E-03    2     2000013       -13   # BR(~chi_40 -> ~mu_R-    mu+)
     1.83324201E-03    2    -2000013        13   # BR(~chi_40 -> ~mu_R+    mu-)
     9.96151683E-02    2     1000015       -15   # BR(~chi_40 -> ~tau_1-   tau+)
     9.96151683E-02    2    -1000015        15   # BR(~chi_40 -> ~tau_1+   tau-)
     1.64581283E-02    2     2000015       -15   # BR(~chi_40 -> ~tau_2-   tau+)
     1.64581283E-02    2    -2000015        15   # BR(~chi_40 -> ~tau_2+   tau-)
     1.30584114E-02    2     1000012       -12   # BR(~chi_40 -> ~nu_eL    nu_eb)
     1.30584114E-02    2    -1000012        12   # BR(~chi_40 -> ~nu_eL*   nu_e )
     1.30584114E-02    2     1000014       -14   # BR(~chi_40 -> ~nu_muL   nu_mub)
     1.30584114E-02    2    -1000014        14   # BR(~chi_40 -> ~nu_muL*  nu_mu )
     1.47035912E-02    2     1000016       -16   # BR(~chi_40 -> ~nu_tau1  nu_taub)
     1.47035912E-02    2    -1000016        16   # BR(~chi_40 -> ~nu_tau1* nu_tau )
#
#         PDG            Width
DECAY        26     5.51906941E-03   # h decays
#          BR         NDA      ID1       ID2
     8.60120194E-01    2           5        -5   # BR(h -> b       bb     )
     4.66878122E-02    2         -15        15   # BR(h -> tau+    tau-   )
     1.65303849E-04    2         -13        13   # BR(h -> mu+     mu-    )
     3.57564947E-04    2           3        -3   # BR(h -> s       sb     )
     1.41068182E-02    2           4        -4   # BR(h -> c       cb     )
     3.97398745E-02    2          21        21   # BR(h -> g       g      )
     1.03989582E-03    2          22        22   # BR(h -> gam     gam    )
     2.95678652E-04    2          22        23   # BR(h -> Z       gam    )
     3.41596266E-02    2          24       -24   # BR(h -> W+      W-     )
     3.32723111E-03    2          23        23   # BR(h -> Z       Z      )
#
#         PDG            Width
DECAY        35     1.40348915E+01   # H decays
#          BR         NDA      ID1       ID2
     9.16341837E-01    2           5        -5   # BR(H -> b       bb     )
     8.00428480E-02    2         -15        15   # BR(H -> tau+    tau-   )
     2.83007232E-04    2         -13        13   # BR(H -> mu+     mu-    )
     4.62921474E-04    2           3        -3   # BR(H -> s       sb     )
     1.52419696E-08    2           4        -4   # BR(H -> c       cb     )
     5.18776457E-04    2           6        -6   # BR(H -> t       tb     )
     1.88492049E-04    2          21        21   # BR(H -> g       g      )
     2.84271217E-07    2          22        22   # BR(H -> gam     gam    )
     4.72160273E-08    2          23        22   # BR(H -> Z       gam    )
     3.57321635E-06    2          24       -24   # BR(H -> W+      W-     )
     1.68946475E-06    2          23        23   # BR(H -> Z       Z      )
     1.92464444E-05    2          25        25   # BR(H -> h       h      )
     4.61680786E-18    2          36        36   # BR(H -> A       A      )
     1.25621954E-11    2          23        36   # BR(H -> Z       A      )
     3.91324150E-04    2     1000022   1000022   # BR(H -> ~chi_10 ~chi_10)
     1.83931162E-07    2     1000022   1000023   # BR(H -> ~chi_10 ~chi_20)
     1.74575367E-03    2     1000015  -1000015   # BR(H -> ~tau_1- ~tau_1+)
#
#         PDG            Width
DECAY        36     1.39241737E+01   # A decays
#          BR         NDA      ID1       ID2
     9.17111988E-01    2           5        -5   # BR(A -> b       bb     )
     8.01852068E-02    2         -15        15   # BR(A -> tau+    tau-   )
     2.83492466E-04    2         -13        13   # BR(A -> mu+     mu-    )
     4.64238900E-04    2           3        -3   # BR(A -> s       sb     )
     1.39528180E-08    2           4        -4   # BR(A -> c       cb     )
     1.06890867E-03    2           6        -6   # BR(A -> t       tb     )
     1.98182439E-04    2          21        21   # BR(A -> g       g      )
     2.78276144E-07    2          22        22   # BR(A -> gam     gam    )
     3.75025574E-08    2          23        22   # BR(A -> Z       gam    )
     2.98514915E-06    2          23        25   # BR(A -> Z       h      )
     6.83557641E-04    2     1000022   1000022   # BR(A -> ~chi_10 ~chi_10)
     1.10973911E-06    2     1000022   1000023   # BR(A -> ~chi_10 ~chi_20)
#
#         PDG            Width
DECAY        37     8.30452135E+00   # H+ decays
#          BR         NDA      ID1       ID2
     1.58451618E-03    2           4        -5   # BR(H+ -> c       bb     )
     1.37785194E-01    2         -15        16   # BR(H+ -> tau+    nu_tau )
     4.87134786E-04    2         -13        14   # BR(H+ -> mu+     nu_mu  )
     1.01404765E-05    2           2        -5   # BR(H+ -> u       bb     )
     3.77326366E-05    2           2        -3   # BR(H+ -> u       sb     )
     7.76088793E-04    2           4        -3   # BR(H+ -> c       sb     )
     8.58675886E-01    2           6        -5   # BR(H+ -> t       bb     )
     5.68948741E-06    2          24        25   # BR(H+ -> W+      h      )
     2.39919875E-08    2          24        36   # BR(H+ -> W+      A      )
     1.54971932E-04    2     1000024   1000022   # BR(H+ -> ~chi_1+ ~chi_10)
     4.82621574E-04    2    -1000015   1000016   # BR(H+ -> ~tau_1+ ~nu_tauL)
